   1                             		.file	"backspace_key.c"
   2                             		.section P,"ax"
   3                             	.Ltext0:
   4                             		.global	_mw_bitmaps_backspace_key
   5                             		.section	.rodata.mw_bitmaps_backspace_key,"a"
   8                             	_mw_bitmaps_backspace_key:
   9 0000 FF                      		.byte	-1
  10 0001 FF                      		.byte	-1
  11 0002 FF                      		.byte	-1
  12 0003 FF                      		.byte	-1
  13 0004 FF                      		.byte	-1
  14 0005 C3                      		.byte	-61
  15 0006 FD                      		.byte	-3
  16 0007 C3                      		.byte	-61
  17 0008 F9                      		.byte	-7
  18 0009 C3                      		.byte	-61
  19 000a F1                      		.byte	-15
  20 000b C3                      		.byte	-61
  21 000c E0                      		.byte	-32
  22 000d 03                      		.byte	3
  23 000e C0                      		.byte	-64
  24 000f 03                      		.byte	3
  25 0010 C0                      		.byte	-64
  26 0011 03                      		.byte	3
  27 0012 E0                      		.byte	-32
  28 0013 03                      		.byte	3
  29 0014 F1                      		.byte	-15
  30 0015 C3                      		.byte	-61
  31 0016 F9                      		.byte	-7
  32 0017 C3                      		.byte	-61
  33 0018 FD                      		.byte	-3
  34 0019 C3                      		.byte	-61
  35 001a FF                      		.byte	-1
  36 001b C3                      		.byte	-61
  37 001c FF                      		.byte	-1
  38 001d FF                      		.byte	-1
  39 001e FF                      		.byte	-1
  40 001f FF                      		.byte	-1
  41                             		.section P,"ax"
  42                             	.Letext0:
  43                             		.file 1 "c:\\program files (x86)\\gcc for renesas rx 8.3.0.201904-gnurx-elf\\rx-elf\\rx-elf\\rx-el
  44                             		.file 2 "c:\\program files (x86)\\gcc for renesas rx 8.3.0.201904-gnurx-elf\\rx-elf\\rx-elf\\rx-el
  45                             		.file 3 "C:\\Users\\John\\Desktop\\workspace\\miniwinwm\\MiniWin/bitmaps/mw_bitmaps.h"
  46                             		.file 4 "C:/Users/John/Desktop/workspace/miniwinwm/MiniWin/bitmaps/backspace_key.c"
