   1                             		.file	"close_icon_large.c"
   2                             		.section P,"ax"
   3                             	.Ltext0:
   4                             		.global	_mw_bitmaps_close_icon_large
   5                             		.section	.rodata.mw_bitmaps_close_icon_large,"a"
   8                             	_mw_bitmaps_close_icon_large:
   9 0000 FF                      		.byte	-1
  10 0001 FF                      		.byte	-1
  11 0002 F0                      		.byte	-16
  12 0003 80                      		.byte	-128
  13 0004 00                      		.byte	0
  14 0005 10                      		.byte	16
  15 0006 80                      		.byte	-128
  16 0007 00                      		.byte	0
  17 0008 10                      		.byte	16
  18 0009 87                      		.byte	-121
  19 000a FE                      		.byte	-2
  20 000b 10                      		.byte	16
  21 000c 83                      		.byte	-125
  22 000d FC                      		.byte	-4
  23 000e 10                      		.byte	16
  24 000f 91                      		.byte	-111
  25 0010 F8                      		.byte	-8
  26 0011 90                      		.byte	-112
  27 0012 98                      		.byte	-104
  28 0013 F1                      		.byte	-15
  29 0014 90                      		.byte	-112
  30 0015 9C                      		.byte	-100
  31 0016 63                      		.byte	0x63
  32 0017 90                      		.byte	-112
  33 0018 9E                      		.byte	-98
  34 0019 07                      		.byte	7
  35 001a 90                      		.byte	-112
  36 001b 9F                      		.byte	-97
  37 001c 0F                      		.byte	15
  38 001d 90                      		.byte	-112
  39 001e 9F                      		.byte	-97
  40 001f 0F                      		.byte	15
  41 0020 90                      		.byte	-112
  42 0021 9E                      		.byte	-98
  43 0022 07                      		.byte	7
  44 0023 90                      		.byte	-112
  45 0024 9C                      		.byte	-100
  46 0025 63                      		.byte	0x63
  47 0026 90                      		.byte	-112
  48 0027 98                      		.byte	-104
  49 0028 F1                      		.byte	-15
  50 0029 90                      		.byte	-112
  51 002a 91                      		.byte	-111
  52 002b F8                      		.byte	-8
  53 002c 90                      		.byte	-112
  54 002d 83                      		.byte	-125
  55 002e FC                      		.byte	-4
  56 002f 10                      		.byte	16
  57 0030 87                      		.byte	-121
  58 0031 FE                      		.byte	-2
  59 0032 10                      		.byte	16
  60 0033 80                      		.byte	-128
  61 0034 00                      		.byte	0
  62 0035 10                      		.byte	16
  63 0036 80                      		.byte	-128
  64 0037 00                      		.byte	0
  65 0038 10                      		.byte	16
  66 0039 FF                      		.byte	-1
  67 003a FF                      		.byte	-1
  68 003b F0                      		.byte	-16
  69                             		.section P,"ax"
  70                             	.Letext0:
  71                             		.file 1 "c:\\program files (x86)\\gcc for renesas rx 8.3.0.201904-gnurx-elf\\rx-elf\\rx-elf\\rx-el
  72                             		.file 2 "c:\\program files (x86)\\gcc for renesas rx 8.3.0.201904-gnurx-elf\\rx-elf\\rx-elf\\rx-el
  73                             		.file 3 "C:\\Users\\John\\Desktop\\workspace\\miniwinwm\\MiniWin/bitmaps/mw_bitmaps.h"
  74                             		.file 4 "C:/Users/John/Desktop/workspace/miniwinwm/MiniWin/bitmaps/close_icon_large.c"
