   1                             		.file	"file_icon_large.c"
   2                             		.section P,"ax"
   3                             	.Ltext0:
   4                             		.global	_mw_bitmaps_file_icon_large
   5                             		.section	.rodata.mw_bitmaps_file_icon_large,"a"
   8                             	_mw_bitmaps_file_icon_large:
   9 0000 C0                      		.byte	-64
  10 0001 1F                      		.byte	31
  11 0002 DF                      		.byte	-33
  12 0003 CF                      		.byte	-49
  13 0004 DF                      		.byte	-33
  14 0005 C7                      		.byte	-57
  15 0006 DF                      		.byte	-33
  16 0007 C3                      		.byte	-61
  17 0008 DF                      		.byte	-33
  18 0009 FB                      		.byte	-5
  19 000a DF                      		.byte	-33
  20 000b FB                      		.byte	-5
  21 000c DF                      		.byte	-33
  22 000d FB                      		.byte	-5
  23 000e DF                      		.byte	-33
  24 000f FB                      		.byte	-5
  25 0010 DF                      		.byte	-33
  26 0011 FB                      		.byte	-5
  27 0012 DF                      		.byte	-33
  28 0013 FB                      		.byte	-5
  29 0014 DF                      		.byte	-33
  30 0015 FB                      		.byte	-5
  31 0016 DF                      		.byte	-33
  32 0017 FB                      		.byte	-5
  33 0018 DF                      		.byte	-33
  34 0019 FB                      		.byte	-5
  35 001a DF                      		.byte	-33
  36 001b FB                      		.byte	-5
  37 001c DF                      		.byte	-33
  38 001d FB                      		.byte	-5
  39 001e C0                      		.byte	-64
  40 001f 03                      		.byte	3
  41                             		.section P,"ax"
  42                             	.Letext0:
  43                             		.file 1 "c:\\program files (x86)\\gcc for renesas rx 8.3.0.201904-gnurx-elf\\rx-elf\\rx-elf\\rx-el
  44                             		.file 2 "c:\\program files (x86)\\gcc for renesas rx 8.3.0.201904-gnurx-elf\\rx-elf\\rx-elf\\rx-el
  45                             		.file 3 "C:\\Users\\John\\Desktop\\workspace\\miniwinwm\\MiniWin/bitmaps/mw_bitmaps.h"
  46                             		.file 4 "C:/Users/John/Desktop/workspace/miniwinwm/MiniWin/bitmaps/file_icon_large.c"
