   1                             		.file	"file_icon_small.c"
   2                             		.section P,"ax"
   3                             	.Ltext0:
   4                             		.global	_mw_bitmaps_file_icon_small
   5                             		.section	.rodata.mw_bitmaps_file_icon_small,"a"
   8                             	_mw_bitmaps_file_icon_small:
   9 0000 87                      		.byte	-121
  10 0001 B3                      		.byte	-77
  11 0002 B1                      		.byte	-79
  12 0003 BD                      		.byte	-67
  13 0004 BD                      		.byte	-67
  14 0005 BD                      		.byte	-67
  15 0006 BD                      		.byte	-67
  16 0007 81                      		.byte	-127
  17                             		.section P,"ax"
  18                             	.Letext0:
  19                             		.file 1 "c:\\program files (x86)\\gcc for renesas rx 8.3.0.201904-gnurx-elf\\rx-elf\\rx-elf\\rx-el
  20                             		.file 2 "c:\\program files (x86)\\gcc for renesas rx 8.3.0.201904-gnurx-elf\\rx-elf\\rx-elf\\rx-el
  21                             		.file 3 "C:\\Users\\John\\Desktop\\workspace\\miniwinwm\\MiniWin/bitmaps/mw_bitmaps.h"
  22                             		.file 4 "C:/Users/John/Desktop/workspace/miniwinwm/MiniWin/bitmaps/file_icon_small.c"
