   1                             		.file	"folder_open_icon_large.c"
   2                             		.section P,"ax"
   3                             	.Ltext0:
   4                             		.global	_mw_bitmaps_folder_open_icon_large
   5                             		.section	.rodata.mw_bitmaps_folder_open_icon_large,"a"
   8                             	_mw_bitmaps_folder_open_icon_large:
   9 0000 F3                      		.byte	-13
  10 0001 FF                      		.byte	-1
  11 0002 F9                      		.byte	-7
  12 0003 FF                      		.byte	-1
  13 0004 FC                      		.byte	-4
  14 0005 FF                      		.byte	-1
  15 0006 FE                      		.byte	-2
  16 0007 7F                      		.byte	0x7f
  17 0008 FF                      		.byte	-1
  18 0009 3F                      		.byte	63
  19 000a FF                      		.byte	-1
  20 000b 9F                      		.byte	-97
  21 000c FF                      		.byte	-1
  22 000d CF                      		.byte	-49
  23 000e FF                      		.byte	-1
  24 000f 9F                      		.byte	-97
  25 0010 FF                      		.byte	-1
  26 0011 3F                      		.byte	63
  27 0012 FE                      		.byte	-2
  28 0013 7F                      		.byte	0x7f
  29 0014 FC                      		.byte	-4
  30 0015 FF                      		.byte	-1
  31 0016 F9                      		.byte	-7
  32 0017 FF                      		.byte	-1
  33 0018 F3                      		.byte	-13
  34 0019 FF                      		.byte	-1
  35 001a FF                      		.byte	-1
  36 001b FF                      		.byte	-1
  37 001c FF                      		.byte	-1
  38 001d FF                      		.byte	-1
  39 001e FF                      		.byte	-1
  40 001f FF                      		.byte	-1
  41                             		.section P,"ax"
  42                             	.Letext0:
  43                             		.file 1 "c:\\program files (x86)\\gcc for renesas rx 8.3.0.201904-gnurx-elf\\rx-elf\\rx-elf\\rx-el
  44                             		.file 2 "c:\\program files (x86)\\gcc for renesas rx 8.3.0.201904-gnurx-elf\\rx-elf\\rx-elf\\rx-el
  45                             		.file 3 "C:\\Users\\John\\Desktop\\workspace\\miniwinwm\\MiniWin/bitmaps/mw_bitmaps.h"
  46                             		.file 4 "C:/Users/John/Desktop/workspace/miniwinwm/MiniWin/bitmaps/folder_open_icon_large.c"
