   1                             		.file	"folder_icon_large.c"
   2                             		.section P,"ax"
   3                             	.Ltext0:
   4                             		.global	_mw_bitmaps_folder_icon_large
   5                             		.section	.rodata.mw_bitmaps_folder_icon_large,"a"
   8                             	_mw_bitmaps_folder_icon_large:
   9 0000 FF                      		.byte	-1
  10 0001 FF                      		.byte	-1
  11 0002 FF                      		.byte	-1
  12 0003 FF                      		.byte	-1
  13 0004 0F                      		.byte	15
  14 0005 FF                      		.byte	-1
  15 0006 60                      		.byte	0x60
  16 0007 01                      		.byte	1
  17 0008 60                      		.byte	0x60
  18 0009 00                      		.byte	0
  19 000a 7F                      		.byte	0x7f
  20 000b FE                      		.byte	-2
  21 000c 7F                      		.byte	0x7f
  22 000d FE                      		.byte	-2
  23 000e 7F                      		.byte	0x7f
  24 000f FE                      		.byte	-2
  25 0010 7F                      		.byte	0x7f
  26 0011 FE                      		.byte	-2
  27 0012 7F                      		.byte	0x7f
  28 0013 FE                      		.byte	-2
  29 0014 7F                      		.byte	0x7f
  30 0015 FE                      		.byte	-2
  31 0016 7F                      		.byte	0x7f
  32 0017 FE                      		.byte	-2
  33 0018 7F                      		.byte	0x7f
  34 0019 FE                      		.byte	-2
  35 001a 00                      		.byte	0
  36 001b 00                      		.byte	0
  37 001c FF                      		.byte	-1
  38 001d FF                      		.byte	-1
  39 001e FF                      		.byte	-1
  40 001f FF                      		.byte	-1
  41                             		.section P,"ax"
  42                             	.Letext0:
  43                             		.file 1 "c:\\program files (x86)\\gcc for renesas rx 8.3.0.201904-gnurx-elf\\rx-elf\\rx-elf\\rx-el
  44                             		.file 2 "c:\\program files (x86)\\gcc for renesas rx 8.3.0.201904-gnurx-elf\\rx-elf\\rx-elf\\rx-el
  45                             		.file 3 "C:\\Users\\John\\Desktop\\workspace\\miniwinwm\\MiniWin/bitmaps/mw_bitmaps.h"
  46                             		.file 4 "C:/Users/John/Desktop/workspace/miniwinwm/MiniWin/bitmaps/folder_icon_large.c"
