   1                             		.file	"folder_icon_small.c"
   2                             		.section P,"ax"
   3                             	.Ltext0:
   4                             		.global	_mw_bitmaps_folder_icon_small
   5                             		.section	.rodata.mw_bitmaps_folder_icon_small,"a"
   8                             	_mw_bitmaps_folder_icon_small:
   9 0000 FF                      		.byte	-1
  10 0001 1F                      		.byte	31
  11 0002 40                      		.byte	0x40
  12 0003 7E                      		.byte	0x7e
  13 0004 7E                      		.byte	0x7e
  14 0005 7E                      		.byte	0x7e
  15 0006 00                      		.byte	0
  16 0007 FF                      		.byte	-1
  17                             		.section P,"ax"
  18                             	.Letext0:
  19                             		.file 1 "c:\\program files (x86)\\gcc for renesas rx 8.3.0.201904-gnurx-elf\\rx-elf\\rx-elf\\rx-el
  20                             		.file 2 "c:\\program files (x86)\\gcc for renesas rx 8.3.0.201904-gnurx-elf\\rx-elf\\rx-elf\\rx-el
  21                             		.file 3 "C:\\Users\\John\\Desktop\\workspace\\miniwinwm\\MiniWin/bitmaps/mw_bitmaps.h"
  22                             		.file 4 "C:/Users/John/Desktop/workspace/miniwinwm/MiniWin/bitmaps/folder_icon_small.c"
