   1                             		.file	"folder_close_icon_large.c"
   2                             		.section P,"ax"
   3                             	.Ltext0:
   4                             		.global	_mw_bitmaps_folder_close_icon_large
   5                             		.section	.rodata.mw_bitmaps_folder_close_icon_large,"a"
   8                             	_mw_bitmaps_folder_close_icon_large:
   9 0000 FF                      		.byte	-1
  10 0001 FF                      		.byte	-1
  11 0002 FF                      		.byte	-1
  12 0003 FF                      		.byte	-1
  13 0004 FF                      		.byte	-1
  14 0005 FF                      		.byte	-1
  15 0006 FF                      		.byte	-1
  16 0007 FF                      		.byte	-1
  17 0008 7F                      		.byte	0x7f
  18 0009 F7                      		.byte	-9
  19 000a 3F                      		.byte	63
  20 000b E7                      		.byte	-25
  21 000c 9F                      		.byte	-97
  22 000d CF                      		.byte	-49
  23 000e CF                      		.byte	-49
  24 000f 9F                      		.byte	-97
  25 0010 E7                      		.byte	-25
  26 0011 3F                      		.byte	63
  27 0012 F2                      		.byte	-14
  28 0013 7F                      		.byte	0x7f
  29 0014 F8                      		.byte	-8
  30 0015 FF                      		.byte	-1
  31 0016 FD                      		.byte	-3
  32 0017 FF                      		.byte	-1
  33 0018 FF                      		.byte	-1
  34 0019 FF                      		.byte	-1
  35 001a FF                      		.byte	-1
  36 001b FF                      		.byte	-1
  37 001c FF                      		.byte	-1
  38 001d FF                      		.byte	-1
  39 001e FF                      		.byte	-1
  40 001f FF                      		.byte	-1
  41                             		.section P,"ax"
  42                             	.Letext0:
  43                             		.file 1 "c:\\program files (x86)\\gcc for renesas rx 8.3.0.201904-gnurx-elf\\rx-elf\\rx-elf\\rx-el
  44                             		.file 2 "c:\\program files (x86)\\gcc for renesas rx 8.3.0.201904-gnurx-elf\\rx-elf\\rx-elf\\rx-el
  45                             		.file 3 "C:\\Users\\John\\Desktop\\workspace\\miniwinwm\\MiniWin/bitmaps/mw_bitmaps.h"
  46                             		.file 4 "C:/Users/John/Desktop/workspace/miniwinwm/MiniWin/bitmaps/folder_close_icon_large.c"
