   1                             		.file	"gl_title_font.c"
   2                             		.section P,"ax"
   3                             	.Ltext0:
   4                             		.global	_mw_title_font_positions
   5                             		.section	.rodata.mw_title_font_positions,"a"
   6                             		.balign 2
   9                             	_mw_title_font_positions:
  10 0000 00 00                   		.short	0
  11 0002 05 00                   		.short	5
  12 0004 08 00                   		.short	8
  13 0006 0E 00                   		.short	14
  14 0008 16 00                   		.short	22
  15 000a 1F 00                   		.short	31
  16 000c 27 00                   		.short	39
  17 000e 30 00                   		.short	48
  18 0010 33 00                   		.short	51
  19 0012 39 00                   		.short	57
  20 0014 3F 00                   		.short	63
  21 0016 47 00                   		.short	0x47
  22 0018 4E 00                   		.short	0x4e
  23 001a 52 00                   		.short	0x52
  24 001c 5A 00                   		.short	0x5a
  25 001e 5D 00                   		.short	0x5d
  26 0020 66 00                   		.short	0x66
  27 0022 6E 00                   		.short	0x6e
  28 0024 73 00                   		.short	0x73
  29 0026 7B 00                   		.short	0x7b
  30 0028 83 00                   		.short	0x83
  31 002a 8B 00                   		.short	0x8b
  32 002c 93 00                   		.short	0x93
  33 002e 9B 00                   		.short	0x9b
  34 0030 A3 00                   		.short	0xa3
  35 0032 AB 00                   		.short	0xab
  36 0034 B3 00                   		.short	0xb3
  37 0036 B6 00                   		.short	0xb6
  38 0038 BA 00                   		.short	0xba
  39 003a C2 00                   		.short	0xc2
  40 003c CA 00                   		.short	0xca
  41 003e D2 00                   		.short	0xd2
  42 0040 DA 00                   		.short	0xda
  43 0042 E2 00                   		.short	0xe2
  44 0044 EA 00                   		.short	0xea
  45 0046 F2 00                   		.short	0xf2
  46 0048 FA 00                   		.short	0xfa
  47 004a 02 01                   		.short	0x102
  48 004c 0A 01                   		.short	0x10a
  49 004e 12 01                   		.short	0x112
  50 0050 1A 01                   		.short	0x11a
  51 0052 22 01                   		.short	0x122
  52 0054 27 01                   		.short	0x127
  53 0056 2F 01                   		.short	0x12f
  54 0058 37 01                   		.short	0x137
  55 005a 3F 01                   		.short	0x13f
  56 005c 47 01                   		.short	0x147
  57 005e 4F 01                   		.short	0x14f
  58 0060 57 01                   		.short	0x157
  59 0062 5F 01                   		.short	0x15f
  60 0064 67 01                   		.short	0x167
  61 0066 6F 01                   		.short	0x16f
  62 0068 77 01                   		.short	0x177
  63 006a 7E 01                   		.short	0x17e
  64 006c 86 01                   		.short	0x186
  65 006e 8E 01                   		.short	0x18e
  66 0070 96 01                   		.short	0x196
  67 0072 9E 01                   		.short	0x19e
  68 0074 A5 01                   		.short	0x1a5
  69 0076 AD 01                   		.short	0x1ad
  70 0078 B2 01                   		.short	0x1b2
  71 007a BB 01                   		.short	0x1bb
  72 007c C0 01                   		.short	0x1c0
  73 007e C8 01                   		.short	0x1c8
  74 0080 D1 01                   		.short	0x1d1
  75 0082 D5 01                   		.short	0x1d5
  76 0084 DD 01                   		.short	0x1dd
  77 0086 E5 01                   		.short	0x1e5
  78 0088 ED 01                   		.short	0x1ed
  79 008a F5 01                   		.short	0x1f5
  80 008c FD 01                   		.short	0x1fd
  81 008e 05 02                   		.short	0x205
  82 0090 0D 02                   		.short	0x20d
  83 0092 15 02                   		.short	0x215
  84 0094 18 02                   		.short	0x218
  85 0096 1D 02                   		.short	0x21d
  86 0098 25 02                   		.short	0x225
  87 009a 29 02                   		.short	0x229
  88 009c 32 02                   		.short	0x232
  89 009e 3A 02                   		.short	0x23a
  90 00a0 42 02                   		.short	0x242
  91 00a2 4A 02                   		.short	0x24a
  92 00a4 52 02                   		.short	0x252
  93 00a6 5A 02                   		.short	0x25a
  94 00a8 62 02                   		.short	0x262
  95 00aa 6A 02                   		.short	0x26a
  96 00ac 72 02                   		.short	0x272
  97 00ae 7A 02                   		.short	0x27a
  98 00b0 83 02                   		.short	0x283
  99 00b2 8C 02                   		.short	0x28c
 100 00b4 94 02                   		.short	0x294
 101 00b6 9C 02                   		.short	0x29c
 102 00b8 A2 02                   		.short	0x2a2
 103 00ba A5 02                   		.short	0x2a5
 104 00bc AB 02                   		.short	0x2ab
 105 00be B4 02                   		.short	0x2b4
 106                             		.global	_mw_title_font_bitmap
 107                             		.section	.rodata.mw_title_font_bitmap,"a"
 110                             	_mw_title_font_bitmap:
 111 0000 F9                      		.byte	-7
 112 0001 27                      		.byte	39
 113 0002 FF                      		.byte	-1
 114 0003 9F                      		.byte	-97
 115 0004 1F                      		.byte	31
 116 0005 07                      		.byte	7
 117 0006 3C                      		.byte	60
 118 0007 9F                      		.byte	-97
 119 0008 FF                      		.byte	-1
 120 0009 FF                      		.byte	-1
 121 000a FF                      		.byte	-1
 122 000b FF                      		.byte	-1
 123 000c E6                      		.byte	-26
 124 000d 0F                      		.byte	15
 125 000e B0                      		.byte	-80
 126 000f 70                      		.byte	0x70
 127 0010 7E                      		.byte	0x7e
 128 0011 60                      		.byte	0x60
 129 0012 38                      		.byte	56
 130 0013 60                      		.byte	0x60
 131 0014 30                      		.byte	48
 132 0015 70                      		.byte	0x70
 133 0016 7F                      		.byte	0x7f
 134 0017 FF                      		.byte	-1
 135 0018 FF                      		.byte	-1
 136 0019 FF                      		.byte	-1
 137 001a E0                      		.byte	-32
 138 001b E0                      		.byte	-32
 139 001c F1                      		.byte	-15
 140 001d C0                      		.byte	-64
 141 001e E0                      		.byte	-32
 142 001f C1                      		.byte	-63
 143 0020 C0                      		.byte	-64
 144 0021 40                      		.byte	0x40
 145 0022 60                      		.byte	0x60
 146 0023 CE                      		.byte	-50
 147 0024 43                      		.byte	0x43
 148 0025 F2                      		.byte	-14
 149 0026 7A                      		.byte	0x7a
 150 0027 7E                      		.byte	0x7e
 151 0028 FA                      		.byte	-6
 152 0029 73                      		.byte	0x73
 153 002a 06                      		.byte	6
 154 002b 07                      		.byte	7
 155 002c 06                      		.byte	6
 156 002d 07                      		.byte	7
 157 002e 06                      		.byte	6
 158 002f 04                      		.byte	4
 159 0030 E4                      		.byte	-28
 160 0031 E4                      		.byte	-28
 161 0032 E4                      		.byte	-28
 162 0033 E4                      		.byte	-28
 163 0034 C8                      		.byte	-56
 164 0035 08                      		.byte	8
 165 0036 4F                      		.byte	0x4f
 166 0037 E1                      		.byte	-31
 167 0038 EF                      		.byte	-17
 168 0039 FF                      		.byte	-1
 169 003a 9F                      		.byte	-97
 170 003b F9                      		.byte	-7
 171 003c FF                      		.byte	-1
 172 003d FF                      		.byte	-1
 173 003e CF                      		.byte	-49
 174 003f FF                      		.byte	-1
 175 0040 1F                      		.byte	31
 176 0041 F9                      		.byte	-7
 177 0042 F9                      		.byte	-7
 178 0043 C9                      		.byte	-55
 179 0044 F9                      		.byte	-7
 180 0045 FF                      		.byte	-1
 181 0046 FF                      		.byte	-1
 182 0047 FF                      		.byte	-1
 183 0048 FF                      		.byte	-1
 184 0049 FF                      		.byte	-1
 185 004a FF                      		.byte	-1
 186 004b FF                      		.byte	-1
 187 004c FF                      		.byte	-1
 188 004d FF                      		.byte	-1
 189 004e FF                      		.byte	-1
 190 004f FF                      		.byte	-1
 191 0050 FF                      		.byte	-1
 192 0051 FF                      		.byte	-1
 193 0052 FF                      		.byte	-1
 194 0053 FC                      		.byte	-4
 195 0054 48                      		.byte	0x48
 196 0055 FF                      		.byte	-1
 197 0056 FF                      		.byte	-1
 198 0057 F9                      		.byte	-7
 199 0058 26                      		.byte	38
 200 0059 4E                      		.byte	0x4e
 201 005a 06                      		.byte	6
 202 005b 4E                      		.byte	0x4e
 203 005c 03                      		.byte	3
 204 005d 38                      		.byte	56
 205 005e 8F                      		.byte	-113
 206 005f FF                      		.byte	-1
 207 0060 FF                      		.byte	-1
 208 0061 FF                      		.byte	-1
 209 0062 FF                      		.byte	-1
 210 0063 E4                      		.byte	-28
 211 0064 07                      		.byte	7
 212 0065 20                      		.byte	32
 213 0066 20                      		.byte	32
 214 0067 3C                      		.byte	60
 215 0068 60                      		.byte	0x60
 216 0069 30                      		.byte	48
 217 006a 20                      		.byte	32
 218 006b 20                      		.byte	32
 219 006c 20                      		.byte	32
 220 006d 3F                      		.byte	63
 221 006e FE                      		.byte	-2
 222 006f 7F                      		.byte	0x7f
 223 0070 CF                      		.byte	-49
 224 0071 C0                      		.byte	-64
 225 0072 40                      		.byte	0x40
 226 0073 60                      		.byte	0x60
 227 0074 C0                      		.byte	-64
 228 0075 40                      		.byte	0x40
 229 0076 40                      		.byte	0x40
 230 0077 C0                      		.byte	-64
 231 0078 40                      		.byte	0x40
 232 0079 40                      		.byte	0x40
 233 007a 4E                      		.byte	0x4e
 234 007b 43                      		.byte	0x43
 235 007c F2                      		.byte	-14
 236 007d 72                      		.byte	0x72
 237 007e 7E                      		.byte	0x7e
 238 007f 72                      		.byte	0x72
 239 0080 72                      		.byte	0x72
 240 0081 02                      		.byte	2
 241 0082 02                      		.byte	2
 242 0083 02                      		.byte	2
 243 0084 02                      		.byte	2
 244 0085 02                      		.byte	2
 245 0086 04                      		.byte	4
 246 0087 E4                      		.byte	-28
 247 0088 E4                      		.byte	-28
 248 0089 E4                      		.byte	-28
 249 008a E4                      		.byte	-28
 250 008b C8                      		.byte	-56
 251 008c 08                      		.byte	8
 252 008d 4F                      		.byte	0x4f
 253 008e E1                      		.byte	-31
 254 008f C7                      		.byte	-57
 255 0090 FF                      		.byte	-1
 256 0091 9F                      		.byte	-97
 257 0092 F9                      		.byte	-7
 258 0093 FF                      		.byte	-1
 259 0094 FF                      		.byte	-1
 260 0095 CF                      		.byte	-49
 261 0096 FE                      		.byte	-2
 262 0097 0F                      		.byte	15
 263 0098 F9                      		.byte	-7
 264 0099 F9                      		.byte	-7
 265 009a C9                      		.byte	-55
 266 009b F9                      		.byte	-7
 267 009c FF                      		.byte	-1
 268 009d FF                      		.byte	-1
 269 009e FF                      		.byte	-1
 270 009f FF                      		.byte	-1
 271 00a0 FF                      		.byte	-1
 272 00a1 FF                      		.byte	-1
 273 00a2 FF                      		.byte	-1
 274 00a3 F3                      		.byte	-13
 275 00a4 FF                      		.byte	-1
 276 00a5 FF                      		.byte	-1
 277 00a6 FF                      		.byte	-1
 278 00a7 FF                      		.byte	-1
 279 00a8 FF                      		.byte	-1
 280 00a9 FF                      		.byte	-1
 281 00aa F8                      		.byte	-8
 282 00ab CC                      		.byte	-52
 283 00ac 7F                      		.byte	0x7f
 284 00ad FF                      		.byte	-1
 285 00ae F9                      		.byte	-7
 286 00af 26                      		.byte	38
 287 00b0 4C                      		.byte	0x4c
 288 00b1 02                      		.byte	2
 289 00b2 EE                      		.byte	-18
 290 00b3 73                      		.byte	0x73
 291 00b4 31                      		.byte	49
 292 00b5 C7                      		.byte	-57
 293 00b6 FF                      		.byte	-1
 294 00b7 FF                      		.byte	-1
 295 00b8 FF                      		.byte	-1
 296 00b9 FF                      		.byte	-1
 297 00ba C4                      		.byte	-60
 298 00bb E6                      		.byte	-26
 299 00bc 27                      		.byte	39
 300 00bd 27                      		.byte	39
 301 00be 3C                      		.byte	60
 302 00bf 67                      		.byte	0x67
 303 00c0 E7                      		.byte	-25
 304 00c1 3F                      		.byte	63
 305 00c2 27                      		.byte	39
 306 00c3 27                      		.byte	39
 307 00c4 3F                      		.byte	63
 308 00c5 FC                      		.byte	-4
 309 00c6 7F                      		.byte	0x7f
 310 00c7 C7                      		.byte	-57
 311 00c8 CE                      		.byte	-50
 312 00c9 4E                      		.byte	0x4e
 313 00ca 44                      		.byte	0x44
 314 00cb 4E                      		.byte	0x4e
 315 00cc 4E                      		.byte	0x4e
 316 00cd 4E                      		.byte	0x4e
 317 00ce 4F                      		.byte	0x4f
 318 00cf CF                      		.byte	-49
 319 00d0 CE                      		.byte	-50
 320 00d1 4E                      		.byte	0x4e
 321 00d2 67                      		.byte	0x67
 322 00d3 F2                      		.byte	-14
 323 00d4 62                      		.byte	0x62
 324 00d5 7E                      		.byte	0x7e
 325 00d6 22                      		.byte	34
 326 00d7 32                      		.byte	50
 327 00d8 72                      		.byte	0x72
 328 00d9 72                      		.byte	0x72
 329 00da 72                      		.byte	0x72
 330 00db 72                      		.byte	0x72
 331 00dc 73                      		.byte	0x73
 332 00dd 9C                      		.byte	-100
 333 00de E4                      		.byte	-28
 334 00df E4                      		.byte	-28
 335 00e0 E4                      		.byte	-28
 336 00e1 44                      		.byte	0x44
 337 00e2 CF                      		.byte	-49
 338 00e3 89                      		.byte	-119
 339 00e4 C7                      		.byte	-57
 340 00e5 F9                      		.byte	-7
 341 00e6 83                      		.byte	-125
 342 00e7 FF                      		.byte	-1
 343 00e8 CF                      		.byte	-49
 344 00e9 F9                      		.byte	-7
 345 00ea FF                      		.byte	-1
 346 00eb FF                      		.byte	-1
 347 00ec CF                      		.byte	-49
 348 00ed FE                      		.byte	-2
 349 00ee 4F                      		.byte	0x4f
 350 00ef F9                      		.byte	-7
 351 00f0 FF                      		.byte	-1
 352 00f1 F9                      		.byte	-7
 353 00f2 F9                      		.byte	-7
 354 00f3 FF                      		.byte	-1
 355 00f4 FF                      		.byte	-1
 356 00f5 FF                      		.byte	-1
 357 00f6 FF                      		.byte	-1
 358 00f7 FF                      		.byte	-1
 359 00f8 FF                      		.byte	-1
 360 00f9 FF                      		.byte	-1
 361 00fa F3                      		.byte	-13
 362 00fb FF                      		.byte	-1
 363 00fc FF                      		.byte	-1
 364 00fd FF                      		.byte	-1
 365 00fe FF                      		.byte	-1
 366 00ff FF                      		.byte	-1
 367 0100 FF                      		.byte	-1
 368 0101 F9                      		.byte	-7
 369 0102 CE                      		.byte	-50
 370 0103 7F                      		.byte	0x7f
 371 0104 FF                      		.byte	-1
 372 0105 F9                      		.byte	-7
 373 0106 FE                      		.byte	-2
 374 0107 4C                      		.byte	0x4c
 375 0108 9E                      		.byte	-98
 376 0109 4A                      		.byte	0x4a
 377 010a 63                      		.byte	0x63
 378 010b F3                      		.byte	-13
 379 010c E6                      		.byte	-26
 380 010d 53                      		.byte	0x53
 381 010e FF                      		.byte	-1
 382 010f FF                      		.byte	-1
 383 0110 FF                      		.byte	-1
 384 0111 CC                      		.byte	-52
 385 0112 E4                      		.byte	-28
 386 0113 3F                      		.byte	63
 387 0114 3F                      		.byte	63
 388 0115 38                      		.byte	56
 389 0116 67                      		.byte	0x67
 390 0117 E7                      		.byte	-25
 391 0118 FE                      		.byte	-2
 392 0119 67                      		.byte	0x67
 393 011a 27                      		.byte	39
 394 011b 3F                      		.byte	63
 395 011c F8                      		.byte	-8
 396 011d C0                      		.byte	-64
 397 011e 63                      		.byte	0x63
 398 011f FE                      		.byte	-2
 399 0120 4C                      		.byte	0x4c
 400 0121 4E                      		.byte	0x4e
 401 0122 4E                      		.byte	0x4e
 402 0123 4F                      		.byte	0x4f
 403 0124 CE                      		.byte	-50
 404 0125 4F                      		.byte	0x4f
 405 0126 CF                      		.byte	-49
 406 0127 CF                      		.byte	-49
 407 0128 CE                      		.byte	-50
 408 0129 67                      		.byte	0x67
 409 012a F2                      		.byte	-14
 410 012b 46                      		.byte	0x46
 411 012c 7E                      		.byte	0x7e
 412 012d 02                      		.byte	2
 413 012e 32                      		.byte	50
 414 012f 72                      		.byte	0x72
 415 0130 72                      		.byte	0x72
 416 0131 72                      		.byte	0x72
 417 0132 72                      		.byte	0x72
 418 0133 7F                      		.byte	0x7f
 419 0134 9C                      		.byte	-100
 420 0135 E4                      		.byte	-28
 421 0136 E4                      		.byte	-28
 422 0137 E6                      		.byte	-26
 423 0138 4C                      		.byte	0x4c
 424 0139 CF                      		.byte	-49
 425 013a 99                      		.byte	-103
 426 013b E7                      		.byte	-25
 427 013c F9                      		.byte	-7
 428 013d 11                      		.byte	17
 429 013e FF                      		.byte	-1
 430 013f FF                      		.byte	-1
 431 0140 F9                      		.byte	-7
 432 0141 FF                      		.byte	-1
 433 0142 FF                      		.byte	-1
 434 0143 CF                      		.byte	-49
 435 0144 FE                      		.byte	-2
 436 0145 7F                      		.byte	0x7f
 437 0146 F9                      		.byte	-7
 438 0147 FF                      		.byte	-1
 439 0148 F9                      		.byte	-7
 440 0149 F9                      		.byte	-7
 441 014a FF                      		.byte	-1
 442 014b FF                      		.byte	-1
 443 014c FF                      		.byte	-1
 444 014d FF                      		.byte	-1
 445 014e FF                      		.byte	-1
 446 014f FF                      		.byte	-1
 447 0150 FF                      		.byte	-1
 448 0151 F3                      		.byte	-13
 449 0152 FF                      		.byte	-1
 450 0153 FF                      		.byte	-1
 451 0154 FF                      		.byte	-1
 452 0155 FF                      		.byte	-1
 453 0156 FF                      		.byte	-1
 454 0157 FF                      		.byte	-1
 455 0158 F9                      		.byte	-7
 456 0159 CE                      		.byte	-50
 457 015a 7F                      		.byte	0x7f
 458 015b FF                      		.byte	-1
 459 015c F9                      		.byte	-7
 460 015d FC                      		.byte	-4
 461 015e 04                      		.byte	4
 462 015f 9F                      		.byte	-97
 463 0160 13                      		.byte	19
 464 0161 27                      		.byte	39
 465 0162 E7                      		.byte	-25
 466 0163 F2                      		.byte	-14
 467 0164 53                      		.byte	0x53
 468 0165 9F                      		.byte	-97
 469 0166 FF                      		.byte	-1
 470 0167 FF                      		.byte	-1
 471 0168 8C                      		.byte	-116
 472 0169 C7                      		.byte	-57
 473 016a 3F                      		.byte	63
 474 016b 3F                      		.byte	63
 475 016c 38                      		.byte	56
 476 016d 60                      		.byte	0x60
 477 016e E7                      		.byte	-25
 478 016f FE                      		.byte	-2
 479 0170 67                      		.byte	0x67
 480 0171 27                      		.byte	39
 481 0172 26                      		.byte	38
 482 0173 71                      		.byte	0x71
 483 0174 C0                      		.byte	-64
 484 0175 71                      		.byte	0x71
 485 0176 FE                      		.byte	-2
 486 0177 48                      		.byte	0x48
 487 0178 4E                      		.byte	0x4e
 488 0179 4E                      		.byte	0x4e
 489 017a 4F                      		.byte	0x4f
 490 017b CE                      		.byte	-50
 491 017c 4F                      		.byte	0x4f
 492 017d CF                      		.byte	-49
 493 017e CF                      		.byte	-49
 494 017f CE                      		.byte	-50
 495 0180 67                      		.byte	0x67
 496 0181 F2                      		.byte	-14
 497 0182 0E                      		.byte	14
 498 0183 7E                      		.byte	0x7e
 499 0184 02                      		.byte	2
 500 0185 12                      		.byte	18
 501 0186 72                      		.byte	0x72
 502 0187 72                      		.byte	0x72
 503 0188 72                      		.byte	0x72
 504 0189 72                      		.byte	0x72
 505 018a 3F                      		.byte	63
 506 018b 9C                      		.byte	-100
 507 018c E4                      		.byte	-28
 508 018d E4                      		.byte	-28
 509 018e A6                      		.byte	-90
 510 018f 0C                      		.byte	12
 511 0190 CF                      		.byte	-49
 512 0191 39                      		.byte	57
 513 0192 E3                      		.byte	-29
 514 0193 F9                      		.byte	-7
 515 0194 39                      		.byte	57
 516 0195 FF                      		.byte	-1
 517 0196 FC                      		.byte	-4
 518 0197 18                      		.byte	24
 519 0198 1C                      		.byte	28
 520 0199 1C                      		.byte	28
 521 019a 0C                      		.byte	12
 522 019b 1E                      		.byte	30
 523 019c 7C                      		.byte	0x7c
 524 019d 08                      		.byte	8
 525 019e 19                      		.byte	25
 526 019f C9                      		.byte	-55
 527 01a0 C9                      		.byte	-55
 528 01a1 CC                      		.byte	-52
 529 01a2 C0                      		.byte	-64
 530 01a3 E0                      		.byte	-32
 531 01a4 C0                      		.byte	-64
 532 01a5 E0                      		.byte	-32
 533 01a6 40                      		.byte	0x40
 534 01a7 E0                      		.byte	-32
 535 01a8 C0                      		.byte	-64
 536 01a9 CE                      		.byte	-50
 537 01aa 4E                      		.byte	0x4e
 538 01ab 4F                      		.byte	0x4f
 539 01ac 27                      		.byte	39
 540 01ad 93                      		.byte	-109
 541 01ae 90                      		.byte	-112
 542 01af 19                      		.byte	25
 543 01b0 CE                      		.byte	-50
 544 01b1 7F                      		.byte	0x7f
 545 01b2 FF                      		.byte	-1
 546 01b3 F9                      		.byte	-7
 547 01b4 FC                      		.byte	-4
 548 01b5 04                      		.byte	4
 549 01b6 1F                      		.byte	31
 550 01b7 E7                      		.byte	-25
 551 01b8 8D                      		.byte	-115
 552 01b9 E7                      		.byte	-25
 553 01ba F3                      		.byte	-13
 554 01bb 07                      		.byte	7
 555 01bc 9F                      		.byte	-97
 556 01bd FF                      		.byte	-1
 557 01be FF                      		.byte	-1
 558 01bf 9C                      		.byte	-100
 559 01c0 87                      		.byte	-121
 560 01c1 3E                      		.byte	62
 561 01c2 38                      		.byte	56
 562 01c3 72                      		.byte	0x72
 563 01c4 60                      		.byte	0x60
 564 01c5 60                      		.byte	0x60
 565 01c6 7E                      		.byte	0x7e
 566 01c7 70                      		.byte	0x70
 567 01c8 67                      		.byte	0x67
 568 01c9 26                      		.byte	38
 569 01ca 63                      		.byte	0x63
 570 01cb FF                      		.byte	-1
 571 01cc F8                      		.byte	-8
 572 01cd FC                      		.byte	-4
 573 01ce CA                      		.byte	-54
 574 01cf 4E                      		.byte	0x4e
 575 01d0 40                      		.byte	0x40
 576 01d1 CF                      		.byte	-49
 577 01d2 CE                      		.byte	-50
 578 01d3 41                      		.byte	0x41
 579 01d4 CF                      		.byte	-49
 580 01d5 CF                      		.byte	-49
 581 01d6 C0                      		.byte	-64
 582 01d7 67                      		.byte	0x67
 583 01d8 F2                      		.byte	-14
 584 01d9 1E                      		.byte	30
 585 01da 7E                      		.byte	0x7e
 586 01db 52                      		.byte	0x52
 587 01dc 12                      		.byte	18
 588 01dd 72                      		.byte	0x72
 589 01de 72                      		.byte	0x72
 590 01df 72                      		.byte	0x72
 591 01e0 73                      		.byte	0x73
 592 01e1 1F                      		.byte	31
 593 01e2 9C                      		.byte	-100
 594 01e3 E4                      		.byte	-28
 595 01e4 E4                      		.byte	-28
 596 01e5 A7                      		.byte	-89
 597 01e6 1C                      		.byte	28
 598 01e7 0F                      		.byte	15
 599 01e8 39                      		.byte	57
 600 01e9 F3                      		.byte	-13
 601 01ea F9                      		.byte	-7
 602 01eb FF                      		.byte	-1
 603 01ec FF                      		.byte	-1
 604 01ed FC                      		.byte	-4
 605 01ee 08                      		.byte	8
 606 01ef 08                      		.byte	8
 607 01f0 08                      		.byte	8
 608 01f1 08                      		.byte	8
 609 01f2 08                      		.byte	8
 610 01f3 18                      		.byte	24
 611 01f4 08                      		.byte	8
 612 01f5 09                      		.byte	9
 613 01f6 C9                      		.byte	-55
 614 01f7 89                      		.byte	-119
 615 01f8 80                      		.byte	-128
 616 01f9 40                      		.byte	0x40
 617 01fa 40                      		.byte	0x40
 618 01fb 40                      		.byte	0x40
 619 01fc 40                      		.byte	0x40
 620 01fd 40                      		.byte	0x40
 621 01fe 40                      		.byte	0x40
 622 01ff 40                      		.byte	0x40
 623 0200 CE                      		.byte	-50
 624 0201 4E                      		.byte	0x4e
 625 0202 4F                      		.byte	0x4f
 626 0203 23                      		.byte	35
 627 0204 13                      		.byte	19
 628 0205 90                      		.byte	-112
 629 0206 19                      		.byte	25
 630 0207 CE                      		.byte	-50
 631 0208 7F                      		.byte	0x7f
 632 0209 FF                      		.byte	-1
 633 020a F9                      		.byte	-7
 634 020b FE                      		.byte	-2
 635 020c 4E                      		.byte	0x4e
 636 020d 0F                      		.byte	15
 637 020e CF                      		.byte	-49
 638 020f 19                      		.byte	25
 639 0210 E7                      		.byte	-25
 640 0211 F2                      		.byte	-14
 641 0212 02                      		.byte	2
 642 0213 07                      		.byte	7
 643 0214 C0                      		.byte	-64
 644 0215 7F                      		.byte	0x7f
 645 0216 1C                      		.byte	28
 646 0217 07                      		.byte	7
 647 0218 3C                      		.byte	60
 648 0219 78                      		.byte	0x78
 649 021a 72                      		.byte	0x72
 650 021b 7F                      		.byte	0x7f
 651 021c 20                      		.byte	32
 652 021d 3C                      		.byte	60
 653 021e F0                      		.byte	-16
 654 021f 60                      		.byte	0x60
 655 0220 3F                      		.byte	63
 656 0221 C7                      		.byte	-57
 657 0222 FF                      		.byte	-1
 658 0223 FC                      		.byte	-4
 659 0224 79                      		.byte	0x79
 660 0225 CA                      		.byte	-54
 661 0226 4E                      		.byte	0x4e
 662 0227 40                      		.byte	0x40
 663 0228 CF                      		.byte	-49
 664 0229 CE                      		.byte	-50
 665 022a 41                      		.byte	0x41
 666 022b C1                      		.byte	-63
 667 022c CF                      		.byte	-49
 668 022d C0                      		.byte	-64
 669 022e 67                      		.byte	0x67
 670 022f F2                      		.byte	-14
 671 0230 3E                      		.byte	62
 672 0231 7E                      		.byte	0x7e
 673 0232 52                      		.byte	0x52
 674 0233 02                      		.byte	2
 675 0234 72                      		.byte	0x72
 676 0235 02                      		.byte	2
 677 0236 72                      		.byte	0x72
 678 0237 03                      		.byte	3
 679 0238 8F                      		.byte	-113
 680 0239 9C                      		.byte	-100
 681 023a E4                      		.byte	-28
 682 023b E4                      		.byte	-28
 683 023c 07                      		.byte	7
 684 023d BE                      		.byte	-66
 685 023e 1E                      		.byte	30
 686 023f 39                      		.byte	57
 687 0240 F1                      		.byte	-15
 688 0241 F9                      		.byte	-7
 689 0242 FF                      		.byte	-1
 690 0243 FF                      		.byte	-1
 691 0244 FF                      		.byte	-1
 692 0245 C9                      		.byte	-55
 693 0246 C9                      		.byte	-55
 694 0247 C9                      		.byte	-55
 695 0248 C9                      		.byte	-55
 696 0249 C8                      		.byte	-56
 697 024a 19                      		.byte	25
 698 024b C9                      		.byte	-55
 699 024c C9                      		.byte	-55
 700 024d C9                      		.byte	-55
 701 024e 19                      		.byte	25
 702 024f 80                      		.byte	-128
 703 0250 4E                      		.byte	0x4e
 704 0251 4E                      		.byte	0x4e
 705 0252 4E                      		.byte	0x4e
 706 0253 4E                      		.byte	0x4e
 707 0254 4E                      		.byte	0x4e
 708 0255 4E                      		.byte	0x4e
 709 0256 73                      		.byte	0x73
 710 0257 CE                      		.byte	-50
 711 0258 4E                      		.byte	0x4e
 712 0259 49                      		.byte	0x49
 713 025a 30                      		.byte	48
 714 025b 33                      		.byte	51
 715 025c 9F                      		.byte	-97
 716 025d 11                      		.byte	17
 717 025e CE                      		.byte	-50
 718 025f 31                      		.byte	49
 719 0260 9F                      		.byte	-97
 720 0261 F9                      		.byte	-7
 721 0262 FE                      		.byte	-2
 722 0263 4F                      		.byte	0x4f
 723 0264 07                      		.byte	7
 724 0265 9E                      		.byte	-98
 725 0266 01                      		.byte	1
 726 0267 E7                      		.byte	-25
 727 0268 F2                      		.byte	-14
 728 0269 02                      		.byte	2
 729 026a 07                      		.byte	7
 730 026b C0                      		.byte	-64
 731 026c 7F                      		.byte	0x7f
 732 026d 3C                      		.byte	60
 733 026e 27                      		.byte	39
 734 026f 31                      		.byte	49
 735 0270 FF                      		.byte	-1
 736 0271 26                      		.byte	38
 737 0272 7F                      		.byte	0x7f
 738 0273 27                      		.byte	39
 739 0274 3C                      		.byte	60
 740 0275 E7                      		.byte	-25
 741 0276 30                      		.byte	48
 742 0277 3F                      		.byte	63
 743 0278 C7                      		.byte	-57
 744 0279 FF                      		.byte	-1
 745 027a FC                      		.byte	-4
 746 027b 73                      		.byte	0x73
 747 027c CA                      		.byte	-54
 748 027d 40                      		.byte	0x40
 749 027e 4E                      		.byte	0x4e
 750 027f 4F                      		.byte	0x4f
 751 0280 CE                      		.byte	-50
 752 0281 4F                      		.byte	0x4f
 753 0282 C1                      		.byte	-63
 754 0283 CF                      		.byte	-49
 755 0284 CE                      		.byte	-50
 756 0285 67                      		.byte	0x67
 757 0286 F2                      		.byte	-14
 758 0287 1E                      		.byte	30
 759 0288 7E                      		.byte	0x7e
 760 0289 72                      		.byte	0x72
 761 028a 42                      		.byte	0x42
 762 028b 72                      		.byte	0x72
 763 028c 06                      		.byte	6
 764 028d 72                      		.byte	0x72
 765 028e 07                      		.byte	7
 766 028f C7                      		.byte	-57
 767 0290 9C                      		.byte	-100
 768 0291 E4                      		.byte	-28
 769 0292 E4                      		.byte	-28
 770 0293 07                      		.byte	7
 771 0294 1F                      		.byte	31
 772 0295 3E                      		.byte	62
 773 0296 79                      		.byte	0x79
 774 0297 F9                      		.byte	-7
 775 0298 F9                      		.byte	-7
 776 0299 FF                      		.byte	-1
 777 029a FF                      		.byte	-1
 778 029b FC                      		.byte	-4
 779 029c 09                      		.byte	9
 780 029d C9                      		.byte	-55
 781 029e F9                      		.byte	-7
 782 029f C8                      		.byte	-56
 783 02a0 0E                      		.byte	14
 784 02a1 79                      		.byte	0x79
 785 02a2 C9                      		.byte	-55
 786 02a3 C9                      		.byte	-55
 787 02a4 C8                      		.byte	-56
 788 02a5 39                      		.byte	57
 789 02a6 92                      		.byte	-110
 790 02a7 4E                      		.byte	0x4e
 791 02a8 4E                      		.byte	0x4e
 792 02a9 4E                      		.byte	0x4e
 793 02aa 4E                      		.byte	0x4e
 794 02ab 4F                      		.byte	0x4f
 795 02ac E3                      		.byte	-29
 796 02ad F3                      		.byte	-13
 797 02ae CE                      		.byte	-50
 798 02af 4E                      		.byte	0x4e
 799 02b0 49                      		.byte	0x49
 800 02b1 38                      		.byte	56
 801 02b2 73                      		.byte	0x73
 802 02b3 9E                      		.byte	-98
 803 02b4 31                      		.byte	49
 804 02b5 CE                      		.byte	-50
 805 02b6 20                      		.byte	32
 806 02b7 1F                      		.byte	31
 807 02b8 F9                      		.byte	-7
 808 02b9 FC                      		.byte	-4
 809 02ba 07                      		.byte	7
 810 02bb 83                      		.byte	-125
 811 02bc 3E                      		.byte	62
 812 02bd 63                      		.byte	0x63
 813 02be E7                      		.byte	-25
 814 02bf F3                      		.byte	-13
 815 02c0 07                      		.byte	7
 816 02c1 9F                      		.byte	-97
 817 02c2 FF                      		.byte	-1
 818 02c3 FE                      		.byte	-2
 819 02c4 3C                      		.byte	60
 820 02c5 67                      		.byte	0x67
 821 02c6 23                      		.byte	35
 822 02c7 FF                      		.byte	-1
 823 02c8 20                      		.byte	32
 824 02c9 3F                      		.byte	63
 825 02ca 27                      		.byte	39
 826 02cb 39                      		.byte	57
 827 02cc E7                      		.byte	-25
 828 02cd 3F                      		.byte	63
 829 02ce 3F                      		.byte	63
 830 02cf E3                      		.byte	-29
 831 02d0 C0                      		.byte	-64
 832 02d1 78                      		.byte	0x78
 833 02d2 F3                      		.byte	-13
 834 02d3 CA                      		.byte	-54
 835 02d4 40                      		.byte	0x40
 836 02d5 4E                      		.byte	0x4e
 837 02d6 4F                      		.byte	0x4f
 838 02d7 CE                      		.byte	-50
 839 02d8 4F                      		.byte	0x4f
 840 02d9 CF                      		.byte	-49
 841 02da CC                      		.byte	-52
 842 02db 4E                      		.byte	0x4e
 843 02dc 67                      		.byte	0x67
 844 02dd F2                      		.byte	-14
 845 02de 0E                      		.byte	14
 846 02df 7E                      		.byte	0x7e
 847 02e0 72                      		.byte	0x72
 848 02e1 42                      		.byte	0x42
 849 02e2 72                      		.byte	0x72
 850 02e3 7E                      		.byte	0x7e
 851 02e4 72                      		.byte	0x72
 852 02e5 4F                      		.byte	0x4f
 853 02e6 E3                      		.byte	-29
 854 02e7 9C                      		.byte	-100
 855 02e8 E4                      		.byte	-28
 856 02e9 E4                      		.byte	-28
 857 02ea 46                      		.byte	0x46
 858 02eb 0F                      		.byte	15
 859 02ec 3C                      		.byte	60
 860 02ed 79                      		.byte	0x79
 861 02ee F8                      		.byte	-8
 862 02ef F9                      		.byte	-7
 863 02f0 FF                      		.byte	-1
 864 02f1 FF                      		.byte	-1
 865 02f2 F8                      		.byte	-8
 866 02f3 09                      		.byte	9
 867 02f4 C9                      		.byte	-55
 868 02f5 F9                      		.byte	-7
 869 02f6 C8                      		.byte	-56
 870 02f7 1E                      		.byte	30
 871 02f8 79                      		.byte	0x79
 872 02f9 C9                      		.byte	-55
 873 02fa C9                      		.byte	-55
 874 02fb C8                      		.byte	-56
 875 02fc 79                      		.byte	0x79
 876 02fd 92                      		.byte	-110
 877 02fe 4E                      		.byte	0x4e
 878 02ff 4E                      		.byte	0x4e
 879 0300 4E                      		.byte	0x4e
 880 0301 4E                      		.byte	0x4e
 881 0302 4F                      		.byte	0x4f
 882 0303 F1                      		.byte	-15
 883 0304 F3                      		.byte	-13
 884 0305 CE                      		.byte	-50
 885 0306 4E                      		.byte	0x4e
 886 0307 49                      		.byte	0x49
 887 0308 3C                      		.byte	60
 888 0309 F3                      		.byte	-13
 889 030a 9C                      		.byte	-100
 890 030b 79                      		.byte	0x79
 891 030c CE                      		.byte	-50
 892 030d 66                      		.byte	0x66
 893 030e 3F                      		.byte	63
 894 030f FF                      		.byte	-1
 895 0310 FC                      		.byte	-4
 896 0311 07                      		.byte	7
 897 0312 92                      		.byte	-110
 898 0313 46                      		.byte	0x46
 899 0314 67                      		.byte	0x67
 900 0315 F3                      		.byte	-13
 901 0316 E6                      		.byte	-26
 902 0317 53                      		.byte	0x53
 903 0318 9F                      		.byte	-97
 904 0319 FF                      		.byte	-1
 905 031a FE                      		.byte	-2
 906 031b 7C                      		.byte	0x7c
 907 031c E7                      		.byte	-25
 908 031d 27                      		.byte	39
 909 031e FF                      		.byte	-1
 910 031f 20                      		.byte	32
 911 0320 3F                      		.byte	63
 912 0321 27                      		.byte	39
 913 0322 39                      		.byte	57
 914 0323 E7                      		.byte	-25
 915 0324 3F                      		.byte	63
 916 0325 3F                      		.byte	63
 917 0326 F1                      		.byte	-15
 918 0327 C0                      		.byte	-64
 919 0328 71                      		.byte	0x71
 920 0329 F3                      		.byte	-13
 921 032a C8                      		.byte	-56
 922 032b CE                      		.byte	-50
 923 032c 4E                      		.byte	0x4e
 924 032d 4F                      		.byte	0x4f
 925 032e CE                      		.byte	-50
 926 032f 4F                      		.byte	0x4f
 927 0330 CF                      		.byte	-49
 928 0331 CE                      		.byte	-50
 929 0332 4E                      		.byte	0x4e
 930 0333 66                      		.byte	0x66
 931 0334 72                      		.byte	0x72
 932 0335 46                      		.byte	0x46
 933 0336 7E                      		.byte	0x7e
 934 0337 72                      		.byte	0x72
 935 0338 62                      		.byte	0x62
 936 0339 72                      		.byte	0x72
 937 033a 7E                      		.byte	0x7e
 938 033b 72                      		.byte	0x72
 939 033c 67                      		.byte	0x67
 940 033d F3                      		.byte	-13
 941 033e 9C                      		.byte	-100
 942 033f E6                      		.byte	-26
 943 0340 4C                      		.byte	0x4c
 944 0341 46                      		.byte	0x46
 945 0342 4F                      		.byte	0x4f
 946 0343 3C                      		.byte	60
 947 0344 F9                      		.byte	-7
 948 0345 FC                      		.byte	-4
 949 0346 F9                      		.byte	-7
 950 0347 FF                      		.byte	-1
 951 0348 FF                      		.byte	-1
 952 0349 F9                      		.byte	-7
 953 034a C9                      		.byte	-55
 954 034b C9                      		.byte	-55
 955 034c F9                      		.byte	-7
 956 034d C9                      		.byte	-55
 957 034e FE                      		.byte	-2
 958 034f 79                      		.byte	0x79
 959 0350 C9                      		.byte	-55
 960 0351 C9                      		.byte	-55
 961 0352 C8                      		.byte	-56
 962 0353 39                      		.byte	57
 963 0354 92                      		.byte	-110
 964 0355 4E                      		.byte	0x4e
 965 0356 4E                      		.byte	0x4e
 966 0357 4E                      		.byte	0x4e
 967 0358 4E                      		.byte	0x4e
 968 0359 4F                      		.byte	0x4f
 969 035a F8                      		.byte	-8
 970 035b F3                      		.byte	-13
 971 035c CE                      		.byte	-50
 972 035d 44                      		.byte	0x44
 973 035e 49                      		.byte	0x49
 974 035f 38                      		.byte	56
 975 0360 73                      		.byte	0x73
 976 0361 98                      		.byte	-104
 977 0362 F9                      		.byte	-7
 978 0363 CE                      		.byte	-50
 979 0364 7F                      		.byte	0x7f
 980 0365 FF                      		.byte	-1
 981 0366 FF                      		.byte	-1
 982 0367 FE                      		.byte	-2
 983 0368 4F                      		.byte	0x4f
 984 0369 92                      		.byte	-110
 985 036a 92                      		.byte	-110
 986 036b 67                      		.byte	0x67
 987 036c F1                      		.byte	-15
 988 036d C6                      		.byte	-58
 989 036e 53                      		.byte	0x53
 990 036f FF                      		.byte	-1
 991 0370 FF                      		.byte	-1
 992 0371 FC                      		.byte	-4
 993 0372 7C                      		.byte	0x7c
 994 0373 E7                      		.byte	-25
 995 0374 27                      		.byte	39
 996 0375 E7                      		.byte	-25
 997 0376 3E                      		.byte	62
 998 0377 67                      		.byte	0x67
 999 0378 27                      		.byte	39
 1000 0379 39                      		.byte	57
 1001 037a E7                      		.byte	-25
 1002 037b 3E                      		.byte	62
 1003 037c 27                      		.byte	39
 1004 037d F8                      		.byte	-8
 1005 037e FF                      		.byte	-1
 1006 037f E3                      		.byte	-29
 1007 0380 FF                      		.byte	-1
 1008 0381 CF                      		.byte	-49
 1009 0382 CE                      		.byte	-50
 1010 0383 4E                      		.byte	0x4e
 1011 0384 4E                      		.byte	0x4e
 1012 0385 4E                      		.byte	0x4e
 1013 0386 4F                      		.byte	0x4f
 1014 0387 CF                      		.byte	-49
 1015 0388 CE                      		.byte	-50
 1016 0389 4E                      		.byte	0x4e
 1017 038a 66                      		.byte	0x66
 1018 038b 72                      		.byte	0x72
 1019 038c 62                      		.byte	0x62
 1020 038d 7E                      		.byte	0x7e
 1021 038e 72                      		.byte	0x72
 1022 038f 62                      		.byte	0x62
 1023 0390 72                      		.byte	0x72
 1024 0391 7E                      		.byte	0x7e
 1025 0392 72                      		.byte	0x72
 1026 0393 66                      		.byte	0x66
 1027 0394 73                      		.byte	0x73
 1028 0395 9C                      		.byte	-100
 1029 0396 E6                      		.byte	-26
 1030 0397 0C                      		.byte	12
 1031 0398 E4                      		.byte	-28
 1032 0399 47                      		.byte	0x47
 1033 039a 38                      		.byte	56
 1034 039b F9                      		.byte	-7
 1035 039c FC                      		.byte	-4
 1036 039d F9                      		.byte	-7
 1037 039e FF                      		.byte	-1
 1038 039f FF                      		.byte	-1
 1039 03a0 F9                      		.byte	-7
 1040 03a1 C9                      		.byte	-55
 1041 03a2 C9                      		.byte	-55
 1042 03a3 C9                      		.byte	-55
 1043 03a4 C9                      		.byte	-55
 1044 03a5 CE                      		.byte	-50
 1045 03a6 78                      		.byte	0x78
 1046 03a7 09                      		.byte	9
 1047 03a8 C9                      		.byte	-55
 1048 03a9 C9                      		.byte	-55
 1049 03aa 19                      		.byte	25
 1050 03ab 92                      		.byte	-110
 1051 03ac 4E                      		.byte	0x4e
 1052 03ad 4E                      		.byte	0x4e
 1053 03ae 40                      		.byte	0x40
 1054 03af 40                      		.byte	0x40
 1055 03b0 4F                      		.byte	0x4f
 1056 03b1 CE                      		.byte	-50
 1057 03b2 72                      		.byte	0x72
 1058 03b3 4E                      		.byte	0x4e
 1059 03b4 60                      		.byte	0x60
 1060 03b5 C0                      		.byte	-64
 1061 03b6 30                      		.byte	48
 1062 03b7 30                      		.byte	48
 1063 03b8 11                      		.byte	17
 1064 03b9 F9                      		.byte	-7
 1065 03ba CE                      		.byte	-50
 1066 03bb 7F                      		.byte	0x7f
 1067 03bc FF                      		.byte	-1
 1068 03bd F9                      		.byte	-7
 1069 03be FE                      		.byte	-2
 1070 03bf 4C                      		.byte	0x4c
 1071 03c0 03                      		.byte	3
 1072 03c1 BA                      		.byte	-70
 1073 03c2 01                      		.byte	1
 1074 03c3 F8                      		.byte	-8
 1075 03c4 8F                      		.byte	-113
 1076 03c5 FF                      		.byte	-1
 1077 03c6 FE                      		.byte	-2
 1078 03c7 7F                      		.byte	0x7f
 1079 03c8 CC                      		.byte	-52
 1080 03c9 FC                      		.byte	-4
 1081 03ca 07                      		.byte	7
 1082 03cb 20                      		.byte	32
 1083 03cc 20                      		.byte	32
 1084 03cd 3E                      		.byte	62
 1085 03ce 60                      		.byte	0x60
 1086 03cf 60                      		.byte	0x60
 1087 03d0 33                      		.byte	51
 1088 03d1 E0                      		.byte	-32
 1089 03d2 30                      		.byte	48
 1090 03d3 66                      		.byte	0x66
 1091 03d4 7C                      		.byte	0x7c
 1092 03d5 7F                      		.byte	0x7f
 1093 03d6 C7                      		.byte	-57
 1094 03d7 F3                      		.byte	-13
 1095 03d8 C0                      		.byte	-64
 1096 03d9 CE                      		.byte	-50
 1097 03da 40                      		.byte	0x40
 1098 03db 40                      		.byte	0x40
 1099 03dc 40                      		.byte	0x40
 1100 03dd 40                      		.byte	0x40
 1101 03de 4F                      		.byte	0x4f
 1102 03df C0                      		.byte	-64
 1103 03e0 4E                      		.byte	0x4e
 1104 03e1 42                      		.byte	0x42
 1105 03e2 02                      		.byte	2
 1106 03e3 72                      		.byte	0x72
 1107 03e4 02                      		.byte	2
 1108 03e5 72                      		.byte	0x72
 1109 03e6 72                      		.byte	0x72
 1110 03e7 02                      		.byte	2
 1111 03e8 7E                      		.byte	0x7e
 1112 03e9 02                      		.byte	2
 1113 03ea 72                      		.byte	0x72
 1114 03eb 03                      		.byte	3
 1115 03ec 9C                      		.byte	-100
 1116 03ed 07                      		.byte	7
 1117 03ee 1C                      		.byte	28
 1118 03ef E4                      		.byte	-28
 1119 03f0 E7                      		.byte	-25
 1120 03f1 38                      		.byte	56
 1121 03f2 08                      		.byte	8
 1122 03f3 7E                      		.byte	0x7e
 1123 03f4 61                      		.byte	0x61
 1124 03f5 FF                      		.byte	-1
 1125 03f6 FF                      		.byte	-1
 1126 03f7 F8                      		.byte	-8
 1127 03f8 08                      		.byte	8
 1128 03f9 08                      		.byte	8
 1129 03fa 08                      		.byte	8
 1130 03fb 08                      		.byte	8
 1131 03fc 0E                      		.byte	14
 1132 03fd 7C                      		.byte	0x7c
 1133 03fe 09                      		.byte	9
 1134 03ff C9                      		.byte	-55
 1135 0400 C9                      		.byte	-55
 1136 0401 88                      		.byte	-120
 1137 0402 9E                      		.byte	-98
 1138 0403 4E                      		.byte	0x4e
 1139 0404 40                      		.byte	0x40
 1140 0405 40                      		.byte	0x40
 1141 0406 E0                      		.byte	-32
 1142 0407 4F                      		.byte	0x4f
 1143 0408 C0                      		.byte	-64
 1144 0409 70                      		.byte	0x70
 1145 040a 40                      		.byte	0x40
 1146 040b 71                      		.byte	0x71
 1147 040c C6                      		.byte	-58
 1148 040d 23                      		.byte	35
 1149 040e 18                      		.byte	24
 1150 040f 10                      		.byte	16
 1151 0410 19                      		.byte	25
 1152 0411 CE                      		.byte	-50
 1153 0412 7F                      		.byte	0x7f
 1154 0413 FF                      		.byte	-1
 1155 0414 F9                      		.byte	-7
 1156 0415 FE                      		.byte	-2
 1157 0416 4E                      		.byte	0x4e
 1158 0417 07                      		.byte	7
 1159 0418 93                      		.byte	-109
 1160 0419 09                      		.byte	9
 1161 041a FC                      		.byte	-4
 1162 041b 9F                      		.byte	-97
 1163 041c FF                      		.byte	-1
 1164 041d FE                      		.byte	-2
 1165 041e 7F                      		.byte	0x7f
 1166 041f C8                      		.byte	-56
 1167 0420 FE                      		.byte	-2
 1168 0421 0F                      		.byte	15
 1169 0422 20                      		.byte	32
 1170 0423 30                      		.byte	48
 1171 0424 7E                      		.byte	0x7e
 1172 0425 70                      		.byte	0x70
 1173 0426 70                      		.byte	0x70
 1174 0427 73                      		.byte	0x73
 1175 0428 F0                      		.byte	-16
 1176 0429 70                      		.byte	0x70
 1177 042a FE                      		.byte	-2
 1178 042b 7E                      		.byte	0x7e
 1179 042c 7F                      		.byte	0x7f
 1180 042d CF                      		.byte	-49
 1181 042e F3                      		.byte	-13
 1182 042f E0                      		.byte	-32
 1183 0430 CE                      		.byte	-50
 1184 0431 40                      		.byte	0x40
 1185 0432 E0                      		.byte	-32
 1186 0433 C0                      		.byte	-64
 1187 0434 C0                      		.byte	-64
 1188 0435 4F                      		.byte	0x4f
 1189 0436 E0                      		.byte	-32
 1190 0437 CE                      		.byte	-50
 1191 0438 43                      		.byte	0x43
 1192 0439 06                      		.byte	6
 1193 043a 7A                      		.byte	0x7a
 1194 043b 02                      		.byte	2
 1195 043c 72                      		.byte	0x72
 1196 043d 73                      		.byte	0x73
 1197 043e 06                      		.byte	6
 1198 043f 7F                      		.byte	0x7f
 1199 0440 06                      		.byte	6
 1200 0441 73                      		.byte	0x73
 1201 0442 07                      		.byte	7
 1202 0443 9E                      		.byte	-98
 1203 0444 0F                      		.byte	15
 1204 0445 BD                      		.byte	-67
 1205 0446 F4                      		.byte	-12
 1206 0447 E7                      		.byte	-25
 1207 0448 38                      		.byte	56
 1208 0449 08                      		.byte	8
 1209 044a 7E                      		.byte	0x7e
 1210 044b 61                      		.byte	0x61
 1211 044c FF                      		.byte	-1
 1212 044d FF                      		.byte	-1
 1213 044e FC                      		.byte	-4
 1214 044f 08                      		.byte	8
 1215 0450 1C                      		.byte	28
 1216 0451 1C                      		.byte	28
 1217 0452 0C                      		.byte	12
 1218 0453 1E                      		.byte	30
 1219 0454 7F                      		.byte	0x7f
 1220 0455 C9                      		.byte	-55
 1221 0456 C9                      		.byte	-55
 1222 0457 C9                      		.byte	-55
 1223 0458 CC                      		.byte	-52
 1224 0459 9E                      		.byte	-98
 1225 045a 4E                      		.byte	0x4e
 1226 045b 60                      		.byte	0x60
 1227 045c CF                      		.byte	-49
 1228 045d FE                      		.byte	-2
 1229 045e 4F                      		.byte	0x4f
 1230 045f E0                      		.byte	-32
 1231 0460 F8                      		.byte	-8
 1232 0461 E0                      		.byte	-32
 1233 0462 FB                      		.byte	-5
 1234 0463 EF                      		.byte	-17
 1235 0464 67                      		.byte	0x67
 1236 0465 9F                      		.byte	-97
 1237 0466 90                      		.byte	-112
 1238 0467 18                      		.byte	24
 1239 0468 CC                      		.byte	-52
 1240 0469 7F                      		.byte	0x7f
 1241 046a FF                      		.byte	-1
 1242 046b FF                      		.byte	-1
 1243 046c FF                      		.byte	-1
 1244 046d FF                      		.byte	-1
 1245 046e 9F                      		.byte	-97
 1246 046f C7                      		.byte	-57
 1247 0470 FF                      		.byte	-1
 1248 0471 FF                      		.byte	-1
 1249 0472 FF                      		.byte	-1
 1250 0473 FF                      		.byte	-1
 1251 0474 FE                      		.byte	-2
 1252 0475 7F                      		.byte	0x7f
 1253 0476 F9                      		.byte	-7
 1254 0477 FF                      		.byte	-1
 1255 0478 FF                      		.byte	-1
 1256 0479 FF                      		.byte	-1
 1257 047a FF                      		.byte	-1
 1258 047b FF                      		.byte	-1
 1259 047c FF                      		.byte	-1
 1260 047d FF                      		.byte	-1
 1261 047e FF                      		.byte	-1
 1262 047f FF                      		.byte	-1
 1263 0480 FF                      		.byte	-1
 1264 0481 FE                      		.byte	-2
 1265 0482 7F                      		.byte	0x7f
 1266 0483 FF                      		.byte	-1
 1267 0484 FF                      		.byte	-1
 1268 0485 FF                      		.byte	-1
 1269 0486 FF                      		.byte	-1
 1270 0487 FF                      		.byte	-1
 1271 0488 FF                      		.byte	-1
 1272 0489 FF                      		.byte	-1
 1273 048a FF                      		.byte	-1
 1274 048b FF                      		.byte	-1
 1275 048c FF                      		.byte	-1
 1276 048d FF                      		.byte	-1
 1277 048e FF                      		.byte	-1
 1278 048f FF                      		.byte	-1
 1279 0490 FF                      		.byte	-1
 1280 0491 FF                      		.byte	-1
 1281 0492 FF                      		.byte	-1
 1282 0493 FF                      		.byte	-1
 1283 0494 FF                      		.byte	-1
 1284 0495 FF                      		.byte	-1
 1285 0496 FF                      		.byte	-1
 1286 0497 E3                      		.byte	-29
 1287 0498 FF                      		.byte	-1
 1288 0499 FF                      		.byte	-1
 1289 049a FF                      		.byte	-1
 1290 049b FF                      		.byte	-1
 1291 049c FF                      		.byte	-1
 1292 049d FF                      		.byte	-1
 1293 049e FF                      		.byte	-1
 1294 049f FF                      		.byte	-1
 1295 04a0 FF                      		.byte	-1
 1296 04a1 FF                      		.byte	-1
 1297 04a2 3F                      		.byte	63
 1298 04a3 FF                      		.byte	-1
 1299 04a4 00                      		.byte	0
 1300 04a5 FF                      		.byte	-1
 1301 04a6 FF                      		.byte	-1
 1302 04a7 FF                      		.byte	-1
 1303 04a8 FF                      		.byte	-1
 1304 04a9 FF                      		.byte	-1
 1305 04aa FF                      		.byte	-1
 1306 04ab FC                      		.byte	-4
 1307 04ac 0F                      		.byte	15
 1308 04ad FF                      		.byte	-1
 1309 04ae 0F                      		.byte	15
 1310 04af FF                      		.byte	-1
 1311 04b0 FF                      		.byte	-1
 1312 04b1 FF                      		.byte	-1
 1313 04b2 FF                      		.byte	-1
 1314 04b3 CF                      		.byte	-49
 1315 04b4 FE                      		.byte	-2
 1316 04b5 7F                      		.byte	0x7f
 1317 04b6 FF                      		.byte	-1
 1318 04b7 FF                      		.byte	-1
 1319 04b8 FF                      		.byte	-1
 1320 04b9 FF                      		.byte	-1
 1321 04ba FF                      		.byte	-1
 1322 04bb FF                      		.byte	-1
 1323 04bc F8                      		.byte	-8
 1324 04bd 1F                      		.byte	31
 1325 04be FC                      		.byte	-4
 1326 04bf 48                      		.byte	0x48
 1327 04c0 FF                      		.byte	-1
 1328 04c1 FF                      		.byte	-1
 1329 04c2 FF                      		.byte	-1
 1330 04c3 FF                      		.byte	-1
 1331 04c4 FF                      		.byte	-1
 1332 04c5 FF                      		.byte	-1
 1333 04c6 FF                      		.byte	-1
 1334 04c7 FF                      		.byte	-1
 1335 04c8 FF                      		.byte	-1
 1336 04c9 FF                      		.byte	-1
 1337 04ca FF                      		.byte	-1
 1338 04cb FC                      		.byte	-4
 1339 04cc FF                      		.byte	-1
 1340 04cd F9                      		.byte	-7
 1341 04ce FF                      		.byte	-1
 1342 04cf FF                      		.byte	-1
 1343 04d0 FF                      		.byte	-1
 1344 04d1 FF                      		.byte	-1
 1345 04d2 FF                      		.byte	-1
 1346 04d3 FF                      		.byte	-1
 1347 04d4 FF                      		.byte	-1
 1348 04d5 FF                      		.byte	-1
 1349 04d6 FF                      		.byte	-1
 1350 04d7 FF                      		.byte	-1
 1351 04d8 FC                      		.byte	-4
 1352 04d9 FF                      		.byte	-1
 1353 04da FF                      		.byte	-1
 1354 04db FF                      		.byte	-1
 1355 04dc FF                      		.byte	-1
 1356 04dd FF                      		.byte	-1
 1357 04de FF                      		.byte	-1
 1358 04df FF                      		.byte	-1
 1359 04e0 FF                      		.byte	-1
 1360 04e1 FF                      		.byte	-1
 1361 04e2 FF                      		.byte	-1
 1362 04e3 FF                      		.byte	-1
 1363 04e4 FF                      		.byte	-1
 1364 04e5 FF                      		.byte	-1
 1365 04e6 FF                      		.byte	-1
 1366 04e7 FF                      		.byte	-1
 1367 04e8 FF                      		.byte	-1
 1368 04e9 FF                      		.byte	-1
 1369 04ea FF                      		.byte	-1
 1370 04eb FF                      		.byte	-1
 1371 04ec FF                      		.byte	-1
 1372 04ed FF                      		.byte	-1
 1373 04ee F3                      		.byte	-13
 1374 04ef FF                      		.byte	-1
 1375 04f0 FF                      		.byte	-1
 1376 04f1 FF                      		.byte	-1
 1377 04f2 FF                      		.byte	-1
 1378 04f3 FF                      		.byte	-1
 1379 04f4 FF                      		.byte	-1
 1380 04f5 FF                      		.byte	-1
 1381 04f6 FF                      		.byte	-1
 1382 04f7 FF                      		.byte	-1
 1383 04f8 FF                      		.byte	-1
 1384 04f9 3F                      		.byte	63
 1385 04fa FF                      		.byte	-1
 1386 04fb 00                      		.byte	0
 1387 04fc FF                      		.byte	-1
 1388 04fd FF                      		.byte	-1
 1389 04fe FF                      		.byte	-1
 1390 04ff FF                      		.byte	-1
 1391 0500 FF                      		.byte	-1
 1392 0501 FF                      		.byte	-1
 1393 0502 FC                      		.byte	-4
 1394 0503 1F                      		.byte	31
 1395 0504 FF                      		.byte	-1
 1396 0505 1F                      		.byte	31
 1397 0506 FF                      		.byte	-1
 1398 0507 FF                      		.byte	-1
 1399 0508 FF                      		.byte	-1
 1400 0509 FF                      		.byte	-1
 1401 050a CF                      		.byte	-49
 1402 050b FE                      		.byte	-2
 1403 050c 7F                      		.byte	0x7f
 1404 050d FF                      		.byte	-1
 1405 050e FF                      		.byte	-1
 1406 050f FF                      		.byte	-1
 1407 0510 FF                      		.byte	-1
 1408 0511 FF                      		.byte	-1
 1409 0512 FF                      		.byte	-1
 1410 0513 F8                      		.byte	-8
 1411 0514 3F                      		.byte	63
 1412 0515 FF                      		.byte	-1
 1413 0516 CF                      		.byte	-49
 1414 0517 FF                      		.byte	-1
 1415 0518 FF                      		.byte	-1
 1416 0519 FF                      		.byte	-1
 1417 051a FF                      		.byte	-1
 1418 051b FF                      		.byte	-1
 1419 051c FF                      		.byte	-1
 1420 051d FF                      		.byte	-1
 1421 051e FF                      		.byte	-1
 1422 051f FF                      		.byte	-1
 1423 0520 FF                      		.byte	-1
 1424 0521 FF                      		.byte	-1
 1425 0522 FF                      		.byte	-1
 1426 0523 FF                      		.byte	-1
 1427 0524 FF                      		.byte	-1
 1428 0525 FF                      		.byte	-1
 1429 0526 FF                      		.byte	-1
 1430 0527 FF                      		.byte	-1
 1431 0528 FF                      		.byte	-1
 1432 0529 FF                      		.byte	-1
 1433 052a FF                      		.byte	-1
 1434 052b FF                      		.byte	-1
 1435 052c FF                      		.byte	-1
 1436 052d FF                      		.byte	-1
 1437 052e FF                      		.byte	-1
 1438 052f FF                      		.byte	-1
 1439 0530 FF                      		.byte	-1
 1440 0531 FF                      		.byte	-1
 1441 0532 FF                      		.byte	-1
 1442 0533 FF                      		.byte	-1
 1443 0534 FF                      		.byte	-1
 1444 0535 FF                      		.byte	-1
 1445 0536 FF                      		.byte	-1
 1446 0537 FF                      		.byte	-1
 1447 0538 FF                      		.byte	-1
 1448 0539 FF                      		.byte	-1
 1449 053a FF                      		.byte	-1
 1450 053b FF                      		.byte	-1
 1451 053c FF                      		.byte	-1
 1452 053d FF                      		.byte	-1
 1453 053e FF                      		.byte	-1
 1454 053f FF                      		.byte	-1
 1455 0540 FF                      		.byte	-1
 1456 0541 FF                      		.byte	-1
 1457 0542 FF                      		.byte	-1
 1458 0543 FF                      		.byte	-1
 1459 0544 FF                      		.byte	-1
 1460 0545 FF                      		.byte	-1
 1461 0546 FF                      		.byte	-1
 1462 0547 FF                      		.byte	-1
 1463 0548 FF                      		.byte	-1
 1464 0549 FF                      		.byte	-1
 1465 054a FF                      		.byte	-1
 1466 054b FF                      		.byte	-1
 1467 054c FF                      		.byte	-1
 1468 054d FF                      		.byte	-1
 1469 054e FF                      		.byte	-1
 1470 054f FF                      		.byte	-1
 1471 0550 FF                      		.byte	-1
 1472 0551 FF                      		.byte	-1
 1473 0552 FF                      		.byte	-1
 1474 0553 FF                      		.byte	-1
 1475 0554 FF                      		.byte	-1
 1476 0555 FF                      		.byte	-1
 1477 0556 FF                      		.byte	-1
 1478 0557 FF                      		.byte	-1
 1479 0558 FF                      		.byte	-1
 1480 0559 FF                      		.byte	-1
 1481 055a FF                      		.byte	-1
 1482 055b FF                      		.byte	-1
 1483 055c FF                      		.byte	-1
 1484 055d FF                      		.byte	-1
 1485 055e FF                      		.byte	-1
 1486 055f FF                      		.byte	-1
 1487 0560 FF                      		.byte	-1
 1488 0561 FF                      		.byte	-1
 1489 0562 FF                      		.byte	-1
 1490 0563 FF                      		.byte	-1
 1491 0564 FF                      		.byte	-1
 1492 0565 FF                      		.byte	-1
 1493 0566 FF                      		.byte	-1
 1494 0567 FF                      		.byte	-1
 1495 0568 FF                      		.byte	-1
 1496 0569 FF                      		.byte	-1
 1497 056a FF                      		.byte	-1
 1498 056b FF                      		.byte	-1
 1499 056c FF                      		.byte	-1
 1500 056d FF                      		.byte	-1
 1501 056e FF                      		.byte	-1
 1502 056f FF                      		.byte	-1
 1503                             		.section P,"ax"
 1504                             	.Letext0:
 1505                             		.file 1 "c:\\program files (x86)\\gcc for renesas rx 8.3.0.201904-gnurx-elf\\rx-elf\\rx-elf\\rx-el
 1506                             		.file 2 "c:\\program files (x86)\\gcc for renesas rx 8.3.0.201904-gnurx-elf\\rx-elf\\rx-elf\\rx-el
 1507                             		.file 3 "C:\\Users\\John\\Desktop\\workspace\\miniwinwm\\MiniWin/gl/fonts/bitmapped/gl_title_font.
 1508                             		.file 4 "C:/Users/John/Desktop/workspace/miniwinwm/MiniWin/gl/fonts/bitmapped/gl_title_font.c"
