   1                             		.file	"maximise_icon.c"
   2                             		.section P,"ax"
   3                             	.Ltext0:
   4                             		.global	_mw_bitmaps_maximise_icon
   5                             		.section	.rodata.mw_bitmaps_maximise_icon,"a"
   8                             	_mw_bitmaps_maximise_icon:
   9 0000 FF                      		.byte	-1
  10 0001 FC                      		.byte	-4
  11 0002 80                      		.byte	-128
  12 0003 04                      		.byte	4
  13 0004 80                      		.byte	-128
  14 0005 04                      		.byte	4
  15 0006 80                      		.byte	-128
  16 0007 04                      		.byte	4
  17 0008 BF                      		.byte	-65
  18 0009 F4                      		.byte	-12
  19 000a BF                      		.byte	-65
  20 000b F4                      		.byte	-12
  21 000c BF                      		.byte	-65
  22 000d F4                      		.byte	-12
  23 000e BF                      		.byte	-65
  24 000f F4                      		.byte	-12
  25 0010 BF                      		.byte	-65
  26 0011 F4                      		.byte	-12
  27 0012 BF                      		.byte	-65
  28 0013 F4                      		.byte	-12
  29 0014 BF                      		.byte	-65
  30 0015 F4                      		.byte	-12
  31 0016 BF                      		.byte	-65
  32 0017 F4                      		.byte	-12
  33 0018 80                      		.byte	-128
  34 0019 04                      		.byte	4
  35 001a FF                      		.byte	-1
  36 001b FC                      		.byte	-4
  37                             		.section P,"ax"
  38                             	.Letext0:
  39                             		.file 1 "c:\\program files (x86)\\gcc for renesas rx 8.3.0.201904-gnurx-elf\\rx-elf\\rx-elf\\rx-el
  40                             		.file 2 "c:\\program files (x86)\\gcc for renesas rx 8.3.0.201904-gnurx-elf\\rx-elf\\rx-elf\\rx-el
  41                             		.file 3 "C:\\Users\\John\\Desktop\\workspace\\miniwinwm\\MiniWin/bitmaps/mw_bitmaps.h"
  42                             		.file 4 "C:/Users/John/Desktop/workspace/miniwinwm/MiniWin/bitmaps/maximise_icon.c"
