   1                             		.file	"mf_justify.c"
   2                             		.section P,"ax"
   3                             	.Ltext0:
   4                             		.section	.text.mf_round_to_tab,"ax",@progbits
   6                             	_mf_round_to_tab:
   7                             	.LFB0:
   8                             		.file 1 "C:/Users/John/Desktop/workspace/miniwinwm/MiniWin/gl/fonts/truetype/mcufont/mf_justify.c"
   1:C:/Users/John/Desktop/workspace/miniwinwm/MiniWin/gl/fonts/truetype/mcufont\mf_justify.c **** #include "mf_justify.h"
   2:C:/Users/John/Desktop/workspace/miniwinwm/MiniWin/gl/fonts/truetype/mcufont\mf_justify.c **** #include "mf_kerning.h"
   3:C:/Users/John/Desktop/workspace/miniwinwm/MiniWin/gl/fonts/truetype/mcufont\mf_justify.c **** 
   4:C:/Users/John/Desktop/workspace/miniwinwm/MiniWin/gl/fonts/truetype/mcufont\mf_justify.c **** #if MF_USE_TABS
   5:C:/Users/John/Desktop/workspace/miniwinwm/MiniWin/gl/fonts/truetype/mcufont\mf_justify.c **** /* Round the X coordinate up to the nearest tab stop. */
   6:C:/Users/John/Desktop/workspace/miniwinwm/MiniWin/gl/fonts/truetype/mcufont\mf_justify.c **** static int16_t mf_round_to_tab(const struct mf_font_s *font,
   7:C:/Users/John/Desktop/workspace/miniwinwm/MiniWin/gl/fonts/truetype/mcufont\mf_justify.c ****                                int16_t x0, int16_t x)
   8:C:/Users/John/Desktop/workspace/miniwinwm/MiniWin/gl/fonts/truetype/mcufont\mf_justify.c **** {
   9                             		.loc 1 8 1
  10 0000 7E AA                   		push.l	r10
  11                             	.LCFI0:
  12 0002 71 0A F4                		add	#-12, r0, r10
  13                             	.LCFI1:
  14 0005 EF A0                   		mov.L	r10, r0
  15 0007 E7 A1 01                		mov.L	r1, 4[r10]
  16 000a D7 A2 04                		mov.W	r2, 8[r10]
  17 000d D7 A3 05                		mov.W	r3, 10[r10]
   9:C:/Users/John/Desktop/workspace/miniwinwm/MiniWin/gl/fonts/truetype/mcufont\mf_justify.c ****     int16_t tabw, dx;
  10:C:/Users/John/Desktop/workspace/miniwinwm/MiniWin/gl/fonts/truetype/mcufont\mf_justify.c ****     
  11:C:/Users/John/Desktop/workspace/miniwinwm/MiniWin/gl/fonts/truetype/mcufont\mf_justify.c ****     tabw = mf_character_width(font, 'm') * MF_TABSIZE;
  18                             		.loc 1 11 12
  19 0010 75 42 6D                		mov	#0x6d, r2
  20 0013 ED A1 01                		mov.L	4[r10], r1
  21 0016 05 00 00 00             		bsr	_mf_character_width
  22 001a EF 15                   		mov.L	r1, r5
  23                             		.loc 1 11 10
  24 001c 5B 55                   		movu.B	r5, r5
  25 001e 6C 35                   		shll	#3, r5
  26 0020 D3 A5                   		mov.W	r5, [r10]
  12:C:/Users/John/Desktop/workspace/miniwinwm/MiniWin/gl/fonts/truetype/mcufont\mf_justify.c ****     
  13:C:/Users/John/Desktop/workspace/miniwinwm/MiniWin/gl/fonts/truetype/mcufont\mf_justify.c ****     /* Always atleast 1 space */
  14:C:/Users/John/Desktop/workspace/miniwinwm/MiniWin/gl/fonts/truetype/mcufont\mf_justify.c ****     x += mf_character_width(font, ' ');
  27                             		.loc 1 14 10
  28 0022 75 42 20                		mov	#32, r2
  29 0025 ED A1 01                		mov.L	4[r10], r1
  30 0028 05 00 00 00             		bsr	_mf_character_width
  31 002c EF 15                   		mov.L	r1, r5
  32 002e 5B 55                   		movu.B	r5, r5
  33 0030 DF 54                   		mov.W	r5, r4
  34                             		.loc 1 14 7
  35 0032 DD A5 05                		mov.W	10[r10], r5
  36 0035 4B 45                   		add	r4, r5
  37 0037 D7 A5 05                		mov.W	r5, 10[r10]
  15:C:/Users/John/Desktop/workspace/miniwinwm/MiniWin/gl/fonts/truetype/mcufont\mf_justify.c ****     
  16:C:/Users/John/Desktop/workspace/miniwinwm/MiniWin/gl/fonts/truetype/mcufont\mf_justify.c ****     /* Round to next tab stop */
  17:C:/Users/John/Desktop/workspace/miniwinwm/MiniWin/gl/fonts/truetype/mcufont\mf_justify.c ****     dx = x - x0 + font->baseline_x;
  38                             		.loc 1 17 12
  39 003a DD A4 05                		mov.W	10[r10], r4
  40 003d DD A5 04                		mov.W	8[r10], r5
  41 0040 FF 05 54                		sub	r5, r4, r5
  42 0043 DF 54                   		mov.W	r5, r4
  43                             		.loc 1 17 23
  44 0045 ED A5 01                		mov.L	4[r10], r5
  45 0048 8B 55                   		mov.B	12[r5], r5
  46 004a CF 55                   		mov.B	r5, r5
  47                             		.loc 1 17 17
  48 004c 4B 45                   		add	r4, r5
  49                             		.loc 1 17 8
  50 004e D7 A5 01                		mov.W	r5, 2[r10]
  18:C:/Users/John/Desktop/workspace/miniwinwm/MiniWin/gl/fonts/truetype/mcufont\mf_justify.c ****     x += tabw - (dx % tabw);
  51                             		.loc 1 18 15
  52 0051 DC A2                   		mov.W	[r10], r2
  53                             		.loc 1 18 21
  54 0053 DD A5 01                		mov.W	2[r10], r5
  55 0056 DC A4                   		mov.W	[r10], r4
  56 0058 EF 53                   		mov.L	r5, r3
  57 005a FC 23 43                		div	r4, r3
  58 005d 4F 34                   		mul	r3, r4
  59 005f 43 45                   		sub	r4, r5
  60                             		.loc 1 18 15
  61 0061 FF 05 52                		sub	r5, r2, r5
  62 0064 DF 54                   		mov.W	r5, r4
  63                             		.loc 1 18 7
  64 0066 DD A5 05                		mov.W	10[r10], r5
  65 0069 4B 45                   		add	r4, r5
  66 006b D7 A5 05                		mov.W	r5, 10[r10]
  19:C:/Users/John/Desktop/workspace/miniwinwm/MiniWin/gl/fonts/truetype/mcufont\mf_justify.c ****     
  20:C:/Users/John/Desktop/workspace/miniwinwm/MiniWin/gl/fonts/truetype/mcufont\mf_justify.c ****     return x;
  67                             		.loc 1 20 12
  68 006e DD A5 05                		mov.W	10[r10], r5
  69 0071 DF 55                   		mov.W	r5, r5
  21:C:/Users/John/Desktop/workspace/miniwinwm/MiniWin/gl/fonts/truetype/mcufont\mf_justify.c **** }
  70                             		.loc 1 21 1
  71 0073 EF 51                   		mov.L	r5, r1
  72 0075 3F AA 04                		rtsd	#16, r10-r10
  73                             	.LFE0:
  75                             		.section	.text.mf_round_to_prev_tab,"ax",@progbits
  77                             	_mf_round_to_prev_tab:
  78                             	.LFB1:
  22:C:/Users/John/Desktop/workspace/miniwinwm/MiniWin/gl/fonts/truetype/mcufont\mf_justify.c **** 
  23:C:/Users/John/Desktop/workspace/miniwinwm/MiniWin/gl/fonts/truetype/mcufont\mf_justify.c **** /* Round the X coordinate down to the nearest tab stop. */
  24:C:/Users/John/Desktop/workspace/miniwinwm/MiniWin/gl/fonts/truetype/mcufont\mf_justify.c **** static int16_t mf_round_to_prev_tab(const struct mf_font_s *font,
  25:C:/Users/John/Desktop/workspace/miniwinwm/MiniWin/gl/fonts/truetype/mcufont\mf_justify.c ****                                     int16_t x0, int16_t x)
  26:C:/Users/John/Desktop/workspace/miniwinwm/MiniWin/gl/fonts/truetype/mcufont\mf_justify.c **** {
  79                             		.loc 1 26 1
  80 0000 7E AA                   		push.l	r10
  81                             	.LCFI2:
  82 0002 71 0A F4                		add	#-12, r0, r10
  83                             	.LCFI3:
  84 0005 EF A0                   		mov.L	r10, r0
  85 0007 E7 A1 01                		mov.L	r1, 4[r10]
  86 000a D7 A2 04                		mov.W	r2, 8[r10]
  87 000d D7 A3 05                		mov.W	r3, 10[r10]
  27:C:/Users/John/Desktop/workspace/miniwinwm/MiniWin/gl/fonts/truetype/mcufont\mf_justify.c ****     int16_t tabw, dx;
  28:C:/Users/John/Desktop/workspace/miniwinwm/MiniWin/gl/fonts/truetype/mcufont\mf_justify.c ****     
  29:C:/Users/John/Desktop/workspace/miniwinwm/MiniWin/gl/fonts/truetype/mcufont\mf_justify.c ****     tabw = mf_character_width(font, 'm') * MF_TABSIZE;
  88                             		.loc 1 29 12
  89 0010 75 42 6D                		mov	#0x6d, r2
  90 0013 ED A1 01                		mov.L	4[r10], r1
  91 0016 05 00 00 00             		bsr	_mf_character_width
  92 001a EF 15                   		mov.L	r1, r5
  93                             		.loc 1 29 10
  94 001c 5B 55                   		movu.B	r5, r5
  95 001e 6C 35                   		shll	#3, r5
  96 0020 D3 A5                   		mov.W	r5, [r10]
  30:C:/Users/John/Desktop/workspace/miniwinwm/MiniWin/gl/fonts/truetype/mcufont\mf_justify.c ****     
  31:C:/Users/John/Desktop/workspace/miniwinwm/MiniWin/gl/fonts/truetype/mcufont\mf_justify.c ****     /* Always atleast 1 space */
  32:C:/Users/John/Desktop/workspace/miniwinwm/MiniWin/gl/fonts/truetype/mcufont\mf_justify.c ****     x -= mf_character_width(font, ' ');
  97                             		.loc 1 32 10
  98 0022 75 42 20                		mov	#32, r2
  99 0025 ED A1 01                		mov.L	4[r10], r1
 100 0028 05 00 00 00             		bsr	_mf_character_width
 101 002c EF 15                   		mov.L	r1, r5
 102                             		.loc 1 32 7
 103 002e DD A4 05                		mov.W	10[r10], r4
 104                             		.loc 1 32 10
 105 0031 5B 55                   		movu.B	r5, r5
 106                             		.loc 1 32 7
 107 0033 FF 05 54                		sub	r5, r4, r5
 108 0036 D7 A5 05                		mov.W	r5, 10[r10]
  33:C:/Users/John/Desktop/workspace/miniwinwm/MiniWin/gl/fonts/truetype/mcufont\mf_justify.c ****     
  34:C:/Users/John/Desktop/workspace/miniwinwm/MiniWin/gl/fonts/truetype/mcufont\mf_justify.c ****     /* Round to previous tab stop */
  35:C:/Users/John/Desktop/workspace/miniwinwm/MiniWin/gl/fonts/truetype/mcufont\mf_justify.c ****     dx = x0 - x + font->baseline_x;
 109                             		.loc 1 35 13
 110 0039 DD A4 04                		mov.W	8[r10], r4
 111 003c DD A5 05                		mov.W	10[r10], r5
 112 003f FF 05 54                		sub	r5, r4, r5
 113 0042 DF 54                   		mov.W	r5, r4
 114                             		.loc 1 35 23
 115 0044 ED A5 01                		mov.L	4[r10], r5
 116 0047 8B 55                   		mov.B	12[r5], r5
 117 0049 CF 55                   		mov.B	r5, r5
 118                             		.loc 1 35 17
 119 004b 4B 45                   		add	r4, r5
 120                             		.loc 1 35 8
 121 004d D7 A5 01                		mov.W	r5, 2[r10]
  36:C:/Users/John/Desktop/workspace/miniwinwm/MiniWin/gl/fonts/truetype/mcufont\mf_justify.c ****     x -= tabw - (dx % tabw);
 122                             		.loc 1 36 21
 123 0050 DD A5 01                		mov.W	2[r10], r5
 124 0053 DC A4                   		mov.W	[r10], r4
 125 0055 EF 53                   		mov.L	r5, r3
 126 0057 FC 23 43                		div	r4, r3
 127 005a 4F 34                   		mul	r3, r4
 128 005c 43 45                   		sub	r4, r5
 129                             		.loc 1 36 7
 130 005e DF 54                   		mov.W	r5, r4
 131 0060 DC A5                   		mov.W	[r10], r5
 132 0062 FF 05 54                		sub	r5, r4, r5
 133 0065 DF 54                   		mov.W	r5, r4
 134 0067 DD A5 05                		mov.W	10[r10], r5
 135 006a 4B 45                   		add	r4, r5
 136 006c D7 A5 05                		mov.W	r5, 10[r10]
  37:C:/Users/John/Desktop/workspace/miniwinwm/MiniWin/gl/fonts/truetype/mcufont\mf_justify.c ****     
  38:C:/Users/John/Desktop/workspace/miniwinwm/MiniWin/gl/fonts/truetype/mcufont\mf_justify.c ****     return x;
 137                             		.loc 1 38 12
 138 006f DD A5 05                		mov.W	10[r10], r5
 139 0072 DF 55                   		mov.W	r5, r5
  39:C:/Users/John/Desktop/workspace/miniwinwm/MiniWin/gl/fonts/truetype/mcufont\mf_justify.c **** }
 140                             		.loc 1 39 1
 141 0074 EF 51                   		mov.L	r5, r1
 142 0076 3F AA 04                		rtsd	#16, r10-r10
 143                             	.LFE1:
 145                             		.section	.text.mf_get_string_width,"ax",@progbits
 146                             		.global	_mf_get_string_width
 148                             	_mf_get_string_width:
 149                             	.LFB2:
  40:C:/Users/John/Desktop/workspace/miniwinwm/MiniWin/gl/fonts/truetype/mcufont\mf_justify.c **** #endif
  41:C:/Users/John/Desktop/workspace/miniwinwm/MiniWin/gl/fonts/truetype/mcufont\mf_justify.c **** 
  42:C:/Users/John/Desktop/workspace/miniwinwm/MiniWin/gl/fonts/truetype/mcufont\mf_justify.c **** int16_t mf_get_string_width(const struct mf_font_s *font, mf_str text,
  43:C:/Users/John/Desktop/workspace/miniwinwm/MiniWin/gl/fonts/truetype/mcufont\mf_justify.c ****                             uint16_t count, bool kern)
  44:C:/Users/John/Desktop/workspace/miniwinwm/MiniWin/gl/fonts/truetype/mcufont\mf_justify.c **** {
 150                             		.loc 1 44 1
 151 0000 7E AA                   		push.l	r10
 152                             	.LCFI4:
 153 0002 71 0A EC                		add	#-20, r0, r10
 154                             	.LCFI5:
 155 0005 EF A0                   		mov.L	r10, r0
 156 0007 E7 A1 02                		mov.L	r1, 8[r10]
 157 000a E7 A2 03                		mov.L	r2, 12[r10]
 158 000d D7 A3 08                		mov.W	r3, 16[r10]
 159 0010 C7 A4 12                		mov.B	r4, 18[r10]
  45:C:/Users/John/Desktop/workspace/miniwinwm/MiniWin/gl/fonts/truetype/mcufont\mf_justify.c ****     int16_t result = 0;
 160                             		.loc 1 45 13
 161 0013 F8 A5 00                		mov.W	#0, [r10]
  46:C:/Users/John/Desktop/workspace/miniwinwm/MiniWin/gl/fonts/truetype/mcufont\mf_justify.c ****     uint16_t c1 = 0, c2;
 162                             		.loc 1 46 14
 163 0016 F9 A5 01 00             		mov.W	#0, 2[r10]
  47:C:/Users/John/Desktop/workspace/miniwinwm/MiniWin/gl/fonts/truetype/mcufont\mf_justify.c ****     
  48:C:/Users/John/Desktop/workspace/miniwinwm/MiniWin/gl/fonts/truetype/mcufont\mf_justify.c ****     if (!count)
 164                             		.loc 1 48 8
 165 001a 5D A5 08                		movu.W	16[r10], r5
 166 001d 61 05                   		cmp	#0, r5
 167 001f 21 7D                   		bne	.L7
  49:C:/Users/John/Desktop/workspace/miniwinwm/MiniWin/gl/fonts/truetype/mcufont\mf_justify.c ****         count = 0xFFFF;
 168                             		.loc 1 49 15
 169 0021 F9 A5 08 FF             		mov.W	#-1, 16[r10]
  50:C:/Users/John/Desktop/workspace/miniwinwm/MiniWin/gl/fonts/truetype/mcufont\mf_justify.c ****     
  51:C:/Users/John/Desktop/workspace/miniwinwm/MiniWin/gl/fonts/truetype/mcufont\mf_justify.c ****     while (count-- && *text)
 170                             		.loc 1 51 11
 171 0025 2E 77                   		bra	.L7
 172                             	.L11:
  52:C:/Users/John/Desktop/workspace/miniwinwm/MiniWin/gl/fonts/truetype/mcufont\mf_justify.c ****     {
  53:C:/Users/John/Desktop/workspace/miniwinwm/MiniWin/gl/fonts/truetype/mcufont\mf_justify.c ****         c2 = mf_getchar(&text);
 173                             		.loc 1 53 14
 174 0027 71 A5 0C                		add	#12, r10, r5
 175 002a EF 51                   		mov.L	r5, r1
 176 002c 05 00 00 00             		bsr	_mf_getchar
 177 0030 EF 15                   		mov.L	r1, r5
 178                             		.loc 1 53 12
 179 0032 5B 55                   		movu.B	r5, r5
 180 0034 D7 A5 02                		mov.W	r5, 4[r10]
  54:C:/Users/John/Desktop/workspace/miniwinwm/MiniWin/gl/fonts/truetype/mcufont\mf_justify.c **** 
  55:C:/Users/John/Desktop/workspace/miniwinwm/MiniWin/gl/fonts/truetype/mcufont\mf_justify.c ****         if (c2 == '\t')
 181                             		.loc 1 55 12
 182 0037 5D A5 02                		movu.W	4[r10], r5
 183 003a 61 95                   		cmp	#9, r5
 184 003c 21 17                   		bne	.L8
  56:C:/Users/John/Desktop/workspace/miniwinwm/MiniWin/gl/fonts/truetype/mcufont\mf_justify.c ****         {
  57:C:/Users/John/Desktop/workspace/miniwinwm/MiniWin/gl/fonts/truetype/mcufont\mf_justify.c **** #if MF_USE_TABS
  58:C:/Users/John/Desktop/workspace/miniwinwm/MiniWin/gl/fonts/truetype/mcufont\mf_justify.c ****             result = mf_round_to_tab(font, 0, result);
 185                             		.loc 1 58 22
 186 003e DC A3                   		mov.W	[r10], r3
 187 0040 66 02                   		mov	#0, r2
 188 0042 ED A1 02                		mov.L	8[r10], r1
 189 0045 05 00 00 00             		bsr	_mf_round_to_tab
 190 0049 EF 15                   		mov.L	r1, r5
 191 004b D3 A5                   		mov.W	r5, [r10]
  59:C:/Users/John/Desktop/workspace/miniwinwm/MiniWin/gl/fonts/truetype/mcufont\mf_justify.c ****             c1 = ' ';
 192                             		.loc 1 59 16
 193 004d F9 A5 01 20             		mov.W	#32, 2[r10]
  60:C:/Users/John/Desktop/workspace/miniwinwm/MiniWin/gl/fonts/truetype/mcufont\mf_justify.c ****             continue;
 194                             		.loc 1 60 13
 195 0051 2E 4B                   		bra	.L7
 196                             	.L8:
  61:C:/Users/John/Desktop/workspace/miniwinwm/MiniWin/gl/fonts/truetype/mcufont\mf_justify.c **** #else
  62:C:/Users/John/Desktop/workspace/miniwinwm/MiniWin/gl/fonts/truetype/mcufont\mf_justify.c ****             c2 = ' ';
  63:C:/Users/John/Desktop/workspace/miniwinwm/MiniWin/gl/fonts/truetype/mcufont\mf_justify.c **** #endif
  64:C:/Users/John/Desktop/workspace/miniwinwm/MiniWin/gl/fonts/truetype/mcufont\mf_justify.c ****         }
  65:C:/Users/John/Desktop/workspace/miniwinwm/MiniWin/gl/fonts/truetype/mcufont\mf_justify.c ****         
  66:C:/Users/John/Desktop/workspace/miniwinwm/MiniWin/gl/fonts/truetype/mcufont\mf_justify.c ****         if (kern && c1 != 0)
 197                             		.loc 1 66 12
 198 0053 59 A5 12                		movu.B	18[r10], r5
 199 0056 61 05                   		cmp	#0, r5
 200 0058 20 26                   		beq	.L9
 201                             		.loc 1 66 18 discriminator 1
 202 005a 5D A5 01                		movu.W	2[r10], r5
 203 005d 61 05                   		cmp	#0, r5
 204 005f 20 1F                   		beq	.L9
  67:C:/Users/John/Desktop/workspace/miniwinwm/MiniWin/gl/fonts/truetype/mcufont\mf_justify.c ****             result += mf_compute_kerning(font, c1, c2);
 205                             		.loc 1 67 23
 206 0061 DD A5 01                		mov.W	2[r10], r5
 207 0064 DD A4 02                		mov.W	4[r10], r4
 208 0067 CF 43                   		mov.B	r4, r3
 209 0069 CF 52                   		mov.B	r5, r2
 210 006b ED A1 02                		mov.L	8[r10], r1
 211 006e 05 00 00 00             		bsr	_mf_compute_kerning
 212 0072 EF 15                   		mov.L	r1, r5
 213 0074 CF 55                   		mov.B	r5, r5
 214 0076 DF 54                   		mov.W	r5, r4
 215                             		.loc 1 67 20
 216 0078 DC A5                   		mov.W	[r10], r5
 217 007a 4B 45                   		add	r4, r5
 218 007c D3 A5                   		mov.W	r5, [r10]
 219                             	.L9:
  68:C:/Users/John/Desktop/workspace/miniwinwm/MiniWin/gl/fonts/truetype/mcufont\mf_justify.c **** 
  69:C:/Users/John/Desktop/workspace/miniwinwm/MiniWin/gl/fonts/truetype/mcufont\mf_justify.c ****         result += mf_character_width(font, c2);
 220                             		.loc 1 69 19
 221 007e DD A5 02                		mov.W	4[r10], r5
 222 0081 CF 52                   		mov.B	r5, r2
 223 0083 ED A1 02                		mov.L	8[r10], r1
 224 0086 05 00 00 00             		bsr	_mf_character_width
 225 008a EF 15                   		mov.L	r1, r5
 226 008c 5B 55                   		movu.B	r5, r5
 227 008e DF 54                   		mov.W	r5, r4
 228                             		.loc 1 69 16
 229 0090 DC A5                   		mov.W	[r10], r5
 230 0092 4B 45                   		add	r4, r5
 231 0094 D3 A5                   		mov.W	r5, [r10]
  70:C:/Users/John/Desktop/workspace/miniwinwm/MiniWin/gl/fonts/truetype/mcufont\mf_justify.c ****         c1 = c2;
 232                             		.loc 1 70 12
 233 0096 DD A5 02                		mov.W	4[r10], r5
 234 0099 D7 A5 01                		mov.W	r5, 2[r10]
 235                             		.balign 8,3,1
 236                             	.L7:
  51:C:/Users/John/Desktop/workspace/miniwinwm/MiniWin/gl/fonts/truetype/mcufont\mf_justify.c ****     {
 237                             		.loc 1 51 17
 238 009c DD A5 08                		mov.W	16[r10], r5
 239 009f 71 54 FF                		add	#-1, r5, r4
 240 00a2 D7 A4 08                		mov.W	r4, 16[r10]
  51:C:/Users/John/Desktop/workspace/miniwinwm/MiniWin/gl/fonts/truetype/mcufont\mf_justify.c ****     {
 241                             		.loc 1 51 11
 242 00a5 5F 55                   		movu.W	r5, r5
 243 00a7 61 05                   		cmp	#0, r5
 244 00a9 20 0E                   		beq	.L10
  51:C:/Users/John/Desktop/workspace/miniwinwm/MiniWin/gl/fonts/truetype/mcufont\mf_justify.c ****     {
 245                             		.loc 1 51 23 discriminator 1
 246 00ab ED A5 03                		mov.L	12[r10], r5
 247 00ae CC 55                   		mov.B	[r5], r5
  51:C:/Users/John/Desktop/workspace/miniwinwm/MiniWin/gl/fonts/truetype/mcufont\mf_justify.c ****     {
 248                             		.loc 1 51 20 discriminator 1
 249 00b0 5B 55                   		movu.B	r5, r5
 250 00b2 61 05                   		cmp	#0, r5
 251 00b4 3B 73 FF                		bne	.L11
 252                             	.L10:
  71:C:/Users/John/Desktop/workspace/miniwinwm/MiniWin/gl/fonts/truetype/mcufont\mf_justify.c ****     }
  72:C:/Users/John/Desktop/workspace/miniwinwm/MiniWin/gl/fonts/truetype/mcufont\mf_justify.c ****     
  73:C:/Users/John/Desktop/workspace/miniwinwm/MiniWin/gl/fonts/truetype/mcufont\mf_justify.c ****     return result;
 253                             		.loc 1 73 12
 254 00b7 DC A5                   		mov.W	[r10], r5
 255 00b9 DF 55                   		mov.W	r5, r5
  74:C:/Users/John/Desktop/workspace/miniwinwm/MiniWin/gl/fonts/truetype/mcufont\mf_justify.c **** }
 256                             		.loc 1 74 1
 257 00bb EF 51                   		mov.L	r5, r1
 258 00bd 3F AA 06                		rtsd	#24, r10-r10
 259                             	.LFE2:
 261                             		.section	.text.strip_spaces,"ax",@progbits
 263                             	_strip_spaces:
 264                             	.LFB3:
  75:C:/Users/John/Desktop/workspace/miniwinwm/MiniWin/gl/fonts/truetype/mcufont\mf_justify.c **** 
  76:C:/Users/John/Desktop/workspace/miniwinwm/MiniWin/gl/fonts/truetype/mcufont\mf_justify.c **** /* Return the length of the string without trailing spaces. */
  77:C:/Users/John/Desktop/workspace/miniwinwm/MiniWin/gl/fonts/truetype/mcufont\mf_justify.c **** static uint16_t strip_spaces(mf_str text, uint16_t count, mf_char *last_char)
  78:C:/Users/John/Desktop/workspace/miniwinwm/MiniWin/gl/fonts/truetype/mcufont\mf_justify.c **** {
 265                             		.loc 1 78 1
 266 0000 7E AA                   		push.l	r10
 267                             	.LCFI6:
 268 0002 71 0A EC                		add	#-20, r0, r10
 269                             	.LCFI7:
 270 0005 EF A0                   		mov.L	r10, r0
 271 0007 E7 A1 02                		mov.L	r1, 8[r10]
 272 000a D7 A2 06                		mov.W	r2, 12[r10]
 273 000d E7 A3 04                		mov.L	r3, 16[r10]
  79:C:/Users/John/Desktop/workspace/miniwinwm/MiniWin/gl/fonts/truetype/mcufont\mf_justify.c ****     uint16_t i = 0, result = 0;
 274                             		.loc 1 79 14
 275 0010 F8 A5 00                		mov.W	#0, [r10]
 276                             		.loc 1 79 21
 277 0013 F9 A5 01 00             		mov.W	#0, 2[r10]
  80:C:/Users/John/Desktop/workspace/miniwinwm/MiniWin/gl/fonts/truetype/mcufont\mf_justify.c ****     mf_char tmp = 0;
 278                             		.loc 1 80 13
 279 0017 F9 A4 04 00             		mov.B	#0, 4[r10]
  81:C:/Users/John/Desktop/workspace/miniwinwm/MiniWin/gl/fonts/truetype/mcufont\mf_justify.c ****     
  82:C:/Users/John/Desktop/workspace/miniwinwm/MiniWin/gl/fonts/truetype/mcufont\mf_justify.c ****     if (!count)
 280                             		.loc 1 82 8
 281 001b 5D A5 06                		movu.W	12[r10], r5
 282 001e 61 05                   		cmp	#0, r5
 283 0020 21 45                   		bne	.L15
  83:C:/Users/John/Desktop/workspace/miniwinwm/MiniWin/gl/fonts/truetype/mcufont\mf_justify.c ****         count = 0xFFFF;
 284                             		.loc 1 83 15
 285 0022 F9 A5 06 FF             		mov.W	#-1, 12[r10]
  84:C:/Users/John/Desktop/workspace/miniwinwm/MiniWin/gl/fonts/truetype/mcufont\mf_justify.c ****     
  85:C:/Users/John/Desktop/workspace/miniwinwm/MiniWin/gl/fonts/truetype/mcufont\mf_justify.c ****     while (count-- && *text)
 286                             		.loc 1 85 11
 287 0026 2E 3F                   		bra	.L15
 288                             	.L17:
  86:C:/Users/John/Desktop/workspace/miniwinwm/MiniWin/gl/fonts/truetype/mcufont\mf_justify.c ****     {
  87:C:/Users/John/Desktop/workspace/miniwinwm/MiniWin/gl/fonts/truetype/mcufont\mf_justify.c ****         i++;
 289                             		.loc 1 87 10
 290 0028 DC A5                   		mov.W	[r10], r5
 291 002a 62 15                   		add	#1, r5
 292 002c D3 A5                   		mov.W	r5, [r10]
  88:C:/Users/John/Desktop/workspace/miniwinwm/MiniWin/gl/fonts/truetype/mcufont\mf_justify.c ****         tmp = mf_getchar(&text);
 293                             		.loc 1 88 15
 294 002e 71 A5 08                		add	#8, r10, r5
 295 0031 EF 51                   		mov.L	r5, r1
 296 0033 05 00 00 00             		bsr	_mf_getchar
 297 0037 EF 15                   		mov.L	r1, r5
 298 0039 C7 A5 04                		mov.B	r5, 4[r10]
  89:C:/Users/John/Desktop/workspace/miniwinwm/MiniWin/gl/fonts/truetype/mcufont\mf_justify.c ****         if (tmp != ' ' && tmp != 0xA0 && tmp != '\n' &&
 299                             		.loc 1 89 12
 300 003c 59 A5 04                		movu.B	4[r10], r5
 301 003f 75 55 20                		cmp	#32, r5
 302 0042 20 23                   		beq	.L15
 303                             		.loc 1 89 24 discriminator 1
 304 0044 59 A5 04                		movu.B	4[r10], r5
 305 0047 75 55 A0                		cmp	#0xa0, r5
 306 004a 20 1B                   		beq	.L15
 307                             		.loc 1 89 39 discriminator 2
 308 004c 59 A5 04                		movu.B	4[r10], r5
 309 004f 61 A5                   		cmp	#10, r5
 310 0051 20 14                   		beq	.L15
 311                             		.loc 1 89 54 discriminator 3
 312 0053 59 A5 04                		movu.B	4[r10], r5
 313 0056 61 D5                   		cmp	#13, r5
 314 0058 20 0D                   		beq	.L15
  90:C:/Users/John/Desktop/workspace/miniwinwm/MiniWin/gl/fonts/truetype/mcufont\mf_justify.c ****             tmp != '\r' && tmp != '\t')
 315                             		.loc 1 90 25
 316 005a 59 A5 04                		movu.B	4[r10], r5
 317 005d 61 95                   		cmp	#9, r5
 318 005f 16                      		beq	.L15
  91:C:/Users/John/Desktop/workspace/miniwinwm/MiniWin/gl/fonts/truetype/mcufont\mf_justify.c ****         {
  92:C:/Users/John/Desktop/workspace/miniwinwm/MiniWin/gl/fonts/truetype/mcufont\mf_justify.c ****             result = i;
 319                             		.loc 1 92 20
 320 0060 DC A5                   		mov.W	[r10], r5
 321 0062 D7 A5 01                		mov.W	r5, 2[r10]
 322                             		.balign 8,3,1
 323                             	.L15:
  85:C:/Users/John/Desktop/workspace/miniwinwm/MiniWin/gl/fonts/truetype/mcufont\mf_justify.c ****     {
 324                             		.loc 1 85 17
 325 0065 DD A5 06                		mov.W	12[r10], r5
 326 0068 71 54 FF                		add	#-1, r5, r4
 327 006b D7 A4 06                		mov.W	r4, 12[r10]
  85:C:/Users/John/Desktop/workspace/miniwinwm/MiniWin/gl/fonts/truetype/mcufont\mf_justify.c ****     {
 328                             		.loc 1 85 11
 329 006e 5F 55                   		movu.W	r5, r5
 330 0070 61 05                   		cmp	#0, r5
 331 0072 20 0D                   		beq	.L16
  85:C:/Users/John/Desktop/workspace/miniwinwm/MiniWin/gl/fonts/truetype/mcufont\mf_justify.c ****     {
 332                             		.loc 1 85 23 discriminator 1
 333 0074 ED A5 02                		mov.L	8[r10], r5
 334 0077 CC 55                   		mov.B	[r5], r5
  85:C:/Users/John/Desktop/workspace/miniwinwm/MiniWin/gl/fonts/truetype/mcufont\mf_justify.c ****     {
 335                             		.loc 1 85 20 discriminator 1
 336 0079 5B 55                   		movu.B	r5, r5
 337 007b 61 05                   		cmp	#0, r5
 338 007d 21 AB                   		bne	.L17
 339                             	.L16:
  93:C:/Users/John/Desktop/workspace/miniwinwm/MiniWin/gl/fonts/truetype/mcufont\mf_justify.c ****         }
  94:C:/Users/John/Desktop/workspace/miniwinwm/MiniWin/gl/fonts/truetype/mcufont\mf_justify.c ****     }
  95:C:/Users/John/Desktop/workspace/miniwinwm/MiniWin/gl/fonts/truetype/mcufont\mf_justify.c ****     
  96:C:/Users/John/Desktop/workspace/miniwinwm/MiniWin/gl/fonts/truetype/mcufont\mf_justify.c ****     if (last_char)
 340                             		.loc 1 96 8
 341 007f ED A5 04                		mov.L	16[r10], r5
 342 0082 61 05                   		cmp	#0, r5
 343 0084 20 1B                   		beq	.L18
  97:C:/Users/John/Desktop/workspace/miniwinwm/MiniWin/gl/fonts/truetype/mcufont\mf_justify.c ****     {
  98:C:/Users/John/Desktop/workspace/miniwinwm/MiniWin/gl/fonts/truetype/mcufont\mf_justify.c ****         if (!*text)
 344                             		.loc 1 98 14
 345 0086 ED A5 02                		mov.L	8[r10], r5
 346 0089 CC 55                   		mov.B	[r5], r5
 347                             		.loc 1 98 12
 348 008b 5B 55                   		movu.B	r5, r5
 349 008d 61 05                   		cmp	#0, r5
 350 008f 18                      		bne	.L19
  99:C:/Users/John/Desktop/workspace/miniwinwm/MiniWin/gl/fonts/truetype/mcufont\mf_justify.c ****             *last_char = 0;
 351                             		.loc 1 99 24
 352 0090 ED A5 04                		mov.L	16[r10], r5
 353 0093 F8 54 00                		mov.B	#0, [r5]
 354 0096 09                      		bra	.L18
 355                             	.L19:
 100:C:/Users/John/Desktop/workspace/miniwinwm/MiniWin/gl/fonts/truetype/mcufont\mf_justify.c ****         else
 101:C:/Users/John/Desktop/workspace/miniwinwm/MiniWin/gl/fonts/truetype/mcufont\mf_justify.c ****             *last_char = tmp;
 356                             		.loc 1 101 24
 357 0097 ED A5 04                		mov.L	16[r10], r5
 358 009a CD A4 04                		mov.B	4[r10], r4
 359 009d C3 54                   		mov.B	r4, [r5]
 360                             	.L18:
 102:C:/Users/John/Desktop/workspace/miniwinwm/MiniWin/gl/fonts/truetype/mcufont\mf_justify.c ****     }
 103:C:/Users/John/Desktop/workspace/miniwinwm/MiniWin/gl/fonts/truetype/mcufont\mf_justify.c ****     
 104:C:/Users/John/Desktop/workspace/miniwinwm/MiniWin/gl/fonts/truetype/mcufont\mf_justify.c ****     return result;
 361                             		.loc 1 104 12
 362 009f DD A5 01                		mov.W	2[r10], r5
 363 00a2 5F 55                   		movu.W	r5, r5
 105:C:/Users/John/Desktop/workspace/miniwinwm/MiniWin/gl/fonts/truetype/mcufont\mf_justify.c **** }
 364                             		.loc 1 105 1
 365 00a4 EF 51                   		mov.L	r5, r1
 366 00a6 3F AA 06                		rtsd	#24, r10-r10
 367                             	.LFE3:
 369 00a9 FD 70 40 00 00 00 80    		.section	.text.render_left,"ax",@progbits
 371                             	_render_left:
 372                             	.LFB4:
 106:C:/Users/John/Desktop/workspace/miniwinwm/MiniWin/gl/fonts/truetype/mcufont\mf_justify.c **** 
 107:C:/Users/John/Desktop/workspace/miniwinwm/MiniWin/gl/fonts/truetype/mcufont\mf_justify.c **** /* Render left-aligned string, left edge at x0. */
 108:C:/Users/John/Desktop/workspace/miniwinwm/MiniWin/gl/fonts/truetype/mcufont\mf_justify.c **** static void render_left(const struct mf_font_s *font,
 109:C:/Users/John/Desktop/workspace/miniwinwm/MiniWin/gl/fonts/truetype/mcufont\mf_justify.c ****                         int16_t x0, int16_t y0,
 110:C:/Users/John/Desktop/workspace/miniwinwm/MiniWin/gl/fonts/truetype/mcufont\mf_justify.c ****                         mf_str text, uint16_t count,
 111:C:/Users/John/Desktop/workspace/miniwinwm/MiniWin/gl/fonts/truetype/mcufont\mf_justify.c ****                         mf_character_callback_t callback,
 112:C:/Users/John/Desktop/workspace/miniwinwm/MiniWin/gl/fonts/truetype/mcufont\mf_justify.c ****                         void *state)
 113:C:/Users/John/Desktop/workspace/miniwinwm/MiniWin/gl/fonts/truetype/mcufont\mf_justify.c **** {
 373                             		.loc 1 113 1
 374 0000 7E AA                   		push.l	r10
 375                             	.LCFI8:
 376 0002 7E A6                   		push.l	r6
 377                             	.LCFI9:
 378 0004 71 0A E4                		add	#-28, r0, r10
 379                             	.LCFI10:
 380 0007 EF A0                   		mov.L	r10, r0
 381 0009 75 46 28                		mov.L	#40, r6
 382 000c 4B A6                   		add	r10, r6
 383 000e E7 A1 01                		mov.L	r1, 4[r10]
 384 0011 D7 A2 04                		mov.W	r2, 8[r10]
 385 0014 D7 A3 05                		mov.W	r3, 10[r10]
 386 0017 E7 A4 03                		mov.L	r4, 12[r10]
 114:C:/Users/John/Desktop/workspace/miniwinwm/MiniWin/gl/fonts/truetype/mcufont\mf_justify.c ****     int16_t x;
 115:C:/Users/John/Desktop/workspace/miniwinwm/MiniWin/gl/fonts/truetype/mcufont\mf_justify.c ****     mf_char c1 = 0, c2;
 387                             		.loc 1 115 13
 388 001a F9 A4 02 00             		mov.B	#0, 2[r10]
 116:C:/Users/John/Desktop/workspace/miniwinwm/MiniWin/gl/fonts/truetype/mcufont\mf_justify.c ****     
 117:C:/Users/John/Desktop/workspace/miniwinwm/MiniWin/gl/fonts/truetype/mcufont\mf_justify.c ****     x = x0 - font->baseline_x;
 389                             		.loc 1 117 12
 390 001e DD A4 04                		mov.W	8[r10], r4
 391                             		.loc 1 117 18
 392 0021 ED A5 01                		mov.L	4[r10], r5
 393 0024 8B 55                   		mov.B	12[r5], r5
 394 0026 CF 55                   		mov.B	r5, r5
 395                             		.loc 1 117 12
 396 0028 FF 05 54                		sub	r5, r4, r5
 397                             		.loc 1 117 7
 398 002b D3 A5                   		mov.W	r5, [r10]
 118:C:/Users/John/Desktop/workspace/miniwinwm/MiniWin/gl/fonts/truetype/mcufont\mf_justify.c ****     while (count--)
 399                             		.loc 1 118 11
 400 002d 2E 6D                   		bra	.L22
 401                             	.L25:
 119:C:/Users/John/Desktop/workspace/miniwinwm/MiniWin/gl/fonts/truetype/mcufont\mf_justify.c ****     {
 120:C:/Users/John/Desktop/workspace/miniwinwm/MiniWin/gl/fonts/truetype/mcufont\mf_justify.c ****         c2 = mf_getchar(&text);
 402                             		.loc 1 120 14
 403 002f 71 A5 0C                		add	#12, r10, r5
 404 0032 EF 51                   		mov.L	r5, r1
 405 0034 05 00 00 00             		bsr	_mf_getchar
 406 0038 EF 15                   		mov.L	r1, r5
 407 003a C7 A5 03                		mov.B	r5, 3[r10]
 121:C:/Users/John/Desktop/workspace/miniwinwm/MiniWin/gl/fonts/truetype/mcufont\mf_justify.c ****         
 122:C:/Users/John/Desktop/workspace/miniwinwm/MiniWin/gl/fonts/truetype/mcufont\mf_justify.c ****         if (c2 == '\t')
 408                             		.loc 1 122 12
 409 003d 59 A5 03                		movu.B	3[r10], r5
 410 0040 61 95                   		cmp	#9, r5
 411 0042 21 18                   		bne	.L23
 123:C:/Users/John/Desktop/workspace/miniwinwm/MiniWin/gl/fonts/truetype/mcufont\mf_justify.c ****         {
 124:C:/Users/John/Desktop/workspace/miniwinwm/MiniWin/gl/fonts/truetype/mcufont\mf_justify.c **** #if MF_USE_TABS
 125:C:/Users/John/Desktop/workspace/miniwinwm/MiniWin/gl/fonts/truetype/mcufont\mf_justify.c ****             x = mf_round_to_tab(font, x0, x);
 412                             		.loc 1 125 17
 413 0044 DC A3                   		mov.W	[r10], r3
 414 0046 DD A2 04                		mov.W	8[r10], r2
 415 0049 ED A1 01                		mov.L	4[r10], r1
 416 004c 05 00 00 00             		bsr	_mf_round_to_tab
 417 0050 EF 15                   		mov.L	r1, r5
 418 0052 D3 A5                   		mov.W	r5, [r10]
 126:C:/Users/John/Desktop/workspace/miniwinwm/MiniWin/gl/fonts/truetype/mcufont\mf_justify.c ****             c1 = ' ';
 419                             		.loc 1 126 16
 420 0054 F9 A4 02 20             		mov.B	#32, 2[r10]
 127:C:/Users/John/Desktop/workspace/miniwinwm/MiniWin/gl/fonts/truetype/mcufont\mf_justify.c ****             continue;
 421                             		.loc 1 127 13
 422 0058 2E 42                   		bra	.L22
 423                             	.L23:
 128:C:/Users/John/Desktop/workspace/miniwinwm/MiniWin/gl/fonts/truetype/mcufont\mf_justify.c **** #else
 129:C:/Users/John/Desktop/workspace/miniwinwm/MiniWin/gl/fonts/truetype/mcufont\mf_justify.c ****             c2 = ' ';
 130:C:/Users/John/Desktop/workspace/miniwinwm/MiniWin/gl/fonts/truetype/mcufont\mf_justify.c **** #endif
 131:C:/Users/John/Desktop/workspace/miniwinwm/MiniWin/gl/fonts/truetype/mcufont\mf_justify.c ****         }
 132:C:/Users/John/Desktop/workspace/miniwinwm/MiniWin/gl/fonts/truetype/mcufont\mf_justify.c ****         
 133:C:/Users/John/Desktop/workspace/miniwinwm/MiniWin/gl/fonts/truetype/mcufont\mf_justify.c ****         if (c1 != 0)
 424                             		.loc 1 133 12
 425 005a 59 A5 02                		movu.B	2[r10], r5
 426 005d 61 05                   		cmp	#0, r5
 427 005f 20 1B                   		beq	.L24
 134:C:/Users/John/Desktop/workspace/miniwinwm/MiniWin/gl/fonts/truetype/mcufont\mf_justify.c ****             x += mf_compute_kerning(font, c1, c2);
 428                             		.loc 1 134 18
 429 0061 CD A3 03                		mov.B	3[r10], r3
 430 0064 CD A2 02                		mov.B	2[r10], r2
 431 0067 ED A1 01                		mov.L	4[r10], r1
 432 006a 05 00 00 00             		bsr	_mf_compute_kerning
 433 006e EF 15                   		mov.L	r1, r5
 434 0070 CF 55                   		mov.B	r5, r5
 435 0072 DF 54                   		mov.W	r5, r4
 436                             		.loc 1 134 15
 437 0074 DC A5                   		mov.W	[r10], r5
 438 0076 4B 45                   		add	r4, r5
 439 0078 D3 A5                   		mov.W	r5, [r10]
 440                             	.L24:
 135:C:/Users/John/Desktop/workspace/miniwinwm/MiniWin/gl/fonts/truetype/mcufont\mf_justify.c **** 
 136:C:/Users/John/Desktop/workspace/miniwinwm/MiniWin/gl/fonts/truetype/mcufont\mf_justify.c ****         x += callback(x, y0, c2, state);
 441                             		.loc 1 136 14
 442 007a A8 6D                   		mov.L	4[r6], r5
 443 007c A8 E4                   		mov.L	8[r6], r4
 444 007e CD A3 03                		mov.B	3[r10], r3
 445 0081 DD A2 05                		mov.W	10[r10], r2
 446 0084 DC A1                   		mov.W	[r10], r1
 447 0086 7F 15                   		jsr	r5
 448                             	.LVL0:
 449 0088 EF 15                   		mov.L	r1, r5
 450 008a 5B 55                   		movu.B	r5, r5
 451 008c DF 54                   		mov.W	r5, r4
 452                             		.loc 1 136 11
 453 008e DC A5                   		mov.W	[r10], r5
 454 0090 4B 45                   		add	r4, r5
 455 0092 D3 A5                   		mov.W	r5, [r10]
 137:C:/Users/John/Desktop/workspace/miniwinwm/MiniWin/gl/fonts/truetype/mcufont\mf_justify.c ****         c1 = c2;
 456                             		.loc 1 137 12
 457 0094 CD A5 03                		mov.B	3[r10], r5
 458 0097 C7 A5 02                		mov.B	r5, 2[r10]
 459                             	.L22:
 118:C:/Users/John/Desktop/workspace/miniwinwm/MiniWin/gl/fonts/truetype/mcufont\mf_justify.c ****     {
 460                             		.loc 1 118 17
 461 009a DC 65                   		mov.W	[r6], r5
 462 009c 71 54 FF                		add	#-1, r5, r4
 463 009f D3 64                   		mov.W	r4, [r6]
 118:C:/Users/John/Desktop/workspace/miniwinwm/MiniWin/gl/fonts/truetype/mcufont\mf_justify.c ****     {
 464                             		.loc 1 118 11
 465 00a1 5F 55                   		movu.W	r5, r5
 466 00a3 61 05                   		cmp	#0, r5
 467 00a5 21 8A                   		bne	.L25
 138:C:/Users/John/Desktop/workspace/miniwinwm/MiniWin/gl/fonts/truetype/mcufont\mf_justify.c ****     }
 139:C:/Users/John/Desktop/workspace/miniwinwm/MiniWin/gl/fonts/truetype/mcufont\mf_justify.c **** }
 468                             		.loc 1 139 1
 469 00a7 03                      		nop
 470 00a8 71 00 1C                		add	#28, r0
 471 00ab 7E B6                   		pop	r6
 472 00ad 7E BA                   		pop	r10
 473 00af 02                      		rts
 474                             	.LFE4:
 476                             		.section	.text.render_right,"ax",@progbits
 478                             	_render_right:
 479                             	.LFB5:
 140:C:/Users/John/Desktop/workspace/miniwinwm/MiniWin/gl/fonts/truetype/mcufont\mf_justify.c **** 
 141:C:/Users/John/Desktop/workspace/miniwinwm/MiniWin/gl/fonts/truetype/mcufont\mf_justify.c **** #if !MF_USE_ALIGN
 142:C:/Users/John/Desktop/workspace/miniwinwm/MiniWin/gl/fonts/truetype/mcufont\mf_justify.c **** 
 143:C:/Users/John/Desktop/workspace/miniwinwm/MiniWin/gl/fonts/truetype/mcufont\mf_justify.c **** void mf_render_aligned(const struct mf_font_s *font,
 144:C:/Users/John/Desktop/workspace/miniwinwm/MiniWin/gl/fonts/truetype/mcufont\mf_justify.c ****                        int16_t x0, int16_t y0,
 145:C:/Users/John/Desktop/workspace/miniwinwm/MiniWin/gl/fonts/truetype/mcufont\mf_justify.c ****                        enum mf_align_t align,
 146:C:/Users/John/Desktop/workspace/miniwinwm/MiniWin/gl/fonts/truetype/mcufont\mf_justify.c ****                        mf_str text, uint16_t count,
 147:C:/Users/John/Desktop/workspace/miniwinwm/MiniWin/gl/fonts/truetype/mcufont\mf_justify.c ****                        mf_character_callback_t callback,
 148:C:/Users/John/Desktop/workspace/miniwinwm/MiniWin/gl/fonts/truetype/mcufont\mf_justify.c ****                        void *state)
 149:C:/Users/John/Desktop/workspace/miniwinwm/MiniWin/gl/fonts/truetype/mcufont\mf_justify.c **** {
 150:C:/Users/John/Desktop/workspace/miniwinwm/MiniWin/gl/fonts/truetype/mcufont\mf_justify.c ****     int16_t string_width;
 151:C:/Users/John/Desktop/workspace/miniwinwm/MiniWin/gl/fonts/truetype/mcufont\mf_justify.c ****     count = strip_spaces(text, count, 0);
 152:C:/Users/John/Desktop/workspace/miniwinwm/MiniWin/gl/fonts/truetype/mcufont\mf_justify.c ****     render_left(font, x0, y0, text, count, callback, state);
 153:C:/Users/John/Desktop/workspace/miniwinwm/MiniWin/gl/fonts/truetype/mcufont\mf_justify.c **** }
 154:C:/Users/John/Desktop/workspace/miniwinwm/MiniWin/gl/fonts/truetype/mcufont\mf_justify.c **** 
 155:C:/Users/John/Desktop/workspace/miniwinwm/MiniWin/gl/fonts/truetype/mcufont\mf_justify.c **** #else
 156:C:/Users/John/Desktop/workspace/miniwinwm/MiniWin/gl/fonts/truetype/mcufont\mf_justify.c **** 
 157:C:/Users/John/Desktop/workspace/miniwinwm/MiniWin/gl/fonts/truetype/mcufont\mf_justify.c **** /* Render right-aligned string, right edge at x0. */
 158:C:/Users/John/Desktop/workspace/miniwinwm/MiniWin/gl/fonts/truetype/mcufont\mf_justify.c **** static void render_right(const struct mf_font_s *font,
 159:C:/Users/John/Desktop/workspace/miniwinwm/MiniWin/gl/fonts/truetype/mcufont\mf_justify.c ****                          int16_t x0, int16_t y0,
 160:C:/Users/John/Desktop/workspace/miniwinwm/MiniWin/gl/fonts/truetype/mcufont\mf_justify.c ****                          mf_str text, uint16_t count,
 161:C:/Users/John/Desktop/workspace/miniwinwm/MiniWin/gl/fonts/truetype/mcufont\mf_justify.c ****                          mf_character_callback_t callback,
 162:C:/Users/John/Desktop/workspace/miniwinwm/MiniWin/gl/fonts/truetype/mcufont\mf_justify.c ****                          void *state)
 163:C:/Users/John/Desktop/workspace/miniwinwm/MiniWin/gl/fonts/truetype/mcufont\mf_justify.c **** {
 480                             		.loc 1 163 1
 481 0000 7E AA                   		push.l	r10
 482                             	.LCFI11:
 483 0002 7E A6                   		push.l	r6
 484                             	.LCFI12:
 485 0004 71 0A DC                		add	#-36, r0, r10
 486                             	.LCFI13:
 487 0007 EF A0                   		mov.L	r10, r0
 488 0009 75 46 30                		mov.L	#48, r6
 489 000c 4B A6                   		add	r10, r6
 490 000e E7 A1 03                		mov.L	r1, 12[r10]
 491 0011 D7 A2 08                		mov.W	r2, 16[r10]
 492 0014 D7 A3 09                		mov.W	r3, 18[r10]
 493 0017 E7 A4 05                		mov.L	r4, 20[r10]
 164:C:/Users/John/Desktop/workspace/miniwinwm/MiniWin/gl/fonts/truetype/mcufont\mf_justify.c ****     int16_t x;
 165:C:/Users/John/Desktop/workspace/miniwinwm/MiniWin/gl/fonts/truetype/mcufont\mf_justify.c ****     uint16_t i;
 166:C:/Users/John/Desktop/workspace/miniwinwm/MiniWin/gl/fonts/truetype/mcufont\mf_justify.c ****     mf_char c1, c2 = 0;
 494                             		.loc 1 166 17
 495 001a F9 A4 04 00             		mov.B	#0, 4[r10]
 167:C:/Users/John/Desktop/workspace/miniwinwm/MiniWin/gl/fonts/truetype/mcufont\mf_justify.c ****     mf_str tmp;
 168:C:/Users/John/Desktop/workspace/miniwinwm/MiniWin/gl/fonts/truetype/mcufont\mf_justify.c ****     
 169:C:/Users/John/Desktop/workspace/miniwinwm/MiniWin/gl/fonts/truetype/mcufont\mf_justify.c ****     /* Go to the end of the line. */
 170:C:/Users/John/Desktop/workspace/miniwinwm/MiniWin/gl/fonts/truetype/mcufont\mf_justify.c ****     for (i = 0; i < count; i++)
 496                             		.loc 1 170 12
 497 001e F9 A5 01 00             		mov.W	#0, 2[r10]
 498                             		.loc 1 170 5
 499 0022 2E 13                   		bra	.L27
 500                             	.L28:
 171:C:/Users/John/Desktop/workspace/miniwinwm/MiniWin/gl/fonts/truetype/mcufont\mf_justify.c ****         mf_getchar(&text);
 501                             		.loc 1 171 9 discriminator 3
 502 0024 71 A5 14                		add	#20, r10, r5
 503 0027 EF 51                   		mov.L	r5, r1
 504 0029 05 00 00 00             		bsr	_mf_getchar
 170:C:/Users/John/Desktop/workspace/miniwinwm/MiniWin/gl/fonts/truetype/mcufont\mf_justify.c ****         mf_getchar(&text);
 505                             		.loc 1 170 29 discriminator 3
 506 002d DD A5 01                		mov.W	2[r10], r5
 507 0030 62 15                   		add	#1, r5
 508 0032 D7 A5 01                		mov.W	r5, 2[r10]
 509                             	.L27:
 170:C:/Users/John/Desktop/workspace/miniwinwm/MiniWin/gl/fonts/truetype/mcufont\mf_justify.c ****         mf_getchar(&text);
 510                             		.loc 1 170 5 discriminator 1
 511 0035 5D A4 01                		movu.W	2[r10], r4
 512 0038 5C 65                   		movu.W	[r6], r5
 513 003a 47 54                   		cmp	r5, r4
 514 003c 23 E8                   		bltu	.L28
 172:C:/Users/John/Desktop/workspace/miniwinwm/MiniWin/gl/fonts/truetype/mcufont\mf_justify.c ****     
 173:C:/Users/John/Desktop/workspace/miniwinwm/MiniWin/gl/fonts/truetype/mcufont\mf_justify.c ****     x = x0 - font->baseline_x;
 515                             		.loc 1 173 12
 516 003e DD A4 08                		mov.W	16[r10], r4
 517                             		.loc 1 173 18
 518 0041 ED A5 03                		mov.L	12[r10], r5
 519 0044 8B 55                   		mov.B	12[r5], r5
 520 0046 CF 55                   		mov.B	r5, r5
 521                             		.loc 1 173 12
 522 0048 FF 05 54                		sub	r5, r4, r5
 523                             		.loc 1 173 7
 524 004b D3 A5                   		mov.W	r5, [r10]
 174:C:/Users/John/Desktop/workspace/miniwinwm/MiniWin/gl/fonts/truetype/mcufont\mf_justify.c ****     for (i = 0; i < count; i++)
 525                             		.loc 1 174 12
 526 004d F9 A5 01 00             		mov.W	#0, 2[r10]
 527                             		.loc 1 174 5
 528 0051 38 8D 00                		bra	.L29
 529                             	.L33:
 175:C:/Users/John/Desktop/workspace/miniwinwm/MiniWin/gl/fonts/truetype/mcufont\mf_justify.c ****     {
 176:C:/Users/John/Desktop/workspace/miniwinwm/MiniWin/gl/fonts/truetype/mcufont\mf_justify.c ****         mf_rewind(&text);
 530                             		.loc 1 176 9
 531 0054 71 A5 14                		add	#20, r10, r5
 532 0057 EF 51                   		mov.L	r5, r1
 533 0059 05 00 00 00             		bsr	_mf_rewind
 177:C:/Users/John/Desktop/workspace/miniwinwm/MiniWin/gl/fonts/truetype/mcufont\mf_justify.c ****         tmp = text;
 534                             		.loc 1 177 13
 535 005d ED A5 05                		mov.L	20[r10], r5
 536 0060 E7 A5 02                		mov.L	r5, 8[r10]
 178:C:/Users/John/Desktop/workspace/miniwinwm/MiniWin/gl/fonts/truetype/mcufont\mf_justify.c ****         c1 = mf_getchar(&tmp);
 537                             		.loc 1 178 14
 538 0063 71 A5 08                		add	#8, r10, r5
 539 0066 EF 51                   		mov.L	r5, r1
 540 0068 05 00 00 00             		bsr	_mf_getchar
 541 006c EF 15                   		mov.L	r1, r5
 542 006e C7 A5 05                		mov.B	r5, 5[r10]
 179:C:/Users/John/Desktop/workspace/miniwinwm/MiniWin/gl/fonts/truetype/mcufont\mf_justify.c ****         
 180:C:/Users/John/Desktop/workspace/miniwinwm/MiniWin/gl/fonts/truetype/mcufont\mf_justify.c ****         /* Perform tab alignment */
 181:C:/Users/John/Desktop/workspace/miniwinwm/MiniWin/gl/fonts/truetype/mcufont\mf_justify.c ****         if (c1 == '\t')
 543                             		.loc 1 181 12
 544 0071 59 A5 05                		movu.B	5[r10], r5
 545 0074 61 95                   		cmp	#9, r5
 546 0076 21 18                   		bne	.L30
 182:C:/Users/John/Desktop/workspace/miniwinwm/MiniWin/gl/fonts/truetype/mcufont\mf_justify.c ****         {
 183:C:/Users/John/Desktop/workspace/miniwinwm/MiniWin/gl/fonts/truetype/mcufont\mf_justify.c **** #if MF_USE_TABS
 184:C:/Users/John/Desktop/workspace/miniwinwm/MiniWin/gl/fonts/truetype/mcufont\mf_justify.c ****             x = mf_round_to_prev_tab(font, x0, x);
 547                             		.loc 1 184 17
 548 0078 DC A3                   		mov.W	[r10], r3
 549 007a DD A2 08                		mov.W	16[r10], r2
 550 007d ED A1 03                		mov.L	12[r10], r1
 551 0080 05 00 00 00             		bsr	_mf_round_to_prev_tab
 552 0084 EF 15                   		mov.L	r1, r5
 553 0086 D3 A5                   		mov.W	r5, [r10]
 185:C:/Users/John/Desktop/workspace/miniwinwm/MiniWin/gl/fonts/truetype/mcufont\mf_justify.c ****             c2 = ' ';
 554                             		.loc 1 185 16
 555 0088 F9 A4 04 20             		mov.B	#32, 4[r10]
 186:C:/Users/John/Desktop/workspace/miniwinwm/MiniWin/gl/fonts/truetype/mcufont\mf_justify.c ****             continue;
 556                             		.loc 1 186 13
 557 008c 2E 4A                   		bra	.L31
 558                             	.L30:
 187:C:/Users/John/Desktop/workspace/miniwinwm/MiniWin/gl/fonts/truetype/mcufont\mf_justify.c **** #else
 188:C:/Users/John/Desktop/workspace/miniwinwm/MiniWin/gl/fonts/truetype/mcufont\mf_justify.c ****             c1 = ' ';
 189:C:/Users/John/Desktop/workspace/miniwinwm/MiniWin/gl/fonts/truetype/mcufont\mf_justify.c **** #endif
 190:C:/Users/John/Desktop/workspace/miniwinwm/MiniWin/gl/fonts/truetype/mcufont\mf_justify.c ****         }
 191:C:/Users/John/Desktop/workspace/miniwinwm/MiniWin/gl/fonts/truetype/mcufont\mf_justify.c ****         
 192:C:/Users/John/Desktop/workspace/miniwinwm/MiniWin/gl/fonts/truetype/mcufont\mf_justify.c ****         /* Apply the nominal character width */
 193:C:/Users/John/Desktop/workspace/miniwinwm/MiniWin/gl/fonts/truetype/mcufont\mf_justify.c ****         x -= mf_character_width(font, c1);
 559                             		.loc 1 193 14
 560 008e CD A2 05                		mov.B	5[r10], r2
 561 0091 ED A1 03                		mov.L	12[r10], r1
 562 0094 05 00 00 00             		bsr	_mf_character_width
 563 0098 EF 15                   		mov.L	r1, r5
 564                             		.loc 1 193 11
 565 009a DC A4                   		mov.W	[r10], r4
 566                             		.loc 1 193 14
 567 009c 5B 55                   		movu.B	r5, r5
 568                             		.loc 1 193 11
 569 009e FF 05 54                		sub	r5, r4, r5
 570 00a1 D3 A5                   		mov.W	r5, [r10]
 194:C:/Users/John/Desktop/workspace/miniwinwm/MiniWin/gl/fonts/truetype/mcufont\mf_justify.c ****         
 195:C:/Users/John/Desktop/workspace/miniwinwm/MiniWin/gl/fonts/truetype/mcufont\mf_justify.c ****         /* Apply kerning */
 196:C:/Users/John/Desktop/workspace/miniwinwm/MiniWin/gl/fonts/truetype/mcufont\mf_justify.c ****         if (c2 != 0)
 571                             		.loc 1 196 12
 572 00a3 59 A5 04                		movu.B	4[r10], r5
 573 00a6 61 05                   		cmp	#0, r5
 574 00a8 20 1A                   		beq	.L32
 197:C:/Users/John/Desktop/workspace/miniwinwm/MiniWin/gl/fonts/truetype/mcufont\mf_justify.c ****             x -= mf_compute_kerning(font, c1, c2);
 575                             		.loc 1 197 18
 576 00aa CD A3 04                		mov.B	4[r10], r3
 577 00ad CD A2 05                		mov.B	5[r10], r2
 578 00b0 ED A1 03                		mov.L	12[r10], r1
 579 00b3 05 00 00 00             		bsr	_mf_compute_kerning
 580 00b7 EF 15                   		mov.L	r1, r5
 581                             		.loc 1 197 15
 582 00b9 DC A4                   		mov.W	[r10], r4
 583                             		.loc 1 197 18
 584 00bb CF 55                   		mov.B	r5, r5
 585                             		.loc 1 197 15
 586 00bd FF 05 54                		sub	r5, r4, r5
 587 00c0 D3 A5                   		mov.W	r5, [r10]
 588                             	.L32:
 198:C:/Users/John/Desktop/workspace/miniwinwm/MiniWin/gl/fonts/truetype/mcufont\mf_justify.c ****         
 199:C:/Users/John/Desktop/workspace/miniwinwm/MiniWin/gl/fonts/truetype/mcufont\mf_justify.c ****         callback(x, y0, c1, state);
 589                             		.loc 1 199 9
 590 00c2 A8 6D                   		mov.L	4[r6], r5
 591 00c4 A8 E4                   		mov.L	8[r6], r4
 592 00c6 CD A3 05                		mov.B	5[r10], r3
 593 00c9 DD A2 09                		mov.W	18[r10], r2
 594 00cc DC A1                   		mov.W	[r10], r1
 595 00ce 7F 15                   		jsr	r5
 596                             	.LVL1:
 200:C:/Users/John/Desktop/workspace/miniwinwm/MiniWin/gl/fonts/truetype/mcufont\mf_justify.c ****         c2 = c1;
 597                             		.loc 1 200 12
 598 00d0 CD A5 05                		mov.B	5[r10], r5
 599 00d3 C7 A5 04                		mov.B	r5, 4[r10]
 600                             	.L31:
 174:C:/Users/John/Desktop/workspace/miniwinwm/MiniWin/gl/fonts/truetype/mcufont\mf_justify.c ****     {
 601                             		.loc 1 174 29 discriminator 2
 602 00d6 DD A5 01                		mov.W	2[r10], r5
 603 00d9 62 15                   		add	#1, r5
 604 00db D7 A5 01                		mov.W	r5, 2[r10]
 605                             	.L29:
 174:C:/Users/John/Desktop/workspace/miniwinwm/MiniWin/gl/fonts/truetype/mcufont\mf_justify.c ****     {
 606                             		.loc 1 174 5 discriminator 1
 607 00de 5D A4 01                		movu.W	2[r10], r4
 608 00e1 5C 65                   		movu.W	[r6], r5
 609 00e3 47 54                   		cmp	r5, r4
 610 00e5 22 05 38 6D FF          		bltu	.L33
 201:C:/Users/John/Desktop/workspace/miniwinwm/MiniWin/gl/fonts/truetype/mcufont\mf_justify.c ****     }
 202:C:/Users/John/Desktop/workspace/miniwinwm/MiniWin/gl/fonts/truetype/mcufont\mf_justify.c **** }
 611                             		.loc 1 202 1
 612 00ea 03                      		nop
 613 00eb 71 00 24                		add	#36, r0
 614 00ee 7E B6                   		pop	r6
 615 00f0 7E BA                   		pop	r10
 616 00f2 02                      		rts
 617                             	.LFE5:
 619                             		.section	.text.mf_render_aligned,"ax",@progbits
 620                             		.global	_mf_render_aligned
 622                             	_mf_render_aligned:
 623                             	.LFB6:
 203:C:/Users/John/Desktop/workspace/miniwinwm/MiniWin/gl/fonts/truetype/mcufont\mf_justify.c **** 
 204:C:/Users/John/Desktop/workspace/miniwinwm/MiniWin/gl/fonts/truetype/mcufont\mf_justify.c **** void mf_render_aligned(const struct mf_font_s *font,
 205:C:/Users/John/Desktop/workspace/miniwinwm/MiniWin/gl/fonts/truetype/mcufont\mf_justify.c ****                        int16_t x0, int16_t y0,
 206:C:/Users/John/Desktop/workspace/miniwinwm/MiniWin/gl/fonts/truetype/mcufont\mf_justify.c ****                        enum mf_align_t align,
 207:C:/Users/John/Desktop/workspace/miniwinwm/MiniWin/gl/fonts/truetype/mcufont\mf_justify.c ****                        mf_str text, uint16_t count,
 208:C:/Users/John/Desktop/workspace/miniwinwm/MiniWin/gl/fonts/truetype/mcufont\mf_justify.c ****                        mf_character_callback_t callback,
 209:C:/Users/John/Desktop/workspace/miniwinwm/MiniWin/gl/fonts/truetype/mcufont\mf_justify.c ****                        void *state)
 210:C:/Users/John/Desktop/workspace/miniwinwm/MiniWin/gl/fonts/truetype/mcufont\mf_justify.c **** {
 624                             		.loc 1 210 1
 625 0000 7E AA                   		push.l	r10
 626                             	.LCFI14:
 627 0002 7E A6                   		push.l	r6
 628                             	.LCFI15:
 629 0004 71 0A E0                		add	#-32, r0, r10
 630                             	.LCFI16:
 631 0007 71 A0 F4                		add	#-12, r10, r0
 632                             	.LCFI17:
 633 000a 75 46 2C                		mov.L	#44, r6
 634 000d 4B A6                   		add	r10, r6
 635 000f E7 A1 01                		mov.L	r1, 4[r10]
 636 0012 D7 A2 04                		mov.W	r2, 8[r10]
 637 0015 D7 A3 05                		mov.W	r3, 10[r10]
 638 0018 E7 A4 03                		mov.L	r4, 12[r10]
 211:C:/Users/John/Desktop/workspace/miniwinwm/MiniWin/gl/fonts/truetype/mcufont\mf_justify.c ****     int16_t string_width;
 212:C:/Users/John/Desktop/workspace/miniwinwm/MiniWin/gl/fonts/truetype/mcufont\mf_justify.c ****     count = strip_spaces(text, count, 0);
 639                             		.loc 1 212 13
 640 001b 66 03                   		mov.L	#0, r3
 641 001d 98 E2                   		mov.W	4[r6], r2
 642 001f EC 61                   		mov.L	[r6], r1
 643 0021 05 00 00 00             		bsr	_strip_spaces
 644 0025 EF 15                   		mov.L	r1, r5
 645 0027 90 E5                   		mov.W	r5, 4[r6]
 213:C:/Users/John/Desktop/workspace/miniwinwm/MiniWin/gl/fonts/truetype/mcufont\mf_justify.c ****     
 214:C:/Users/John/Desktop/workspace/miniwinwm/MiniWin/gl/fonts/truetype/mcufont\mf_justify.c ****     if (align == MF_ALIGN_LEFT)
 646                             		.loc 1 214 8
 647 0029 ED A5 03                		mov.L	12[r10], r5
 648 002c 61 05                   		cmp	#0, r5
 649 002e 21 1D                   		bne	.L35
 215:C:/Users/John/Desktop/workspace/miniwinwm/MiniWin/gl/fonts/truetype/mcufont\mf_justify.c ****     {
 216:C:/Users/John/Desktop/workspace/miniwinwm/MiniWin/gl/fonts/truetype/mcufont\mf_justify.c ****         render_left(font, x0, y0, text, count, callback, state);
 650                             		.loc 1 216 9
 651 0030 A8 ED                   		mov.L	12[r6], r5
 652 0032 A0 85                   		mov.L	r5, 8[r0]
 653 0034 A8 E5                   		mov.L	8[r6], r5
 654 0036 A0 0D                   		mov.L	r5, 4[r0]
 655 0038 98 E5                   		mov.W	4[r6], r5
 656 003a D3 05                   		mov.W	r5, [r0]
 657 003c EC 64                   		mov.L	[r6], r4
 658 003e DD A3 05                		mov.W	10[r10], r3
 659 0041 DD A2 04                		mov.W	8[r10], r2
 660 0044 ED A1 01                		mov.L	4[r10], r1
 661 0047 05 00 00 00             		bsr	_render_left
 662                             	.L35:
 217:C:/Users/John/Desktop/workspace/miniwinwm/MiniWin/gl/fonts/truetype/mcufont\mf_justify.c ****     }
 218:C:/Users/John/Desktop/workspace/miniwinwm/MiniWin/gl/fonts/truetype/mcufont\mf_justify.c ****     if (align == MF_ALIGN_CENTER)
 663                             		.loc 1 218 8
 664 004b ED A5 03                		mov.L	12[r10], r5
 665 004e 61 15                   		cmp	#1, r5
 666 0050 21 42                   		bne	.L36
 219:C:/Users/John/Desktop/workspace/miniwinwm/MiniWin/gl/fonts/truetype/mcufont\mf_justify.c ****     {
 220:C:/Users/John/Desktop/workspace/miniwinwm/MiniWin/gl/fonts/truetype/mcufont\mf_justify.c ****         string_width = mf_get_string_width(font, text, count, false);
 667                             		.loc 1 220 24
 668 0052 66 04                   		mov	#0, r4
 669 0054 98 E3                   		mov.W	4[r6], r3
 670 0056 EC 62                   		mov.L	[r6], r2
 671 0058 ED A1 01                		mov.L	4[r10], r1
 672 005b 05 00 00 00             		bsr	_mf_get_string_width
 673 005f EF 15                   		mov.L	r1, r5
 674 0061 D3 A5                   		mov.W	r5, [r10]
 221:C:/Users/John/Desktop/workspace/miniwinwm/MiniWin/gl/fonts/truetype/mcufont\mf_justify.c ****         x0 -= string_width / 2;
 675                             		.loc 1 221 12
 676 0063 DD A4 04                		mov.W	8[r10], r4
 677 0066 DC A5                   		mov.W	[r10], r5
 678 0068 FD 9F 53                		shlr	#31, r5, r3
 679 006b 4B 35                   		add	r3, r5
 680 006d 6A 15                   		shar	#1, r5
 681 006f FF 05 54                		sub	r5, r4, r5
 682 0072 D7 A5 04                		mov.W	r5, 8[r10]
 222:C:/Users/John/Desktop/workspace/miniwinwm/MiniWin/gl/fonts/truetype/mcufont\mf_justify.c ****         render_left(font, x0, y0, text, count, callback, state);
 683                             		.loc 1 222 9
 684 0075 A8 ED                   		mov.L	12[r6], r5
 685 0077 A0 85                   		mov.L	r5, 8[r0]
 686 0079 A8 E5                   		mov.L	8[r6], r5
 687 007b A0 0D                   		mov.L	r5, 4[r0]
 688 007d 98 E5                   		mov.W	4[r6], r5
 689 007f D3 05                   		mov.W	r5, [r0]
 690 0081 EC 64                   		mov.L	[r6], r4
 691 0083 DD A3 05                		mov.W	10[r10], r3
 692 0086 DD A2 04                		mov.W	8[r10], r2
 693 0089 ED A1 01                		mov.L	4[r10], r1
 694 008c 05 00 00 00             		bsr	_render_left
 223:C:/Users/John/Desktop/workspace/miniwinwm/MiniWin/gl/fonts/truetype/mcufont\mf_justify.c ****     }
 224:C:/Users/John/Desktop/workspace/miniwinwm/MiniWin/gl/fonts/truetype/mcufont\mf_justify.c ****     else if (align == MF_ALIGN_RIGHT)
 225:C:/Users/John/Desktop/workspace/miniwinwm/MiniWin/gl/fonts/truetype/mcufont\mf_justify.c ****     {
 226:C:/Users/John/Desktop/workspace/miniwinwm/MiniWin/gl/fonts/truetype/mcufont\mf_justify.c ****         render_right(font, x0, y0, text, count, callback, state);
 227:C:/Users/John/Desktop/workspace/miniwinwm/MiniWin/gl/fonts/truetype/mcufont\mf_justify.c ****     }
 228:C:/Users/John/Desktop/workspace/miniwinwm/MiniWin/gl/fonts/truetype/mcufont\mf_justify.c **** }
 695                             		.loc 1 228 1
 696 0090 2E 24                   		bra	.L38
 697                             	.L36:
 224:C:/Users/John/Desktop/workspace/miniwinwm/MiniWin/gl/fonts/truetype/mcufont\mf_justify.c ****     {
 698                             		.loc 1 224 13
 699 0092 ED A5 03                		mov.L	12[r10], r5
 700 0095 61 25                   		cmp	#2, r5
 701 0097 21 1D                   		bne	.L38
 226:C:/Users/John/Desktop/workspace/miniwinwm/MiniWin/gl/fonts/truetype/mcufont\mf_justify.c ****     }
 702                             		.loc 1 226 9
 703 0099 A8 ED                   		mov.L	12[r6], r5
 704 009b A0 85                   		mov.L	r5, 8[r0]
 705 009d A8 E5                   		mov.L	8[r6], r5
 706 009f A0 0D                   		mov.L	r5, 4[r0]
 707 00a1 98 E5                   		mov.W	4[r6], r5
 708 00a3 D3 05                   		mov.W	r5, [r0]
 709 00a5 EC 64                   		mov.L	[r6], r4
 710 00a7 DD A3 05                		mov.W	10[r10], r3
 711 00aa DD A2 04                		mov.W	8[r10], r2
 712 00ad ED A1 01                		mov.L	4[r10], r1
 713 00b0 05 00 00 00             		bsr	_render_right
 714                             	.L38:
 715                             		.loc 1 228 1
 716 00b4 03                      		nop
 717 00b5 71 00 2C                		add	#44, r0
 718 00b8 7E B6                   		pop	r6
 719 00ba 7E BA                   		pop	r10
 720 00bc 02                      		rts
 721                             	.LFE6:
 723                             		.section	.text.is_justify_space,"ax",@progbits
 725                             	_is_justify_space:
 726                             	.LFB7:
 229:C:/Users/John/Desktop/workspace/miniwinwm/MiniWin/gl/fonts/truetype/mcufont\mf_justify.c **** 
 230:C:/Users/John/Desktop/workspace/miniwinwm/MiniWin/gl/fonts/truetype/mcufont\mf_justify.c **** #endif
 231:C:/Users/John/Desktop/workspace/miniwinwm/MiniWin/gl/fonts/truetype/mcufont\mf_justify.c **** 
 232:C:/Users/John/Desktop/workspace/miniwinwm/MiniWin/gl/fonts/truetype/mcufont\mf_justify.c **** 
 233:C:/Users/John/Desktop/workspace/miniwinwm/MiniWin/gl/fonts/truetype/mcufont\mf_justify.c **** #if !MF_USE_JUSTIFY
 234:C:/Users/John/Desktop/workspace/miniwinwm/MiniWin/gl/fonts/truetype/mcufont\mf_justify.c **** 
 235:C:/Users/John/Desktop/workspace/miniwinwm/MiniWin/gl/fonts/truetype/mcufont\mf_justify.c **** void mf_render_justified(const struct mf_font_s *font,
 236:C:/Users/John/Desktop/workspace/miniwinwm/MiniWin/gl/fonts/truetype/mcufont\mf_justify.c ****                          int16_t x0, int16_t y0, int16_t width,
 237:C:/Users/John/Desktop/workspace/miniwinwm/MiniWin/gl/fonts/truetype/mcufont\mf_justify.c ****                          mf_str text, uint16_t count,
 238:C:/Users/John/Desktop/workspace/miniwinwm/MiniWin/gl/fonts/truetype/mcufont\mf_justify.c ****                          mf_character_callback_t callback,
 239:C:/Users/John/Desktop/workspace/miniwinwm/MiniWin/gl/fonts/truetype/mcufont\mf_justify.c ****                          void *state)
 240:C:/Users/John/Desktop/workspace/miniwinwm/MiniWin/gl/fonts/truetype/mcufont\mf_justify.c **** {
 241:C:/Users/John/Desktop/workspace/miniwinwm/MiniWin/gl/fonts/truetype/mcufont\mf_justify.c ****     mf_render_aligned(font, x0, y0, MF_ALIGN_LEFT, text, count, callback, state);
 242:C:/Users/John/Desktop/workspace/miniwinwm/MiniWin/gl/fonts/truetype/mcufont\mf_justify.c **** }
 243:C:/Users/John/Desktop/workspace/miniwinwm/MiniWin/gl/fonts/truetype/mcufont\mf_justify.c **** 
 244:C:/Users/John/Desktop/workspace/miniwinwm/MiniWin/gl/fonts/truetype/mcufont\mf_justify.c **** #else
 245:C:/Users/John/Desktop/workspace/miniwinwm/MiniWin/gl/fonts/truetype/mcufont\mf_justify.c **** 
 246:C:/Users/John/Desktop/workspace/miniwinwm/MiniWin/gl/fonts/truetype/mcufont\mf_justify.c **** /* Returns true if the character is a justification point, i.e. expands
 247:C:/Users/John/Desktop/workspace/miniwinwm/MiniWin/gl/fonts/truetype/mcufont\mf_justify.c ****  * when the text is being justified. */
 248:C:/Users/John/Desktop/workspace/miniwinwm/MiniWin/gl/fonts/truetype/mcufont\mf_justify.c **** static bool is_justify_space(uint16_t c)
 249:C:/Users/John/Desktop/workspace/miniwinwm/MiniWin/gl/fonts/truetype/mcufont\mf_justify.c **** {
 727                             		.loc 1 249 1
 728 0000 7E AA                   		push.l	r10
 729                             	.LCFI18:
 730 0002 71 0A FC                		add	#-4, r0, r10
 731                             	.LCFI19:
 732 0005 EF A0                   		mov.L	r10, r0
 733 0007 D3 A1                   		mov.W	r1, [r10]
 250:C:/Users/John/Desktop/workspace/miniwinwm/MiniWin/gl/fonts/truetype/mcufont\mf_justify.c ****     return c == ' ' || c == 0xA0;
 734                             		.loc 1 250 21
 735 0009 5C A5                   		movu.W	[r10], r5
 736 000b 75 55 20                		cmp	#32, r5
 737 000e 17                      		beq	.L40
 738                             		.loc 1 250 21 is_stmt 0 discriminator 2
 739 000f 5C A5                   		movu.W	[r10], r5
 740 0011 75 55 A0                		cmp	#0xa0, r5
 741 0014 1C                      		bne	.L41
 742                             	.L40:
 743                             		.loc 1 250 21 discriminator 3
 744 0015 66 15                   		mov.L	#1, r5
 745 0017 0B                      		bra	.L42
 746                             	.L41:
 747                             		.loc 1 250 21 discriminator 4
 748 0018 66 05                   		mov.L	#0, r5
 749                             	.L42:
 750                             		.loc 1 250 21 discriminator 6
 751 001a 64 15                   		and	#1, r5
 752 001c 5B 55                   		movu.B	r5, r5
 251:C:/Users/John/Desktop/workspace/miniwinwm/MiniWin/gl/fonts/truetype/mcufont\mf_justify.c **** }
 753                             		.loc 1 251 1 is_stmt 1 discriminator 6
 754 001e EF 51                   		mov.L	r5, r1
 755 0020 3F AA 02                		rtsd	#8, r10-r10
 756                             	.LFE7:
 758                             		.section	.text.count_spaces,"ax",@progbits
 760                             	_count_spaces:
 761                             	.LFB8:
 252:C:/Users/John/Desktop/workspace/miniwinwm/MiniWin/gl/fonts/truetype/mcufont\mf_justify.c **** 
 253:C:/Users/John/Desktop/workspace/miniwinwm/MiniWin/gl/fonts/truetype/mcufont\mf_justify.c **** /* Count the number of space characters in string */
 254:C:/Users/John/Desktop/workspace/miniwinwm/MiniWin/gl/fonts/truetype/mcufont\mf_justify.c **** static uint16_t count_spaces(mf_str text, uint16_t count)
 255:C:/Users/John/Desktop/workspace/miniwinwm/MiniWin/gl/fonts/truetype/mcufont\mf_justify.c **** {
 762                             		.loc 1 255 1
 763 0000 7E AA                   		push.l	r10
 764                             	.LCFI20:
 765 0002 71 0A F4                		add	#-12, r0, r10
 766                             	.LCFI21:
 767 0005 EF A0                   		mov.L	r10, r0
 768 0007 E7 A1 01                		mov.L	r1, 4[r10]
 769 000a D7 A2 04                		mov.W	r2, 8[r10]
 256:C:/Users/John/Desktop/workspace/miniwinwm/MiniWin/gl/fonts/truetype/mcufont\mf_justify.c ****     uint16_t spaces = 0;
 770                             		.loc 1 256 14
 771 000d F8 A5 00                		mov.W	#0, [r10]
 257:C:/Users/John/Desktop/workspace/miniwinwm/MiniWin/gl/fonts/truetype/mcufont\mf_justify.c ****     while (count-- && *text)
 772                             		.loc 1 257 11
 773 0010 2E 22                   		bra	.L45
 774                             	.L47:
 258:C:/Users/John/Desktop/workspace/miniwinwm/MiniWin/gl/fonts/truetype/mcufont\mf_justify.c ****     {
 259:C:/Users/John/Desktop/workspace/miniwinwm/MiniWin/gl/fonts/truetype/mcufont\mf_justify.c ****         if (is_justify_space(mf_getchar(&text)))
 775                             		.loc 1 259 30
 776 0012 71 A5 04                		add	#4, r10, r5
 777 0015 EF 51                   		mov.L	r5, r1
 778 0017 05 00 00 00             		bsr	_mf_getchar
 779 001b EF 15                   		mov.L	r1, r5
 780                             		.loc 1 259 13
 781 001d 5B 55                   		movu.B	r5, r5
 782 001f DF 51                   		mov.W	r5, r1
 783 0021 05 00 00 00             		bsr	_is_justify_space
 784 0025 EF 15                   		mov.L	r1, r5
 785                             		.loc 1 259 12
 786 0027 5B 55                   		movu.B	r5, r5
 787 0029 61 05                   		cmp	#0, r5
 788 002b 17                      		beq	.L45
 260:C:/Users/John/Desktop/workspace/miniwinwm/MiniWin/gl/fonts/truetype/mcufont\mf_justify.c ****             spaces++;
 789                             		.loc 1 260 19
 790 002c DC A5                   		mov.W	[r10], r5
 791 002e 62 15                   		add	#1, r5
 792 0030 D3 A5                   		mov.W	r5, [r10]
 793                             	.L45:
 257:C:/Users/John/Desktop/workspace/miniwinwm/MiniWin/gl/fonts/truetype/mcufont\mf_justify.c ****     while (count-- && *text)
 794                             		.loc 1 257 17
 795 0032 DD A5 04                		mov.W	8[r10], r5
 796 0035 71 54 FF                		add	#-1, r5, r4
 797 0038 D7 A4 04                		mov.W	r4, 8[r10]
 257:C:/Users/John/Desktop/workspace/miniwinwm/MiniWin/gl/fonts/truetype/mcufont\mf_justify.c ****     while (count-- && *text)
 798                             		.loc 1 257 11
 799 003b 5F 55                   		movu.W	r5, r5
 800 003d 61 05                   		cmp	#0, r5
 801 003f 20 0D                   		beq	.L46
 257:C:/Users/John/Desktop/workspace/miniwinwm/MiniWin/gl/fonts/truetype/mcufont\mf_justify.c ****     while (count-- && *text)
 802                             		.loc 1 257 23 discriminator 1
 803 0041 ED A5 01                		mov.L	4[r10], r5
 804 0044 CC 55                   		mov.B	[r5], r5
 257:C:/Users/John/Desktop/workspace/miniwinwm/MiniWin/gl/fonts/truetype/mcufont\mf_justify.c ****     while (count-- && *text)
 805                             		.loc 1 257 20 discriminator 1
 806 0046 5B 55                   		movu.B	r5, r5
 807 0048 61 05                   		cmp	#0, r5
 808 004a 21 C8                   		bne	.L47
 809                             	.L46:
 261:C:/Users/John/Desktop/workspace/miniwinwm/MiniWin/gl/fonts/truetype/mcufont\mf_justify.c ****     }
 262:C:/Users/John/Desktop/workspace/miniwinwm/MiniWin/gl/fonts/truetype/mcufont\mf_justify.c ****     return spaces;
 810                             		.loc 1 262 12
 811 004c DC A5                   		mov.W	[r10], r5
 812 004e 5F 55                   		movu.W	r5, r5
 263:C:/Users/John/Desktop/workspace/miniwinwm/MiniWin/gl/fonts/truetype/mcufont\mf_justify.c **** }
 813                             		.loc 1 263 1
 814 0050 EF 51                   		mov.L	r5, r1
 815 0052 3F AA 04                		rtsd	#16, r10-r10
 816                             	.LFE8:
 818                             		.section	.text.mf_render_justified,"ax",@progbits
 819                             		.global	_mf_render_justified
 821                             	_mf_render_justified:
 822                             	.LFB9:
 264:C:/Users/John/Desktop/workspace/miniwinwm/MiniWin/gl/fonts/truetype/mcufont\mf_justify.c **** 
 265:C:/Users/John/Desktop/workspace/miniwinwm/MiniWin/gl/fonts/truetype/mcufont\mf_justify.c **** void mf_render_justified(const struct mf_font_s *font,
 266:C:/Users/John/Desktop/workspace/miniwinwm/MiniWin/gl/fonts/truetype/mcufont\mf_justify.c ****                          int16_t x0, int16_t y0, int16_t width,
 267:C:/Users/John/Desktop/workspace/miniwinwm/MiniWin/gl/fonts/truetype/mcufont\mf_justify.c ****                          mf_str text, uint16_t count,
 268:C:/Users/John/Desktop/workspace/miniwinwm/MiniWin/gl/fonts/truetype/mcufont\mf_justify.c ****                          mf_character_callback_t callback,
 269:C:/Users/John/Desktop/workspace/miniwinwm/MiniWin/gl/fonts/truetype/mcufont\mf_justify.c ****                          void *state)
 270:C:/Users/John/Desktop/workspace/miniwinwm/MiniWin/gl/fonts/truetype/mcufont\mf_justify.c **** {
 823                             		.loc 1 270 1
 824 0000 6E 6B                   		pushm	r6-r11
 825                             	.LCFI22:
 826 0002 71 0A D4                		add	#-44, r0, r10
 827                             	.LCFI23:
 828 0005 71 A0 F4                		add	#-12, r10, r0
 829                             	.LCFI24:
 830 0008 75 46 48                		mov.L	#0x48, r6
 831 000b 4B A6                   		add	r10, r6
 832 000d E7 A1 04                		mov.L	r1, 16[r10]
 833 0010 D7 A2 0A                		mov.W	r2, 20[r10]
 834 0013 D7 A3 0B                		mov.W	r3, 22[r10]
 835 0016 D7 A4 0C                		mov.W	r4, 24[r10]
 271:C:/Users/John/Desktop/workspace/miniwinwm/MiniWin/gl/fonts/truetype/mcufont\mf_justify.c ****     int16_t string_width, adjustment;
 272:C:/Users/John/Desktop/workspace/miniwinwm/MiniWin/gl/fonts/truetype/mcufont\mf_justify.c ****     uint16_t num_spaces;
 273:C:/Users/John/Desktop/workspace/miniwinwm/MiniWin/gl/fonts/truetype/mcufont\mf_justify.c ****     mf_char last_char;
 274:C:/Users/John/Desktop/workspace/miniwinwm/MiniWin/gl/fonts/truetype/mcufont\mf_justify.c ****     
 275:C:/Users/John/Desktop/workspace/miniwinwm/MiniWin/gl/fonts/truetype/mcufont\mf_justify.c ****     count = strip_spaces(text, count, &last_char);
 836                             		.loc 1 275 13
 837 0019 EC 64                   		mov.L	[r6], r4
 838 001b 71 A5 0E                		add	#14, r10, r5
 839 001e EF 53                   		mov.L	r5, r3
 840 0020 98 E2                   		mov.W	4[r6], r2
 841 0022 EF 41                   		mov.L	r4, r1
 842 0024 05 00 00 00             		bsr	_strip_spaces
 843 0028 EF 15                   		mov.L	r1, r5
 844 002a 90 E5                   		mov.W	r5, 4[r6]
 276:C:/Users/John/Desktop/workspace/miniwinwm/MiniWin/gl/fonts/truetype/mcufont\mf_justify.c ****     
 277:C:/Users/John/Desktop/workspace/miniwinwm/MiniWin/gl/fonts/truetype/mcufont\mf_justify.c ****     if (last_char == '\n' || last_char == 0)
 845                             		.loc 1 277 19
 846 002c CD A5 0E                		mov.B	14[r10], r5
 847                             		.loc 1 277 8
 848 002f 5B 55                   		movu.B	r5, r5
 849 0031 61 A5                   		cmp	#10, r5
 850 0033 12                      		beq	.L50
 851                             		.loc 1 277 40 discriminator 1
 852 0034 CD A5 0E                		mov.B	14[r10], r5
 853                             		.loc 1 277 27 discriminator 1
 854 0037 5B 55                   		movu.B	r5, r5
 855 0039 61 05                   		cmp	#0, r5
 856 003b 21 22                   		bne	.L51
 857                             	.L50:
 278:C:/Users/John/Desktop/workspace/miniwinwm/MiniWin/gl/fonts/truetype/mcufont\mf_justify.c ****     {
 279:C:/Users/John/Desktop/workspace/miniwinwm/MiniWin/gl/fonts/truetype/mcufont\mf_justify.c ****         /* Line ends in linefeed, do not justify. */
 280:C:/Users/John/Desktop/workspace/miniwinwm/MiniWin/gl/fonts/truetype/mcufont\mf_justify.c ****         render_left(font, x0, y0, text, count, callback, state);
 858                             		.loc 1 280 9
 859 003d EC 65                   		mov.L	[r6], r5
 860 003f A8 EC                   		mov.L	12[r6], r4
 861 0041 A0 84                   		mov.L	r4, 8[r0]
 862 0043 A8 E4                   		mov.L	8[r6], r4
 863 0045 A0 0C                   		mov.L	r4, 4[r0]
 864 0047 98 E4                   		mov.W	4[r6], r4
 865 0049 D3 04                   		mov.W	r4, [r0]
 866 004b EF 54                   		mov.L	r5, r4
 867 004d DD A3 0B                		mov.W	22[r10], r3
 868 0050 DD A2 0A                		mov.W	20[r10], r2
 869 0053 ED A1 04                		mov.L	16[r10], r1
 870 0056 05 00 00 00             		bsr	_render_left
 871 005a 38 48 01                		bra	.L49
 872                             	.L51:
 281:C:/Users/John/Desktop/workspace/miniwinwm/MiniWin/gl/fonts/truetype/mcufont\mf_justify.c ****         return;
 282:C:/Users/John/Desktop/workspace/miniwinwm/MiniWin/gl/fonts/truetype/mcufont\mf_justify.c ****     }
 283:C:/Users/John/Desktop/workspace/miniwinwm/MiniWin/gl/fonts/truetype/mcufont\mf_justify.c ****     
 284:C:/Users/John/Desktop/workspace/miniwinwm/MiniWin/gl/fonts/truetype/mcufont\mf_justify.c ****     string_width = mf_get_string_width(font, text, count, false);
 873                             		.loc 1 284 20
 874 005d EC 65                   		mov.L	[r6], r5
 875 005f 66 04                   		mov	#0, r4
 876 0061 98 E3                   		mov.W	4[r6], r3
 877 0063 EF 52                   		mov.L	r5, r2
 878 0065 ED A1 04                		mov.L	16[r10], r1
 879 0068 05 00 00 00             		bsr	_mf_get_string_width
 880 006c EF 15                   		mov.L	r1, r5
 881 006e D7 A5 04                		mov.W	r5, 8[r10]
 285:C:/Users/John/Desktop/workspace/miniwinwm/MiniWin/gl/fonts/truetype/mcufont\mf_justify.c ****     adjustment = width - string_width;
 882                             		.loc 1 285 24
 883 0071 DD A4 0C                		mov.W	24[r10], r4
 884 0074 DD A5 04                		mov.W	8[r10], r5
 885 0077 FF 05 54                		sub	r5, r4, r5
 886                             		.loc 1 285 16
 887 007a D3 A5                   		mov.W	r5, [r10]
 286:C:/Users/John/Desktop/workspace/miniwinwm/MiniWin/gl/fonts/truetype/mcufont\mf_justify.c ****     num_spaces = count_spaces(text, count);
 888                             		.loc 1 286 18
 889 007c EC 65                   		mov.L	[r6], r5
 890 007e 98 E2                   		mov.W	4[r6], r2
 891 0080 EF 51                   		mov.L	r5, r1
 892 0082 05 00 00 00             		bsr	_count_spaces
 893 0086 EF 15                   		mov.L	r1, r5
 894 0088 D7 A5 01                		mov.W	r5, 2[r10]
 895                             	.LBB2:
 287:C:/Users/John/Desktop/workspace/miniwinwm/MiniWin/gl/fonts/truetype/mcufont\mf_justify.c ****     
 288:C:/Users/John/Desktop/workspace/miniwinwm/MiniWin/gl/fonts/truetype/mcufont\mf_justify.c ****     {
 289:C:/Users/John/Desktop/workspace/miniwinwm/MiniWin/gl/fonts/truetype/mcufont\mf_justify.c ****         int16_t x, tmp;
 290:C:/Users/John/Desktop/workspace/miniwinwm/MiniWin/gl/fonts/truetype/mcufont\mf_justify.c ****         uint16_t c1 = 0, c2;
 896                             		.loc 1 290 18
 897 008b F9 A5 03 00             		mov.W	#0, 6[r10]
 291:C:/Users/John/Desktop/workspace/miniwinwm/MiniWin/gl/fonts/truetype/mcufont\mf_justify.c ****         
 292:C:/Users/John/Desktop/workspace/miniwinwm/MiniWin/gl/fonts/truetype/mcufont\mf_justify.c ****         x = x0 - font->baseline_x;
 898                             		.loc 1 292 16
 899 008f DD A4 0A                		mov.W	20[r10], r4
 900                             		.loc 1 292 22
 901 0092 ED A5 04                		mov.L	16[r10], r5
 902 0095 8B 55                   		mov.B	12[r5], r5
 903 0097 CF 55                   		mov.B	r5, r5
 904                             		.loc 1 292 16
 905 0099 FF 05 54                		sub	r5, r4, r5
 906                             		.loc 1 292 11
 907 009c D7 A5 02                		mov.W	r5, 4[r10]
 293:C:/Users/John/Desktop/workspace/miniwinwm/MiniWin/gl/fonts/truetype/mcufont\mf_justify.c ****         while (count--)
 908                             		.loc 1 293 15
 909 009f 38 F5 00                		bra	.L53
 910                             	.L57:
 294:C:/Users/John/Desktop/workspace/miniwinwm/MiniWin/gl/fonts/truetype/mcufont\mf_justify.c ****         {
 295:C:/Users/John/Desktop/workspace/miniwinwm/MiniWin/gl/fonts/truetype/mcufont\mf_justify.c ****             c2 = mf_getchar(&text);
 911                             		.loc 1 295 18
 912 00a2 EF 61                   		mov.L	r6, r1
 913 00a4 05 00 00 00             		bsr	_mf_getchar
 914 00a8 EF 15                   		mov.L	r1, r5
 915                             		.loc 1 295 16
 916 00aa 5B 55                   		movu.B	r5, r5
 917 00ac D7 A5 05                		mov.W	r5, 10[r10]
 296:C:/Users/John/Desktop/workspace/miniwinwm/MiniWin/gl/fonts/truetype/mcufont\mf_justify.c ****             
 297:C:/Users/John/Desktop/workspace/miniwinwm/MiniWin/gl/fonts/truetype/mcufont\mf_justify.c ****             if (c2 == '\t')
 918                             		.loc 1 297 16
 919 00af 5D A5 05                		movu.W	10[r10], r5
 920 00b2 61 95                   		cmp	#9, r5
 921 00b4 21 43                   		bne	.L54
 298:C:/Users/John/Desktop/workspace/miniwinwm/MiniWin/gl/fonts/truetype/mcufont\mf_justify.c ****             {
 299:C:/Users/John/Desktop/workspace/miniwinwm/MiniWin/gl/fonts/truetype/mcufont\mf_justify.c **** #if MF_USE_TABS
 300:C:/Users/John/Desktop/workspace/miniwinwm/MiniWin/gl/fonts/truetype/mcufont\mf_justify.c ****                 tmp = x;
 922                             		.loc 1 300 21
 923 00b6 DD A5 02                		mov.W	4[r10], r5
 924 00b9 D7 A5 06                		mov.W	r5, 12[r10]
 301:C:/Users/John/Desktop/workspace/miniwinwm/MiniWin/gl/fonts/truetype/mcufont\mf_justify.c ****                 x = mf_round_to_tab(font, x0, x);
 925                             		.loc 1 301 21
 926 00bc DD A3 02                		mov.W	4[r10], r3
 927 00bf DD A2 0A                		mov.W	20[r10], r2
 928 00c2 ED A1 04                		mov.L	16[r10], r1
 929 00c5 05 00 00 00             		bsr	_mf_round_to_tab
 930 00c9 EF 15                   		mov.L	r1, r5
 931 00cb D7 A5 02                		mov.W	r5, 4[r10]
 302:C:/Users/John/Desktop/workspace/miniwinwm/MiniWin/gl/fonts/truetype/mcufont\mf_justify.c ****                 adjustment -= x - tmp - mf_character_width(font, '\t');
 932                             		.loc 1 302 33
 933 00ce DD A4 02                		mov.W	4[r10], r4
 934 00d1 DD A5 06                		mov.W	12[r10], r5
 935 00d4 FF 0B 54                		sub	r5, r4, r11
 936                             		.loc 1 302 41
 937 00d7 66 92                   		mov	#9, r2
 938 00d9 ED A1 04                		mov.L	16[r10], r1
 939 00dc 05 00 00 00             		bsr	_mf_character_width
 940 00e0 EF 15                   		mov.L	r1, r5
 941 00e2 5B 55                   		movu.B	r5, r5
 942                             		.loc 1 302 39
 943 00e4 FF 05 5B                		sub	r5, r11, r5
 944                             		.loc 1 302 28
 945 00e7 DC A4                   		mov.W	[r10], r4
 946 00e9 FF 05 54                		sub	r5, r4, r5
 947 00ec D3 A5                   		mov.W	r5, [r10]
 303:C:/Users/John/Desktop/workspace/miniwinwm/MiniWin/gl/fonts/truetype/mcufont\mf_justify.c ****                 c1 = c2;
 948                             		.loc 1 303 20
 949 00ee DD A5 05                		mov.W	10[r10], r5
 950 00f1 D7 A5 03                		mov.W	r5, 6[r10]
 304:C:/Users/John/Desktop/workspace/miniwinwm/MiniWin/gl/fonts/truetype/mcufont\mf_justify.c ****                 continue;
 951                             		.loc 1 304 17
 952 00f4 38 A0 00                		bra	.L53
 953                             	.L54:
 305:C:/Users/John/Desktop/workspace/miniwinwm/MiniWin/gl/fonts/truetype/mcufont\mf_justify.c **** #else
 306:C:/Users/John/Desktop/workspace/miniwinwm/MiniWin/gl/fonts/truetype/mcufont\mf_justify.c ****                 c2 = ' ';
 307:C:/Users/John/Desktop/workspace/miniwinwm/MiniWin/gl/fonts/truetype/mcufont\mf_justify.c **** #endif
 308:C:/Users/John/Desktop/workspace/miniwinwm/MiniWin/gl/fonts/truetype/mcufont\mf_justify.c ****             }
 309:C:/Users/John/Desktop/workspace/miniwinwm/MiniWin/gl/fonts/truetype/mcufont\mf_justify.c ****             
 310:C:/Users/John/Desktop/workspace/miniwinwm/MiniWin/gl/fonts/truetype/mcufont\mf_justify.c ****             if (is_justify_space(c2))
 954                             		.loc 1 310 17
 955 00f7 DD A1 05                		mov.W	10[r10], r1
 956 00fa 05 00 00 00             		bsr	_is_justify_space
 957 00fe EF 15                   		mov.L	r1, r5
 958                             		.loc 1 310 16
 959 0100 5B 55                   		movu.B	r5, r5
 960 0102 61 05                   		cmp	#0, r5
 961 0104 20 37                   		beq	.L55
 311:C:/Users/John/Desktop/workspace/miniwinwm/MiniWin/gl/fonts/truetype/mcufont\mf_justify.c ****             {
 312:C:/Users/John/Desktop/workspace/miniwinwm/MiniWin/gl/fonts/truetype/mcufont\mf_justify.c ****                 tmp = (adjustment + num_spaces / 2) / num_spaces;
 962                             		.loc 1 312 35
 963 0106 DC A4                   		mov.W	[r10], r4
 964                             		.loc 1 312 48
 965 0108 5D A5 01                		movu.W	2[r10], r5
 966 010b 68 15                   		shlr	#1, r5
 967 010d 5F 55                   		movu.W	r5, r5
 968                             		.loc 1 312 35
 969 010f 4B 54                   		add	r5, r4
 970                             		.loc 1 312 53
 971 0111 5D A5 01                		movu.W	2[r10], r5
 972 0114 EF 47                   		mov.L	r4, r7
 973 0116 FC 23 57                		div	r5, r7
 974 0119 EF 75                   		mov.L	r7, r5
 975                             		.loc 1 312 21
 976 011b D7 A5 06                		mov.W	r5, 12[r10]
 313:C:/Users/John/Desktop/workspace/miniwinwm/MiniWin/gl/fonts/truetype/mcufont\mf_justify.c ****                 adjustment -= tmp;
 977                             		.loc 1 313 28
 978 011e DC A4                   		mov.W	[r10], r4
 979 0120 DD A5 06                		mov.W	12[r10], r5
 980 0123 FF 05 54                		sub	r5, r4, r5
 981 0126 D3 A5                   		mov.W	r5, [r10]
 314:C:/Users/John/Desktop/workspace/miniwinwm/MiniWin/gl/fonts/truetype/mcufont\mf_justify.c ****                 num_spaces--;
 982                             		.loc 1 314 27
 983 0128 DD A5 01                		mov.W	2[r10], r5
 984 012b 60 15                   		sub	#1, r5
 985 012d D7 A5 01                		mov.W	r5, 2[r10]
 315:C:/Users/John/Desktop/workspace/miniwinwm/MiniWin/gl/fonts/truetype/mcufont\mf_justify.c ****                 x += tmp;
 986                             		.loc 1 315 19
 987 0130 DD A4 02                		mov.W	4[r10], r4
 988 0133 DD A5 06                		mov.W	12[r10], r5
 989 0136 4B 45                   		add	r4, r5
 990 0138 D7 A5 02                		mov.W	r5, 4[r10]
 991                             	.L55:
 316:C:/Users/John/Desktop/workspace/miniwinwm/MiniWin/gl/fonts/truetype/mcufont\mf_justify.c ****             }
 317:C:/Users/John/Desktop/workspace/miniwinwm/MiniWin/gl/fonts/truetype/mcufont\mf_justify.c ****             
 318:C:/Users/John/Desktop/workspace/miniwinwm/MiniWin/gl/fonts/truetype/mcufont\mf_justify.c ****             if (c1 != 0)
 992                             		.loc 1 318 16
 993 013b 5D A5 03                		movu.W	6[r10], r5
 994 013e 61 05                   		cmp	#0, r5
 995 0140 20 2F                   		beq	.L56
 319:C:/Users/John/Desktop/workspace/miniwinwm/MiniWin/gl/fonts/truetype/mcufont\mf_justify.c ****             {
 320:C:/Users/John/Desktop/workspace/miniwinwm/MiniWin/gl/fonts/truetype/mcufont\mf_justify.c ****                 tmp = mf_compute_kerning(font, c1, c2);
 996                             		.loc 1 320 23
 997 0142 DD A5 03                		mov.W	6[r10], r5
 998 0145 DD A4 05                		mov.W	10[r10], r4
 999 0148 CF 43                   		mov.B	r4, r3
 1000 014a CF 52                   		mov.B	r5, r2
 1001 014c ED A1 04                		mov.L	16[r10], r1
 1002 014f 05 00 00 00             		bsr	_mf_compute_kerning
 1003 0153 EF 15                   		mov.L	r1, r5
 1004                             		.loc 1 320 21
 1005 0155 CF 55                   		mov.B	r5, r5
 1006 0157 D7 A5 06                		mov.W	r5, 12[r10]
 321:C:/Users/John/Desktop/workspace/miniwinwm/MiniWin/gl/fonts/truetype/mcufont\mf_justify.c ****                 x += tmp;
 1007                             		.loc 1 321 19
 1008 015a DD A4 02                		mov.W	4[r10], r4
 1009 015d DD A5 06                		mov.W	12[r10], r5
 1010 0160 4B 45                   		add	r4, r5
 1011 0162 D7 A5 02                		mov.W	r5, 4[r10]
 322:C:/Users/John/Desktop/workspace/miniwinwm/MiniWin/gl/fonts/truetype/mcufont\mf_justify.c ****                 adjustment -= tmp;
 1012                             		.loc 1 322 28
 1013 0165 DC A4                   		mov.W	[r10], r4
 1014 0167 DD A5 06                		mov.W	12[r10], r5
 1015 016a FF 05 54                		sub	r5, r4, r5
 1016 016d D3 A5                   		mov.W	r5, [r10]
 1017                             	.L56:
 323:C:/Users/John/Desktop/workspace/miniwinwm/MiniWin/gl/fonts/truetype/mcufont\mf_justify.c ****             }
 324:C:/Users/John/Desktop/workspace/miniwinwm/MiniWin/gl/fonts/truetype/mcufont\mf_justify.c **** 
 325:C:/Users/John/Desktop/workspace/miniwinwm/MiniWin/gl/fonts/truetype/mcufont\mf_justify.c ****             x += callback(x, y0, c2, state);
 1018                             		.loc 1 325 18
 1019 016f DD A5 05                		mov.W	10[r10], r5
 1020 0172 CF 53                   		mov.B	r5, r3
 1021 0174 A8 E5                   		mov.L	8[r6], r5
 1022 0176 A8 EC                   		mov.L	12[r6], r4
 1023 0178 DD A2 0B                		mov.W	22[r10], r2
 1024 017b DD A1 02                		mov.W	4[r10], r1
 1025 017e 7F 15                   		jsr	r5
 1026                             	.LVL2:
 1027 0180 EF 15                   		mov.L	r1, r5
 1028 0182 5B 55                   		movu.B	r5, r5
 1029 0184 DF 54                   		mov.W	r5, r4
 1030                             		.loc 1 325 15
 1031 0186 DD A5 02                		mov.W	4[r10], r5
 1032 0189 4B 45                   		add	r4, r5
 1033 018b D7 A5 02                		mov.W	r5, 4[r10]
 326:C:/Users/John/Desktop/workspace/miniwinwm/MiniWin/gl/fonts/truetype/mcufont\mf_justify.c ****             c1 = c2;
 1034                             		.loc 1 326 16
 1035 018e DD A5 05                		mov.W	10[r10], r5
 1036 0191 D7 A5 03                		mov.W	r5, 6[r10]
 1037                             	.L53:
 293:C:/Users/John/Desktop/workspace/miniwinwm/MiniWin/gl/fonts/truetype/mcufont\mf_justify.c ****         {
 1038                             		.loc 1 293 21
 1039 0194 98 E5                   		mov.W	4[r6], r5
 1040 0196 71 54 FF                		add	#-1, r5, r4
 1041 0199 90 E4                   		mov.W	r4, 4[r6]
 293:C:/Users/John/Desktop/workspace/miniwinwm/MiniWin/gl/fonts/truetype/mcufont\mf_justify.c ****         {
 1042                             		.loc 1 293 15
 1043 019b 5F 55                   		movu.W	r5, r5
 1044 019d 61 05                   		cmp	#0, r5
 1045 019f 3B 03 FF                		bne	.L57
 1046                             	.L49:
 1047                             	.LBE2:
 327:C:/Users/John/Desktop/workspace/miniwinwm/MiniWin/gl/fonts/truetype/mcufont\mf_justify.c ****         }
 328:C:/Users/John/Desktop/workspace/miniwinwm/MiniWin/gl/fonts/truetype/mcufont\mf_justify.c ****     }
 329:C:/Users/John/Desktop/workspace/miniwinwm/MiniWin/gl/fonts/truetype/mcufont\mf_justify.c **** }
 1048                             		.loc 1 329 1
 1049 01a2 3F 6B 14                		rtsd	#80, r6-r11
 1050                             	.LFE9:
 1298                             	.Letext0:
 1299                             		.file 2 "c:\\program files (x86)\\gcc for renesas rx 8.3.0.201904-gnurx-elf\\rx-elf\\rx-elf\\rx-el
 1300                             		.file 3 "c:\\program files (x86)\\gcc for renesas rx 8.3.0.201904-gnurx-elf\\rx-elf\\rx-elf\\rx-el
 1301                             		.file 4 "C:/Users/John/Desktop/workspace/miniwinwm/MiniWin/gl/fonts/truetype/mcufont/mf_encoding.h
 1302                             		.file 5 "C:/Users/John/Desktop/workspace/miniwinwm/MiniWin/gl/fonts/truetype/mcufont/mf_font.h"
 1303                             		.file 6 "C:/Users/John/Desktop/workspace/miniwinwm/MiniWin/gl/fonts/truetype/mcufont/mf_justify.h"
