   1                             		.file	"minimise_icon.c"
   2                             		.section P,"ax"
   3                             	.Ltext0:
   4                             		.global	_mw_bitmaps_minimise_icon
   5                             		.section	.rodata.mw_bitmaps_minimise_icon,"a"
   8                             	_mw_bitmaps_minimise_icon:
   9 0000 FF                      		.byte	-1
  10 0001 FC                      		.byte	-4
  11 0002 FF                      		.byte	-1
  12 0003 FC                      		.byte	-4
  13 0004 FF                      		.byte	-1
  14 0005 FC                      		.byte	-4
  15 0006 FF                      		.byte	-1
  16 0007 FC                      		.byte	-4
  17 0008 FF                      		.byte	-1
  18 0009 FC                      		.byte	-4
  19 000a FF                      		.byte	-1
  20 000b FC                      		.byte	-4
  21 000c FF                      		.byte	-1
  22 000d FC                      		.byte	-4
  23 000e FF                      		.byte	-1
  24 000f FC                      		.byte	-4
  25 0010 FF                      		.byte	-1
  26 0011 FC                      		.byte	-4
  27 0012 FF                      		.byte	-1
  28 0013 FC                      		.byte	-4
  29 0014 80                      		.byte	-128
  30 0015 04                      		.byte	4
  31 0016 80                      		.byte	-128
  32 0017 04                      		.byte	4
  33 0018 80                      		.byte	-128
  34 0019 04                      		.byte	4
  35 001a FF                      		.byte	-1
  36 001b FC                      		.byte	-4
  37                             		.section P,"ax"
  38                             	.Letext0:
  39                             		.file 1 "c:\\program files (x86)\\gcc for renesas rx 8.3.0.201904-gnurx-elf\\rx-elf\\rx-elf\\rx-el
  40                             		.file 2 "c:\\program files (x86)\\gcc for renesas rx 8.3.0.201904-gnurx-elf\\rx-elf\\rx-elf\\rx-el
  41                             		.file 3 "C:\\Users\\John\\Desktop\\workspace\\miniwinwm\\MiniWin/bitmaps/mw_bitmaps.h"
  42                             		.file 4 "C:/Users/John/Desktop/workspace/miniwinwm/MiniWin/bitmaps/minimise_icon.c"
