   1                             		.file	"minimise_icon_large.c"
   2                             		.section P,"ax"
   3                             	.Ltext0:
   4                             		.global	_mw_bitmaps_minimise_icon_large
   5                             		.section	.rodata.mw_bitmaps_minimise_icon_large,"a"
   8                             	_mw_bitmaps_minimise_icon_large:
   9 0000 FF                      		.byte	-1
  10 0001 FF                      		.byte	-1
  11 0002 F0                      		.byte	-16
  12 0003 FF                      		.byte	-1
  13 0004 FF                      		.byte	-1
  14 0005 F0                      		.byte	-16
  15 0006 FF                      		.byte	-1
  16 0007 FF                      		.byte	-1
  17 0008 F0                      		.byte	-16
  18 0009 FF                      		.byte	-1
  19 000a FF                      		.byte	-1
  20 000b F0                      		.byte	-16
  21 000c FF                      		.byte	-1
  22 000d FF                      		.byte	-1
  23 000e F0                      		.byte	-16
  24 000f FF                      		.byte	-1
  25 0010 FF                      		.byte	-1
  26 0011 F0                      		.byte	-16
  27 0012 FF                      		.byte	-1
  28 0013 FF                      		.byte	-1
  29 0014 F0                      		.byte	-16
  30 0015 FF                      		.byte	-1
  31 0016 FF                      		.byte	-1
  32 0017 F0                      		.byte	-16
  33 0018 FF                      		.byte	-1
  34 0019 FF                      		.byte	-1
  35 001a F0                      		.byte	-16
  36 001b FF                      		.byte	-1
  37 001c FF                      		.byte	-1
  38 001d F0                      		.byte	-16
  39 001e FF                      		.byte	-1
  40 001f FF                      		.byte	-1
  41 0020 F0                      		.byte	-16
  42 0021 FF                      		.byte	-1
  43 0022 FF                      		.byte	-1
  44 0023 F0                      		.byte	-16
  45 0024 FF                      		.byte	-1
  46 0025 FF                      		.byte	-1
  47 0026 F0                      		.byte	-16
  48 0027 FF                      		.byte	-1
  49 0028 FF                      		.byte	-1
  50 0029 F0                      		.byte	-16
  51 002a FF                      		.byte	-1
  52 002b FF                      		.byte	-1
  53 002c F0                      		.byte	-16
  54 002d 80                      		.byte	-128
  55 002e 00                      		.byte	0
  56 002f 10                      		.byte	16
  57 0030 80                      		.byte	-128
  58 0031 00                      		.byte	0
  59 0032 10                      		.byte	16
  60 0033 80                      		.byte	-128
  61 0034 00                      		.byte	0
  62 0035 10                      		.byte	16
  63 0036 80                      		.byte	-128
  64 0037 00                      		.byte	0
  65 0038 10                      		.byte	16
  66 0039 FF                      		.byte	-1
  67 003a FF                      		.byte	-1
  68 003b F0                      		.byte	-16
  69                             		.section P,"ax"
  70                             	.Letext0:
  71                             		.file 1 "c:\\program files (x86)\\gcc for renesas rx 8.3.0.201904-gnurx-elf\\rx-elf\\rx-elf\\rx-el
  72                             		.file 2 "c:\\program files (x86)\\gcc for renesas rx 8.3.0.201904-gnurx-elf\\rx-elf\\rx-elf\\rx-el
  73                             		.file 3 "C:\\Users\\John\\Desktop\\workspace\\miniwinwm\\MiniWin/bitmaps/mw_bitmaps.h"
  74                             		.file 4 "C:/Users/John/Desktop/workspace/miniwinwm/MiniWin/bitmaps/minimise_icon_large.c"
