   1                             		.file	"miniwin_touch.c"
   2                             		.section P,"ax"
   3                             	.Ltext0:
   4                             		.section C,"a",@progbits
   5                             		.p2align 2
   6                             	.LC0:
   7 0000 54 6F 75 63 68 20 63 65 		.string	"Touch centre of cross"
   7      6E 74 72 65 20 6F 66 20 
   7      63 72 6F 73 73 00 
   8                             		.section	.text.draw_cross,"ax",@progbits
  10                             	_draw_cross:
  11                             	.LFB0:
  12                             		.file 1 "C:/Users/John/Desktop/workspace/miniwinwm/MiniWin/miniwin_touch.c"
   1:C:/Users/John/Desktop/workspace/miniwinwm/MiniWin\miniwin_touch.c **** /*
   2:C:/Users/John/Desktop/workspace/miniwinwm/MiniWin\miniwin_touch.c **** 
   3:C:/Users/John/Desktop/workspace/miniwinwm/MiniWin\miniwin_touch.c **** MIT License
   4:C:/Users/John/Desktop/workspace/miniwinwm/MiniWin\miniwin_touch.c **** 
   5:C:/Users/John/Desktop/workspace/miniwinwm/MiniWin\miniwin_touch.c **** Copyright (c) John Blaiklock 2019 miniwin Embedded Window Manager
   6:C:/Users/John/Desktop/workspace/miniwinwm/MiniWin\miniwin_touch.c **** 
   7:C:/Users/John/Desktop/workspace/miniwinwm/MiniWin\miniwin_touch.c **** Permission is hereby granted, free of charge, to any person obtaining a copy
   8:C:/Users/John/Desktop/workspace/miniwinwm/MiniWin\miniwin_touch.c **** of this software and associated documentation files (the "Software"), to deal
   9:C:/Users/John/Desktop/workspace/miniwinwm/MiniWin\miniwin_touch.c **** in the Software without restriction, including without limitation the rights
  10:C:/Users/John/Desktop/workspace/miniwinwm/MiniWin\miniwin_touch.c **** to use, copy, modify, merge, publish, distribute, sublicense, and/or sell
  11:C:/Users/John/Desktop/workspace/miniwinwm/MiniWin\miniwin_touch.c **** copies of the Software, and to permit persons to whom the Software is
  12:C:/Users/John/Desktop/workspace/miniwinwm/MiniWin\miniwin_touch.c **** furnished to do so, subject to the following conditions:
  13:C:/Users/John/Desktop/workspace/miniwinwm/MiniWin\miniwin_touch.c **** 
  14:C:/Users/John/Desktop/workspace/miniwinwm/MiniWin\miniwin_touch.c **** The above copyright notice and this permission notice shall be included in all
  15:C:/Users/John/Desktop/workspace/miniwinwm/MiniWin\miniwin_touch.c **** copies or substantial portions of the Software.
  16:C:/Users/John/Desktop/workspace/miniwinwm/MiniWin\miniwin_touch.c **** 
  17:C:/Users/John/Desktop/workspace/miniwinwm/MiniWin\miniwin_touch.c **** THE SOFTWARE IS PROVIDED "AS IS", WITHOUT WARRANTY OF ANY KIND, EXPRESS OR
  18:C:/Users/John/Desktop/workspace/miniwinwm/MiniWin\miniwin_touch.c **** IMPLIED, INCLUDING BUT NOT LIMITED TO THE WARRANTIES OF MERCHANTABILITY,
  19:C:/Users/John/Desktop/workspace/miniwinwm/MiniWin\miniwin_touch.c **** FITNESS FOR A PARTICULAR PURPOSE AND NONINFRINGEMENT. IN NO EVENT SHALL THE
  20:C:/Users/John/Desktop/workspace/miniwinwm/MiniWin\miniwin_touch.c **** AUTHORS OR COPYRIGHT HOLDERS BE LIABLE FOR ANY CLAIM, DAMAGES OR OTHER
  21:C:/Users/John/Desktop/workspace/miniwinwm/MiniWin\miniwin_touch.c **** LIABILITY, WHETHER IN AN ACTION OF CONTRACT, TORT OR OTHERWISE, ARISING FROM,
  22:C:/Users/John/Desktop/workspace/miniwinwm/MiniWin\miniwin_touch.c **** OUT OF OR IN CONNECTION WITH THE SOFTWARE OR THE USE OR OTHER DEALINGS IN THE
  23:C:/Users/John/Desktop/workspace/miniwinwm/MiniWin\miniwin_touch.c **** SOFTWARE.
  24:C:/Users/John/Desktop/workspace/miniwinwm/MiniWin\miniwin_touch.c **** 
  25:C:/Users/John/Desktop/workspace/miniwinwm/MiniWin\miniwin_touch.c **** */
  26:C:/Users/John/Desktop/workspace/miniwinwm/MiniWin\miniwin_touch.c **** 
  27:C:/Users/John/Desktop/workspace/miniwinwm/MiniWin\miniwin_touch.c **** /***************
  28:C:/Users/John/Desktop/workspace/miniwinwm/MiniWin\miniwin_touch.c **** *** INCLUDES ***
  29:C:/Users/John/Desktop/workspace/miniwinwm/MiniWin\miniwin_touch.c **** ***************/
  30:C:/Users/John/Desktop/workspace/miniwinwm/MiniWin\miniwin_touch.c **** 
  31:C:/Users/John/Desktop/workspace/miniwinwm/MiniWin\miniwin_touch.c **** #include <stdlib.h>
  32:C:/Users/John/Desktop/workspace/miniwinwm/MiniWin\miniwin_touch.c **** #include "miniwin_debug.h"
  33:C:/Users/John/Desktop/workspace/miniwinwm/MiniWin\miniwin_touch.c **** #include "miniwin_settings.h"
  34:C:/Users/John/Desktop/workspace/miniwinwm/MiniWin\miniwin_touch.c **** #include "miniwin_touch.h"
  35:C:/Users/John/Desktop/workspace/miniwinwm/MiniWin\miniwin_touch.c **** #include "hal/hal_lcd.h"
  36:C:/Users/John/Desktop/workspace/miniwinwm/MiniWin\miniwin_touch.c **** #include "hal/hal_touch.h"
  37:C:/Users/John/Desktop/workspace/miniwinwm/MiniWin\miniwin_touch.c **** #include "hal/hal_delay.h"
  38:C:/Users/John/Desktop/workspace/miniwinwm/MiniWin\miniwin_touch.c **** 
  39:C:/Users/John/Desktop/workspace/miniwinwm/MiniWin\miniwin_touch.c **** /****************
  40:C:/Users/John/Desktop/workspace/miniwinwm/MiniWin\miniwin_touch.c **** *** CONSTANTS ***
  41:C:/Users/John/Desktop/workspace/miniwinwm/MiniWin\miniwin_touch.c **** ****************/
  42:C:/Users/John/Desktop/workspace/miniwinwm/MiniWin\miniwin_touch.c **** 
  43:C:/Users/John/Desktop/workspace/miniwinwm/MiniWin\miniwin_touch.c **** /************
  44:C:/Users/John/Desktop/workspace/miniwinwm/MiniWin\miniwin_touch.c **** *** TYPES ***
  45:C:/Users/John/Desktop/workspace/miniwinwm/MiniWin\miniwin_touch.c **** ************/
  46:C:/Users/John/Desktop/workspace/miniwinwm/MiniWin\miniwin_touch.c **** 
  47:C:/Users/John/Desktop/workspace/miniwinwm/MiniWin\miniwin_touch.c **** /***********************
  48:C:/Users/John/Desktop/workspace/miniwinwm/MiniWin\miniwin_touch.c **** *** GLOBAL VARIABLES ***
  49:C:/Users/John/Desktop/workspace/miniwinwm/MiniWin\miniwin_touch.c **** ***********************/
  50:C:/Users/John/Desktop/workspace/miniwinwm/MiniWin\miniwin_touch.c **** 
  51:C:/Users/John/Desktop/workspace/miniwinwm/MiniWin\miniwin_touch.c **** /**********************
  52:C:/Users/John/Desktop/workspace/miniwinwm/MiniWin\miniwin_touch.c **** *** LOCAL VARIABLES ***
  53:C:/Users/John/Desktop/workspace/miniwinwm/MiniWin\miniwin_touch.c **** **********************/
  54:C:/Users/John/Desktop/workspace/miniwinwm/MiniWin\miniwin_touch.c **** 
  55:C:/Users/John/Desktop/workspace/miniwinwm/MiniWin\miniwin_touch.c **** /********************************
  56:C:/Users/John/Desktop/workspace/miniwinwm/MiniWin\miniwin_touch.c **** *** LOCAL FUNCTION PROTOTYPES ***
  57:C:/Users/John/Desktop/workspace/miniwinwm/MiniWin\miniwin_touch.c **** ********************************/
  58:C:/Users/John/Desktop/workspace/miniwinwm/MiniWin\miniwin_touch.c **** 
  59:C:/Users/John/Desktop/workspace/miniwinwm/MiniWin\miniwin_touch.c **** static void draw_cross(int16_t x, int16_t y, int16_t length);
  60:C:/Users/John/Desktop/workspace/miniwinwm/MiniWin\miniwin_touch.c **** 
  61:C:/Users/John/Desktop/workspace/miniwinwm/MiniWin\miniwin_touch.c **** /**********************
  62:C:/Users/John/Desktop/workspace/miniwinwm/MiniWin\miniwin_touch.c **** *** LOCAL FUNCTIONS ***
  63:C:/Users/John/Desktop/workspace/miniwinwm/MiniWin\miniwin_touch.c **** **********************/
  64:C:/Users/John/Desktop/workspace/miniwinwm/MiniWin\miniwin_touch.c **** 
  65:C:/Users/John/Desktop/workspace/miniwinwm/MiniWin\miniwin_touch.c **** /**
  66:C:/Users/John/Desktop/workspace/miniwinwm/MiniWin\miniwin_touch.c ****  * Draw a cross for touch calibration purposes. 
  67:C:/Users/John/Desktop/workspace/miniwinwm/MiniWin\miniwin_touch.c ****  *
  68:C:/Users/John/Desktop/workspace/miniwinwm/MiniWin\miniwin_touch.c ****  * @param X coordinate of centre of cross 
  69:C:/Users/John/Desktop/workspace/miniwinwm/MiniWin\miniwin_touch.c ****  * @param Y y coordinate of centre of cross
  70:C:/Users/John/Desktop/workspace/miniwinwm/MiniWin\miniwin_touch.c ****  * @param length Length of each cross arm
  71:C:/Users/John/Desktop/workspace/miniwinwm/MiniWin\miniwin_touch.c ****  */
  72:C:/Users/John/Desktop/workspace/miniwinwm/MiniWin\miniwin_touch.c **** static void draw_cross(int16_t x, int16_t y, int16_t length)
  73:C:/Users/John/Desktop/workspace/miniwinwm/MiniWin\miniwin_touch.c **** {
  13                             		.loc 1 73 1
  14 0000 7E AA                   		push.l	r10
  15                             	.LCFI0:
  16 0002 7E A6                   		push.l	r6
  17                             	.LCFI1:
  18 0004 71 0A EC                		add	#-20, r0, r10
  19                             	.LCFI2:
  20 0007 71 A0 FC                		add	#-4, r10, r0
  21                             	.LCFI3:
  22 000a D7 A1 06                		mov.W	r1, 12[r10]
  23 000d D7 A2 07                		mov.W	r2, 14[r10]
  24 0010 D7 A3 08                		mov.W	r3, 16[r10]
  74:C:/Users/John/Desktop/workspace/miniwinwm/MiniWin\miniwin_touch.c **** 	mw_gl_draw_info_t draw_info_root = {0};
  25                             		.loc 1 74 20
  26 0013 EF A1                   		mov.L	r10, r1
  27 0015 66 C3                   		mov.L	#12, r3
  28 0017 66 02                   		mov	#0, r2
  29 0019 7F 88                   		sstr.b
  75:C:/Users/John/Desktop/workspace/miniwinwm/MiniWin\miniwin_touch.c **** 	draw_info_root.clip_rect.width = MW_ROOT_WIDTH;
  30                             		.loc 1 75 35
  31 001b 05 00 00 00             		bsr	_mw_hal_lcd_get_display_width
  32 001f EF 15                   		mov.L	r1, r5
  33                             		.loc 1 75 33
  34 0021 D7 A5 04                		mov.W	r5, 8[r10]
  76:C:/Users/John/Desktop/workspace/miniwinwm/MiniWin\miniwin_touch.c **** 	draw_info_root.clip_rect.height = MW_ROOT_HEIGHT;
  35                             		.loc 1 76 36
  36 0024 05 00 00 00             		bsr	_mw_hal_lcd_get_display_height
  37 0028 EF 15                   		mov.L	r1, r5
  38                             		.loc 1 76 34
  39 002a D7 A5 05                		mov.W	r5, 10[r10]
  77:C:/Users/John/Desktop/workspace/miniwinwm/MiniWin\miniwin_touch.c **** 
  78:C:/Users/John/Desktop/workspace/miniwinwm/MiniWin\miniwin_touch.c **** 	mw_hal_lcd_filled_rectangle(0, 0, MW_ROOT_WIDTH, MW_ROOT_HEIGHT, MW_HAL_LCD_WHITE);
  40                             		.loc 1 78 2
  41 002d 05 00 00 00             		bsr	_mw_hal_lcd_get_display_width
  42 0031 EF 15                   		mov.L	r1, r5
  43 0033 DF 56                   		mov.W	r5, r6
  44 0035 05 00 00 00             		bsr	_mw_hal_lcd_get_display_height
  45 0039 EF 15                   		mov.L	r1, r5
  46 003b F8 02 FF FF FF 00       		mov.L	#0xffffff, [r0]
  47 0041 DF 54                   		mov.W	r5, r4
  48 0043 DF 63                   		mov.W	r6, r3
  49 0045 66 02                   		mov	#0, r2
  50 0047 66 01                   		mov	#0, r1
  51 0049 05 00 00 00             		bsr	_mw_hal_lcd_filled_rectangle
  79:C:/Users/John/Desktop/workspace/miniwinwm/MiniWin\miniwin_touch.c **** 	mw_hal_lcd_filled_rectangle(x - length / 2, y, length, 1, MW_HAL_LCD_BLACK);
  52                             		.loc 1 79 32
  53 004d DD A4 06                		mov.W	12[r10], r4
  54 0050 DD A5 08                		mov.W	16[r10], r5
  55 0053 FD 9F 53                		shlr	#31, r5, r3
  56 0056 4B 35                   		add	r3, r5
  57 0058 6A 15                   		shar	#1, r5
  58 005a FF 05 54                		sub	r5, r4, r5
  59                             		.loc 1 79 2
  60 005d F8 06 00                		mov.L	#0, [r0]
  61 0060 66 14                   		mov	#1, r4
  62 0062 DD A3 08                		mov.W	16[r10], r3
  63 0065 DD A2 07                		mov.W	14[r10], r2
  64 0068 DF 51                   		mov.W	r5, r1
  65 006a 05 00 00 00             		bsr	_mw_hal_lcd_filled_rectangle
  80:C:/Users/John/Desktop/workspace/miniwinwm/MiniWin\miniwin_touch.c **** 	mw_hal_lcd_filled_rectangle(x, y - length / 2, 1, length, MW_HAL_LCD_BLACK);
  66                             		.loc 1 80 35
  67 006e DD A4 07                		mov.W	14[r10], r4
  68 0071 DD A5 08                		mov.W	16[r10], r5
  69 0074 FD 9F 53                		shlr	#31, r5, r3
  70 0077 4B 35                   		add	r3, r5
  71 0079 6A 15                   		shar	#1, r5
  72 007b FF 05 54                		sub	r5, r4, r5
  73                             		.loc 1 80 2
  74 007e F8 06 00                		mov.L	#0, [r0]
  75 0081 DD A4 08                		mov.W	16[r10], r4
  76 0084 66 13                   		mov	#1, r3
  77 0086 DF 52                   		mov.W	r5, r2
  78 0088 DD A1 06                		mov.W	12[r10], r1
  79 008b 05 00 00 00             		bsr	_mw_hal_lcd_filled_rectangle
  81:C:/Users/John/Desktop/workspace/miniwinwm/MiniWin\miniwin_touch.c **** 	mw_gl_set_fg_colour(MW_HAL_LCD_BLACK);
  80                             		.loc 1 81 2
  81 008f 66 01                   		mov.L	#0, r1
  82 0091 05 00 00 00             		bsr	_mw_gl_set_fg_colour
  82:C:/Users/John/Desktop/workspace/miniwinwm/MiniWin\miniwin_touch.c **** 	mw_gl_set_bg_transparency(MW_GL_BG_TRANSPARENT);
  83                             		.loc 1 82 2
  84 0095 66 01                   		mov.L	#0, r1
  85 0097 05 00 00 00             		bsr	_mw_gl_set_bg_transparency
  83:C:/Users/John/Desktop/workspace/miniwinwm/MiniWin\miniwin_touch.c **** 	mw_gl_set_font(MW_GL_TITLE_FONT);
  86                             		.loc 1 83 2
  87 009b 66 51                   		mov.L	#5, r1
  88 009d 05 00 00 00             		bsr	_mw_gl_set_font
  84:C:/Users/John/Desktop/workspace/miniwinwm/MiniWin\miniwin_touch.c **** 	mw_gl_string(&draw_info_root,
  85:C:/Users/John/Desktop/workspace/miniwinwm/MiniWin\miniwin_touch.c **** 			(MW_ROOT_WIDTH - (int16_t)mw_gl_get_string_width_pixels(MW_CALIBRATE_TEXT)) / 2,
  89                             		.loc 1 85 5
  90 00a1 05 00 00 00             		bsr	_mw_hal_lcd_get_display_width
  91 00a5 EF 15                   		mov.L	r1, r5
  92 00a7 DF 56                   		mov.W	r5, r6
  93                             		.loc 1 85 30
  94 00a9 FB 12 00 00 00 00       		mov.L	#.LC0, r1
  95 00af 05 00 00 00             		bsr	_mw_gl_get_string_width_pixels
  96 00b3 EF 15                   		mov.L	r1, r5
  97                             		.loc 1 85 21
  98 00b5 DF 55                   		mov.W	r5, r5
  99                             		.loc 1 85 19
 100 00b7 FF 05 56                		sub	r5, r6, r5
 101                             		.loc 1 85 80
 102 00ba FD 9F 54                		shlr	#31, r5, r4
 103 00bd 4B 45                   		add	r4, r5
 104 00bf 6A 15                   		shar	#1, r5
  84:C:/Users/John/Desktop/workspace/miniwinwm/MiniWin\miniwin_touch.c **** 	mw_gl_string(&draw_info_root,
 105                             		.loc 1 84 2
 106 00c1 DF 56                   		mov.W	r5, r6
  86:C:/Users/John/Desktop/workspace/miniwinwm/MiniWin\miniwin_touch.c **** 			MW_ROOT_HEIGHT / 2,
 107                             		.loc 1 86 4
 108 00c3 05 00 00 00             		bsr	_mw_hal_lcd_get_display_height
 109 00c7 EF 15                   		mov.L	r1, r5
  84:C:/Users/John/Desktop/workspace/miniwinwm/MiniWin\miniwin_touch.c **** 	mw_gl_string(&draw_info_root,
 110                             		.loc 1 84 2
 111 00c9 DF 55                   		mov.W	r5, r5
 112 00cb FD 9F 54                		shlr	#31, r5, r4
 113 00ce 4B 45                   		add	r4, r5
 114 00d0 6A 15                   		shar	#1, r5
 115 00d2 FB 42 00 00 00 00       		mov.L	#.LC0, r4
 116 00d8 DF 53                   		mov.W	r5, r3
 117 00da DF 62                   		mov.W	r6, r2
 118 00dc EF A1                   		mov.L	r10, r1
 119 00de 05 00 00 00             		bsr	_mw_gl_string
  87:C:/Users/John/Desktop/workspace/miniwinwm/MiniWin\miniwin_touch.c **** 			MW_CALIBRATE_TEXT);
  88:C:/Users/John/Desktop/workspace/miniwinwm/MiniWin\miniwin_touch.c **** }
 120                             		.loc 1 88 1
 121 00e2 03                      		nop
 122 00e3 71 00 18                		add	#24, r0
 123 00e6 7E B6                   		pop	r6
 124 00e8 7E BA                   		pop	r10
 125 00ea 02                      		rts
 126                             	.LFE0:
 128                             		.section C,"a",@progbits
 129 0016 00 00                   		.p2align 2
 130                             	.LC1:
 131 0018 4E 75 6C 6C 20 70 6F 69 		.string	"Null pointer argument"
 131      6E 74 65 72 20 61 72 67 
 131      75 6D 65 6E 74 00 
 132 002e 00 00                   		.section	.text.mw_touch_get_display_touch,"ax",@progbits
 133                             		.global	_mw_touch_get_display_touch
 135                             	_mw_touch_get_display_touch:
 136                             	.LFB1:
  89:C:/Users/John/Desktop/workspace/miniwinwm/MiniWin\miniwin_touch.c **** 
  90:C:/Users/John/Desktop/workspace/miniwinwm/MiniWin\miniwin_touch.c **** /***********************
  91:C:/Users/John/Desktop/workspace/miniwinwm/MiniWin\miniwin_touch.c **** *** GLOBAL FUNCTIONS ***
  92:C:/Users/John/Desktop/workspace/miniwinwm/MiniWin\miniwin_touch.c **** ***********************/
  93:C:/Users/John/Desktop/workspace/miniwinwm/MiniWin\miniwin_touch.c **** 
  94:C:/Users/John/Desktop/workspace/miniwinwm/MiniWin\miniwin_touch.c **** mw_hal_touch_state_t mw_touch_get_display_touch(int16_t* x, int16_t* y)
  95:C:/Users/John/Desktop/workspace/miniwinwm/MiniWin\miniwin_touch.c **** {
 137                             		.loc 1 95 1
 138 0000 7E AA                   		push.l	r10
 139                             	.LCFI4:
 140 0002 7E A6                   		push.l	r6
 141                             	.LCFI5:
 142 0004 71 0A E4                		add	#-28, r0, r10
 143                             	.LCFI6:
 144 0007 EF A0                   		mov.L	r10, r0
 145 0009 E7 A1 05                		mov.L	r1, 20[r10]
 146 000c E7 A2 06                		mov.L	r2, 24[r10]
  96:C:/Users/John/Desktop/workspace/miniwinwm/MiniWin\miniwin_touch.c **** 	POINT_T raw_point;
  97:C:/Users/John/Desktop/workspace/miniwinwm/MiniWin\miniwin_touch.c **** 	POINT_T display_point;
  98:C:/Users/John/Desktop/workspace/miniwinwm/MiniWin\miniwin_touch.c **** 	uint16_t raw_x;
  99:C:/Users/John/Desktop/workspace/miniwinwm/MiniWin\miniwin_touch.c **** 	uint16_t raw_y;
 100:C:/Users/John/Desktop/workspace/miniwinwm/MiniWin\miniwin_touch.c **** 
 101:C:/Users/John/Desktop/workspace/miniwinwm/MiniWin\miniwin_touch.c **** 	MW_ASSERT(x != (void*)0, "Null pointer argument");
 147                             		.loc 1 101 2
 148 000f ED A5 05                		mov.L	20[r10], r5
 149 0012 61 05                   		cmp	#0, r5
 150 0014 FC DB 51                		scne.L	r5
 151 0017 FB 42 18 00 00 00       		mov.L	#.LC1, r4
 152 001d 75 43 65                		mov.L	#0x65, r3
 153 0020 FB 22 00 00 00 00       		mov.L	#___func__.2905, r2
 154 0026 CF 51                   		mov.B	r5, r1
 155 0028 05 00 00 00             		bsr	_mw_debug_print_assert
 102:C:/Users/John/Desktop/workspace/miniwinwm/MiniWin\miniwin_touch.c **** 	MW_ASSERT(y != (void*)0, "Null pointer argument");
 156                             		.loc 1 102 2
 157 002c ED A5 06                		mov.L	24[r10], r5
 158 002f 61 05                   		cmp	#0, r5
 159 0031 FC DB 51                		scne.L	r5
 160 0034 FB 42 18 00 00 00       		mov.L	#.LC1, r4
 161 003a 75 43 66                		mov.L	#0x66, r3
 162 003d FB 22 00 00 00 00       		mov.L	#___func__.2905, r2
 163 0043 CF 51                   		mov.B	r5, r1
 164 0045 05 00 00 00             		bsr	_mw_debug_print_assert
 103:C:/Users/John/Desktop/workspace/miniwinwm/MiniWin\miniwin_touch.c **** 
 104:C:/Users/John/Desktop/workspace/miniwinwm/MiniWin\miniwin_touch.c **** 	/* read touch point and check if valid */
 105:C:/Users/John/Desktop/workspace/miniwinwm/MiniWin\miniwin_touch.c **** 	if (!mw_hal_touch_get_point(&raw_x, &raw_y))
 165                             		.loc 1 105 7
 166 0049 71 A4 12                		add	#18, r10, r4
 167 004c 71 A5 10                		add	#16, r10, r5
 168 004f EF 42                   		mov.L	r4, r2
 169 0051 EF 51                   		mov.L	r5, r1
 170 0053 05 00 00 00             		bsr	_mw_hal_touch_get_point
 171 0057 EF 15                   		mov.L	r1, r5
 172                             		.loc 1 105 6
 173 0059 FD 74 D5 01             		xor	#1, r5
 174                             		.loc 1 105 5
 175 005d 5B 55                   		movu.B	r5, r5
 176 005f 61 05                   		cmp	#0, r5
 177 0061 16                      		beq	.L3
 106:C:/Users/John/Desktop/workspace/miniwinwm/MiniWin\miniwin_touch.c **** 	{
 107:C:/Users/John/Desktop/workspace/miniwinwm/MiniWin\miniwin_touch.c **** 		/* no valid point to read */
 108:C:/Users/John/Desktop/workspace/miniwinwm/MiniWin\miniwin_touch.c **** 		return (MW_HAL_TOUCH_STATE_UP);
 178                             		.loc 1 108 10
 179 0062 66 15                   		mov.L	#1, r5
 180 0064 38 89 00                		bra	.L9
 181                             	.L3:
 109:C:/Users/John/Desktop/workspace/miniwinwm/MiniWin\miniwin_touch.c **** 	}
 110:C:/Users/John/Desktop/workspace/miniwinwm/MiniWin\miniwin_touch.c **** 
 111:C:/Users/John/Desktop/workspace/miniwinwm/MiniWin\miniwin_touch.c **** 	raw_point.x = (INT_32)raw_x;
 182                             		.loc 1 111 16
 183 0067 DD A5 08                		mov.W	16[r10], r5
 184 006a 5F 55                   		movu.W	r5, r5
 185                             		.loc 1 111 14
 186 006c E3 A5                   		mov.L	r5, [r10]
 112:C:/Users/John/Desktop/workspace/miniwinwm/MiniWin\miniwin_touch.c **** 	raw_point.y = (INT_32)raw_y;
 187                             		.loc 1 112 16
 188 006e DD A5 09                		mov.W	18[r10], r5
 189 0071 5F 55                   		movu.W	r5, r5
 190                             		.loc 1 112 14
 191 0073 E7 A5 01                		mov.L	r5, 4[r10]
 113:C:/Users/John/Desktop/workspace/miniwinwm/MiniWin\miniwin_touch.c **** 
 114:C:/Users/John/Desktop/workspace/miniwinwm/MiniWin\miniwin_touch.c **** 	(void)getDisplayPoint(&display_point, &raw_point, mw_settings_get_calibration_matrix());
 192                             		.loc 1 114 8
 193 0076 05 00 00 00             		bsr	_mw_settings_get_calibration_matrix
 194 007a EF 14                   		mov.L	r1, r4
 195 007c 71 A5 08                		add	#8, r10, r5
 196 007f EF 43                   		mov.L	r4, r3
 197 0081 EF A2                   		mov.L	r10, r2
 198 0083 EF 51                   		mov.L	r5, r1
 199 0085 05 00 00 00             		bsr	_getDisplayPoint
 115:C:/Users/John/Desktop/workspace/miniwinwm/MiniWin\miniwin_touch.c **** 
 116:C:/Users/John/Desktop/workspace/miniwinwm/MiniWin\miniwin_touch.c **** 	/* limit touch point to display size */
 117:C:/Users/John/Desktop/workspace/miniwinwm/MiniWin\miniwin_touch.c **** #if defined(MW_DISPLAY_ROTATION_0) || defined(MW_DISPLAY_ROTATION_180)
 118:C:/Users/John/Desktop/workspace/miniwinwm/MiniWin\miniwin_touch.c **** 	if (display_point.x >= (INT_32)mw_hal_lcd_get_display_width())
 200                             		.loc 1 118 19
 201 0089 ED A6 02                		mov.L	8[r10], r6
 202                             		.loc 1 118 33
 203 008c 05 00 00 00             		bsr	_mw_hal_lcd_get_display_width
 204 0090 EF 15                   		mov.L	r1, r5
 205                             		.loc 1 118 25
 206 0092 DF 55                   		mov.W	r5, r5
 207                             		.loc 1 118 5
 208 0094 47 56                   		cmp	r5, r6
 209 0096 29 0F                   		blt	.L5
 119:C:/Users/John/Desktop/workspace/miniwinwm/MiniWin\miniwin_touch.c **** 	{
 120:C:/Users/John/Desktop/workspace/miniwinwm/MiniWin\miniwin_touch.c **** 		display_point.x = (INT_32)mw_hal_lcd_get_display_width() - 1;
 210                             		.loc 1 120 29
 211 0098 05 00 00 00             		bsr	_mw_hal_lcd_get_display_width
 212 009c EF 15                   		mov.L	r1, r5
 213                             		.loc 1 120 21
 214 009e DF 55                   		mov.W	r5, r5
 215                             		.loc 1 120 60
 216 00a0 60 15                   		sub	#1, r5
 217                             		.loc 1 120 19
 218 00a2 E7 A5 02                		mov.L	r5, 8[r10]
 219                             	.L5:
 121:C:/Users/John/Desktop/workspace/miniwinwm/MiniWin\miniwin_touch.c **** 	}
 122:C:/Users/John/Desktop/workspace/miniwinwm/MiniWin\miniwin_touch.c **** 	if (display_point.y >= (INT_32)mw_hal_lcd_get_display_height())
 220                             		.loc 1 122 19
 221 00a5 ED A6 03                		mov.L	12[r10], r6
 222                             		.loc 1 122 33
 223 00a8 05 00 00 00             		bsr	_mw_hal_lcd_get_display_height
 224 00ac EF 15                   		mov.L	r1, r5
 225                             		.loc 1 122 25
 226 00ae DF 55                   		mov.W	r5, r5
 227                             		.loc 1 122 5
 228 00b0 47 56                   		cmp	r5, r6
 229 00b2 29 0F                   		blt	.L6
 123:C:/Users/John/Desktop/workspace/miniwinwm/MiniWin\miniwin_touch.c **** 	{
 124:C:/Users/John/Desktop/workspace/miniwinwm/MiniWin\miniwin_touch.c **** 		display_point.y = (INT_32)mw_hal_lcd_get_display_height() - 1;
 230                             		.loc 1 124 29
 231 00b4 05 00 00 00             		bsr	_mw_hal_lcd_get_display_height
 232 00b8 EF 15                   		mov.L	r1, r5
 233                             		.loc 1 124 21
 234 00ba DF 55                   		mov.W	r5, r5
 235                             		.loc 1 124 61
 236 00bc 60 15                   		sub	#1, r5
 237                             		.loc 1 124 19
 238 00be E7 A5 03                		mov.L	r5, 12[r10]
 239                             	.L6:
 125:C:/Users/John/Desktop/workspace/miniwinwm/MiniWin\miniwin_touch.c **** 	}
 126:C:/Users/John/Desktop/workspace/miniwinwm/MiniWin\miniwin_touch.c **** #else
 127:C:/Users/John/Desktop/workspace/miniwinwm/MiniWin\miniwin_touch.c **** 	if (display_point.x >= (INT_32)mw_hal_lcd_get_display_height())
 128:C:/Users/John/Desktop/workspace/miniwinwm/MiniWin\miniwin_touch.c **** 	{
 129:C:/Users/John/Desktop/workspace/miniwinwm/MiniWin\miniwin_touch.c **** 		display_point.x = (INT_32)mw_hal_lcd_get_display_height() - 1;
 130:C:/Users/John/Desktop/workspace/miniwinwm/MiniWin\miniwin_touch.c **** 	}
 131:C:/Users/John/Desktop/workspace/miniwinwm/MiniWin\miniwin_touch.c **** 	if (display_point.y >= (INT_32)mw_hal_lcd_get_display_width())
 132:C:/Users/John/Desktop/workspace/miniwinwm/MiniWin\miniwin_touch.c **** 	{
 133:C:/Users/John/Desktop/workspace/miniwinwm/MiniWin\miniwin_touch.c **** 		display_point.y = (INT_32)mw_hal_lcd_get_display_width() - 1;
 134:C:/Users/John/Desktop/workspace/miniwinwm/MiniWin\miniwin_touch.c **** 	}
 135:C:/Users/John/Desktop/workspace/miniwinwm/MiniWin\miniwin_touch.c **** #endif
 136:C:/Users/John/Desktop/workspace/miniwinwm/MiniWin\miniwin_touch.c **** 	if (display_point.x < 0)
 240                             		.loc 1 136 19
 241 00c1 ED A5 02                		mov.L	8[r10], r5
 242                             		.loc 1 136 5
 243 00c4 61 05                   		cmp	#0, r5
 244 00c6 28 06                   		bge	.L7
 137:C:/Users/John/Desktop/workspace/miniwinwm/MiniWin\miniwin_touch.c **** 	{
 138:C:/Users/John/Desktop/workspace/miniwinwm/MiniWin\miniwin_touch.c **** 		display_point.x = 0;
 245                             		.loc 1 138 19
 246 00c8 F9 A6 02 00             		mov.L	#0, 8[r10]
 247                             	.L7:
 139:C:/Users/John/Desktop/workspace/miniwinwm/MiniWin\miniwin_touch.c **** 	}
 140:C:/Users/John/Desktop/workspace/miniwinwm/MiniWin\miniwin_touch.c **** 	if (display_point.y < 0)
 248                             		.loc 1 140 19
 249 00cc ED A5 03                		mov.L	12[r10], r5
 250                             		.loc 1 140 5
 251 00cf 61 05                   		cmp	#0, r5
 252 00d1 28 06                   		bge	.L8
 141:C:/Users/John/Desktop/workspace/miniwinwm/MiniWin\miniwin_touch.c **** 	{
 142:C:/Users/John/Desktop/workspace/miniwinwm/MiniWin\miniwin_touch.c **** 		display_point.y = 0;
 253                             		.loc 1 142 19
 254 00d3 F9 A6 03 00             		mov.L	#0, 12[r10]
 255                             	.L8:
 143:C:/Users/John/Desktop/workspace/miniwinwm/MiniWin\miniwin_touch.c **** 	}
 144:C:/Users/John/Desktop/workspace/miniwinwm/MiniWin\miniwin_touch.c **** 
 145:C:/Users/John/Desktop/workspace/miniwinwm/MiniWin\miniwin_touch.c **** 	*x = (int16_t)display_point.x;
 256                             		.loc 1 145 29
 257 00d7 ED A5 02                		mov.L	8[r10], r5
 258                             		.loc 1 145 7
 259 00da DF 54                   		mov.W	r5, r4
 260                             		.loc 1 145 5
 261 00dc ED A5 05                		mov.L	20[r10], r5
 262 00df D3 54                   		mov.W	r4, [r5]
 146:C:/Users/John/Desktop/workspace/miniwinwm/MiniWin\miniwin_touch.c **** 	*y = (int16_t)display_point.y;
 263                             		.loc 1 146 29
 264 00e1 ED A5 03                		mov.L	12[r10], r5
 265                             		.loc 1 146 7
 266 00e4 DF 54                   		mov.W	r5, r4
 267                             		.loc 1 146 5
 268 00e6 ED A5 06                		mov.L	24[r10], r5
 269 00e9 D3 54                   		mov.W	r4, [r5]
 147:C:/Users/John/Desktop/workspace/miniwinwm/MiniWin\miniwin_touch.c **** 
 148:C:/Users/John/Desktop/workspace/miniwinwm/MiniWin\miniwin_touch.c **** 	return (MW_HAL_TOUCH_STATE_DOWN);
 270                             		.loc 1 148 9
 271 00eb 66 05                   		mov.L	#0, r5
 272                             	.L9:
 149:C:/Users/John/Desktop/workspace/miniwinwm/MiniWin\miniwin_touch.c **** }
 273                             		.loc 1 149 1 discriminator 1
 274 00ed EF 51                   		mov.L	r5, r1
 275 00ef 71 00 1C                		add	#28, r0
 276 00f2 7E B6                   		pop	r6
 277 00f4 7E BA                   		pop	r10
 278 00f6 02                      		rts
 279                             	.LFE1:
 281                             		.section	.text.mw_touch_calibrate,"ax",@progbits
 282                             		.global	_mw_touch_calibrate
 284                             	_mw_touch_calibrate:
 285                             	.LFB2:
 150:C:/Users/John/Desktop/workspace/miniwinwm/MiniWin\miniwin_touch.c **** 
 151:C:/Users/John/Desktop/workspace/miniwinwm/MiniWin\miniwin_touch.c **** void mw_touch_calibrate(MATRIX *matrix)
 152:C:/Users/John/Desktop/workspace/miniwinwm/MiniWin\miniwin_touch.c **** {
 286                             		.loc 1 152 1
 287 0000 6E 6A                   		pushm	r6-r10
 288                             	.LCFI7:
 289 0002 71 0A C4                		add	#-60, r0, r10
 290                             	.LCFI8:
 291 0005 EF A0                   		mov.L	r10, r0
 292 0007 E7 A1 0E                		mov.L	r1, 56[r10]
 153:C:/Users/John/Desktop/workspace/miniwinwm/MiniWin\miniwin_touch.c **** 	int16_t minimum_screen_dimension = MW_ROOT_WIDTH < MW_ROOT_HEIGHT ? MW_ROOT_WIDTH : MW_ROOT_HEIGHT
 293                             		.loc 1 153 37
 294 000a 05 00 00 00             		bsr	_mw_hal_lcd_get_display_width
 295 000e EF 15                   		mov.L	r1, r5
 296 0010 DF 56                   		mov.W	r5, r6
 297                             		.loc 1 153 53
 298 0012 05 00 00 00             		bsr	_mw_hal_lcd_get_display_height
 299 0016 EF 15                   		mov.L	r1, r5
 300                             		.loc 1 153 10
 301 0018 DF 64                   		mov.W	r6, r4
 302 001a DF 55                   		mov.W	r5, r5
 303 001c 47 54                   		cmp	r5, r4
 304 001e 28 09                   		bge	.L11
 305                             		.loc 1 153 70 discriminator 1
 306 0020 05 00 00 00             		bsr	_mw_hal_lcd_get_display_width
 307 0024 EF 15                   		mov.L	r1, r5
 308 0026 0F                      		bra	.L12
 309                             	.L11:
 310                             		.loc 1 153 86 discriminator 2
 311 0027 05 00 00 00             		bsr	_mw_hal_lcd_get_display_height
 312 002b EF 15                   		mov.L	r1, r5
 313                             	.L12:
 314                             		.loc 1 153 10 discriminator 4
 315 002d D3 A5                   		mov.W	r5, [r10]
 154:C:/Users/John/Desktop/workspace/miniwinwm/MiniWin\miniwin_touch.c **** 	int16_t touch_cross_size = minimum_screen_dimension / 6;
 316                             		.loc 1 154 10 discriminator 4
 317 002f DC A4                   		mov.W	[r10], r4
 318 0031 FB 72 AB AA AA 2A       		mov.L	#0x2aaaaaab, r7
 319 0037 FC 1B 47                		emul	r4, r7
 320 003a EF 75                   		mov.L	r7, r5
 321 003c EF 86                   		mov.L	r8, r6
 322 003e 6B F4                   		shar	#31, r4
 323 0040 FF 05 46                		sub	r4, r6, r5
 324 0043 D7 A5 01                		mov.W	r5, 2[r10]
 155:C:/Users/John/Desktop/workspace/miniwinwm/MiniWin\miniwin_touch.c **** 
 156:C:/Users/John/Desktop/workspace/miniwinwm/MiniWin\miniwin_touch.c **** 	POINT_T raw_points[3];
 157:C:/Users/John/Desktop/workspace/miniwinwm/MiniWin\miniwin_touch.c **** 	POINT_T display_points[3];
 158:C:/Users/John/Desktop/workspace/miniwinwm/MiniWin\miniwin_touch.c **** 	display_points[0].x = touch_cross_size;
 325                             		.loc 1 158 22 discriminator 4
 326 0046 DD A5 01                		mov.W	2[r10], r5
 327 0049 E7 A5 07                		mov.L	r5, 28[r10]
 159:C:/Users/John/Desktop/workspace/miniwinwm/MiniWin\miniwin_touch.c **** 	display_points[0].y = touch_cross_size;
 328                             		.loc 1 159 22 discriminator 4
 329 004c DD A5 01                		mov.W	2[r10], r5
 330 004f E7 A5 08                		mov.L	r5, 32[r10]
 160:C:/Users/John/Desktop/workspace/miniwinwm/MiniWin\miniwin_touch.c **** 	display_points[1].x = MW_ROOT_WIDTH - (INT_32)touch_cross_size;
 331                             		.loc 1 160 24 discriminator 4
 332 0052 05 00 00 00             		bsr	_mw_hal_lcd_get_display_width
 333 0056 EF 15                   		mov.L	r1, r5
 334 0058 DF 54                   		mov.W	r5, r4
 335                             		.loc 1 160 40 discriminator 4
 336 005a DD A5 01                		mov.W	2[r10], r5
 337                             		.loc 1 160 38 discriminator 4
 338 005d FF 05 54                		sub	r5, r4, r5
 339                             		.loc 1 160 22 discriminator 4
 340 0060 E7 A5 09                		mov.L	r5, 36[r10]
 161:C:/Users/John/Desktop/workspace/miniwinwm/MiniWin\miniwin_touch.c **** 	display_points[1].y = touch_cross_size;
 341                             		.loc 1 161 22 discriminator 4
 342 0063 DD A5 01                		mov.W	2[r10], r5
 343 0066 E7 A5 0A                		mov.L	r5, 40[r10]
 162:C:/Users/John/Desktop/workspace/miniwinwm/MiniWin\miniwin_touch.c **** 	display_points[2].x = MW_ROOT_WIDTH - (INT_32)touch_cross_size;
 344                             		.loc 1 162 24 discriminator 4
 345 0069 05 00 00 00             		bsr	_mw_hal_lcd_get_display_width
 346 006d EF 15                   		mov.L	r1, r5
 347 006f DF 54                   		mov.W	r5, r4
 348                             		.loc 1 162 40 discriminator 4
 349 0071 DD A5 01                		mov.W	2[r10], r5
 350                             		.loc 1 162 38 discriminator 4
 351 0074 FF 05 54                		sub	r5, r4, r5
 352                             		.loc 1 162 22 discriminator 4
 353 0077 E7 A5 0B                		mov.L	r5, 44[r10]
 163:C:/Users/John/Desktop/workspace/miniwinwm/MiniWin\miniwin_touch.c **** 	display_points[2].y = MW_ROOT_HEIGHT - (INT_32)touch_cross_size;
 354                             		.loc 1 163 24 discriminator 4
 355 007a 05 00 00 00             		bsr	_mw_hal_lcd_get_display_height
 356 007e EF 15                   		mov.L	r1, r5
 357 0080 DF 54                   		mov.W	r5, r4
 358                             		.loc 1 163 41 discriminator 4
 359 0082 DD A5 01                		mov.W	2[r10], r5
 360                             		.loc 1 163 39 discriminator 4
 361 0085 FF 05 54                		sub	r5, r4, r5
 362                             		.loc 1 163 22 discriminator 4
 363 0088 E7 A5 0C                		mov.L	r5, 48[r10]
 164:C:/Users/John/Desktop/workspace/miniwinwm/MiniWin\miniwin_touch.c **** 	uint16_t x;
 165:C:/Users/John/Desktop/workspace/miniwinwm/MiniWin\miniwin_touch.c **** 	uint16_t y;
 166:C:/Users/John/Desktop/workspace/miniwinwm/MiniWin\miniwin_touch.c **** 
 167:C:/Users/John/Desktop/workspace/miniwinwm/MiniWin\miniwin_touch.c **** 	MW_ASSERT(matrix != (void*)0, "Null pointer argument");
 364                             		.loc 1 167 2 discriminator 4
 365 008b ED A5 0E                		mov.L	56[r10], r5
 366 008e 61 05                   		cmp	#0, r5
 367 0090 FC DB 51                		scne.L	r5
 368 0093 FB 42 18 00 00 00       		mov.L	#.LC1, r4
 369 0099 75 43 A7                		mov.L	#0xa7, r3
 370 009c FB 22 00 00 00 00       		mov.L	#___func__.2915, r2
 371 00a2 CF 51                   		mov.B	r5, r1
 372 00a4 05 00 00 00             		bsr	_mw_debug_print_assert
 168:C:/Users/John/Desktop/workspace/miniwinwm/MiniWin\miniwin_touch.c **** 
 169:C:/Users/John/Desktop/workspace/miniwinwm/MiniWin\miniwin_touch.c ****     /* first point */
 170:C:/Users/John/Desktop/workspace/miniwinwm/MiniWin\miniwin_touch.c **** 	draw_cross((int16_t)display_points[0].x, (int16_t)display_points[0].y, touch_cross_size);
 373                             		.loc 1 170 39 discriminator 4
 374 00a8 ED A5 07                		mov.L	28[r10], r5
 375                             		.loc 1 170 69 discriminator 4
 376 00ab ED A4 08                		mov.L	32[r10], r4
 377                             		.loc 1 170 2 discriminator 4
 378 00ae DD A3 01                		mov.W	2[r10], r3
 379 00b1 DF 42                   		mov.W	r4, r2
 380 00b3 DF 51                   		mov.W	r5, r1
 381 00b5 05 00 00 00             		bsr	_draw_cross
 171:C:/Users/John/Desktop/workspace/miniwinwm/MiniWin\miniwin_touch.c **** 	while (mw_hal_touch_get_state() == MW_HAL_TOUCH_STATE_UP)
 382                             		.loc 1 171 8 discriminator 4
 383 00b9 03                      		nop
 384                             	.L13:
 385                             		.loc 1 171 9 discriminator 1
 386 00ba 05 00 00 00             		bsr	_mw_hal_touch_get_state
 387 00be EF 15                   		mov.L	r1, r5
 388                             		.loc 1 171 8 discriminator 1
 389 00c0 61 15                   		cmp	#1, r5
 390 00c2 20 F8                   		beq	.L13
 172:C:/Users/John/Desktop/workspace/miniwinwm/MiniWin\miniwin_touch.c **** 	{
 173:C:/Users/John/Desktop/workspace/miniwinwm/MiniWin\miniwin_touch.c **** 	}
 174:C:/Users/John/Desktop/workspace/miniwinwm/MiniWin\miniwin_touch.c **** 	while (!mw_hal_touch_get_point(&x, &y))
 391                             		.loc 1 174 8
 392 00c4 03                      		nop
 393                             	.L14:
 394                             		.loc 1 174 10 discriminator 1
 395 00c5 71 A4 36                		add	#54, r10, r4
 396 00c8 71 A5 34                		add	#52, r10, r5
 397 00cb EF 42                   		mov.L	r4, r2
 398 00cd EF 51                   		mov.L	r5, r1
 399 00cf 05 00 00 00             		bsr	_mw_hal_touch_get_point
 400 00d3 EF 15                   		mov.L	r1, r5
 401                             		.loc 1 174 9 discriminator 1
 402 00d5 FD 74 D5 01             		xor	#1, r5
 403                             		.loc 1 174 8 discriminator 1
 404 00d9 5B 55                   		movu.B	r5, r5
 405 00db 61 05                   		cmp	#0, r5
 406 00dd 21 E8                   		bne	.L14
 175:C:/Users/John/Desktop/workspace/miniwinwm/MiniWin\miniwin_touch.c **** 	{
 176:C:/Users/John/Desktop/workspace/miniwinwm/MiniWin\miniwin_touch.c **** 	}
 177:C:/Users/John/Desktop/workspace/miniwinwm/MiniWin\miniwin_touch.c **** 	raw_points[0].x = (INT_32)x;
 407                             		.loc 1 177 20
 408 00df DD A5 1A                		mov.W	52[r10], r5
 409 00e2 5F 55                   		movu.W	r5, r5
 410                             		.loc 1 177 18
 411 00e4 E7 A5 01                		mov.L	r5, 4[r10]
 178:C:/Users/John/Desktop/workspace/miniwinwm/MiniWin\miniwin_touch.c **** 	raw_points[0].y = (INT_32)y;
 412                             		.loc 1 178 20
 413 00e7 DD A5 1B                		mov.W	54[r10], r5
 414 00ea 5F 55                   		movu.W	r5, r5
 415                             		.loc 1 178 18
 416 00ec E7 A5 02                		mov.L	r5, 8[r10]
 179:C:/Users/John/Desktop/workspace/miniwinwm/MiniWin\miniwin_touch.c **** 	while (mw_hal_touch_get_state() == MW_HAL_TOUCH_STATE_DOWN)
 417                             		.loc 1 179 8
 418 00ef 03                      		nop
 419                             	.L15:
 420                             		.loc 1 179 9 discriminator 1
 421 00f0 05 00 00 00             		bsr	_mw_hal_touch_get_state
 422 00f4 EF 15                   		mov.L	r1, r5
 423                             		.loc 1 179 8 discriminator 1
 424 00f6 61 05                   		cmp	#0, r5
 425 00f8 20 F8                   		beq	.L15
 180:C:/Users/John/Desktop/workspace/miniwinwm/MiniWin\miniwin_touch.c **** 	{
 181:C:/Users/John/Desktop/workspace/miniwinwm/MiniWin\miniwin_touch.c **** 	}
 182:C:/Users/John/Desktop/workspace/miniwinwm/MiniWin\miniwin_touch.c **** 
 183:C:/Users/John/Desktop/workspace/miniwinwm/MiniWin\miniwin_touch.c ****     /* second point */
 184:C:/Users/John/Desktop/workspace/miniwinwm/MiniWin\miniwin_touch.c **** 	draw_cross((int16_t)display_points[1].x, (int16_t)display_points[1].y, touch_cross_size);
 426                             		.loc 1 184 39
 427 00fa ED A5 09                		mov.L	36[r10], r5
 428                             		.loc 1 184 69
 429 00fd ED A4 0A                		mov.L	40[r10], r4
 430                             		.loc 1 184 2
 431 0100 DD A3 01                		mov.W	2[r10], r3
 432 0103 DF 42                   		mov.W	r4, r2
 433 0105 DF 51                   		mov.W	r5, r1
 434 0107 05 00 00 00             		bsr	_draw_cross
 185:C:/Users/John/Desktop/workspace/miniwinwm/MiniWin\miniwin_touch.c **** 	while (mw_hal_touch_get_state() == MW_HAL_TOUCH_STATE_UP)
 435                             		.loc 1 185 8
 436 010b 03                      		nop
 437                             	.L16:
 438                             		.loc 1 185 9 discriminator 1
 439 010c 05 00 00 00             		bsr	_mw_hal_touch_get_state
 440 0110 EF 15                   		mov.L	r1, r5
 441                             		.loc 1 185 8 discriminator 1
 442 0112 61 15                   		cmp	#1, r5
 443 0114 20 F8                   		beq	.L16
 186:C:/Users/John/Desktop/workspace/miniwinwm/MiniWin\miniwin_touch.c **** 	{
 187:C:/Users/John/Desktop/workspace/miniwinwm/MiniWin\miniwin_touch.c **** 	}
 188:C:/Users/John/Desktop/workspace/miniwinwm/MiniWin\miniwin_touch.c **** 	while (!mw_hal_touch_get_point(&x, &y))
 444                             		.loc 1 188 8
 445 0116 03                      		nop
 446                             	.L17:
 447                             		.loc 1 188 10 discriminator 1
 448 0117 71 A4 36                		add	#54, r10, r4
 449 011a 71 A5 34                		add	#52, r10, r5
 450 011d EF 42                   		mov.L	r4, r2
 451 011f EF 51                   		mov.L	r5, r1
 452 0121 05 00 00 00             		bsr	_mw_hal_touch_get_point
 453 0125 EF 15                   		mov.L	r1, r5
 454                             		.loc 1 188 9 discriminator 1
 455 0127 FD 74 D5 01             		xor	#1, r5
 456                             		.loc 1 188 8 discriminator 1
 457 012b 5B 55                   		movu.B	r5, r5
 458 012d 61 05                   		cmp	#0, r5
 459 012f 21 E8                   		bne	.L17
 189:C:/Users/John/Desktop/workspace/miniwinwm/MiniWin\miniwin_touch.c **** 	{
 190:C:/Users/John/Desktop/workspace/miniwinwm/MiniWin\miniwin_touch.c **** 	}
 191:C:/Users/John/Desktop/workspace/miniwinwm/MiniWin\miniwin_touch.c **** 	raw_points[1].x = (INT_32)x;
 460                             		.loc 1 191 20
 461 0131 DD A5 1A                		mov.W	52[r10], r5
 462 0134 5F 55                   		movu.W	r5, r5
 463                             		.loc 1 191 18
 464 0136 E7 A5 03                		mov.L	r5, 12[r10]
 192:C:/Users/John/Desktop/workspace/miniwinwm/MiniWin\miniwin_touch.c **** 	raw_points[1].y = (INT_32)y;
 465                             		.loc 1 192 20
 466 0139 DD A5 1B                		mov.W	54[r10], r5
 467 013c 5F 55                   		movu.W	r5, r5
 468                             		.loc 1 192 18
 469 013e E7 A5 04                		mov.L	r5, 16[r10]
 193:C:/Users/John/Desktop/workspace/miniwinwm/MiniWin\miniwin_touch.c **** 	while (mw_hal_touch_get_state() == MW_HAL_TOUCH_STATE_DOWN)
 470                             		.loc 1 193 8
 471 0141 03                      		nop
 472                             	.L18:
 473                             		.loc 1 193 9 discriminator 1
 474 0142 05 00 00 00             		bsr	_mw_hal_touch_get_state
 475 0146 EF 15                   		mov.L	r1, r5
 476                             		.loc 1 193 8 discriminator 1
 477 0148 61 05                   		cmp	#0, r5
 478 014a 20 F8                   		beq	.L18
 194:C:/Users/John/Desktop/workspace/miniwinwm/MiniWin\miniwin_touch.c **** 	{
 195:C:/Users/John/Desktop/workspace/miniwinwm/MiniWin\miniwin_touch.c **** 	}
 196:C:/Users/John/Desktop/workspace/miniwinwm/MiniWin\miniwin_touch.c **** 
 197:C:/Users/John/Desktop/workspace/miniwinwm/MiniWin\miniwin_touch.c ****     /* third point */
 198:C:/Users/John/Desktop/workspace/miniwinwm/MiniWin\miniwin_touch.c **** 	draw_cross((int16_t)display_points[2].x, (int16_t)display_points[2].y, touch_cross_size);
 479                             		.loc 1 198 39
 480 014c ED A5 0B                		mov.L	44[r10], r5
 481                             		.loc 1 198 69
 482 014f ED A4 0C                		mov.L	48[r10], r4
 483                             		.loc 1 198 2
 484 0152 DD A3 01                		mov.W	2[r10], r3
 485 0155 DF 42                   		mov.W	r4, r2
 486 0157 DF 51                   		mov.W	r5, r1
 487 0159 05 00 00 00             		bsr	_draw_cross
 199:C:/Users/John/Desktop/workspace/miniwinwm/MiniWin\miniwin_touch.c **** 	while (mw_hal_touch_get_state() == MW_HAL_TOUCH_STATE_UP)
 488                             		.loc 1 199 8
 489 015d 03                      		nop
 490                             	.L19:
 491                             		.loc 1 199 9 discriminator 1
 492 015e 05 00 00 00             		bsr	_mw_hal_touch_get_state
 493 0162 EF 15                   		mov.L	r1, r5
 494                             		.loc 1 199 8 discriminator 1
 495 0164 61 15                   		cmp	#1, r5
 496 0166 20 F8                   		beq	.L19
 200:C:/Users/John/Desktop/workspace/miniwinwm/MiniWin\miniwin_touch.c **** 	{
 201:C:/Users/John/Desktop/workspace/miniwinwm/MiniWin\miniwin_touch.c **** 	}
 202:C:/Users/John/Desktop/workspace/miniwinwm/MiniWin\miniwin_touch.c **** 	while (!mw_hal_touch_get_point(&x, &y))
 497                             		.loc 1 202 8
 498 0168 03                      		nop
 499                             	.L20:
 500                             		.loc 1 202 10 discriminator 1
 501 0169 71 A4 36                		add	#54, r10, r4
 502 016c 71 A5 34                		add	#52, r10, r5
 503 016f EF 42                   		mov.L	r4, r2
 504 0171 EF 51                   		mov.L	r5, r1
 505 0173 05 00 00 00             		bsr	_mw_hal_touch_get_point
 506 0177 EF 15                   		mov.L	r1, r5
 507                             		.loc 1 202 9 discriminator 1
 508 0179 FD 74 D5 01             		xor	#1, r5
 509                             		.loc 1 202 8 discriminator 1
 510 017d 5B 55                   		movu.B	r5, r5
 511 017f 61 05                   		cmp	#0, r5
 512 0181 21 E8                   		bne	.L20
 203:C:/Users/John/Desktop/workspace/miniwinwm/MiniWin\miniwin_touch.c **** 	{
 204:C:/Users/John/Desktop/workspace/miniwinwm/MiniWin\miniwin_touch.c **** 	}
 205:C:/Users/John/Desktop/workspace/miniwinwm/MiniWin\miniwin_touch.c **** 	raw_points[2].x = (INT_32)x;
 513                             		.loc 1 205 20
 514 0183 DD A5 1A                		mov.W	52[r10], r5
 515 0186 5F 55                   		movu.W	r5, r5
 516                             		.loc 1 205 18
 517 0188 E7 A5 05                		mov.L	r5, 20[r10]
 206:C:/Users/John/Desktop/workspace/miniwinwm/MiniWin\miniwin_touch.c **** 	raw_points[2].y = (INT_32)y;
 518                             		.loc 1 206 20
 519 018b DD A5 1B                		mov.W	54[r10], r5
 520 018e 5F 55                   		movu.W	r5, r5
 521                             		.loc 1 206 18
 522 0190 E7 A5 06                		mov.L	r5, 24[r10]
 207:C:/Users/John/Desktop/workspace/miniwinwm/MiniWin\miniwin_touch.c **** 	while (mw_hal_touch_get_state() == MW_HAL_TOUCH_STATE_DOWN)
 523                             		.loc 1 207 8
 524 0193 03                      		nop
 525                             	.L21:
 526                             		.loc 1 207 9 discriminator 1
 527 0194 05 00 00 00             		bsr	_mw_hal_touch_get_state
 528 0198 EF 15                   		mov.L	r1, r5
 529                             		.loc 1 207 8 discriminator 1
 530 019a 61 05                   		cmp	#0, r5
 531 019c 20 F8                   		beq	.L21
 208:C:/Users/John/Desktop/workspace/miniwinwm/MiniWin\miniwin_touch.c **** 	{
 209:C:/Users/John/Desktop/workspace/miniwinwm/MiniWin\miniwin_touch.c **** 	}
 210:C:/Users/John/Desktop/workspace/miniwinwm/MiniWin\miniwin_touch.c **** 
 211:C:/Users/John/Desktop/workspace/miniwinwm/MiniWin\miniwin_touch.c **** 	(void)setCalibrationMatrix(display_points, raw_points, matrix);
 532                             		.loc 1 211 8
 533 019e 71 A4 04                		add	#4, r10, r4
 534 01a1 71 A5 1C                		add	#28, r10, r5
 535 01a4 ED A3 0E                		mov.L	56[r10], r3
 536 01a7 EF 42                   		mov.L	r4, r2
 537 01a9 EF 51                   		mov.L	r5, r1
 538 01ab 05 00 00 00             		bsr	_setCalibrationMatrix
 212:C:/Users/John/Desktop/workspace/miniwinwm/MiniWin\miniwin_touch.c **** }
 539                             		.loc 1 212 1
 540 01af 03                      		nop
 541 01b0 3F 6A 14                		rtsd	#80, r6-r10
 542                             	.LFE2:
 544                             		.section	.rodata.__func__.2905,"a"
 547                             	___func__.2905:
 548 0000 6D 77 5F 74 6F 75 63 68 		.string	"mw_touch_get_display_touch"
 548      5F 67 65 74 5F 64 69 73 
 548      70 6C 61 79 5F 74 6F 75 
 548      63 68 00 
 549                             		.section	.rodata.__func__.2915,"a"
 552                             	___func__.2915:
 553 0000 6D 77 5F 74 6F 75 63 68 		.string	"mw_touch_calibrate"
 553      5F 63 61 6C 69 62 72 61 
 553      74 65 00 
 654                             	.Letext0:
 655                             		.file 2 "c:\\program files (x86)\\gcc for renesas rx 8.3.0.201904-gnurx-elf\\rx-elf\\rx-elf\\rx-el
 656                             		.file 3 "c:\\program files (x86)\\gcc for renesas rx 8.3.0.201904-gnurx-elf\\rx-elf\\rx-elf\\rx-el
 657                             		.file 4 "c:\\program files (x86)\\gcc for renesas rx 8.3.0.201904-gnurx-elf\\rx-elf\\rx-elf\\rx-el
 658                             		.file 5 "c:\\program files (x86)\\gcc for renesas rx 8.3.0.201904-gnurx-elf\\rx-elf\\rx-elf\\lib\\
 659                             		.file 6 "c:\\program files (x86)\\gcc for renesas rx 8.3.0.201904-gnurx-elf\\rx-elf\\rx-elf\\rx-el
 660                             		.file 7 "c:\\program files (x86)\\gcc for renesas rx 8.3.0.201904-gnurx-elf\\rx-elf\\rx-elf\\rx-el
 661                             		.file 8 "C:\\Users\\John\\Desktop\\workspace\\miniwinwm\\MiniWin/miniwin_utilities.h"
 662                             		.file 9 "C:/Users/John/Desktop/workspace/miniwinwm/MiniWin/gl/gl.h"
 663                             		.file 10 "C:/Users/John/Desktop/workspace/miniwinwm/MiniWin/bitmaps/mw_bitmaps.h"
 664                             		.file 11 "C:/Users/John/Desktop/workspace/miniwinwm/MiniWin/hal/hal_timer.h"
 665                             		.file 12 "C:/Users/John/Desktop/workspace/miniwinwm/MiniWin/calibrate.h"
 666                             		.file 13 "C:/Users/John/Desktop/workspace/miniwinwm/MiniWin/hal/hal_touch.h"
