   1                             		.file	"num_key.c"
   2                             		.section P,"ax"
   3                             	.Ltext0:
   4                             		.global	_mw_bitmaps_num_key
   5                             		.section	.rodata.mw_bitmaps_num_key,"a"
   8                             	_mw_bitmaps_num_key:
   9 0000 FF                      		.byte	-1
  10 0001 FF                      		.byte	-1
  11 0002 FF                      		.byte	-1
  12 0003 FF                      		.byte	-1
  13 0004 F7                      		.byte	-9
  14 0005 C3                      		.byte	-61
  15 0006 E7                      		.byte	-25
  16 0007 BB                      		.byte	-69
  17 0008 D7                      		.byte	-41
  18 0009 BB                      		.byte	-69
  19 000a F7                      		.byte	-9
  20 000b BB                      		.byte	-69
  21 000c F7                      		.byte	-9
  22 000d BB                      		.byte	-69
  23 000e F4                      		.byte	-12
  24 000f BB                      		.byte	-69
  25 0010 F7                      		.byte	-9
  26 0011 C3                      		.byte	-61
  27 0012 F7                      		.byte	-9
  28 0013 FB                      		.byte	-5
  29 0014 F7                      		.byte	-9
  30 0015 FB                      		.byte	-5
  31 0016 F7                      		.byte	-9
  32 0017 FB                      		.byte	-5
  33 0018 F7                      		.byte	-9
  34 0019 FB                      		.byte	-5
  35 001a E3                      		.byte	-29
  36 001b FB                      		.byte	-5
  37 001c FF                      		.byte	-1
  38 001d FF                      		.byte	-1
  39 001e FF                      		.byte	-1
  40 001f FF                      		.byte	-1
  41                             		.section P,"ax"
  42                             	.Letext0:
  43                             		.file 1 "c:\\program files (x86)\\gcc for renesas rx 8.3.0.201904-gnurx-elf\\rx-elf\\rx-elf\\rx-el
  44                             		.file 2 "c:\\program files (x86)\\gcc for renesas rx 8.3.0.201904-gnurx-elf\\rx-elf\\rx-elf\\rx-el
  45                             		.file 3 "C:\\Users\\John\\Desktop\\workspace\\miniwinwm\\MiniWin/bitmaps/mw_bitmaps.h"
  46                             		.file 4 "C:/Users/John/Desktop/workspace/miniwinwm/MiniWin/bitmaps/num_key.c"
