   1                             		.file	"resize_icon.c"
   2                             		.section P,"ax"
   3                             	.Ltext0:
   4                             		.global	_mw_bitmaps_resize_icon
   5                             		.section	.rodata.mw_bitmaps_resize_icon,"a"
   8                             	_mw_bitmaps_resize_icon:
   9 0000 00                      		.byte	0
  10 0001 00                      		.byte	0
  11 0002 00                      		.byte	0
  12 0003 04                      		.byte	4
  13 0004 00                      		.byte	0
  14 0005 0C                      		.byte	12
  15 0006 00                      		.byte	0
  16 0007 1C                      		.byte	28
  17 0008 00                      		.byte	0
  18 0009 3C                      		.byte	60
  19 000a 00                      		.byte	0
  20 000b 7C                      		.byte	0x7c
  21 000c 00                      		.byte	0
  22 000d FC                      		.byte	-4
  23 000e 01                      		.byte	1
  24 000f FC                      		.byte	-4
  25 0010 03                      		.byte	3
  26 0011 FC                      		.byte	-4
  27 0012 07                      		.byte	7
  28 0013 FC                      		.byte	-4
  29 0014 0F                      		.byte	15
  30 0015 FC                      		.byte	-4
  31 0016 1F                      		.byte	31
  32 0017 FC                      		.byte	-4
  33 0018 3F                      		.byte	63
  34 0019 FC                      		.byte	-4
  35 001a 7F                      		.byte	0x7f
  36 001b FC                      		.byte	-4
  37                             		.section P,"ax"
  38                             	.Letext0:
  39                             		.file 1 "c:\\program files (x86)\\gcc for renesas rx 8.3.0.201904-gnurx-elf\\rx-elf\\rx-elf\\rx-el
  40                             		.file 2 "c:\\program files (x86)\\gcc for renesas rx 8.3.0.201904-gnurx-elf\\rx-elf\\rx-elf\\rx-el
  41                             		.file 3 "C:\\Users\\John\\Desktop\\workspace\\miniwinwm\\MiniWin/bitmaps/mw_bitmaps.h"
  42                             		.file 4 "C:/Users/John/Desktop/workspace/miniwinwm/MiniWin/bitmaps/resize_icon.c"
