   1                             		.file	"shift_key.c"
   2                             		.section P,"ax"
   3                             	.Ltext0:
   4                             		.global	_mw_bitmaps_shift_key
   5                             		.section	.rodata.mw_bitmaps_shift_key,"a"
   8                             	_mw_bitmaps_shift_key:
   9 0000 FF                      		.byte	-1
  10 0001 FF                      		.byte	-1
  11 0002 FF                      		.byte	-1
  12 0003 FF                      		.byte	-1
  13 0004 FE                      		.byte	-2
  14 0005 FF                      		.byte	-1
  15 0006 FC                      		.byte	-4
  16 0007 7F                      		.byte	0x7f
  17 0008 F8                      		.byte	-8
  18 0009 3F                      		.byte	63
  19 000a F0                      		.byte	-16
  20 000b 1F                      		.byte	31
  21 000c E0                      		.byte	-32
  22 000d 0F                      		.byte	15
  23 000e FC                      		.byte	-4
  24 000f 7F                      		.byte	0x7f
  25 0010 FC                      		.byte	-4
  26 0011 7F                      		.byte	0x7f
  27 0012 FC                      		.byte	-4
  28 0013 7F                      		.byte	0x7f
  29 0014 FC                      		.byte	-4
  30 0015 7F                      		.byte	0x7f
  31 0016 FC                      		.byte	-4
  32 0017 7F                      		.byte	0x7f
  33 0018 FC                      		.byte	-4
  34 0019 7F                      		.byte	0x7f
  35 001a FC                      		.byte	-4
  36 001b 7F                      		.byte	0x7f
  37 001c FF                      		.byte	-1
  38 001d FF                      		.byte	-1
  39 001e FF                      		.byte	-1
  40 001f FF                      		.byte	-1
  41                             		.section P,"ax"
  42                             	.Letext0:
  43                             		.file 1 "c:\\program files (x86)\\gcc for renesas rx 8.3.0.201904-gnurx-elf\\rx-elf\\rx-elf\\rx-el
  44                             		.file 2 "c:\\program files (x86)\\gcc for renesas rx 8.3.0.201904-gnurx-elf\\rx-elf\\rx-elf\\rx-el
  45                             		.file 3 "C:\\Users\\John\\Desktop\\workspace\\miniwinwm\\MiniWin/bitmaps/mw_bitmaps.h"
  46                             		.file 4 "C:/Users/John/Desktop/workspace/miniwinwm/MiniWin/bitmaps/shift_key.c"
