   1                             		.file	"sym_key.c"
   2                             		.section P,"ax"
   3                             	.Ltext0:
   4                             		.global	_mw_bitmaps_sym_key
   5                             		.section	.rodata.mw_bitmaps_sym_key,"a"
   8                             	_mw_bitmaps_sym_key:
   9 0000 FF                      		.byte	-1
  10 0001 FF                      		.byte	-1
  11 0002 FF                      		.byte	-1
  12 0003 FF                      		.byte	-1
  13 0004 EF                      		.byte	-17
  14 0005 87                      		.byte	-121
  15 0006 EF                      		.byte	-17
  16 0007 7B                      		.byte	0x7b
  17 0008 EF                      		.byte	-17
  18 0009 FB                      		.byte	-5
  19 000a EF                      		.byte	-17
  20 000b FB                      		.byte	-5
  21 000c EF                      		.byte	-17
  22 000d FB                      		.byte	-5
  23 000e EF                      		.byte	-17
  24 000f F7                      		.byte	-9
  25 0010 EC                      		.byte	-20
  26 0011 EF                      		.byte	-17
  27 0012 EF                      		.byte	-17
  28 0013 DF                      		.byte	-33
  29 0014 EF                      		.byte	-17
  30 0015 DF                      		.byte	-33
  31 0016 EF                      		.byte	-17
  32 0017 DF                      		.byte	-33
  33 0018 FF                      		.byte	-1
  34 0019 FF                      		.byte	-1
  35 001a EF                      		.byte	-17
  36 001b DF                      		.byte	-33
  37 001c FF                      		.byte	-1
  38 001d FF                      		.byte	-1
  39 001e FF                      		.byte	-1
  40 001f FF                      		.byte	-1
  41                             		.section P,"ax"
  42                             	.Letext0:
  43                             		.file 1 "c:\\program files (x86)\\gcc for renesas rx 8.3.0.201904-gnurx-elf\\rx-elf\\rx-elf\\rx-el
  44                             		.file 2 "c:\\program files (x86)\\gcc for renesas rx 8.3.0.201904-gnurx-elf\\rx-elf\\rx-elf\\rx-el
  45                             		.file 3 "C:\\Users\\John\\Desktop\\workspace\\miniwinwm\\MiniWin/bitmaps/mw_bitmaps.h"
  46                             		.file 4 "C:/Users/John/Desktop/workspace/miniwinwm/MiniWin/bitmaps/sym_key.c"
