   1                             		.file	"tick_large.c"
   2                             		.section P,"ax"
   3                             	.Ltext0:
   4                             		.global	_mw_bitmaps_tick_large
   5                             		.section	.rodata.mw_bitmaps_tick_large,"a"
   8                             	_mw_bitmaps_tick_large:
   9 0000 FF                      		.byte	-1
  10 0001 FF                      		.byte	-1
  11 0002 FF                      		.byte	-1
  12 0003 FF                      		.byte	-1
  13 0004 FF                      		.byte	-1
  14 0005 FF                      		.byte	-1
  15 0006 FF                      		.byte	-1
  16 0007 FF                      		.byte	-1
  17 0008 F3                      		.byte	-13
  18 0009 FF                      		.byte	-1
  19 000a FF                      		.byte	-1
  20 000b C7                      		.byte	-57
  21 000c FF                      		.byte	-1
  22 000d FF                      		.byte	-1
  23 000e 8F                      		.byte	-113
  24 000f FF                      		.byte	-1
  25 0010 FF                      		.byte	-1
  26 0011 1F                      		.byte	31
  27 0012 FF                      		.byte	-1
  28 0013 FE                      		.byte	-2
  29 0014 3F                      		.byte	63
  30 0015 FF                      		.byte	-1
  31 0016 FC                      		.byte	-4
  32 0017 7F                      		.byte	0x7f
  33 0018 FF                      		.byte	-1
  34 0019 F8                      		.byte	-8
  35 001a 7F                      		.byte	0x7f
  36 001b FF                      		.byte	-1
  37 001c F0                      		.byte	-16
  38 001d FF                      		.byte	-1
  39 001e FF                      		.byte	-1
  40 001f E0                      		.byte	-32
  41 0020 FF                      		.byte	-1
  42 0021 FF                      		.byte	-1
  43 0022 C1                      		.byte	-63
  44 0023 FF                      		.byte	-1
  45 0024 FF                      		.byte	-1
  46 0025 C1                      		.byte	-63
  47 0026 FF                      		.byte	-1
  48 0027 FF                      		.byte	-1
  49 0028 83                      		.byte	-125
  50 0029 FF                      		.byte	-1
  51 002a 3F                      		.byte	63
  52 002b 03                      		.byte	3
  53 002c FF                      		.byte	-1
  54 002d 0F                      		.byte	15
  55 002e 07                      		.byte	7
  56 002f FF                      		.byte	-1
  57 0030 C6                      		.byte	-58
  58 0031 07                      		.byte	7
  59 0032 FF                      		.byte	-1
  60 0033 C0                      		.byte	-64
  61 0034 0F                      		.byte	15
  62 0035 FF                      		.byte	-1
  63 0036 E0                      		.byte	-32
  64 0037 0F                      		.byte	15
  65 0038 FF                      		.byte	-1
  66 0039 F0                      		.byte	-16
  67 003a 1F                      		.byte	31
  68 003b FF                      		.byte	-1
  69 003c F8                      		.byte	-8
  70 003d 1F                      		.byte	31
  71 003e FF                      		.byte	-1
  72 003f FC                      		.byte	-4
  73 0040 3F                      		.byte	63
  74 0041 FF                      		.byte	-1
  75 0042 FE                      		.byte	-2
  76 0043 3F                      		.byte	63
  77 0044 FF                      		.byte	-1
  78 0045 FF                      		.byte	-1
  79 0046 3F                      		.byte	63
  80 0047 FF                      		.byte	-1
  81                             		.section P,"ax"
  82                             	.Letext0:
  83                             		.file 1 "c:\\program files (x86)\\gcc for renesas rx 8.3.0.201904-gnurx-elf\\rx-elf\\rx-elf\\rx-el
  84                             		.file 2 "c:\\program files (x86)\\gcc for renesas rx 8.3.0.201904-gnurx-elf\\rx-elf\\rx-elf\\rx-el
  85                             		.file 3 "C:\\Users\\John\\Desktop\\workspace\\miniwinwm\\MiniWin/bitmaps/mw_bitmaps.h"
  86                             		.file 4 "C:/Users/John/Desktop/workspace/miniwinwm/MiniWin/bitmaps/tick_large.c"
