   1                             		.file	"tick.c"
   2                             		.section P,"ax"
   3                             	.Ltext0:
   4                             		.global	_mw_bitmaps_tick
   5                             		.section	.rodata.mw_bitmaps_tick,"a"
   8                             	_mw_bitmaps_tick:
   9 0000 FF                      		.byte	-1
  10 0001 F0                      		.byte	-16
  11 0002 FF                      		.byte	-1
  12 0003 90                      		.byte	-112
  13 0004 FF                      		.byte	-1
  14 0005 30                      		.byte	48
  15 0006 FE                      		.byte	-2
  16 0007 70                      		.byte	0x70
  17 0008 FC                      		.byte	-4
  18 0009 F0                      		.byte	-16
  19 000a F8                      		.byte	-8
  20 000b F0                      		.byte	-16
  21 000c F9                      		.byte	-7
  22 000d F0                      		.byte	-16
  23 000e 31                      		.byte	49
  24 000f F0                      		.byte	-16
  25 0010 83                      		.byte	-125
  26 0011 F0                      		.byte	-16
  27 0012 C3                      		.byte	-61
  28 0013 F0                      		.byte	-16
  29 0014 E7                      		.byte	-25
  30 0015 F0                      		.byte	-16
  31 0016 F7                      		.byte	-9
  32 0017 F0                      		.byte	-16
  33                             		.section P,"ax"
  34                             	.Letext0:
  35                             		.file 1 "c:\\program files (x86)\\gcc for renesas rx 8.3.0.201904-gnurx-elf\\rx-elf\\rx-elf\\rx-el
  36                             		.file 2 "c:\\program files (x86)\\gcc for renesas rx 8.3.0.201904-gnurx-elf\\rx-elf\\rx-elf\\rx-el
  37                             		.file 3 "C:\\Users\\John\\Desktop\\workspace\\miniwinwm\\MiniWin/bitmaps/mw_bitmaps.h"
  38                             		.file 4 "C:/Users/John/Desktop/workspace/miniwinwm/MiniWin/bitmaps/tick.c"
