   1                             		.file	"ui_label.c"
   2                             		.section P,"ax"
   3                             	.Ltext0:
   4                             		.section C,"a",@progbits
   5                             		.p2align 2
   6                             	.LC0:
   7 0000 4E 75 6C 6C 20 70 6F 69 		.string	"Null pointer argument"
   7      6E 74 65 72 20 61 72 67 
   7      75 6D 65 6E 74 00 
   8 0016 00 00                   		.section	.text.label_paint_function,"ax",@progbits
  10                             	_label_paint_function:
  11                             	.LFB0:
  12                             		.file 1 "C:/Users/John/Desktop/workspace/miniwinwm/MiniWin/ui/ui_label.c"
   1:C:/Users/John/Desktop/workspace/miniwinwm/MiniWin/ui\ui_label.c **** /*
   2:C:/Users/John/Desktop/workspace/miniwinwm/MiniWin/ui\ui_label.c **** 
   3:C:/Users/John/Desktop/workspace/miniwinwm/MiniWin/ui\ui_label.c **** MIT License
   4:C:/Users/John/Desktop/workspace/miniwinwm/MiniWin/ui\ui_label.c **** 
   5:C:/Users/John/Desktop/workspace/miniwinwm/MiniWin/ui\ui_label.c **** Copyright (c) John Blaiklock 2019 miniwin Embedded Window Manager
   6:C:/Users/John/Desktop/workspace/miniwinwm/MiniWin/ui\ui_label.c **** 
   7:C:/Users/John/Desktop/workspace/miniwinwm/MiniWin/ui\ui_label.c **** Permission is hereby granted, free of charge, to any person obtaining a copy
   8:C:/Users/John/Desktop/workspace/miniwinwm/MiniWin/ui\ui_label.c **** of this software and associated documentation files (the "Software"), to deal
   9:C:/Users/John/Desktop/workspace/miniwinwm/MiniWin/ui\ui_label.c **** in the Software without restriction, including without limitation the rights
  10:C:/Users/John/Desktop/workspace/miniwinwm/MiniWin/ui\ui_label.c **** to use, copy, modify, merge, publish, distribute, sublicense, and/or sell
  11:C:/Users/John/Desktop/workspace/miniwinwm/MiniWin/ui\ui_label.c **** copies of the Software, and to permit persons to whom the Software is
  12:C:/Users/John/Desktop/workspace/miniwinwm/MiniWin/ui\ui_label.c **** furnished to do so, subject to the following conditions:
  13:C:/Users/John/Desktop/workspace/miniwinwm/MiniWin/ui\ui_label.c **** 
  14:C:/Users/John/Desktop/workspace/miniwinwm/MiniWin/ui\ui_label.c **** The above copyright notice and this permission notice shall be included in all
  15:C:/Users/John/Desktop/workspace/miniwinwm/MiniWin/ui\ui_label.c **** copies or substantial portions of the Software.
  16:C:/Users/John/Desktop/workspace/miniwinwm/MiniWin/ui\ui_label.c **** 
  17:C:/Users/John/Desktop/workspace/miniwinwm/MiniWin/ui\ui_label.c **** THE SOFTWARE IS PROVIDED "AS IS", WITHOUT WARRANTY OF ANY KIND, EXPRESS OR
  18:C:/Users/John/Desktop/workspace/miniwinwm/MiniWin/ui\ui_label.c **** IMPLIED, INCLUDING BUT NOT LIMITED TO THE WARRANTIES OF MERCHANTABILITY,
  19:C:/Users/John/Desktop/workspace/miniwinwm/MiniWin/ui\ui_label.c **** FITNESS FOR A PARTICULAR PURPOSE AND NONINFRINGEMENT. IN NO EVENT SHALL THE
  20:C:/Users/John/Desktop/workspace/miniwinwm/MiniWin/ui\ui_label.c **** AUTHORS OR COPYRIGHT HOLDERS BE LIABLE FOR ANY CLAIM, DAMAGES OR OTHER
  21:C:/Users/John/Desktop/workspace/miniwinwm/MiniWin/ui\ui_label.c **** LIABILITY, WHETHER IN AN ACTION OF CONTRACT, TORT OR OTHERWISE, ARISING FROM,
  22:C:/Users/John/Desktop/workspace/miniwinwm/MiniWin/ui\ui_label.c **** OUT OF OR IN CONNECTION WITH THE SOFTWARE OR THE USE OR OTHER DEALINGS IN THE
  23:C:/Users/John/Desktop/workspace/miniwinwm/MiniWin/ui\ui_label.c **** SOFTWARE.
  24:C:/Users/John/Desktop/workspace/miniwinwm/MiniWin/ui\ui_label.c **** 
  25:C:/Users/John/Desktop/workspace/miniwinwm/MiniWin/ui\ui_label.c **** */
  26:C:/Users/John/Desktop/workspace/miniwinwm/MiniWin/ui\ui_label.c **** 
  27:C:/Users/John/Desktop/workspace/miniwinwm/MiniWin/ui\ui_label.c **** /***************
  28:C:/Users/John/Desktop/workspace/miniwinwm/MiniWin/ui\ui_label.c **** *** INCLUDES ***
  29:C:/Users/John/Desktop/workspace/miniwinwm/MiniWin/ui\ui_label.c **** ***************/
  30:C:/Users/John/Desktop/workspace/miniwinwm/MiniWin/ui\ui_label.c **** 
  31:C:/Users/John/Desktop/workspace/miniwinwm/MiniWin/ui\ui_label.c **** #include <stdlib.h>
  32:C:/Users/John/Desktop/workspace/miniwinwm/MiniWin/ui\ui_label.c **** #include "miniwin.h"
  33:C:/Users/John/Desktop/workspace/miniwinwm/MiniWin/ui\ui_label.c **** 
  34:C:/Users/John/Desktop/workspace/miniwinwm/MiniWin/ui\ui_label.c **** /****************
  35:C:/Users/John/Desktop/workspace/miniwinwm/MiniWin/ui\ui_label.c **** *** CONSTANTS ***
  36:C:/Users/John/Desktop/workspace/miniwinwm/MiniWin/ui\ui_label.c **** ****************/
  37:C:/Users/John/Desktop/workspace/miniwinwm/MiniWin/ui\ui_label.c **** 
  38:C:/Users/John/Desktop/workspace/miniwinwm/MiniWin/ui\ui_label.c **** /************
  39:C:/Users/John/Desktop/workspace/miniwinwm/MiniWin/ui\ui_label.c **** *** TYPES ***
  40:C:/Users/John/Desktop/workspace/miniwinwm/MiniWin/ui\ui_label.c **** ************/
  41:C:/Users/John/Desktop/workspace/miniwinwm/MiniWin/ui\ui_label.c **** 
  42:C:/Users/John/Desktop/workspace/miniwinwm/MiniWin/ui\ui_label.c **** /***********************
  43:C:/Users/John/Desktop/workspace/miniwinwm/MiniWin/ui\ui_label.c **** *** GLOBAL VARIABLES ***
  44:C:/Users/John/Desktop/workspace/miniwinwm/MiniWin/ui\ui_label.c **** ***********************/
  45:C:/Users/John/Desktop/workspace/miniwinwm/MiniWin/ui\ui_label.c **** 
  46:C:/Users/John/Desktop/workspace/miniwinwm/MiniWin/ui\ui_label.c **** /**********************
  47:C:/Users/John/Desktop/workspace/miniwinwm/MiniWin/ui\ui_label.c **** *** LOCAL VARIABLES ***
  48:C:/Users/John/Desktop/workspace/miniwinwm/MiniWin/ui\ui_label.c **** **********************/
  49:C:/Users/John/Desktop/workspace/miniwinwm/MiniWin/ui\ui_label.c **** 
  50:C:/Users/John/Desktop/workspace/miniwinwm/MiniWin/ui\ui_label.c **** /********************************
  51:C:/Users/John/Desktop/workspace/miniwinwm/MiniWin/ui\ui_label.c **** *** LOCAL FUNCTION PROTOTYPES ***
  52:C:/Users/John/Desktop/workspace/miniwinwm/MiniWin/ui\ui_label.c **** ********************************/
  53:C:/Users/John/Desktop/workspace/miniwinwm/MiniWin/ui\ui_label.c **** 
  54:C:/Users/John/Desktop/workspace/miniwinwm/MiniWin/ui\ui_label.c **** static void label_paint_function(mw_handle_t control_handle, const mw_gl_draw_info_t *draw_info);
  55:C:/Users/John/Desktop/workspace/miniwinwm/MiniWin/ui\ui_label.c **** static void label_message_function(const mw_message_t *message);
  56:C:/Users/John/Desktop/workspace/miniwinwm/MiniWin/ui\ui_label.c **** 
  57:C:/Users/John/Desktop/workspace/miniwinwm/MiniWin/ui\ui_label.c **** /**********************
  58:C:/Users/John/Desktop/workspace/miniwinwm/MiniWin/ui\ui_label.c **** *** LOCAL FUNCTIONS ***
  59:C:/Users/John/Desktop/workspace/miniwinwm/MiniWin/ui\ui_label.c **** **********************/
  60:C:/Users/John/Desktop/workspace/miniwinwm/MiniWin/ui\ui_label.c **** 
  61:C:/Users/John/Desktop/workspace/miniwinwm/MiniWin/ui\ui_label.c **** /**
  62:C:/Users/John/Desktop/workspace/miniwinwm/MiniWin/ui\ui_label.c ****  * Control paint routine, called by window manager.
  63:C:/Users/John/Desktop/workspace/miniwinwm/MiniWin/ui\ui_label.c ****  *
  64:C:/Users/John/Desktop/workspace/miniwinwm/MiniWin/ui\ui_label.c ****  * @param control_handle The control identifier in the array of controls
  65:C:/Users/John/Desktop/workspace/miniwinwm/MiniWin/ui\ui_label.c ****  * @param draw_info Draw info structure describing offset and clip region
  66:C:/Users/John/Desktop/workspace/miniwinwm/MiniWin/ui\ui_label.c ****  */
  67:C:/Users/John/Desktop/workspace/miniwinwm/MiniWin/ui\ui_label.c **** static void label_paint_function(mw_handle_t control_handle, const mw_gl_draw_info_t *draw_info)
  68:C:/Users/John/Desktop/workspace/miniwinwm/MiniWin/ui\ui_label.c **** {
  13                             		.loc 1 68 1
  14 0000 6E 6B                   		pushm	r6-r11
  15                             	.LCFI0:
  16 0002 71 0A F4                		add	#-12, r0, r10
  17                             	.LCFI1:
  18 0005 71 A0 FC                		add	#-4, r10, r0
  19                             	.LCFI2:
  20 0008 E7 A1 01                		mov.L	r1, 4[r10]
  21 000b E7 A2 02                		mov.L	r2, 8[r10]
  69:C:/Users/John/Desktop/workspace/miniwinwm/MiniWin/ui\ui_label.c **** 	mw_ui_label_data_t *this_label = (mw_ui_label_data_t*)mw_get_control_instance_data(control_handle)
  22                             		.loc 1 69 56
  23 000e ED A1 01                		mov.L	4[r10], r1
  24 0011 05 00 00 00             		bsr	_mw_get_control_instance_data
  25 0015 E3 A1                   		mov.L	r1, [r10]
  70:C:/Users/John/Desktop/workspace/miniwinwm/MiniWin/ui\ui_label.c **** 
  71:C:/Users/John/Desktop/workspace/miniwinwm/MiniWin/ui\ui_label.c **** 	MW_ASSERT(draw_info != (void*)0, "Null pointer argument");
  26                             		.loc 1 71 2
  27 0017 ED A5 02                		mov.L	8[r10], r5
  28 001a 61 05                   		cmp	#0, r5
  29 001c FC DB 51                		scne.L	r5
  30 001f FB 42 00 00 00 00       		mov.L	#.LC0, r4
  31 0025 75 43 47                		mov.L	#0x47, r3
  32 0028 FB 22 00 00 00 00       		mov.L	#___func__.2873, r2
  33 002e CF 51                   		mov.B	r5, r1
  34 0030 05 00 00 00             		bsr	_mw_debug_print_assert
  72:C:/Users/John/Desktop/workspace/miniwinwm/MiniWin/ui\ui_label.c **** 
  73:C:/Users/John/Desktop/workspace/miniwinwm/MiniWin/ui\ui_label.c ****     /* draw the background */
  74:C:/Users/John/Desktop/workspace/miniwinwm/MiniWin/ui\ui_label.c **** 	mw_gl_set_solid_fill_colour(MW_CONTROL_UP_COLOUR);
  35                             		.loc 1 74 2
  36 0034 FB 12 E6 E6 E6 00       		mov.L	#0xe6e6e6, r1
  37 003a 05 00 00 00             		bsr	_mw_gl_set_solid_fill_colour
  75:C:/Users/John/Desktop/workspace/miniwinwm/MiniWin/ui\ui_label.c **** 	mw_gl_set_fill(MW_GL_FILL);
  38                             		.loc 1 75 2
  39 003e 66 11                   		mov.L	#1, r1
  40 0040 05 00 00 00             		bsr	_mw_gl_set_fill
  76:C:/Users/John/Desktop/workspace/miniwinwm/MiniWin/ui\ui_label.c **** 	mw_gl_clear_pattern();
  41                             		.loc 1 76 2
  42 0044 05 00 00 00             		bsr	_mw_gl_clear_pattern
  77:C:/Users/John/Desktop/workspace/miniwinwm/MiniWin/ui\ui_label.c **** 	mw_gl_set_line(MW_GL_SOLID_LINE);
  43                             		.loc 1 77 2
  44 0048 FB 1E FF FF 00          		mov.L	#0xffff, r1
  45 004d 05 00 00 00             		bsr	_mw_gl_set_line
  78:C:/Users/John/Desktop/workspace/miniwinwm/MiniWin/ui\ui_label.c **** 	mw_gl_set_border(MW_GL_BORDER_OFF);
  46                             		.loc 1 78 2
  47 0051 66 01                   		mov.L	#0, r1
  48 0053 05 00 00 00             		bsr	_mw_gl_set_border
  79:C:/Users/John/Desktop/workspace/miniwinwm/MiniWin/ui\ui_label.c **** 	mw_gl_rectangle(draw_info,
  80:C:/Users/John/Desktop/workspace/miniwinwm/MiniWin/ui\ui_label.c **** 			0,
  81:C:/Users/John/Desktop/workspace/miniwinwm/MiniWin/ui\ui_label.c **** 			0,
  82:C:/Users/John/Desktop/workspace/miniwinwm/MiniWin/ui\ui_label.c **** 			mw_get_control_rect(control_handle).width,
  49                             		.loc 1 82 4
  50 0057 ED A1 01                		mov.L	4[r10], r1
  51 005a 05 00 00 00             		bsr	_mw_get_control_rect
  52 005e EF 15                   		mov.L	r1, r5
  53 0060 EF 26                   		mov.L	r2, r6
  79:C:/Users/John/Desktop/workspace/miniwinwm/MiniWin/ui\ui_label.c **** 	mw_gl_rectangle(draw_info,
  54                             		.loc 1 79 2
  55 0062 DF 6B                   		mov.W	r6, r11
  83:C:/Users/John/Desktop/workspace/miniwinwm/MiniWin/ui\ui_label.c **** 			mw_get_control_rect(control_handle).height);
  56                             		.loc 1 83 4
  57 0064 ED A1 01                		mov.L	4[r10], r1
  58 0067 05 00 00 00             		bsr	_mw_get_control_rect
  59 006b EF 15                   		mov.L	r1, r5
  60 006d EF 26                   		mov.L	r2, r6
  79:C:/Users/John/Desktop/workspace/miniwinwm/MiniWin/ui\ui_label.c **** 	mw_gl_rectangle(draw_info,
  61                             		.loc 1 79 2
  62 006f EF 65                   		mov.L	r6, r5
  63 0071 6B 05                   		shar	#16, r5
  64 0073 D3 05                   		mov.W	r5, [r0]
  65 0075 DF B4                   		mov.W	r11, r4
  66 0077 66 03                   		mov	#0, r3
  67 0079 66 02                   		mov	#0, r2
  68 007b ED A1 02                		mov.L	8[r10], r1
  69 007e 05 00 00 00             		bsr	_mw_gl_rectangle
  84:C:/Users/John/Desktop/workspace/miniwinwm/MiniWin/ui\ui_label.c **** 
  85:C:/Users/John/Desktop/workspace/miniwinwm/MiniWin/ui\ui_label.c ****     /* set label text colour according to enabled state */
  86:C:/Users/John/Desktop/workspace/miniwinwm/MiniWin/ui\ui_label.c **** 	if ((mw_get_control_flags(control_handle) & MW_CONTROL_FLAG_IS_ENABLED) == MW_CONTROL_FLAG_IS_ENAB
  70                             		.loc 1 86 7
  71 0082 ED A1 01                		mov.L	4[r10], r1
  72 0085 05 00 00 00             		bsr	_mw_get_control_flags
  73 0089 EF 15                   		mov.L	r1, r5
  74                             		.loc 1 86 44
  75 008b 5F 55                   		movu.W	r5, r5
  76 008d 64 25                   		and	#2, r5
  77                             		.loc 1 86 5
  78 008f 61 25                   		cmp	#2, r5
  79 0091 19                      		bne	.L2
  87:C:/Users/John/Desktop/workspace/miniwinwm/MiniWin/ui\ui_label.c **** 	{
  88:C:/Users/John/Desktop/workspace/miniwinwm/MiniWin/ui\ui_label.c **** 		mw_gl_set_fg_colour(MW_HAL_LCD_BLACK);
  80                             		.loc 1 88 3
  81 0092 66 01                   		mov.L	#0, r1
  82 0094 05 00 00 00             		bsr	_mw_gl_set_fg_colour
  83 0098 2E 0C                   		bra	.L3
  84                             	.L2:
  89:C:/Users/John/Desktop/workspace/miniwinwm/MiniWin/ui\ui_label.c **** 	}
  90:C:/Users/John/Desktop/workspace/miniwinwm/MiniWin/ui\ui_label.c **** 	else
  91:C:/Users/John/Desktop/workspace/miniwinwm/MiniWin/ui\ui_label.c **** 	{
  92:C:/Users/John/Desktop/workspace/miniwinwm/MiniWin/ui\ui_label.c **** 		mw_gl_set_fg_colour(MW_CONTROL_DISABLED_COLOUR);
  85                             		.loc 1 92 3
  86 009a FB 12 BF BF BF 00       		mov.L	#0xbfbfbf, r1
  87 00a0 05 00 00 00             		bsr	_mw_gl_set_fg_colour
  88                             	.L3:
  93:C:/Users/John/Desktop/workspace/miniwinwm/MiniWin/ui\ui_label.c **** 	}
  94:C:/Users/John/Desktop/workspace/miniwinwm/MiniWin/ui\ui_label.c ****     
  95:C:/Users/John/Desktop/workspace/miniwinwm/MiniWin/ui\ui_label.c ****     /* draw the label text */
  96:C:/Users/John/Desktop/workspace/miniwinwm/MiniWin/ui\ui_label.c **** 	mw_gl_set_bg_transparency(MW_GL_BG_TRANSPARENT);    
  89                             		.loc 1 96 2
  90 00a4 66 01                   		mov.L	#0, r1
  91 00a6 05 00 00 00             		bsr	_mw_gl_set_bg_transparency
  97:C:/Users/John/Desktop/workspace/miniwinwm/MiniWin/ui\ui_label.c **** 	mw_gl_set_text_rotation(MW_GL_TEXT_ROTATION_0);
  92                             		.loc 1 97 2
  93 00aa 66 01                   		mov.L	#0, r1
  94 00ac 05 00 00 00             		bsr	_mw_gl_set_text_rotation
  98:C:/Users/John/Desktop/workspace/miniwinwm/MiniWin/ui\ui_label.c **** 
  99:C:/Users/John/Desktop/workspace/miniwinwm/MiniWin/ui\ui_label.c **** 	if ((mw_get_control_flags(control_handle) & MW_CONTROL_FLAG_LARGE_SIZE) == MW_CONTROL_FLAG_LARGE_S
  95                             		.loc 1 99 7
  96 00b0 ED A1 01                		mov.L	4[r10], r1
  97 00b3 05 00 00 00             		bsr	_mw_get_control_flags
  98 00b7 EF 15                   		mov.L	r1, r5
  99                             		.loc 1 99 44
 100 00b9 5F 55                   		movu.W	r5, r5
 101 00bb 64 85                   		and	#8, r5
 102                             		.loc 1 99 5
 103 00bd 61 85                   		cmp	#8, r5
 104 00bf 21 19                   		bne	.L4
 100:C:/Users/John/Desktop/workspace/miniwinwm/MiniWin/ui\ui_label.c **** 	{
 101:C:/Users/John/Desktop/workspace/miniwinwm/MiniWin/ui\ui_label.c **** 		mw_gl_set_font(MW_GL_TITLE_FONT);
 105                             		.loc 1 101 3
 106 00c1 66 51                   		mov.L	#5, r1
 107 00c3 05 00 00 00             		bsr	_mw_gl_set_font
 102:C:/Users/John/Desktop/workspace/miniwinwm/MiniWin/ui\ui_label.c **** 		mw_gl_string(draw_info, MW_UI_LABEL_LARGE_X_OFFSET, 1, this_label->label);
 108                             		.loc 1 102 68
 109 00c7 EC A5                   		mov.L	[r10], r5
 110                             		.loc 1 102 3
 111 00c9 EF 54                   		mov.L	r5, r4
 112 00cb 66 13                   		mov	#1, r3
 113 00cd 66 22                   		mov	#2, r2
 114 00cf ED A1 02                		mov.L	8[r10], r1
 115 00d2 05 00 00 00             		bsr	_mw_gl_string
 103:C:/Users/John/Desktop/workspace/miniwinwm/MiniWin/ui\ui_label.c **** 	}
 104:C:/Users/John/Desktop/workspace/miniwinwm/MiniWin/ui\ui_label.c **** 	else
 105:C:/Users/John/Desktop/workspace/miniwinwm/MiniWin/ui\ui_label.c **** 	{
 106:C:/Users/John/Desktop/workspace/miniwinwm/MiniWin/ui\ui_label.c **** 		mw_gl_set_font(MW_GL_FONT_9);
 107:C:/Users/John/Desktop/workspace/miniwinwm/MiniWin/ui\ui_label.c **** 		mw_gl_string(draw_info, MW_UI_LABEL_LARGE_X_OFFSET, 1, this_label->label);
 108:C:/Users/John/Desktop/workspace/miniwinwm/MiniWin/ui\ui_label.c **** 	}
 109:C:/Users/John/Desktop/workspace/miniwinwm/MiniWin/ui\ui_label.c **** }
 116                             		.loc 1 109 1
 117 00d6 2E 17                   		bra	.L6
 118                             	.L4:
 106:C:/Users/John/Desktop/workspace/miniwinwm/MiniWin/ui\ui_label.c **** 		mw_gl_string(draw_info, MW_UI_LABEL_LARGE_X_OFFSET, 1, this_label->label);
 119                             		.loc 1 106 3
 120 00d8 66 01                   		mov.L	#0, r1
 121 00da 05 00 00 00             		bsr	_mw_gl_set_font
 107:C:/Users/John/Desktop/workspace/miniwinwm/MiniWin/ui\ui_label.c **** 	}
 122                             		.loc 1 107 68
 123 00de EC A5                   		mov.L	[r10], r5
 107:C:/Users/John/Desktop/workspace/miniwinwm/MiniWin/ui\ui_label.c **** 	}
 124                             		.loc 1 107 3
 125 00e0 EF 54                   		mov.L	r5, r4
 126 00e2 66 13                   		mov	#1, r3
 127 00e4 66 22                   		mov	#2, r2
 128 00e6 ED A1 02                		mov.L	8[r10], r1
 129 00e9 05 00 00 00             		bsr	_mw_gl_string
 130                             	.L6:
 131                             		.loc 1 109 1
 132 00ed 03                      		nop
 133 00ee 3F 6B 0A                		rtsd	#40, r6-r11
 134                             	.LFE0:
 136                             		.section	.text.label_message_function,"ax",@progbits
 138                             	_label_message_function:
 139                             	.LFB1:
 110:C:/Users/John/Desktop/workspace/miniwinwm/MiniWin/ui\ui_label.c **** 
 111:C:/Users/John/Desktop/workspace/miniwinwm/MiniWin/ui\ui_label.c **** /**
 112:C:/Users/John/Desktop/workspace/miniwinwm/MiniWin/ui\ui_label.c ****  * Control message handler called by the window manager.
 113:C:/Users/John/Desktop/workspace/miniwinwm/MiniWin/ui\ui_label.c ****  *
 114:C:/Users/John/Desktop/workspace/miniwinwm/MiniWin/ui\ui_label.c ****  * @param message The message to be processed
 115:C:/Users/John/Desktop/workspace/miniwinwm/MiniWin/ui\ui_label.c ****  */
 116:C:/Users/John/Desktop/workspace/miniwinwm/MiniWin/ui\ui_label.c **** static void label_message_function(const mw_message_t *message)
 117:C:/Users/John/Desktop/workspace/miniwinwm/MiniWin/ui\ui_label.c **** {
 140                             		.loc 1 117 1
 141 0000 7E AA                   		push.l	r10
 142                             	.LCFI3:
 143 0002 71 0A F8                		add	#-8, r0, r10
 144                             	.LCFI4:
 145 0005 EF A0                   		mov.L	r10, r0
 146 0007 E7 A1 01                		mov.L	r1, 4[r10]
 118:C:/Users/John/Desktop/workspace/miniwinwm/MiniWin/ui\ui_label.c **** 	mw_ui_label_data_t *this_label = (mw_ui_label_data_t*)mw_get_control_instance_data(message->recipi
 147                             		.loc 1 118 56
 148 000a ED A5 01                		mov.L	4[r10], r5
 149 000d A8 5D                   		mov.L	4[r5], r5
 150 000f EF 51                   		mov.L	r5, r1
 151 0011 05 00 00 00             		bsr	_mw_get_control_instance_data
 152 0015 E3 A1                   		mov.L	r1, [r10]
 119:C:/Users/John/Desktop/workspace/miniwinwm/MiniWin/ui\ui_label.c **** 
 120:C:/Users/John/Desktop/workspace/miniwinwm/MiniWin/ui\ui_label.c **** 	MW_ASSERT(message != (void*)0, "Null pointer argument");
 153                             		.loc 1 120 2
 154 0017 ED A5 01                		mov.L	4[r10], r5
 155 001a 61 05                   		cmp	#0, r5
 156 001c FC DB 51                		scne.L	r5
 157 001f FB 42 00 00 00 00       		mov.L	#.LC0, r4
 158 0025 75 43 78                		mov.L	#0x78, r3
 159 0028 FB 22 00 00 00 00       		mov.L	#___func__.2878, r2
 160 002e CF 51                   		mov.B	r5, r1
 161 0030 05 00 00 00             		bsr	_mw_debug_print_assert
 121:C:/Users/John/Desktop/workspace/miniwinwm/MiniWin/ui\ui_label.c **** 
 122:C:/Users/John/Desktop/workspace/miniwinwm/MiniWin/ui\ui_label.c **** 	switch (message->message_id)
 162                             		.loc 1 122 17
 163 0034 ED A5 01                		mov.L	4[r10], r5
 164 0037 A8 D5                   		mov.L	8[r5], r5
 165                             		.loc 1 122 2
 166 0039 75 55 2D                		cmp	#45, r5
 167 003c 21 36                   		bne	.L12
 123:C:/Users/John/Desktop/workspace/miniwinwm/MiniWin/ui\ui_label.c **** 	{
 124:C:/Users/John/Desktop/workspace/miniwinwm/MiniWin/ui\ui_label.c **** 	case MW_LABEL_SET_LABEL_TEXT_MESSAGE:
 125:C:/Users/John/Desktop/workspace/miniwinwm/MiniWin/ui\ui_label.c **** 		/* message pointer field contains pointer to new text */
 126:C:/Users/John/Desktop/workspace/miniwinwm/MiniWin/ui\ui_label.c **** 		if (message->message_pointer != NULL)
 168                             		.loc 1 126 14
 169 003e ED A5 01                		mov.L	4[r10], r5
 170 0041 A9 5D                   		mov.L	20[r5], r5
 171                             		.loc 1 126 6
 172 0043 61 05                   		cmp	#0, r5
 173 0045 20 16                   		beq	.L9
 127:C:/Users/John/Desktop/workspace/miniwinwm/MiniWin/ui\ui_label.c **** 		{
 128:C:/Users/John/Desktop/workspace/miniwinwm/MiniWin/ui\ui_label.c **** 			(void)mw_util_safe_strcpy(this_label->label, MW_UI_LABEL_MAX_CHARS, (char *)message->message_poi
 174                             		.loc 1 128 40
 175 0047 EC A4                   		mov.L	[r10], r4
 176                             		.loc 1 128 87
 177 0049 ED A5 01                		mov.L	4[r10], r5
 178 004c A9 5D                   		mov.L	20[r5], r5
 179                             		.loc 1 128 10
 180 004e EF 53                   		mov.L	r5, r3
 181 0050 75 42 28                		mov.L	#40, r2
 182 0053 EF 41                   		mov.L	r4, r1
 183 0055 05 00 00 00             		bsr	_mw_util_safe_strcpy
 129:C:/Users/John/Desktop/workspace/miniwinwm/MiniWin/ui\ui_label.c **** 		}
 130:C:/Users/John/Desktop/workspace/miniwinwm/MiniWin/ui\ui_label.c **** 		else
 131:C:/Users/John/Desktop/workspace/miniwinwm/MiniWin/ui\ui_label.c **** 		{
 132:C:/Users/John/Desktop/workspace/miniwinwm/MiniWin/ui\ui_label.c **** 			MW_ASSERT((bool)false, "Null pointer argument");
 133:C:/Users/John/Desktop/workspace/miniwinwm/MiniWin/ui\ui_label.c **** 		}
 134:C:/Users/John/Desktop/workspace/miniwinwm/MiniWin/ui\ui_label.c **** 		break;
 184                             		.loc 1 134 3
 185 0059 2E 1A                   		bra	.L11
 186                             	.L9:
 132:C:/Users/John/Desktop/workspace/miniwinwm/MiniWin/ui\ui_label.c **** 		}
 187                             		.loc 1 132 4
 188 005b FB 42 00 00 00 00       		mov.L	#.LC0, r4
 189 0061 75 43 84                		mov.L	#0x84, r3
 190 0064 FB 22 00 00 00 00       		mov.L	#___func__.2878, r2
 191 006a 66 01                   		mov	#0, r1
 192 006c 05 00 00 00             		bsr	_mw_debug_print_assert
 193                             		.loc 1 134 3
 194 0070 2E 03                   		bra	.L11
 195                             	.L12:
 135:C:/Users/John/Desktop/workspace/miniwinwm/MiniWin/ui\ui_label.c **** 
 136:C:/Users/John/Desktop/workspace/miniwinwm/MiniWin/ui\ui_label.c **** 	default:
 137:C:/Users/John/Desktop/workspace/miniwinwm/MiniWin/ui\ui_label.c **** 		/* keep MISRA happy */
 138:C:/Users/John/Desktop/workspace/miniwinwm/MiniWin/ui\ui_label.c **** 		break;
 196                             		.loc 1 138 3
 197 0072 03                      		nop
 198                             	.L11:
 139:C:/Users/John/Desktop/workspace/miniwinwm/MiniWin/ui\ui_label.c **** 	}
 140:C:/Users/John/Desktop/workspace/miniwinwm/MiniWin/ui\ui_label.c **** }
 199                             		.loc 1 140 1
 200 0073 03                      		nop
 201 0074 3F AA 03                		rtsd	#12, r10-r10
 202                             	.LFE1:
 204                             		.section	.text.mw_ui_label_add_new,"ax",@progbits
 205                             		.global	_mw_ui_label_add_new
 207                             	_mw_ui_label_add_new:
 208                             	.LFB2:
 141:C:/Users/John/Desktop/workspace/miniwinwm/MiniWin/ui\ui_label.c **** 
 142:C:/Users/John/Desktop/workspace/miniwinwm/MiniWin/ui\ui_label.c **** /***********************
 143:C:/Users/John/Desktop/workspace/miniwinwm/MiniWin/ui\ui_label.c **** *** GLOBAL FUNCTIONS ***
 144:C:/Users/John/Desktop/workspace/miniwinwm/MiniWin/ui\ui_label.c **** ***********************/
 145:C:/Users/John/Desktop/workspace/miniwinwm/MiniWin/ui\ui_label.c **** 
 146:C:/Users/John/Desktop/workspace/miniwinwm/MiniWin/ui\ui_label.c **** mw_handle_t mw_ui_label_add_new(int16_t x,
 147:C:/Users/John/Desktop/workspace/miniwinwm/MiniWin/ui\ui_label.c **** 		int16_t y,
 148:C:/Users/John/Desktop/workspace/miniwinwm/MiniWin/ui\ui_label.c **** 		int16_t width,
 149:C:/Users/John/Desktop/workspace/miniwinwm/MiniWin/ui\ui_label.c **** 		mw_handle_t parent_handle,
 150:C:/Users/John/Desktop/workspace/miniwinwm/MiniWin/ui\ui_label.c **** 		uint16_t flags,
 151:C:/Users/John/Desktop/workspace/miniwinwm/MiniWin/ui\ui_label.c **** 		mw_ui_label_data_t *label_instance_data)
 152:C:/Users/John/Desktop/workspace/miniwinwm/MiniWin/ui\ui_label.c **** {
 209                             		.loc 1 152 1
 210 0000 7E AA                   		push.l	r10
 211                             	.LCFI5:
 212 0002 7E A6                   		push.l	r6
 213                             	.LCFI6:
 214 0004 71 0A E4                		add	#-28, r0, r10
 215                             	.LCFI7:
 216 0007 71 A0 F8                		add	#-8, r10, r0
 217                             	.LCFI8:
 218 000a 75 46 28                		mov.L	#40, r6
 219 000d 4B A6                   		add	r10, r6
 220 000f D7 A1 04                		mov.W	r1, 8[r10]
 221 0012 D7 A2 05                		mov.W	r2, 10[r10]
 222 0015 D7 A3 06                		mov.W	r3, 12[r10]
 223 0018 E7 A4 04                		mov.L	r4, 16[r10]
 153:C:/Users/John/Desktop/workspace/miniwinwm/MiniWin/ui\ui_label.c **** 	mw_util_rect_t r;
 154:C:/Users/John/Desktop/workspace/miniwinwm/MiniWin/ui\ui_label.c **** 
 155:C:/Users/John/Desktop/workspace/miniwinwm/MiniWin/ui\ui_label.c **** 	if ((flags & MW_CONTROL_FLAG_LARGE_SIZE) == MW_CONTROL_FLAG_LARGE_SIZE)
 224                             		.loc 1 155 13
 225 001b 5C 65                   		movu.W	[r6], r5
 226 001d 64 85                   		and	#8, r5
 227                             		.loc 1 155 5
 228 001f 61 05                   		cmp	#0, r5
 229 0021 20 16                   		beq	.L14
 156:C:/Users/John/Desktop/workspace/miniwinwm/MiniWin/ui\ui_label.c **** 	{
 157:C:/Users/John/Desktop/workspace/miniwinwm/MiniWin/ui\ui_label.c **** 		mw_util_set_rect(&r, x, y, width, MW_UI_LABEL_LARGE_HEIGHT);
 230                             		.loc 1 157 3
 231 0023 F8 05 12                		mov.W	#18, [r0]
 232 0026 DD A4 06                		mov.W	12[r10], r4
 233 0029 DD A3 05                		mov.W	10[r10], r3
 234 002c DD A2 04                		mov.W	8[r10], r2
 235 002f EF A1                   		mov.L	r10, r1
 236 0031 05 00 00 00             		bsr	_mw_util_set_rect
 237 0035 2E 14                   		bra	.L15
 238                             	.L14:
 158:C:/Users/John/Desktop/workspace/miniwinwm/MiniWin/ui\ui_label.c **** 	}
 159:C:/Users/John/Desktop/workspace/miniwinwm/MiniWin/ui\ui_label.c **** 	else
 160:C:/Users/John/Desktop/workspace/miniwinwm/MiniWin/ui\ui_label.c **** 	{
 161:C:/Users/John/Desktop/workspace/miniwinwm/MiniWin/ui\ui_label.c **** 		mw_util_set_rect(&r, x, y, width, MW_UI_LABEL_HEIGHT);
 239                             		.loc 1 161 3
 240 0037 F8 05 0C                		mov.W	#12, [r0]
 241 003a DD A4 06                		mov.W	12[r10], r4
 242 003d DD A3 05                		mov.W	10[r10], r3
 243 0040 DD A2 04                		mov.W	8[r10], r2
 244 0043 EF A1                   		mov.L	r10, r1
 245 0045 05 00 00 00             		bsr	_mw_util_set_rect
 246                             	.L15:
 162:C:/Users/John/Desktop/workspace/miniwinwm/MiniWin/ui\ui_label.c **** 	}
 163:C:/Users/John/Desktop/workspace/miniwinwm/MiniWin/ui\ui_label.c **** 
 164:C:/Users/John/Desktop/workspace/miniwinwm/MiniWin/ui\ui_label.c **** 	return (mw_add_control(&r,
 247                             		.loc 1 164 10
 248 0049 A8 6D                   		mov.L	4[r6], r5
 249 004b A0 0D                   		mov.L	r5, 4[r0]
 250 004d DC 65                   		mov.W	[r6], r5
 251 004f D3 05                   		mov.W	r5, [r0]
 252 0051 FB 42 00 00 00 00       		mov.L	#_label_message_function, r4
 253 0057 FB 32 00 00 00 00       		mov.L	#_label_paint_function, r3
 254 005d ED A2 04                		mov.L	16[r10], r2
 255 0060 EF A1                   		mov.L	r10, r1
 256 0062 05 00 00 00             		bsr	_mw_add_control
 257 0066 EF 15                   		mov.L	r1, r5
 165:C:/Users/John/Desktop/workspace/miniwinwm/MiniWin/ui\ui_label.c **** 			parent_handle,
 166:C:/Users/John/Desktop/workspace/miniwinwm/MiniWin/ui\ui_label.c **** 			label_paint_function,
 167:C:/Users/John/Desktop/workspace/miniwinwm/MiniWin/ui\ui_label.c **** 			label_message_function,
 168:C:/Users/John/Desktop/workspace/miniwinwm/MiniWin/ui\ui_label.c **** 			flags,
 169:C:/Users/John/Desktop/workspace/miniwinwm/MiniWin/ui\ui_label.c **** 			label_instance_data));
 170:C:/Users/John/Desktop/workspace/miniwinwm/MiniWin/ui\ui_label.c **** }
 258                             		.loc 1 170 1
 259 0068 EF 51                   		mov.L	r5, r1
 260 006a 71 00 24                		add	#36, r0
 261 006d 7E B6                   		pop	r6
 262 006f 7E BA                   		pop	r10
 263 0071 02                      		rts
 264                             	.LFE2:
 266                             		.section	.rodata.__func__.2873,"a"
 269                             	___func__.2873:
 270 0000 6C 61 62 65 6C 5F 70 61 		.string	"label_paint_function"
 270      69 6E 74 5F 66 75 6E 63 
 270      74 69 6F 6E 00 
 271                             		.section	.rodata.__func__.2878,"a"
 274                             	___func__.2878:
 275 0000 6C 61 62 65 6C 5F 6D 65 		.string	"label_message_function"
 275      73 73 61 67 65 5F 66 75 
 275      6E 63 74 69 6F 6E 00 
 377                             	.Letext0:
 378                             		.file 2 "c:\\program files (x86)\\gcc for renesas rx 8.3.0.201904-gnurx-elf\\rx-elf\\rx-elf\\rx-el
 379                             		.file 3 "c:\\program files (x86)\\gcc for renesas rx 8.3.0.201904-gnurx-elf\\rx-elf\\rx-elf\\rx-el
 380                             		.file 4 "c:\\program files (x86)\\gcc for renesas rx 8.3.0.201904-gnurx-elf\\rx-elf\\rx-elf\\rx-el
 381                             		.file 5 "c:\\program files (x86)\\gcc for renesas rx 8.3.0.201904-gnurx-elf\\rx-elf\\rx-elf\\lib\\
 382                             		.file 6 "c:\\program files (x86)\\gcc for renesas rx 8.3.0.201904-gnurx-elf\\rx-elf\\rx-elf\\rx-el
 383                             		.file 7 "c:\\program files (x86)\\gcc for renesas rx 8.3.0.201904-gnurx-elf\\rx-elf\\rx-elf\\rx-el
 384                             		.file 8 "C:\\Users\\John\\Desktop\\workspace\\miniwinwm\\MiniWin/miniwin_utilities.h"
 385                             		.file 9 "C:\\Users\\John\\Desktop\\workspace\\miniwinwm\\MiniWin/gl/gl.h"
 386                             		.file 10 "C:\\Users\\John\\Desktop\\workspace\\miniwinwm\\MiniWin/bitmaps/mw_bitmaps.h"
 387                             		.file 11 "C:\\Users\\John\\Desktop\\workspace\\miniwinwm\\MiniWin/hal/hal_timer.h"
 388                             		.file 12 "C:\\Users\\John\\Desktop\\workspace\\miniwinwm\\MiniWin/miniwin.h"
 389                             		.file 13 "C:\\Users\\John\\Desktop\\workspace\\miniwinwm\\MiniWin/ui/ui_label.h"
