   1                             		.file	"ui_scroll_bar_horiz.c"
   2                             		.section P,"ax"
   3                             	.Ltext0:
   4                             		.section C,"a",@progbits
   5                             		.p2align 2
   6                             	.LC0:
   7 0000 4E 75 6C 6C 20 70 6F 69 		.string	"Null pointer argument"
   7      6E 74 65 72 20 61 72 67 
   7      75 6D 65 6E 74 00 
   8 0016 00 00                   		.section	.text.scroll_bar_horiz_paint_function,"ax",@progbits
  10                             	_scroll_bar_horiz_paint_function:
  11                             	.LFB0:
  12                             		.file 1 "C:/Users/John/Desktop/workspace/miniwinwm/MiniWin/ui/ui_scroll_bar_horiz.c"
   1:C:/Users/John/Desktop/workspace/miniwinwm/MiniWin/ui\ui_scroll_bar_horiz.c **** /*
   2:C:/Users/John/Desktop/workspace/miniwinwm/MiniWin/ui\ui_scroll_bar_horiz.c **** 
   3:C:/Users/John/Desktop/workspace/miniwinwm/MiniWin/ui\ui_scroll_bar_horiz.c **** MIT License
   4:C:/Users/John/Desktop/workspace/miniwinwm/MiniWin/ui\ui_scroll_bar_horiz.c **** 
   5:C:/Users/John/Desktop/workspace/miniwinwm/MiniWin/ui\ui_scroll_bar_horiz.c **** Copyright (c) John Blaiklock 2019 miniwin Embedded Window Manager
   6:C:/Users/John/Desktop/workspace/miniwinwm/MiniWin/ui\ui_scroll_bar_horiz.c **** 
   7:C:/Users/John/Desktop/workspace/miniwinwm/MiniWin/ui\ui_scroll_bar_horiz.c **** Permission is hereby granted, free of charge, to any person obtaining a copy
   8:C:/Users/John/Desktop/workspace/miniwinwm/MiniWin/ui\ui_scroll_bar_horiz.c **** of this software and associated documentation files (the "Software"), to deal
   9:C:/Users/John/Desktop/workspace/miniwinwm/MiniWin/ui\ui_scroll_bar_horiz.c **** in the Software without restriction, including without limitation the rights
  10:C:/Users/John/Desktop/workspace/miniwinwm/MiniWin/ui\ui_scroll_bar_horiz.c **** to use, copy, modify, merge, publish, distribute, sublicense, and/or sell
  11:C:/Users/John/Desktop/workspace/miniwinwm/MiniWin/ui\ui_scroll_bar_horiz.c **** copies of the Software, and to permit persons to whom the Software is
  12:C:/Users/John/Desktop/workspace/miniwinwm/MiniWin/ui\ui_scroll_bar_horiz.c **** furnished to do so, subject to the following conditions:
  13:C:/Users/John/Desktop/workspace/miniwinwm/MiniWin/ui\ui_scroll_bar_horiz.c **** 
  14:C:/Users/John/Desktop/workspace/miniwinwm/MiniWin/ui\ui_scroll_bar_horiz.c **** The above copyright notice and this permission notice shall be included in all
  15:C:/Users/John/Desktop/workspace/miniwinwm/MiniWin/ui\ui_scroll_bar_horiz.c **** copies or substantial portions of the Software.
  16:C:/Users/John/Desktop/workspace/miniwinwm/MiniWin/ui\ui_scroll_bar_horiz.c **** 
  17:C:/Users/John/Desktop/workspace/miniwinwm/MiniWin/ui\ui_scroll_bar_horiz.c **** THE SOFTWARE IS PROVIDED "AS IS", WITHOUT WARRANTY OF ANY KIND, EXPRESS OR
  18:C:/Users/John/Desktop/workspace/miniwinwm/MiniWin/ui\ui_scroll_bar_horiz.c **** IMPLIED, INCLUDING BUT NOT LIMITED TO THE WARRANTIES OF MERCHANTABILITY,
  19:C:/Users/John/Desktop/workspace/miniwinwm/MiniWin/ui\ui_scroll_bar_horiz.c **** FITNESS FOR A PARTICULAR PURPOSE AND NONINFRINGEMENT. IN NO EVENT SHALL THE
  20:C:/Users/John/Desktop/workspace/miniwinwm/MiniWin/ui\ui_scroll_bar_horiz.c **** AUTHORS OR COPYRIGHT HOLDERS BE LIABLE FOR ANY CLAIM, DAMAGES OR OTHER
  21:C:/Users/John/Desktop/workspace/miniwinwm/MiniWin/ui\ui_scroll_bar_horiz.c **** LIABILITY, WHETHER IN AN ACTION OF CONTRACT, TORT OR OTHERWISE, ARISING FROM,
  22:C:/Users/John/Desktop/workspace/miniwinwm/MiniWin/ui\ui_scroll_bar_horiz.c **** OUT OF OR IN CONNECTION WITH THE SOFTWARE OR THE USE OR OTHER DEALINGS IN THE
  23:C:/Users/John/Desktop/workspace/miniwinwm/MiniWin/ui\ui_scroll_bar_horiz.c **** SOFTWARE.
  24:C:/Users/John/Desktop/workspace/miniwinwm/MiniWin/ui\ui_scroll_bar_horiz.c **** 
  25:C:/Users/John/Desktop/workspace/miniwinwm/MiniWin/ui\ui_scroll_bar_horiz.c **** */
  26:C:/Users/John/Desktop/workspace/miniwinwm/MiniWin/ui\ui_scroll_bar_horiz.c **** 
  27:C:/Users/John/Desktop/workspace/miniwinwm/MiniWin/ui\ui_scroll_bar_horiz.c **** /***************
  28:C:/Users/John/Desktop/workspace/miniwinwm/MiniWin/ui\ui_scroll_bar_horiz.c **** *** INCLUDES ***
  29:C:/Users/John/Desktop/workspace/miniwinwm/MiniWin/ui\ui_scroll_bar_horiz.c **** ***************/
  30:C:/Users/John/Desktop/workspace/miniwinwm/MiniWin/ui\ui_scroll_bar_horiz.c **** 
  31:C:/Users/John/Desktop/workspace/miniwinwm/MiniWin/ui\ui_scroll_bar_horiz.c **** #include <stdlib.h>
  32:C:/Users/John/Desktop/workspace/miniwinwm/MiniWin/ui\ui_scroll_bar_horiz.c **** #include "miniwin.h"
  33:C:/Users/John/Desktop/workspace/miniwinwm/MiniWin/ui\ui_scroll_bar_horiz.c **** 
  34:C:/Users/John/Desktop/workspace/miniwinwm/MiniWin/ui\ui_scroll_bar_horiz.c **** /****************
  35:C:/Users/John/Desktop/workspace/miniwinwm/MiniWin/ui\ui_scroll_bar_horiz.c **** *** CONSTANTS ***
  36:C:/Users/John/Desktop/workspace/miniwinwm/MiniWin/ui\ui_scroll_bar_horiz.c **** ****************/
  37:C:/Users/John/Desktop/workspace/miniwinwm/MiniWin/ui\ui_scroll_bar_horiz.c **** 
  38:C:/Users/John/Desktop/workspace/miniwinwm/MiniWin/ui\ui_scroll_bar_horiz.c **** /************
  39:C:/Users/John/Desktop/workspace/miniwinwm/MiniWin/ui\ui_scroll_bar_horiz.c **** *** TYPES ***
  40:C:/Users/John/Desktop/workspace/miniwinwm/MiniWin/ui\ui_scroll_bar_horiz.c **** ************/
  41:C:/Users/John/Desktop/workspace/miniwinwm/MiniWin/ui\ui_scroll_bar_horiz.c **** 
  42:C:/Users/John/Desktop/workspace/miniwinwm/MiniWin/ui\ui_scroll_bar_horiz.c **** /***********************
  43:C:/Users/John/Desktop/workspace/miniwinwm/MiniWin/ui\ui_scroll_bar_horiz.c **** *** GLOBAL VARIABLES ***
  44:C:/Users/John/Desktop/workspace/miniwinwm/MiniWin/ui\ui_scroll_bar_horiz.c **** ***********************/
  45:C:/Users/John/Desktop/workspace/miniwinwm/MiniWin/ui\ui_scroll_bar_horiz.c **** 
  46:C:/Users/John/Desktop/workspace/miniwinwm/MiniWin/ui\ui_scroll_bar_horiz.c **** /**********************
  47:C:/Users/John/Desktop/workspace/miniwinwm/MiniWin/ui\ui_scroll_bar_horiz.c **** *** LOCAL VARIABLES ***
  48:C:/Users/John/Desktop/workspace/miniwinwm/MiniWin/ui\ui_scroll_bar_horiz.c **** **********************/
  49:C:/Users/John/Desktop/workspace/miniwinwm/MiniWin/ui\ui_scroll_bar_horiz.c **** 
  50:C:/Users/John/Desktop/workspace/miniwinwm/MiniWin/ui\ui_scroll_bar_horiz.c **** /********************************
  51:C:/Users/John/Desktop/workspace/miniwinwm/MiniWin/ui\ui_scroll_bar_horiz.c **** *** LOCAL FUNCTION PROTOTYPES ***
  52:C:/Users/John/Desktop/workspace/miniwinwm/MiniWin/ui\ui_scroll_bar_horiz.c **** ********************************/
  53:C:/Users/John/Desktop/workspace/miniwinwm/MiniWin/ui\ui_scroll_bar_horiz.c **** 
  54:C:/Users/John/Desktop/workspace/miniwinwm/MiniWin/ui\ui_scroll_bar_horiz.c **** static void scroll_bar_horiz_paint_function(mw_handle_t control_handle, const mw_gl_draw_info_t *dr
  55:C:/Users/John/Desktop/workspace/miniwinwm/MiniWin/ui\ui_scroll_bar_horiz.c **** static void scroll_bar_horiz_message_function(const mw_message_t *message);
  56:C:/Users/John/Desktop/workspace/miniwinwm/MiniWin/ui\ui_scroll_bar_horiz.c **** 
  57:C:/Users/John/Desktop/workspace/miniwinwm/MiniWin/ui\ui_scroll_bar_horiz.c **** /**********************
  58:C:/Users/John/Desktop/workspace/miniwinwm/MiniWin/ui\ui_scroll_bar_horiz.c **** *** LOCAL FUNCTIONS ***
  59:C:/Users/John/Desktop/workspace/miniwinwm/MiniWin/ui\ui_scroll_bar_horiz.c **** **********************/
  60:C:/Users/John/Desktop/workspace/miniwinwm/MiniWin/ui\ui_scroll_bar_horiz.c **** 
  61:C:/Users/John/Desktop/workspace/miniwinwm/MiniWin/ui\ui_scroll_bar_horiz.c **** /**
  62:C:/Users/John/Desktop/workspace/miniwinwm/MiniWin/ui\ui_scroll_bar_horiz.c ****  * Control paint routine, called by window manager.
  63:C:/Users/John/Desktop/workspace/miniwinwm/MiniWin/ui\ui_scroll_bar_horiz.c ****  *
  64:C:/Users/John/Desktop/workspace/miniwinwm/MiniWin/ui\ui_scroll_bar_horiz.c ****  * @param control_handle The control identifier in the array of controls
  65:C:/Users/John/Desktop/workspace/miniwinwm/MiniWin/ui\ui_scroll_bar_horiz.c ****  * @param draw_info Draw info structure describing offset and clip region
  66:C:/Users/John/Desktop/workspace/miniwinwm/MiniWin/ui\ui_scroll_bar_horiz.c ****  */
  67:C:/Users/John/Desktop/workspace/miniwinwm/MiniWin/ui\ui_scroll_bar_horiz.c **** static void scroll_bar_horiz_paint_function(mw_handle_t control_handle, const mw_gl_draw_info_t *dr
  68:C:/Users/John/Desktop/workspace/miniwinwm/MiniWin/ui\ui_scroll_bar_horiz.c **** {
  13                             		.loc 1 68 1
  14 0000 6E 6A                   		pushm	r6-r10
  15                             	.LCFI0:
  16 0002 71 0A EC                		add	#-20, r0, r10
  17                             	.LCFI1:
  18 0005 71 A0 FC                		add	#-4, r10, r0
  19                             	.LCFI2:
  20 0008 E7 A1 03                		mov.L	r1, 12[r10]
  21 000b E7 A2 04                		mov.L	r2, 16[r10]
  69:C:/Users/John/Desktop/workspace/miniwinwm/MiniWin/ui\ui_scroll_bar_horiz.c **** 	mw_ui_scroll_bar_horiz_data_t *this_scroll_bar_horiz = (mw_ui_scroll_bar_horiz_data_t*)mw_get_cont
  22                             		.loc 1 69 89
  23 000e ED A1 03                		mov.L	12[r10], r1
  24 0011 05 00 00 00             		bsr	_mw_get_control_instance_data
  25 0015 E7 A1 01                		mov.L	r1, 4[r10]
  70:C:/Users/John/Desktop/workspace/miniwinwm/MiniWin/ui\ui_scroll_bar_horiz.c **** 	int16_t scroll_bar_horiz_slider_left;
  71:C:/Users/John/Desktop/workspace/miniwinwm/MiniWin/ui\ui_scroll_bar_horiz.c **** 	int16_t narrow_dimension;
  72:C:/Users/John/Desktop/workspace/miniwinwm/MiniWin/ui\ui_scroll_bar_horiz.c **** 	int16_t slider_size;
  73:C:/Users/John/Desktop/workspace/miniwinwm/MiniWin/ui\ui_scroll_bar_horiz.c **** 
  74:C:/Users/John/Desktop/workspace/miniwinwm/MiniWin/ui\ui_scroll_bar_horiz.c **** 	MW_ASSERT(draw_info != (void*)0, "Null pointer argument");
  26                             		.loc 1 74 2
  27 0018 ED A5 04                		mov.L	16[r10], r5
  28 001b 61 05                   		cmp	#0, r5
  29 001d FC DB 51                		scne.L	r5
  30 0020 FB 42 00 00 00 00       		mov.L	#.LC0, r4
  31 0026 75 43 4A                		mov.L	#0x4a, r3
  32 0029 FB 22 00 00 00 00       		mov.L	#___func__.2876, r2
  33 002f CF 51                   		mov.B	r5, r1
  34 0031 05 00 00 00             		bsr	_mw_debug_print_assert
  75:C:/Users/John/Desktop/workspace/miniwinwm/MiniWin/ui\ui_scroll_bar_horiz.c **** 
  76:C:/Users/John/Desktop/workspace/miniwinwm/MiniWin/ui\ui_scroll_bar_horiz.c **** 	if ((mw_get_control_flags(control_handle) & MW_CONTROL_FLAG_LARGE_SIZE) == MW_CONTROL_FLAG_LARGE_S
  35                             		.loc 1 76 7
  36 0035 ED A1 03                		mov.L	12[r10], r1
  37 0038 05 00 00 00             		bsr	_mw_get_control_flags
  38 003c EF 15                   		mov.L	r1, r5
  39                             		.loc 1 76 44
  40 003e 5F 55                   		movu.W	r5, r5
  41 0040 64 85                   		and	#8, r5
  42                             		.loc 1 76 5
  43 0042 61 85                   		cmp	#8, r5
  44 0044 19                      		bne	.L2
  77:C:/Users/John/Desktop/workspace/miniwinwm/MiniWin/ui\ui_scroll_bar_horiz.c **** 	{
  78:C:/Users/John/Desktop/workspace/miniwinwm/MiniWin/ui\ui_scroll_bar_horiz.c **** 		narrow_dimension = MW_SCROLL_BAR_LARGE_NARROW_DIMENSION;
  45                             		.loc 1 78 20
  46 0045 F8 A5 18                		mov.W	#24, [r10]
  79:C:/Users/John/Desktop/workspace/miniwinwm/MiniWin/ui\ui_scroll_bar_horiz.c **** 		slider_size = MW_SCROLL_BAR_LARGE_SLIDER_SIZE;
  47                             		.loc 1 79 15
  48 0048 F9 A5 01 18             		mov.W	#24, 2[r10]
  49 004c 08                      		bra	.L3
  50                             	.L2:
  80:C:/Users/John/Desktop/workspace/miniwinwm/MiniWin/ui\ui_scroll_bar_horiz.c **** 	}
  81:C:/Users/John/Desktop/workspace/miniwinwm/MiniWin/ui\ui_scroll_bar_horiz.c **** 	else
  82:C:/Users/John/Desktop/workspace/miniwinwm/MiniWin/ui\ui_scroll_bar_horiz.c **** 	{
  83:C:/Users/John/Desktop/workspace/miniwinwm/MiniWin/ui\ui_scroll_bar_horiz.c **** 		narrow_dimension = MW_SCROLL_BAR_NARROW_DIMENSION;
  51                             		.loc 1 83 20
  52 004d F8 A5 0C                		mov.W	#12, [r10]
  84:C:/Users/John/Desktop/workspace/miniwinwm/MiniWin/ui\ui_scroll_bar_horiz.c **** 		slider_size = MW_SCROLL_BAR_SLIDER_SIZE;
  53                             		.loc 1 84 15
  54 0050 F9 A5 01 0C             		mov.W	#12, 2[r10]
  55                             	.L3:
  85:C:/Users/John/Desktop/workspace/miniwinwm/MiniWin/ui\ui_scroll_bar_horiz.c **** 	}
  86:C:/Users/John/Desktop/workspace/miniwinwm/MiniWin/ui\ui_scroll_bar_horiz.c **** 
  87:C:/Users/John/Desktop/workspace/miniwinwm/MiniWin/ui\ui_scroll_bar_horiz.c **** 	/* check if there's enough parent client rect height to draw the bar */
  88:C:/Users/John/Desktop/workspace/miniwinwm/MiniWin/ui\ui_scroll_bar_horiz.c **** 	if (mw_get_window_client_rect(mw_get_control_parent_window_handle(control_handle)).height > narrow
  56                             		.loc 1 88 6
  57 0054 ED A1 03                		mov.L	12[r10], r1
  58 0057 05 00 00 00             		bsr	_mw_get_control_parent_window_handle
  59 005b EF 15                   		mov.L	r1, r5
  60 005d EF 51                   		mov.L	r5, r1
  61 005f 05 00 00 00             		bsr	_mw_get_window_client_rect
  62 0063 EF 15                   		mov.L	r1, r5
  63 0065 EF 26                   		mov.L	r2, r6
  64                             		.loc 1 88 84
  65 0067 EF 65                   		mov.L	r6, r5
  66 0069 6B 05                   		shar	#16, r5
  67                             		.loc 1 88 5
  68 006b DC A4                   		mov.W	[r10], r4
  69 006d DF 55                   		mov.W	r5, r5
  70 006f 47 54                   		cmp	r5, r4
  71 0071 29 05 38 7F 01          		bge	.L7
  89:C:/Users/John/Desktop/workspace/miniwinwm/MiniWin/ui\ui_scroll_bar_horiz.c **** 	{
  90:C:/Users/John/Desktop/workspace/miniwinwm/MiniWin/ui\ui_scroll_bar_horiz.c **** 		if (mw_get_window_client_rect(mw_get_control_parent_window_handle(control_handle)).width > slider
  72                             		.loc 1 90 7
  73 0076 ED A1 03                		mov.L	12[r10], r1
  74 0079 05 00 00 00             		bsr	_mw_get_control_parent_window_handle
  75 007d EF 15                   		mov.L	r1, r5
  76 007f EF 51                   		mov.L	r5, r1
  77 0081 05 00 00 00             		bsr	_mw_get_window_client_rect
  78 0085 EF 15                   		mov.L	r1, r5
  79 0087 EF 26                   		mov.L	r2, r6
  80                             		.loc 1 90 85
  81 0089 DF 65                   		mov.W	r6, r5
  82                             		.loc 1 90 6
  83 008b DD A4 01                		mov.W	2[r10], r4
  84 008e DF 55                   		mov.W	r5, r5
  85 0090 47 54                   		cmp	r5, r4
  86 0092 29 05 38 5E 01          		bge	.L7
  91:C:/Users/John/Desktop/workspace/miniwinwm/MiniWin/ui\ui_scroll_bar_horiz.c **** 		{
  92:C:/Users/John/Desktop/workspace/miniwinwm/MiniWin/ui\ui_scroll_bar_horiz.c **** 			/* draw the bar */
  93:C:/Users/John/Desktop/workspace/miniwinwm/MiniWin/ui\ui_scroll_bar_horiz.c **** 			mw_gl_set_fill(MW_GL_FILL);
  87                             		.loc 1 93 4
  88 0097 66 11                   		mov.L	#1, r1
  89 0099 05 00 00 00             		bsr	_mw_gl_set_fill
  94:C:/Users/John/Desktop/workspace/miniwinwm/MiniWin/ui\ui_scroll_bar_horiz.c **** 			mw_gl_set_border(MW_GL_BORDER_ON);
  90                             		.loc 1 94 4
  91 009d 66 11                   		mov.L	#1, r1
  92 009f 05 00 00 00             		bsr	_mw_gl_set_border
  95:C:/Users/John/Desktop/workspace/miniwinwm/MiniWin/ui\ui_scroll_bar_horiz.c **** 			mw_gl_set_line(MW_GL_SOLID_LINE);
  93                             		.loc 1 95 4
  94 00a3 FB 1E FF FF 00          		mov.L	#0xffff, r1
  95 00a8 05 00 00 00             		bsr	_mw_gl_set_line
  96:C:/Users/John/Desktop/workspace/miniwinwm/MiniWin/ui\ui_scroll_bar_horiz.c **** 			mw_gl_clear_pattern();
  96                             		.loc 1 96 4
  97 00ac 05 00 00 00             		bsr	_mw_gl_clear_pattern
  97:C:/Users/John/Desktop/workspace/miniwinwm/MiniWin/ui\ui_scroll_bar_horiz.c **** 			mw_gl_set_solid_fill_colour(MW_CONTROL_UP_COLOUR);
  98                             		.loc 1 97 4
  99 00b0 FB 12 E6 E6 E6 00       		mov.L	#0xe6e6e6, r1
 100 00b6 05 00 00 00             		bsr	_mw_gl_set_solid_fill_colour
  98:C:/Users/John/Desktop/workspace/miniwinwm/MiniWin/ui\ui_scroll_bar_horiz.c **** 			if ((mw_get_control_flags(control_handle) & MW_CONTROL_FLAG_IS_ENABLED) == MW_CONTROL_FLAG_IS_EN
 101                             		.loc 1 98 9
 102 00ba ED A1 03                		mov.L	12[r10], r1
 103 00bd 05 00 00 00             		bsr	_mw_get_control_flags
 104 00c1 EF 15                   		mov.L	r1, r5
 105                             		.loc 1 98 46
 106 00c3 5F 55                   		movu.W	r5, r5
 107 00c5 64 25                   		and	#2, r5
 108                             		.loc 1 98 7
 109 00c7 61 25                   		cmp	#2, r5
 110 00c9 19                      		bne	.L5
  99:C:/Users/John/Desktop/workspace/miniwinwm/MiniWin/ui\ui_scroll_bar_horiz.c **** 			{
 100:C:/Users/John/Desktop/workspace/miniwinwm/MiniWin/ui\ui_scroll_bar_horiz.c **** 				mw_gl_set_fg_colour(MW_HAL_LCD_BLACK);
 111                             		.loc 1 100 5
 112 00ca 66 01                   		mov.L	#0, r1
 113 00cc 05 00 00 00             		bsr	_mw_gl_set_fg_colour
 114 00d0 2E 0C                   		bra	.L6
 115                             	.L5:
 101:C:/Users/John/Desktop/workspace/miniwinwm/MiniWin/ui\ui_scroll_bar_horiz.c **** 			}
 102:C:/Users/John/Desktop/workspace/miniwinwm/MiniWin/ui\ui_scroll_bar_horiz.c **** 			else
 103:C:/Users/John/Desktop/workspace/miniwinwm/MiniWin/ui\ui_scroll_bar_horiz.c **** 			{
 104:C:/Users/John/Desktop/workspace/miniwinwm/MiniWin/ui\ui_scroll_bar_horiz.c **** 				mw_gl_set_fg_colour(MW_CONTROL_DISABLED_COLOUR);
 116                             		.loc 1 104 5
 117 00d2 FB 12 BF BF BF 00       		mov.L	#0xbfbfbf, r1
 118 00d8 05 00 00 00             		bsr	_mw_gl_set_fg_colour
 119                             	.L6:
 105:C:/Users/John/Desktop/workspace/miniwinwm/MiniWin/ui\ui_scroll_bar_horiz.c **** 			}
 106:C:/Users/John/Desktop/workspace/miniwinwm/MiniWin/ui\ui_scroll_bar_horiz.c **** 			mw_gl_rectangle(draw_info,
 107:C:/Users/John/Desktop/workspace/miniwinwm/MiniWin/ui\ui_scroll_bar_horiz.c **** 					0,
 108:C:/Users/John/Desktop/workspace/miniwinwm/MiniWin/ui\ui_scroll_bar_horiz.c **** 					0,
 109:C:/Users/John/Desktop/workspace/miniwinwm/MiniWin/ui\ui_scroll_bar_horiz.c **** 					mw_get_control_rect(control_handle).width,
 120                             		.loc 1 109 6
 121 00dc ED A1 03                		mov.L	12[r10], r1
 122 00df 05 00 00 00             		bsr	_mw_get_control_rect
 123 00e3 EF 15                   		mov.L	r1, r5
 124 00e5 EF 26                   		mov.L	r2, r6
 106:C:/Users/John/Desktop/workspace/miniwinwm/MiniWin/ui\ui_scroll_bar_horiz.c **** 					0,
 125                             		.loc 1 106 4
 126 00e7 DF 65                   		mov.W	r6, r5
 127 00e9 DC A4                   		mov.W	[r10], r4
 128 00eb D3 04                   		mov.W	r4, [r0]
 129 00ed DF 54                   		mov.W	r5, r4
 130 00ef 66 03                   		mov	#0, r3
 131 00f1 66 02                   		mov	#0, r2
 132 00f3 ED A1 04                		mov.L	16[r10], r1
 133 00f6 05 00 00 00             		bsr	_mw_gl_rectangle
 110:C:/Users/John/Desktop/workspace/miniwinwm/MiniWin/ui\ui_scroll_bar_horiz.c **** 					narrow_dimension);
 111:C:/Users/John/Desktop/workspace/miniwinwm/MiniWin/ui\ui_scroll_bar_horiz.c **** 
 112:C:/Users/John/Desktop/workspace/miniwinwm/MiniWin/ui\ui_scroll_bar_horiz.c **** 			/* only paint slider if enabled */
 113:C:/Users/John/Desktop/workspace/miniwinwm/MiniWin/ui\ui_scroll_bar_horiz.c **** 			if ((mw_get_control_flags(control_handle) & MW_CONTROL_FLAG_IS_ENABLED) == MW_CONTROL_FLAG_IS_EN
 134                             		.loc 1 113 9
 135 00fa ED A1 03                		mov.L	12[r10], r1
 136 00fd 05 00 00 00             		bsr	_mw_get_control_flags
 137 0101 EF 15                   		mov.L	r1, r5
 138                             		.loc 1 113 46
 139 0103 5F 55                   		movu.W	r5, r5
 140 0105 64 25                   		and	#2, r5
 141                             		.loc 1 113 7
 142 0107 61 25                   		cmp	#2, r5
 143 0109 3B E9 00                		bne	.L7
 114:C:/Users/John/Desktop/workspace/miniwinwm/MiniWin/ui\ui_scroll_bar_horiz.c **** 			{
 115:C:/Users/John/Desktop/workspace/miniwinwm/MiniWin/ui\ui_scroll_bar_horiz.c **** 				scroll_bar_horiz_slider_left = (mw_get_control_rect(control_handle).width - slider_size) *
 144                             		.loc 1 115 37
 145 010c ED A1 03                		mov.L	12[r10], r1
 146 010f 05 00 00 00             		bsr	_mw_get_control_rect
 147 0113 EF 15                   		mov.L	r1, r5
 148 0115 EF 26                   		mov.L	r2, r6
 149                             		.loc 1 115 72
 150 0117 DF 65                   		mov.W	r6, r5
 151 0119 DF 54                   		mov.W	r5, r4
 152                             		.loc 1 115 79
 153 011b DD A5 01                		mov.W	2[r10], r5
 154 011e 43 54                   		sub	r5, r4
 116:C:/Users/John/Desktop/workspace/miniwinwm/MiniWin/ui\ui_scroll_bar_horiz.c **** 						(int16_t)this_scroll_bar_horiz->scroll_position / UINT8_MAX;
 155                             		.loc 1 116 37
 156 0120 ED A5 01                		mov.L	4[r10], r5
 157 0123 CC 55                   		mov.B	[r5], r5
 158                             		.loc 1 116 7
 159 0125 5B 55                   		movu.B	r5, r5
 115:C:/Users/John/Desktop/workspace/miniwinwm/MiniWin/ui\ui_scroll_bar_horiz.c **** 						(int16_t)this_scroll_bar_horiz->scroll_position / UINT8_MAX;
 160                             		.loc 1 115 94
 161 0127 4F 45                   		mul	r4, r5
 162                             		.loc 1 116 55
 163 0129 FB 72 81 80 80 80       		mov.L	#-2139062143, r7
 164 012f FC 1B 57                		emul	r5, r7
 165 0132 EF 73                   		mov.L	r7, r3
 166 0134 EF 84                   		mov.L	r8, r4
 167 0136 4B 54                   		add	r5, r4
 168 0138 6A 74                   		shar	#7, r4
 169 013a 6B F5                   		shar	#31, r5
 170 013c FF 05 54                		sub	r5, r4, r5
 115:C:/Users/John/Desktop/workspace/miniwinwm/MiniWin/ui\ui_scroll_bar_horiz.c **** 						(int16_t)this_scroll_bar_horiz->scroll_position / UINT8_MAX;
 171                             		.loc 1 115 34
 172 013f D7 A5 04                		mov.W	r5, 8[r10]
 117:C:/Users/John/Desktop/workspace/miniwinwm/MiniWin/ui\ui_scroll_bar_horiz.c **** 
 118:C:/Users/John/Desktop/workspace/miniwinwm/MiniWin/ui\ui_scroll_bar_horiz.c **** 				mw_gl_set_solid_fill_colour(MW_CONTROL_DOWN_COLOUR);
 173                             		.loc 1 118 5
 174 0142 FB 12 CC CC CC 00       		mov.L	#0xcccccc, r1
 175 0148 05 00 00 00             		bsr	_mw_gl_set_solid_fill_colour
 119:C:/Users/John/Desktop/workspace/miniwinwm/MiniWin/ui\ui_scroll_bar_horiz.c **** 				mw_gl_set_fg_colour(MW_HAL_LCD_BLACK);
 176                             		.loc 1 119 5
 177 014c 66 01                   		mov.L	#0, r1
 178 014e 05 00 00 00             		bsr	_mw_gl_set_fg_colour
 120:C:/Users/John/Desktop/workspace/miniwinwm/MiniWin/ui\ui_scroll_bar_horiz.c **** 				mw_gl_rectangle(draw_info,
 121:C:/Users/John/Desktop/workspace/miniwinwm/MiniWin/ui\ui_scroll_bar_horiz.c **** 						scroll_bar_horiz_slider_left + 1,
 179                             		.loc 1 121 36
 180 0152 DD A5 04                		mov.W	8[r10], r5
 181 0155 62 15                   		add	#1, r5
 120:C:/Users/John/Desktop/workspace/miniwinwm/MiniWin/ui\ui_scroll_bar_horiz.c **** 				mw_gl_rectangle(draw_info,
 182                             		.loc 1 120 5
 183 0157 DF 52                   		mov.W	r5, r2
 122:C:/Users/John/Desktop/workspace/miniwinwm/MiniWin/ui\ui_scroll_bar_horiz.c **** 						1,
 123:C:/Users/John/Desktop/workspace/miniwinwm/MiniWin/ui\ui_scroll_bar_horiz.c **** 						slider_size - 2,
 184                             		.loc 1 123 19
 185 0159 DD A5 01                		mov.W	2[r10], r5
 186 015c 60 25                   		sub	#2, r5
 120:C:/Users/John/Desktop/workspace/miniwinwm/MiniWin/ui\ui_scroll_bar_horiz.c **** 				mw_gl_rectangle(draw_info,
 187                             		.loc 1 120 5
 188 015e DF 54                   		mov.W	r5, r4
 124:C:/Users/John/Desktop/workspace/miniwinwm/MiniWin/ui\ui_scroll_bar_horiz.c **** 						narrow_dimension - 2);
 189                             		.loc 1 124 24
 190 0160 DC A5                   		mov.W	[r10], r5
 191 0162 60 25                   		sub	#2, r5
 120:C:/Users/John/Desktop/workspace/miniwinwm/MiniWin/ui\ui_scroll_bar_horiz.c **** 				mw_gl_rectangle(draw_info,
 192                             		.loc 1 120 5
 193 0164 D3 05                   		mov.W	r5, [r0]
 194 0166 66 13                   		mov	#1, r3
 195 0168 ED A1 04                		mov.L	16[r10], r1
 196 016b 05 00 00 00             		bsr	_mw_gl_rectangle
 125:C:/Users/John/Desktop/workspace/miniwinwm/MiniWin/ui\ui_scroll_bar_horiz.c **** 
 126:C:/Users/John/Desktop/workspace/miniwinwm/MiniWin/ui\ui_scroll_bar_horiz.c **** 				/* draw 3d effect */
 127:C:/Users/John/Desktop/workspace/miniwinwm/MiniWin/ui\ui_scroll_bar_horiz.c **** 				mw_gl_set_fg_colour(MW_HAL_LCD_WHITE);
 197                             		.loc 1 127 5
 198 016f FB 12 FF FF FF 00       		mov.L	#0xffffff, r1
 199 0175 05 00 00 00             		bsr	_mw_gl_set_fg_colour
 128:C:/Users/John/Desktop/workspace/miniwinwm/MiniWin/ui\ui_scroll_bar_horiz.c **** 				mw_gl_vline(draw_info,
 129:C:/Users/John/Desktop/workspace/miniwinwm/MiniWin/ui\ui_scroll_bar_horiz.c **** 						scroll_bar_horiz_slider_left + 2,
 200                             		.loc 1 129 36
 201 0179 DD A5 04                		mov.W	8[r10], r5
 202 017c 62 25                   		add	#2, r5
 128:C:/Users/John/Desktop/workspace/miniwinwm/MiniWin/ui\ui_scroll_bar_horiz.c **** 				mw_gl_vline(draw_info,
 203                             		.loc 1 128 5
 204 017e DF 52                   		mov.W	r5, r2
 130:C:/Users/John/Desktop/workspace/miniwinwm/MiniWin/ui\ui_scroll_bar_horiz.c **** 						2,
 131:C:/Users/John/Desktop/workspace/miniwinwm/MiniWin/ui\ui_scroll_bar_horiz.c **** 						slider_size - 3);
 205                             		.loc 1 131 19
 206 0180 DD A5 01                		mov.W	2[r10], r5
 207 0183 60 35                   		sub	#3, r5
 128:C:/Users/John/Desktop/workspace/miniwinwm/MiniWin/ui\ui_scroll_bar_horiz.c **** 				mw_gl_vline(draw_info,
 208                             		.loc 1 128 5
 209 0185 DF 54                   		mov.W	r5, r4
 210 0187 66 23                   		mov	#2, r3
 211 0189 ED A1 04                		mov.L	16[r10], r1
 212 018c 05 00 00 00             		bsr	_mw_gl_vline
 132:C:/Users/John/Desktop/workspace/miniwinwm/MiniWin/ui\ui_scroll_bar_horiz.c **** 				mw_gl_hline(draw_info,
 133:C:/Users/John/Desktop/workspace/miniwinwm/MiniWin/ui\ui_scroll_bar_horiz.c **** 						scroll_bar_horiz_slider_left + 2,
 213                             		.loc 1 133 36
 214 0190 DD A5 04                		mov.W	8[r10], r5
 215 0193 62 25                   		add	#2, r5
 132:C:/Users/John/Desktop/workspace/miniwinwm/MiniWin/ui\ui_scroll_bar_horiz.c **** 				mw_gl_hline(draw_info,
 216                             		.loc 1 132 5
 217 0195 DF 52                   		mov.W	r5, r2
 134:C:/Users/John/Desktop/workspace/miniwinwm/MiniWin/ui\ui_scroll_bar_horiz.c **** 						scroll_bar_horiz_slider_left + slider_size - 4,
 218                             		.loc 1 134 36
 219 0197 DD A4 04                		mov.W	8[r10], r4
 220 019a DD A5 01                		mov.W	2[r10], r5
 221 019d 4B 45                   		add	r4, r5
 222                             		.loc 1 134 50
 223 019f 60 45                   		sub	#4, r5
 132:C:/Users/John/Desktop/workspace/miniwinwm/MiniWin/ui\ui_scroll_bar_horiz.c **** 				mw_gl_hline(draw_info,
 224                             		.loc 1 132 5
 225 01a1 66 24                   		mov	#2, r4
 226 01a3 DF 53                   		mov.W	r5, r3
 227 01a5 ED A1 04                		mov.L	16[r10], r1
 228 01a8 05 00 00 00             		bsr	_mw_gl_hline
 135:C:/Users/John/Desktop/workspace/miniwinwm/MiniWin/ui\ui_scroll_bar_horiz.c **** 						2);
 136:C:/Users/John/Desktop/workspace/miniwinwm/MiniWin/ui\ui_scroll_bar_horiz.c **** 				mw_gl_set_fg_colour(MW_HAL_LCD_GREY7);
 229                             		.loc 1 136 5
 230 01ac FB 12 A6 A6 A6 00       		mov.L	#0xa6a6a6, r1
 231 01b2 05 00 00 00             		bsr	_mw_gl_set_fg_colour
 137:C:/Users/John/Desktop/workspace/miniwinwm/MiniWin/ui\ui_scroll_bar_horiz.c **** 				mw_gl_vline(draw_info,
 138:C:/Users/John/Desktop/workspace/miniwinwm/MiniWin/ui\ui_scroll_bar_horiz.c **** 						scroll_bar_horiz_slider_left + slider_size - 3,
 232                             		.loc 1 138 36
 233 01b6 DD A4 04                		mov.W	8[r10], r4
 234 01b9 DD A5 01                		mov.W	2[r10], r5
 235 01bc 4B 45                   		add	r4, r5
 236                             		.loc 1 138 50
 237 01be 60 35                   		sub	#3, r5
 137:C:/Users/John/Desktop/workspace/miniwinwm/MiniWin/ui\ui_scroll_bar_horiz.c **** 				mw_gl_vline(draw_info,
 238                             		.loc 1 137 5
 239 01c0 DF 52                   		mov.W	r5, r2
 139:C:/Users/John/Desktop/workspace/miniwinwm/MiniWin/ui\ui_scroll_bar_horiz.c **** 						2,
 140:C:/Users/John/Desktop/workspace/miniwinwm/MiniWin/ui\ui_scroll_bar_horiz.c **** 						slider_size - 4);
 240                             		.loc 1 140 19
 241 01c2 DD A5 01                		mov.W	2[r10], r5
 242 01c5 60 45                   		sub	#4, r5
 137:C:/Users/John/Desktop/workspace/miniwinwm/MiniWin/ui\ui_scroll_bar_horiz.c **** 				mw_gl_vline(draw_info,
 243                             		.loc 1 137 5
 244 01c7 DF 54                   		mov.W	r5, r4
 245 01c9 66 23                   		mov	#2, r3
 246 01cb ED A1 04                		mov.L	16[r10], r1
 247 01ce 05 00 00 00             		bsr	_mw_gl_vline
 141:C:/Users/John/Desktop/workspace/miniwinwm/MiniWin/ui\ui_scroll_bar_horiz.c **** 				mw_gl_hline(draw_info,
 142:C:/Users/John/Desktop/workspace/miniwinwm/MiniWin/ui\ui_scroll_bar_horiz.c **** 						scroll_bar_horiz_slider_left + 3,
 248                             		.loc 1 142 36
 249 01d2 DD A5 04                		mov.W	8[r10], r5
 250 01d5 62 35                   		add	#3, r5
 141:C:/Users/John/Desktop/workspace/miniwinwm/MiniWin/ui\ui_scroll_bar_horiz.c **** 				mw_gl_hline(draw_info,
 251                             		.loc 1 141 5
 252 01d7 DF 52                   		mov.W	r5, r2
 143:C:/Users/John/Desktop/workspace/miniwinwm/MiniWin/ui\ui_scroll_bar_horiz.c **** 						scroll_bar_horiz_slider_left + slider_size - 3,
 253                             		.loc 1 143 36
 254 01d9 DD A4 04                		mov.W	8[r10], r4
 255 01dc DD A5 01                		mov.W	2[r10], r5
 256 01df 4B 45                   		add	r4, r5
 257                             		.loc 1 143 50
 258 01e1 60 35                   		sub	#3, r5
 141:C:/Users/John/Desktop/workspace/miniwinwm/MiniWin/ui\ui_scroll_bar_horiz.c **** 				mw_gl_hline(draw_info,
 259                             		.loc 1 141 5
 260 01e3 DF 53                   		mov.W	r5, r3
 144:C:/Users/John/Desktop/workspace/miniwinwm/MiniWin/ui\ui_scroll_bar_horiz.c **** 						narrow_dimension - 3);
 261                             		.loc 1 144 24
 262 01e5 DC A5                   		mov.W	[r10], r5
 263 01e7 60 35                   		sub	#3, r5
 141:C:/Users/John/Desktop/workspace/miniwinwm/MiniWin/ui\ui_scroll_bar_horiz.c **** 				mw_gl_hline(draw_info,
 264                             		.loc 1 141 5
 265 01e9 DF 54                   		mov.W	r5, r4
 266 01eb ED A1 04                		mov.L	16[r10], r1
 267 01ee 05 00 00 00             		bsr	_mw_gl_hline
 268                             	.L7:
 145:C:/Users/John/Desktop/workspace/miniwinwm/MiniWin/ui\ui_scroll_bar_horiz.c **** 			}
 146:C:/Users/John/Desktop/workspace/miniwinwm/MiniWin/ui\ui_scroll_bar_horiz.c **** 		}
 147:C:/Users/John/Desktop/workspace/miniwinwm/MiniWin/ui\ui_scroll_bar_horiz.c **** 	}
 148:C:/Users/John/Desktop/workspace/miniwinwm/MiniWin/ui\ui_scroll_bar_horiz.c **** }
 269                             		.loc 1 148 1
 270 01f2 03                      		nop
 271 01f3 3F 6A 0B                		rtsd	#44, r6-r10
 272                             	.LFE0:
 274                             		.section	.text.scroll_bar_horiz_message_function,"ax",@progbits
 276                             	_scroll_bar_horiz_message_function:
 277                             	.LFB1:
 149:C:/Users/John/Desktop/workspace/miniwinwm/MiniWin/ui\ui_scroll_bar_horiz.c **** 
 150:C:/Users/John/Desktop/workspace/miniwinwm/MiniWin/ui\ui_scroll_bar_horiz.c **** /**
 151:C:/Users/John/Desktop/workspace/miniwinwm/MiniWin/ui\ui_scroll_bar_horiz.c ****  * Control message handler called by the window manager.
 152:C:/Users/John/Desktop/workspace/miniwinwm/MiniWin/ui\ui_scroll_bar_horiz.c ****  *
 153:C:/Users/John/Desktop/workspace/miniwinwm/MiniWin/ui\ui_scroll_bar_horiz.c ****  * @param message The message to be processed
 154:C:/Users/John/Desktop/workspace/miniwinwm/MiniWin/ui\ui_scroll_bar_horiz.c ****  */
 155:C:/Users/John/Desktop/workspace/miniwinwm/MiniWin/ui\ui_scroll_bar_horiz.c **** static void scroll_bar_horiz_message_function(const mw_message_t *message)
 156:C:/Users/John/Desktop/workspace/miniwinwm/MiniWin/ui\ui_scroll_bar_horiz.c **** {
 278                             		.loc 1 156 1
 279 0000 6E 6B                   		pushm	r6-r11
 280                             	.LCFI3:
 281 0002 71 0A F0                		add	#-16, r0, r10
 282                             	.LCFI4:
 283 0005 71 A0 F8                		add	#-8, r10, r0
 284                             	.LCFI5:
 285 0008 E7 A1 03                		mov.L	r1, 12[r10]
 157:C:/Users/John/Desktop/workspace/miniwinwm/MiniWin/ui\ui_scroll_bar_horiz.c **** 	mw_ui_scroll_bar_horiz_data_t *this_scroll_bar_horiz = (mw_ui_scroll_bar_horiz_data_t*)mw_get_cont
 286                             		.loc 1 157 89
 287 000b ED A5 03                		mov.L	12[r10], r5
 288 000e A8 5D                   		mov.L	4[r5], r5
 289 0010 EF 51                   		mov.L	r5, r1
 290 0012 05 00 00 00             		bsr	_mw_get_control_instance_data
 291 0016 E3 A1                   		mov.L	r1, [r10]
 158:C:/Users/John/Desktop/workspace/miniwinwm/MiniWin/ui\ui_scroll_bar_horiz.c **** 	int16_t touch_x;
 159:C:/Users/John/Desktop/workspace/miniwinwm/MiniWin/ui\ui_scroll_bar_horiz.c **** 	uint8_t new_scroll_position;
 160:C:/Users/John/Desktop/workspace/miniwinwm/MiniWin/ui\ui_scroll_bar_horiz.c **** 	uint32_t misra_temp;
 161:C:/Users/John/Desktop/workspace/miniwinwm/MiniWin/ui\ui_scroll_bar_horiz.c **** 
 162:C:/Users/John/Desktop/workspace/miniwinwm/MiniWin/ui\ui_scroll_bar_horiz.c **** 	MW_ASSERT(message != (void*)0, "Null pointer argument");
 292                             		.loc 1 162 2
 293 0018 ED A5 03                		mov.L	12[r10], r5
 294 001b 61 05                   		cmp	#0, r5
 295 001d FC DB 51                		scne.L	r5
 296 0020 FB 42 00 00 00 00       		mov.L	#.LC0, r4
 297 0026 75 43 A2                		mov.L	#0xa2, r3
 298 0029 FB 22 00 00 00 00       		mov.L	#___func__.2884, r2
 299 002f CF 51                   		mov.B	r5, r1
 300 0031 05 00 00 00             		bsr	_mw_debug_print_assert
 163:C:/Users/John/Desktop/workspace/miniwinwm/MiniWin/ui\ui_scroll_bar_horiz.c **** 
 164:C:/Users/John/Desktop/workspace/miniwinwm/MiniWin/ui\ui_scroll_bar_horiz.c **** 	switch (message->message_id)
 301                             		.loc 1 164 17
 302 0035 ED A5 03                		mov.L	12[r10], r5
 303 0038 A8 D5                   		mov.L	8[r5], r5
 304                             		.loc 1 164 2
 305 003a 75 55 16                		cmp	#22, r5
 306 003d 20 36                   		beq	.L9
 307 003f 75 55 16                		cmp	#22, r5
 308 0042 24 0E                   		bgtu	.L10
 309 0044 61 D5                   		cmp	#13, r5
 310 0046 20 17                   		beq	.L11
 311 0048 75 55 14                		cmp	#20, r5
 312 004b 20 50                   		beq	.L12
 165:C:/Users/John/Desktop/workspace/miniwinwm/MiniWin/ui\ui_scroll_bar_horiz.c **** 	{	
 166:C:/Users/John/Desktop/workspace/miniwinwm/MiniWin/ui\ui_scroll_bar_horiz.c **** 	case MW_CONTROL_CREATED_MESSAGE:
 167:C:/Users/John/Desktop/workspace/miniwinwm/MiniWin/ui\ui_scroll_bar_horiz.c **** 		/* initialise the control */			
 168:C:/Users/John/Desktop/workspace/miniwinwm/MiniWin/ui\ui_scroll_bar_horiz.c **** 		this_scroll_bar_horiz->scroll_position = 0U;
 169:C:/Users/John/Desktop/workspace/miniwinwm/MiniWin/ui\ui_scroll_bar_horiz.c **** 		break;
 170:C:/Users/John/Desktop/workspace/miniwinwm/MiniWin/ui\ui_scroll_bar_horiz.c **** 		
 171:C:/Users/John/Desktop/workspace/miniwinwm/MiniWin/ui\ui_scroll_bar_horiz.c **** 	case MW_SCROLL_BAR_SET_SCROLL_MESSAGE:
 172:C:/Users/John/Desktop/workspace/miniwinwm/MiniWin/ui\ui_scroll_bar_horiz.c **** 		/* handle a transfer data message, which contains new position */
 173:C:/Users/John/Desktop/workspace/miniwinwm/MiniWin/ui\ui_scroll_bar_horiz.c **** 		this_scroll_bar_horiz->scroll_position  = (uint8_t)message->message_data;
 174:C:/Users/John/Desktop/workspace/miniwinwm/MiniWin/ui\ui_scroll_bar_horiz.c **** 		break;
 175:C:/Users/John/Desktop/workspace/miniwinwm/MiniWin/ui\ui_scroll_bar_horiz.c **** 
 176:C:/Users/John/Desktop/workspace/miniwinwm/MiniWin/ui\ui_scroll_bar_horiz.c **** 	case MW_TOUCH_UP_MESSAGE:
 177:C:/Users/John/Desktop/workspace/miniwinwm/MiniWin/ui\ui_scroll_bar_horiz.c **** 		mw_post_message(MW_CONTROL_HORIZ_SCROLL_BAR_SCROLL_ENDED,
 178:C:/Users/John/Desktop/workspace/miniwinwm/MiniWin/ui\ui_scroll_bar_horiz.c **** 				message->recipient_handle,
 179:C:/Users/John/Desktop/workspace/miniwinwm/MiniWin/ui\ui_scroll_bar_horiz.c **** 				mw_get_control_parent_window_handle(message->recipient_handle),
 180:C:/Users/John/Desktop/workspace/miniwinwm/MiniWin/ui\ui_scroll_bar_horiz.c **** 				MW_UNUSED_MESSAGE_PARAMETER,
 181:C:/Users/John/Desktop/workspace/miniwinwm/MiniWin/ui\ui_scroll_bar_horiz.c **** 				NULL,
 182:C:/Users/John/Desktop/workspace/miniwinwm/MiniWin/ui\ui_scroll_bar_horiz.c **** 				MW_WINDOW_MESSAGE);
 183:C:/Users/John/Desktop/workspace/miniwinwm/MiniWin/ui\ui_scroll_bar_horiz.c **** 		break;
 184:C:/Users/John/Desktop/workspace/miniwinwm/MiniWin/ui\ui_scroll_bar_horiz.c **** 
 185:C:/Users/John/Desktop/workspace/miniwinwm/MiniWin/ui\ui_scroll_bar_horiz.c **** 	case MW_TOUCH_DOWN_MESSAGE:
 186:C:/Users/John/Desktop/workspace/miniwinwm/MiniWin/ui\ui_scroll_bar_horiz.c **** 	case MW_TOUCH_DRAG_MESSAGE:
 187:C:/Users/John/Desktop/workspace/miniwinwm/MiniWin/ui\ui_scroll_bar_horiz.c **** 		/* respond to a down or drag event by recalculating the new slider position from the touch coordi
 188:C:/Users/John/Desktop/workspace/miniwinwm/MiniWin/ui\ui_scroll_bar_horiz.c **** 		if ((mw_get_control_flags(message->recipient_handle) & MW_CONTROL_FLAG_IS_ENABLED) == MW_CONTROL_
 189:C:/Users/John/Desktop/workspace/miniwinwm/MiniWin/ui\ui_scroll_bar_horiz.c **** 		{
 190:C:/Users/John/Desktop/workspace/miniwinwm/MiniWin/ui\ui_scroll_bar_horiz.c **** 			misra_temp = message->message_data >> 16U;
 191:C:/Users/John/Desktop/workspace/miniwinwm/MiniWin/ui\ui_scroll_bar_horiz.c **** 			touch_x = (int16_t)misra_temp;
 192:C:/Users/John/Desktop/workspace/miniwinwm/MiniWin/ui\ui_scroll_bar_horiz.c **** 
 193:C:/Users/John/Desktop/workspace/miniwinwm/MiniWin/ui\ui_scroll_bar_horiz.c **** 			/* scale touch point to middle 90% of scroll bar length */
 194:C:/Users/John/Desktop/workspace/miniwinwm/MiniWin/ui\ui_scroll_bar_horiz.c **** 			touch_x = mw_ui_common_scale_scroll_bar_touch_point(mw_get_control_rect(message->recipient_handl
 195:C:/Users/John/Desktop/workspace/miniwinwm/MiniWin/ui\ui_scroll_bar_horiz.c **** 
 196:C:/Users/John/Desktop/workspace/miniwinwm/MiniWin/ui\ui_scroll_bar_horiz.c **** 			new_scroll_position = (uint8_t)((uint32_t)UINT8_MAX * (uint32_t)touch_x / (uint32_t)mw_get_contr
 197:C:/Users/John/Desktop/workspace/miniwinwm/MiniWin/ui\ui_scroll_bar_horiz.c **** 			if (new_scroll_position != this_scroll_bar_horiz->scroll_position)
 198:C:/Users/John/Desktop/workspace/miniwinwm/MiniWin/ui\ui_scroll_bar_horiz.c **** 			{
 199:C:/Users/John/Desktop/workspace/miniwinwm/MiniWin/ui\ui_scroll_bar_horiz.c **** 				/* only repaint if the scroll slider position has changed */
 200:C:/Users/John/Desktop/workspace/miniwinwm/MiniWin/ui\ui_scroll_bar_horiz.c **** 				this_scroll_bar_horiz->scroll_position = new_scroll_position;
 201:C:/Users/John/Desktop/workspace/miniwinwm/MiniWin/ui\ui_scroll_bar_horiz.c **** 				mw_paint_control(message->recipient_handle);
 202:C:/Users/John/Desktop/workspace/miniwinwm/MiniWin/ui\ui_scroll_bar_horiz.c **** 
 203:C:/Users/John/Desktop/workspace/miniwinwm/MiniWin/ui\ui_scroll_bar_horiz.c **** 				/* post the control response message */
 204:C:/Users/John/Desktop/workspace/miniwinwm/MiniWin/ui\ui_scroll_bar_horiz.c **** 				mw_post_message(MW_CONTROL_HORIZ_SCROLL_BAR_SCROLLED_MESSAGE,
 205:C:/Users/John/Desktop/workspace/miniwinwm/MiniWin/ui\ui_scroll_bar_horiz.c **** 						message->recipient_handle,
 206:C:/Users/John/Desktop/workspace/miniwinwm/MiniWin/ui\ui_scroll_bar_horiz.c **** 						mw_get_control_parent_window_handle(message->recipient_handle),
 207:C:/Users/John/Desktop/workspace/miniwinwm/MiniWin/ui\ui_scroll_bar_horiz.c **** 						this_scroll_bar_horiz->scroll_position,
 208:C:/Users/John/Desktop/workspace/miniwinwm/MiniWin/ui\ui_scroll_bar_horiz.c **** 						NULL,
 209:C:/Users/John/Desktop/workspace/miniwinwm/MiniWin/ui\ui_scroll_bar_horiz.c **** 						MW_WINDOW_MESSAGE);
 210:C:/Users/John/Desktop/workspace/miniwinwm/MiniWin/ui\ui_scroll_bar_horiz.c **** 
 211:C:/Users/John/Desktop/workspace/miniwinwm/MiniWin/ui\ui_scroll_bar_horiz.c **** 			}
 212:C:/Users/John/Desktop/workspace/miniwinwm/MiniWin/ui\ui_scroll_bar_horiz.c **** 		}
 213:C:/Users/John/Desktop/workspace/miniwinwm/MiniWin/ui\ui_scroll_bar_horiz.c **** 		break;
 214:C:/Users/John/Desktop/workspace/miniwinwm/MiniWin/ui\ui_scroll_bar_horiz.c **** 
 215:C:/Users/John/Desktop/workspace/miniwinwm/MiniWin/ui\ui_scroll_bar_horiz.c **** 	default:
 216:C:/Users/John/Desktop/workspace/miniwinwm/MiniWin/ui\ui_scroll_bar_horiz.c **** 		/* keep MISRA happy */
 217:C:/Users/John/Desktop/workspace/miniwinwm/MiniWin/ui\ui_scroll_bar_horiz.c **** 		break;
 313                             		.loc 1 217 3
 314 004d 38 01 01                		bra	.L15
 315                             	.L10:
 164:C:/Users/John/Desktop/workspace/miniwinwm/MiniWin/ui\ui_scroll_bar_horiz.c **** 	{	
 316                             		.loc 1 164 2
 317 0050 75 55 17                		cmp	#23, r5
 318 0053 20 48                   		beq	.L12
 319 0055 75 55 30                		cmp	#48, r5
 320 0058 20 0D                   		beq	.L14
 321                             		.loc 1 217 3
 322 005a 38 F4 00                		bra	.L15
 323                             	.L11:
 168:C:/Users/John/Desktop/workspace/miniwinwm/MiniWin/ui\ui_scroll_bar_horiz.c **** 		break;
 324                             		.loc 1 168 42
 325 005d EC A5                   		mov.L	[r10], r5
 326 005f F8 54 00                		mov.B	#0, [r5]
 169:C:/Users/John/Desktop/workspace/miniwinwm/MiniWin/ui\ui_scroll_bar_horiz.c **** 		
 327                             		.loc 1 169 3
 328 0062 38 EC 00                		bra	.L15
 329                             	.L14:
 173:C:/Users/John/Desktop/workspace/miniwinwm/MiniWin/ui\ui_scroll_bar_horiz.c **** 		break;
 330                             		.loc 1 173 61
 331 0065 ED A5 03                		mov.L	12[r10], r5
 332 0068 A9 55                   		mov.L	16[r5], r5
 173:C:/Users/John/Desktop/workspace/miniwinwm/MiniWin/ui\ui_scroll_bar_horiz.c **** 		break;
 333                             		.loc 1 173 45
 334 006a CF 54                   		mov.B	r5, r4
 173:C:/Users/John/Desktop/workspace/miniwinwm/MiniWin/ui\ui_scroll_bar_horiz.c **** 		break;
 335                             		.loc 1 173 43
 336 006c EC A5                   		mov.L	[r10], r5
 337 006e C3 54                   		mov.B	r4, [r5]
 174:C:/Users/John/Desktop/workspace/miniwinwm/MiniWin/ui\ui_scroll_bar_horiz.c **** 
 338                             		.loc 1 174 3
 339 0070 38 DE 00                		bra	.L15
 340                             	.L9:
 177:C:/Users/John/Desktop/workspace/miniwinwm/MiniWin/ui\ui_scroll_bar_horiz.c **** 				message->recipient_handle,
 341                             		.loc 1 177 3
 342 0073 ED A5 03                		mov.L	12[r10], r5
 343 0076 A8 5E                   		mov.L	4[r5], r6
 344 0078 ED A5 03                		mov.L	12[r10], r5
 345 007b A8 5D                   		mov.L	4[r5], r5
 346 007d EF 51                   		mov.L	r5, r1
 347 007f 05 00 00 00             		bsr	_mw_get_control_parent_window_handle
 348 0083 EF 15                   		mov.L	r1, r5
 349 0085 3E 01 00                		mov.L	#0, 4[r0]
 350 0088 F8 06 00                		mov.L	#0, [r0]
 351 008b 66 04                   		mov.L	#0, r4
 352 008d EF 53                   		mov.L	r5, r3
 353 008f EF 62                   		mov.L	r6, r2
 354 0091 75 41 22                		mov.L	#34, r1
 355 0094 05 00 00 00             		bsr	_mw_post_message
 183:C:/Users/John/Desktop/workspace/miniwinwm/MiniWin/ui\ui_scroll_bar_horiz.c **** 
 356                             		.loc 1 183 3
 357 0098 38 B6 00                		bra	.L15
 358                             	.L12:
 188:C:/Users/John/Desktop/workspace/miniwinwm/MiniWin/ui\ui_scroll_bar_horiz.c **** 		{
 359                             		.loc 1 188 8
 360 009b ED A5 03                		mov.L	12[r10], r5
 361 009e A8 5D                   		mov.L	4[r5], r5
 362 00a0 EF 51                   		mov.L	r5, r1
 363 00a2 05 00 00 00             		bsr	_mw_get_control_flags
 364 00a6 EF 15                   		mov.L	r1, r5
 188:C:/Users/John/Desktop/workspace/miniwinwm/MiniWin/ui\ui_scroll_bar_horiz.c **** 		{
 365                             		.loc 1 188 56
 366 00a8 5F 55                   		movu.W	r5, r5
 367 00aa 64 25                   		and	#2, r5
 188:C:/Users/John/Desktop/workspace/miniwinwm/MiniWin/ui\ui_scroll_bar_horiz.c **** 		{
 368                             		.loc 1 188 6
 369 00ac 61 25                   		cmp	#2, r5
 370 00ae 3B 9F 00                		bne	.L17
 190:C:/Users/John/Desktop/workspace/miniwinwm/MiniWin/ui\ui_scroll_bar_horiz.c **** 			touch_x = (int16_t)misra_temp;
 371                             		.loc 1 190 24
 372 00b1 ED A5 03                		mov.L	12[r10], r5
 373 00b4 A9 55                   		mov.L	16[r5], r5
 190:C:/Users/John/Desktop/workspace/miniwinwm/MiniWin/ui\ui_scroll_bar_horiz.c **** 			touch_x = (int16_t)misra_temp;
 374                             		.loc 1 190 15
 375 00b6 69 05                   		shlr	#16, r5
 376 00b8 E7 A5 01                		mov.L	r5, 4[r10]
 191:C:/Users/John/Desktop/workspace/miniwinwm/MiniWin/ui\ui_scroll_bar_horiz.c **** 
 377                             		.loc 1 191 12
 378 00bb ED A5 01                		mov.L	4[r10], r5
 379 00be D7 A5 04                		mov.W	r5, 8[r10]
 194:C:/Users/John/Desktop/workspace/miniwinwm/MiniWin/ui\ui_scroll_bar_horiz.c **** 
 380                             		.loc 1 194 56
 381 00c1 ED A5 03                		mov.L	12[r10], r5
 382 00c4 A8 5D                   		mov.L	4[r5], r5
 383 00c6 EF 51                   		mov.L	r5, r1
 384 00c8 05 00 00 00             		bsr	_mw_get_control_rect
 385 00cc EF 15                   		mov.L	r1, r5
 386 00ce EF 26                   		mov.L	r2, r6
 194:C:/Users/John/Desktop/workspace/miniwinwm/MiniWin/ui\ui_scroll_bar_horiz.c **** 
 387                             		.loc 1 194 14
 388 00d0 DF 65                   		mov.W	r6, r5
 389 00d2 DD A2 04                		mov.W	8[r10], r2
 390 00d5 DF 51                   		mov.W	r5, r1
 391 00d7 05 00 00 00             		bsr	_mw_ui_common_scale_scroll_bar_touch_point
 392 00db EF 15                   		mov.L	r1, r5
 393 00dd D7 A5 04                		mov.W	r5, 8[r10]
 196:C:/Users/John/Desktop/workspace/miniwinwm/MiniWin/ui\ui_scroll_bar_horiz.c **** 			if (new_scroll_position != this_scroll_bar_horiz->scroll_position)
 394                             		.loc 1 196 58
 395 00e0 DD A5 04                		mov.W	8[r10], r5
 196:C:/Users/John/Desktop/workspace/miniwinwm/MiniWin/ui\ui_scroll_bar_horiz.c **** 			if (new_scroll_position != this_scroll_bar_horiz->scroll_position)
 396                             		.loc 1 196 56
 397 00e3 75 4B FF                		mov.L	#0xff, r11
 398 00e6 4F 5B                   		mul	r5, r11
 196:C:/Users/John/Desktop/workspace/miniwinwm/MiniWin/ui\ui_scroll_bar_horiz.c **** 			if (new_scroll_position != this_scroll_bar_horiz->scroll_position)
 399                             		.loc 1 196 88
 400 00e8 ED A5 03                		mov.L	12[r10], r5
 401 00eb A8 5D                   		mov.L	4[r5], r5
 402 00ed EF 51                   		mov.L	r5, r1
 403 00ef 05 00 00 00             		bsr	_mw_get_control_rect
 404 00f3 EF 15                   		mov.L	r1, r5
 405 00f5 EF 26                   		mov.L	r2, r6
 196:C:/Users/John/Desktop/workspace/miniwinwm/MiniWin/ui\ui_scroll_bar_horiz.c **** 			if (new_scroll_position != this_scroll_bar_horiz->scroll_position)
 406                             		.loc 1 196 134
 407 00f7 DF 65                   		mov.W	r6, r5
 196:C:/Users/John/Desktop/workspace/miniwinwm/MiniWin/ui\ui_scroll_bar_horiz.c **** 			if (new_scroll_position != this_scroll_bar_horiz->scroll_position)
 408                             		.loc 1 196 78
 409 00f9 DF 55                   		mov.W	r5, r5
 196:C:/Users/John/Desktop/workspace/miniwinwm/MiniWin/ui\ui_scroll_bar_horiz.c **** 			if (new_scroll_position != this_scroll_bar_horiz->scroll_position)
 410                             		.loc 1 196 76
 411 00fb EF B7                   		mov.L	r11, r7
 412 00fd FC 27 57                		divu	r5, r7
 413 0100 EF 75                   		mov.L	r7, r5
 196:C:/Users/John/Desktop/workspace/miniwinwm/MiniWin/ui\ui_scroll_bar_horiz.c **** 			if (new_scroll_position != this_scroll_bar_horiz->scroll_position)
 414                             		.loc 1 196 24
 415 0102 C7 A5 0A                		mov.B	r5, 10[r10]
 197:C:/Users/John/Desktop/workspace/miniwinwm/MiniWin/ui\ui_scroll_bar_horiz.c **** 			{
 416                             		.loc 1 197 52
 417 0105 EC A5                   		mov.L	[r10], r5
 418 0107 CC 55                   		mov.B	[r5], r5
 197:C:/Users/John/Desktop/workspace/miniwinwm/MiniWin/ui\ui_scroll_bar_horiz.c **** 			{
 419                             		.loc 1 197 7
 420 0109 59 A4 0A                		movu.B	10[r10], r4
 421 010c 5B 55                   		movu.B	r5, r5
 422 010e 47 54                   		cmp	r5, r4
 423 0110 20 3D                   		beq	.L17
 200:C:/Users/John/Desktop/workspace/miniwinwm/MiniWin/ui\ui_scroll_bar_horiz.c **** 				mw_paint_control(message->recipient_handle);
 424                             		.loc 1 200 44
 425 0112 EC A5                   		mov.L	[r10], r5
 426 0114 CD A4 0A                		mov.B	10[r10], r4
 427 0117 C3 54                   		mov.B	r4, [r5]
 201:C:/Users/John/Desktop/workspace/miniwinwm/MiniWin/ui\ui_scroll_bar_horiz.c **** 
 428                             		.loc 1 201 5
 429 0119 ED A5 03                		mov.L	12[r10], r5
 430 011c A8 5D                   		mov.L	4[r5], r5
 431 011e EF 51                   		mov.L	r5, r1
 432 0120 05 00 00 00             		bsr	_mw_paint_control
 204:C:/Users/John/Desktop/workspace/miniwinwm/MiniWin/ui\ui_scroll_bar_horiz.c **** 						message->recipient_handle,
 433                             		.loc 1 204 5
 434 0124 ED A5 03                		mov.L	12[r10], r5
 435 0127 A8 5E                   		mov.L	4[r5], r6
 436 0129 ED A5 03                		mov.L	12[r10], r5
 437 012c A8 5D                   		mov.L	4[r5], r5
 438 012e EF 51                   		mov.L	r5, r1
 439 0130 05 00 00 00             		bsr	_mw_get_control_parent_window_handle
 440 0134 EF 13                   		mov.L	r1, r3
 207:C:/Users/John/Desktop/workspace/miniwinwm/MiniWin/ui\ui_scroll_bar_horiz.c **** 						NULL,
 441                             		.loc 1 207 28
 442 0136 EC A5                   		mov.L	[r10], r5
 443 0138 CC 55                   		mov.B	[r5], r5
 204:C:/Users/John/Desktop/workspace/miniwinwm/MiniWin/ui\ui_scroll_bar_horiz.c **** 						message->recipient_handle,
 444                             		.loc 1 204 5
 445 013a 5B 55                   		movu.B	r5, r5
 446 013c 3E 01 00                		mov.L	#0, 4[r0]
 447 013f F8 06 00                		mov.L	#0, [r0]
 448 0142 EF 54                   		mov.L	r5, r4
 449 0144 EF 62                   		mov.L	r6, r2
 450 0146 75 41 21                		mov.L	#33, r1
 451 0149 05 00 00 00             		bsr	_mw_post_message
 452                             	.L17:
 213:C:/Users/John/Desktop/workspace/miniwinwm/MiniWin/ui\ui_scroll_bar_horiz.c **** 
 453                             		.loc 1 213 3
 454 014d 03                      		nop
 455                             	.L15:
 218:C:/Users/John/Desktop/workspace/miniwinwm/MiniWin/ui\ui_scroll_bar_horiz.c **** 	}
 219:C:/Users/John/Desktop/workspace/miniwinwm/MiniWin/ui\ui_scroll_bar_horiz.c **** }
 456                             		.loc 1 219 1
 457 014e 03                      		nop
 458 014f 3F 6B 0C                		rtsd	#48, r6-r11
 459                             	.LFE1:
 461                             		.section	.text.mw_ui_scroll_bar_horiz_add_new,"ax",@progbits
 462                             		.global	_mw_ui_scroll_bar_horiz_add_new
 464                             	_mw_ui_scroll_bar_horiz_add_new:
 465                             	.LFB2:
 220:C:/Users/John/Desktop/workspace/miniwinwm/MiniWin/ui\ui_scroll_bar_horiz.c **** 
 221:C:/Users/John/Desktop/workspace/miniwinwm/MiniWin/ui\ui_scroll_bar_horiz.c **** /***********************
 222:C:/Users/John/Desktop/workspace/miniwinwm/MiniWin/ui\ui_scroll_bar_horiz.c **** *** GLOBAL FUNCTIONS ***
 223:C:/Users/John/Desktop/workspace/miniwinwm/MiniWin/ui\ui_scroll_bar_horiz.c **** ***********************/
 224:C:/Users/John/Desktop/workspace/miniwinwm/MiniWin/ui\ui_scroll_bar_horiz.c **** 
 225:C:/Users/John/Desktop/workspace/miniwinwm/MiniWin/ui\ui_scroll_bar_horiz.c **** mw_handle_t mw_ui_scroll_bar_horiz_add_new(int16_t x,
 226:C:/Users/John/Desktop/workspace/miniwinwm/MiniWin/ui\ui_scroll_bar_horiz.c **** 		int16_t y,
 227:C:/Users/John/Desktop/workspace/miniwinwm/MiniWin/ui\ui_scroll_bar_horiz.c **** 		int16_t width,
 228:C:/Users/John/Desktop/workspace/miniwinwm/MiniWin/ui\ui_scroll_bar_horiz.c **** 		mw_handle_t parent_handle,
 229:C:/Users/John/Desktop/workspace/miniwinwm/MiniWin/ui\ui_scroll_bar_horiz.c **** 		uint16_t flags,
 230:C:/Users/John/Desktop/workspace/miniwinwm/MiniWin/ui\ui_scroll_bar_horiz.c **** 		mw_ui_scroll_bar_horiz_data_t *scroll_bar_horiz_instance_data)
 231:C:/Users/John/Desktop/workspace/miniwinwm/MiniWin/ui\ui_scroll_bar_horiz.c **** {
 466                             		.loc 1 231 1
 467 0000 7E AA                   		push.l	r10
 468                             	.LCFI6:
 469 0002 7E A6                   		push.l	r6
 470                             	.LCFI7:
 471 0004 71 0A E4                		add	#-28, r0, r10
 472                             	.LCFI8:
 473 0007 71 A0 F8                		add	#-8, r10, r0
 474                             	.LCFI9:
 475 000a 75 46 28                		mov.L	#40, r6
 476 000d 4B A6                   		add	r10, r6
 477 000f D7 A1 04                		mov.W	r1, 8[r10]
 478 0012 D7 A2 05                		mov.W	r2, 10[r10]
 479 0015 D7 A3 06                		mov.W	r3, 12[r10]
 480 0018 E7 A4 04                		mov.L	r4, 16[r10]
 232:C:/Users/John/Desktop/workspace/miniwinwm/MiniWin/ui\ui_scroll_bar_horiz.c **** 	mw_util_rect_t r;
 233:C:/Users/John/Desktop/workspace/miniwinwm/MiniWin/ui\ui_scroll_bar_horiz.c **** 
 234:C:/Users/John/Desktop/workspace/miniwinwm/MiniWin/ui\ui_scroll_bar_horiz.c **** 	if ((flags & MW_CONTROL_FLAG_LARGE_SIZE) == MW_CONTROL_FLAG_LARGE_SIZE)
 481                             		.loc 1 234 13
 482 001b 5C 65                   		movu.W	[r6], r5
 483 001d 64 85                   		and	#8, r5
 484                             		.loc 1 234 5
 485 001f 61 05                   		cmp	#0, r5
 486 0021 20 16                   		beq	.L19
 235:C:/Users/John/Desktop/workspace/miniwinwm/MiniWin/ui\ui_scroll_bar_horiz.c **** 	{
 236:C:/Users/John/Desktop/workspace/miniwinwm/MiniWin/ui\ui_scroll_bar_horiz.c **** 		mw_util_set_rect(&r, x, y, width, MW_SCROLL_BAR_LARGE_NARROW_DIMENSION);
 487                             		.loc 1 236 3
 488 0023 F8 05 18                		mov.W	#24, [r0]
 489 0026 DD A4 06                		mov.W	12[r10], r4
 490 0029 DD A3 05                		mov.W	10[r10], r3
 491 002c DD A2 04                		mov.W	8[r10], r2
 492 002f EF A1                   		mov.L	r10, r1
 493 0031 05 00 00 00             		bsr	_mw_util_set_rect
 494 0035 2E 14                   		bra	.L20
 495                             	.L19:
 237:C:/Users/John/Desktop/workspace/miniwinwm/MiniWin/ui\ui_scroll_bar_horiz.c **** 	}
 238:C:/Users/John/Desktop/workspace/miniwinwm/MiniWin/ui\ui_scroll_bar_horiz.c **** 	else
 239:C:/Users/John/Desktop/workspace/miniwinwm/MiniWin/ui\ui_scroll_bar_horiz.c **** 	{
 240:C:/Users/John/Desktop/workspace/miniwinwm/MiniWin/ui\ui_scroll_bar_horiz.c **** 		mw_util_set_rect(&r, x, y, width, MW_SCROLL_BAR_NARROW_DIMENSION);
 496                             		.loc 1 240 3
 497 0037 F8 05 0C                		mov.W	#12, [r0]
 498 003a DD A4 06                		mov.W	12[r10], r4
 499 003d DD A3 05                		mov.W	10[r10], r3
 500 0040 DD A2 04                		mov.W	8[r10], r2
 501 0043 EF A1                   		mov.L	r10, r1
 502 0045 05 00 00 00             		bsr	_mw_util_set_rect
 503                             	.L20:
 241:C:/Users/John/Desktop/workspace/miniwinwm/MiniWin/ui\ui_scroll_bar_horiz.c **** 	}
 242:C:/Users/John/Desktop/workspace/miniwinwm/MiniWin/ui\ui_scroll_bar_horiz.c **** 
 243:C:/Users/John/Desktop/workspace/miniwinwm/MiniWin/ui\ui_scroll_bar_horiz.c **** 	return (mw_add_control(&r,
 504                             		.loc 1 243 10
 505 0049 A8 6D                   		mov.L	4[r6], r5
 506 004b A0 0D                   		mov.L	r5, 4[r0]
 507 004d DC 65                   		mov.W	[r6], r5
 508 004f D3 05                   		mov.W	r5, [r0]
 509 0051 FB 42 00 00 00 00       		mov.L	#_scroll_bar_horiz_message_function, r4
 510 0057 FB 32 00 00 00 00       		mov.L	#_scroll_bar_horiz_paint_function, r3
 511 005d ED A2 04                		mov.L	16[r10], r2
 512 0060 EF A1                   		mov.L	r10, r1
 513 0062 05 00 00 00             		bsr	_mw_add_control
 514 0066 EF 15                   		mov.L	r1, r5
 244:C:/Users/John/Desktop/workspace/miniwinwm/MiniWin/ui\ui_scroll_bar_horiz.c **** 			parent_handle,
 245:C:/Users/John/Desktop/workspace/miniwinwm/MiniWin/ui\ui_scroll_bar_horiz.c **** 			scroll_bar_horiz_paint_function,
 246:C:/Users/John/Desktop/workspace/miniwinwm/MiniWin/ui\ui_scroll_bar_horiz.c **** 			scroll_bar_horiz_message_function,
 247:C:/Users/John/Desktop/workspace/miniwinwm/MiniWin/ui\ui_scroll_bar_horiz.c **** 			flags,
 248:C:/Users/John/Desktop/workspace/miniwinwm/MiniWin/ui\ui_scroll_bar_horiz.c **** 			scroll_bar_horiz_instance_data));
 249:C:/Users/John/Desktop/workspace/miniwinwm/MiniWin/ui\ui_scroll_bar_horiz.c **** }
 515                             		.loc 1 249 1
 516 0068 EF 51                   		mov.L	r5, r1
 517 006a 71 00 24                		add	#36, r0
 518 006d 7E B6                   		pop	r6
 519 006f 7E BA                   		pop	r10
 520 0071 02                      		rts
 521                             	.LFE2:
 523                             		.section	.rodata.__func__.2876,"a"
 526                             	___func__.2876:
 527 0000 73 63 72 6F 6C 6C 5F 62 		.string	"scroll_bar_horiz_paint_function"
 527      61 72 5F 68 6F 72 69 7A 
 527      5F 70 61 69 6E 74 5F 66 
 527      75 6E 63 74 69 6F 6E 00 
 528                             		.section	.rodata.__func__.2884,"a"
 531                             	___func__.2884:
 532 0000 73 63 72 6F 6C 6C 5F 62 		.string	"scroll_bar_horiz_message_function"
 532      61 72 5F 68 6F 72 69 7A 
 532      5F 6D 65 73 73 61 67 65 
 532      5F 66 75 6E 63 74 69 6F 
 532      6E 00 
 647                             	.Letext0:
 648                             		.file 2 "c:\\program files (x86)\\gcc for renesas rx 8.3.0.201904-gnurx-elf\\rx-elf\\rx-elf\\rx-el
 649                             		.file 3 "c:\\program files (x86)\\gcc for renesas rx 8.3.0.201904-gnurx-elf\\rx-elf\\rx-elf\\rx-el
 650                             		.file 4 "c:\\program files (x86)\\gcc for renesas rx 8.3.0.201904-gnurx-elf\\rx-elf\\rx-elf\\rx-el
 651                             		.file 5 "c:\\program files (x86)\\gcc for renesas rx 8.3.0.201904-gnurx-elf\\rx-elf\\rx-elf\\lib\\
 652                             		.file 6 "c:\\program files (x86)\\gcc for renesas rx 8.3.0.201904-gnurx-elf\\rx-elf\\rx-elf\\rx-el
 653                             		.file 7 "c:\\program files (x86)\\gcc for renesas rx 8.3.0.201904-gnurx-elf\\rx-elf\\rx-elf\\rx-el
 654                             		.file 8 "C:\\Users\\John\\Desktop\\workspace\\miniwinwm\\MiniWin/miniwin_utilities.h"
 655                             		.file 9 "C:\\Users\\John\\Desktop\\workspace\\miniwinwm\\MiniWin/gl/gl.h"
 656                             		.file 10 "C:\\Users\\John\\Desktop\\workspace\\miniwinwm\\MiniWin/bitmaps/mw_bitmaps.h"
 657                             		.file 11 "C:\\Users\\John\\Desktop\\workspace\\miniwinwm\\MiniWin/hal/hal_timer.h"
 658                             		.file 12 "C:\\Users\\John\\Desktop\\workspace\\miniwinwm\\MiniWin/miniwin.h"
 659                             		.file 13 "C:\\Users\\John\\Desktop\\workspace\\miniwinwm\\MiniWin/ui/ui_scroll_bar_horiz.h"
