   1                             		.file	"ui_tabs.c"
   2                             		.section P,"ax"
   3                             	.Ltext0:
   4                             		.section	.data.invalid_rect,"aw"
   5                             		.balign 2
   8                             	_invalid_rect:
   9 0000 00 00                   		.short	0
  10 0002 00 00                   		.short	0
  11 0004 00 00                   		.short	0
  12 0006 01 00                   		.short	1
  13                             		.section C,"a",@progbits
  14                             		.p2align 2
  15                             	.LC0:
  16 0000 4E 75 6C 6C 20 70 6F 69 		.string	"Null pointer argument"
  16      6E 74 65 72 20 61 72 67 
  16      75 6D 65 6E 74 00 
  17                             	.LC1:
  18 0016 42 61 64 20 6E 75 6D 62 		.string	"Bad number of tabs"
  18      65 72 20 6F 66 20 74 61 
  18      62 73 00 
  19                             		.section	.text.tabs_paint_function,"ax",@progbits
  21                             	_tabs_paint_function:
  22                             	.LFB0:
  23                             		.file 1 "C:/Users/John/Desktop/workspace/miniwinwm/MiniWin/ui/ui_tabs.c"
   1:C:/Users/John/Desktop/workspace/miniwinwm/MiniWin/ui\ui_tabs.c **** /*
   2:C:/Users/John/Desktop/workspace/miniwinwm/MiniWin/ui\ui_tabs.c **** 
   3:C:/Users/John/Desktop/workspace/miniwinwm/MiniWin/ui\ui_tabs.c **** MIT License
   4:C:/Users/John/Desktop/workspace/miniwinwm/MiniWin/ui\ui_tabs.c **** 
   5:C:/Users/John/Desktop/workspace/miniwinwm/MiniWin/ui\ui_tabs.c **** Copyright (c) John Blaiklock 2019 miniwin Embedded Window Manager
   6:C:/Users/John/Desktop/workspace/miniwinwm/MiniWin/ui\ui_tabs.c **** 
   7:C:/Users/John/Desktop/workspace/miniwinwm/MiniWin/ui\ui_tabs.c **** Permission is hereby granted, free of charge, to any person obtaining a copy
   8:C:/Users/John/Desktop/workspace/miniwinwm/MiniWin/ui\ui_tabs.c **** of this software and associated documentation files (the "Software"), to deal
   9:C:/Users/John/Desktop/workspace/miniwinwm/MiniWin/ui\ui_tabs.c **** in the Software without restriction, including without limitation the rights
  10:C:/Users/John/Desktop/workspace/miniwinwm/MiniWin/ui\ui_tabs.c **** to use, copy, modify, merge, publish, distribute, sublicense, and/or sell
  11:C:/Users/John/Desktop/workspace/miniwinwm/MiniWin/ui\ui_tabs.c **** copies of the Software, and to permit persons to whom the Software is
  12:C:/Users/John/Desktop/workspace/miniwinwm/MiniWin/ui\ui_tabs.c **** furnished to do so, subject to the following conditions:
  13:C:/Users/John/Desktop/workspace/miniwinwm/MiniWin/ui\ui_tabs.c **** 
  14:C:/Users/John/Desktop/workspace/miniwinwm/MiniWin/ui\ui_tabs.c **** The above copyright notice and this permission notice shall be included in all
  15:C:/Users/John/Desktop/workspace/miniwinwm/MiniWin/ui\ui_tabs.c **** copies or substantial portions of the Software.
  16:C:/Users/John/Desktop/workspace/miniwinwm/MiniWin/ui\ui_tabs.c **** 
  17:C:/Users/John/Desktop/workspace/miniwinwm/MiniWin/ui\ui_tabs.c **** THE SOFTWARE IS PROVIDED "AS IS", WITHOUT WARRANTY OF ANY KIND, EXPRESS OR
  18:C:/Users/John/Desktop/workspace/miniwinwm/MiniWin/ui\ui_tabs.c **** IMPLIED, INCLUDING BUT NOT LIMITED TO THE WARRANTIES OF MERCHANTABILITY,
  19:C:/Users/John/Desktop/workspace/miniwinwm/MiniWin/ui\ui_tabs.c **** FITNESS FOR A PARTICULAR PURPOSE AND NONINFRINGEMENT. IN NO EVENT SHALL THE
  20:C:/Users/John/Desktop/workspace/miniwinwm/MiniWin/ui\ui_tabs.c **** AUTHORS OR COPYRIGHT HOLDERS BE LIABLE FOR ANY CLAIM, DAMAGES OR OTHER
  21:C:/Users/John/Desktop/workspace/miniwinwm/MiniWin/ui\ui_tabs.c **** LIABILITY, WHETHER IN AN ACTION OF CONTRACT, TORT OR OTHERWISE, ARISING FROM,
  22:C:/Users/John/Desktop/workspace/miniwinwm/MiniWin/ui\ui_tabs.c **** OUT OF OR IN CONNECTION WITH THE SOFTWARE OR THE USE OR OTHER DEALINGS IN THE
  23:C:/Users/John/Desktop/workspace/miniwinwm/MiniWin/ui\ui_tabs.c **** SOFTWARE.
  24:C:/Users/John/Desktop/workspace/miniwinwm/MiniWin/ui\ui_tabs.c **** 
  25:C:/Users/John/Desktop/workspace/miniwinwm/MiniWin/ui\ui_tabs.c **** */
  26:C:/Users/John/Desktop/workspace/miniwinwm/MiniWin/ui\ui_tabs.c **** 
  27:C:/Users/John/Desktop/workspace/miniwinwm/MiniWin/ui\ui_tabs.c **** /***************
  28:C:/Users/John/Desktop/workspace/miniwinwm/MiniWin/ui\ui_tabs.c **** *** INCLUDES ***
  29:C:/Users/John/Desktop/workspace/miniwinwm/MiniWin/ui\ui_tabs.c **** ***************/
  30:C:/Users/John/Desktop/workspace/miniwinwm/MiniWin/ui\ui_tabs.c **** 
  31:C:/Users/John/Desktop/workspace/miniwinwm/MiniWin/ui\ui_tabs.c **** #include "miniwin.h"
  32:C:/Users/John/Desktop/workspace/miniwinwm/MiniWin/ui\ui_tabs.c **** 
  33:C:/Users/John/Desktop/workspace/miniwinwm/MiniWin/ui\ui_tabs.c **** /****************
  34:C:/Users/John/Desktop/workspace/miniwinwm/MiniWin/ui\ui_tabs.c **** *** CONSTANTS ***
  35:C:/Users/John/Desktop/workspace/miniwinwm/MiniWin/ui\ui_tabs.c **** ****************/
  36:C:/Users/John/Desktop/workspace/miniwinwm/MiniWin/ui\ui_tabs.c **** 
  37:C:/Users/John/Desktop/workspace/miniwinwm/MiniWin/ui\ui_tabs.c **** /************
  38:C:/Users/John/Desktop/workspace/miniwinwm/MiniWin/ui\ui_tabs.c **** *** TYPES ***
  39:C:/Users/John/Desktop/workspace/miniwinwm/MiniWin/ui\ui_tabs.c **** ************/
  40:C:/Users/John/Desktop/workspace/miniwinwm/MiniWin/ui\ui_tabs.c **** 
  41:C:/Users/John/Desktop/workspace/miniwinwm/MiniWin/ui\ui_tabs.c **** /***********************
  42:C:/Users/John/Desktop/workspace/miniwinwm/MiniWin/ui\ui_tabs.c **** *** GLOBAL VARIABLES ***
  43:C:/Users/John/Desktop/workspace/miniwinwm/MiniWin/ui\ui_tabs.c **** ***********************/
  44:C:/Users/John/Desktop/workspace/miniwinwm/MiniWin/ui\ui_tabs.c **** 
  45:C:/Users/John/Desktop/workspace/miniwinwm/MiniWin/ui\ui_tabs.c **** /**********************
  46:C:/Users/John/Desktop/workspace/miniwinwm/MiniWin/ui\ui_tabs.c **** *** LOCAL VARIABLES ***
  47:C:/Users/John/Desktop/workspace/miniwinwm/MiniWin/ui\ui_tabs.c **** **********************/
  48:C:/Users/John/Desktop/workspace/miniwinwm/MiniWin/ui\ui_tabs.c **** 
  49:C:/Users/John/Desktop/workspace/miniwinwm/MiniWin/ui\ui_tabs.c **** static mw_util_rect_t invalid_rect = {0, 0, 0, 1};
  50:C:/Users/John/Desktop/workspace/miniwinwm/MiniWin/ui\ui_tabs.c **** 
  51:C:/Users/John/Desktop/workspace/miniwinwm/MiniWin/ui\ui_tabs.c **** /********************************
  52:C:/Users/John/Desktop/workspace/miniwinwm/MiniWin/ui\ui_tabs.c **** *** LOCAL FUNCTION PROTOTYPES ***
  53:C:/Users/John/Desktop/workspace/miniwinwm/MiniWin/ui\ui_tabs.c **** ********************************/
  54:C:/Users/John/Desktop/workspace/miniwinwm/MiniWin/ui\ui_tabs.c **** 
  55:C:/Users/John/Desktop/workspace/miniwinwm/MiniWin/ui\ui_tabs.c **** static void tabs_paint_function(mw_handle_t control_handle, const mw_gl_draw_info_t *draw_info);
  56:C:/Users/John/Desktop/workspace/miniwinwm/MiniWin/ui\ui_tabs.c **** static void tabs_message_function(const mw_message_t *message);
  57:C:/Users/John/Desktop/workspace/miniwinwm/MiniWin/ui\ui_tabs.c **** 
  58:C:/Users/John/Desktop/workspace/miniwinwm/MiniWin/ui\ui_tabs.c **** /**********************
  59:C:/Users/John/Desktop/workspace/miniwinwm/MiniWin/ui\ui_tabs.c **** *** LOCAL FUNCTIONS ***
  60:C:/Users/John/Desktop/workspace/miniwinwm/MiniWin/ui\ui_tabs.c **** **********************/
  61:C:/Users/John/Desktop/workspace/miniwinwm/MiniWin/ui\ui_tabs.c **** 
  62:C:/Users/John/Desktop/workspace/miniwinwm/MiniWin/ui\ui_tabs.c **** /**
  63:C:/Users/John/Desktop/workspace/miniwinwm/MiniWin/ui\ui_tabs.c ****  * Control paint routine, called by window manager.
  64:C:/Users/John/Desktop/workspace/miniwinwm/MiniWin/ui\ui_tabs.c ****  *
  65:C:/Users/John/Desktop/workspace/miniwinwm/MiniWin/ui\ui_tabs.c ****  * @param control_handle The control identifier in the array of controls
  66:C:/Users/John/Desktop/workspace/miniwinwm/MiniWin/ui\ui_tabs.c ****  * @param draw_info Draw info structure describing offset and clip region
  67:C:/Users/John/Desktop/workspace/miniwinwm/MiniWin/ui\ui_tabs.c ****  */
  68:C:/Users/John/Desktop/workspace/miniwinwm/MiniWin/ui\ui_tabs.c **** static void tabs_paint_function(mw_handle_t control_handle, const mw_gl_draw_info_t *draw_info)
  69:C:/Users/John/Desktop/workspace/miniwinwm/MiniWin/ui\ui_tabs.c **** {
  24                             		.loc 1 69 1
  25 0000 6E 6B                   		pushm	r6-r11
  26                             	.LCFI0:
  27 0002 71 0A E8                		add	#-24, r0, r10
  28                             	.LCFI1:
  29 0005 71 A0 FC                		add	#-4, r10, r0
  30                             	.LCFI2:
  31 0008 E7 A1 04                		mov.L	r1, 16[r10]
  32 000b E7 A2 05                		mov.L	r2, 20[r10]
  70:C:/Users/John/Desktop/workspace/miniwinwm/MiniWin/ui\ui_tabs.c **** 	int16_t tab_start_x;
  71:C:/Users/John/Desktop/workspace/miniwinwm/MiniWin/ui\ui_tabs.c **** 	int16_t tab_width;
  72:C:/Users/John/Desktop/workspace/miniwinwm/MiniWin/ui\ui_tabs.c **** 	int16_t i;
  73:C:/Users/John/Desktop/workspace/miniwinwm/MiniWin/ui\ui_tabs.c **** 	int16_t corner_radius;
  74:C:/Users/John/Desktop/workspace/miniwinwm/MiniWin/ui\ui_tabs.c **** 	int16_t tabs_height;
  75:C:/Users/John/Desktop/workspace/miniwinwm/MiniWin/ui\ui_tabs.c **** 	mw_ui_tabs_data_t *this_tabs = (mw_ui_tabs_data_t*)mw_get_control_instance_data(control_handle);
  33                             		.loc 1 75 53
  34 000e ED A1 04                		mov.L	16[r10], r1
  35 0011 05 00 00 00             		bsr	_mw_get_control_instance_data
  36 0015 E7 A1 02                		mov.L	r1, 8[r10]
  76:C:/Users/John/Desktop/workspace/miniwinwm/MiniWin/ui\ui_tabs.c **** 
  77:C:/Users/John/Desktop/workspace/miniwinwm/MiniWin/ui\ui_tabs.c **** 	MW_ASSERT(draw_info != (void*)0, "Null pointer argument");
  37                             		.loc 1 77 2
  38 0018 ED A5 05                		mov.L	20[r10], r5
  39 001b 61 05                   		cmp	#0, r5
  40 001d FC DB 51                		scne.L	r5
  41 0020 FB 42 00 00 00 00       		mov.L	#.LC0, r4
  42 0026 75 43 4D                		mov.L	#0x4d, r3
  43 0029 FB 22 00 00 00 00       		mov.L	#___func__.2879, r2
  44 002f CF 51                   		mov.B	r5, r1
  45 0031 05 00 00 00             		bsr	_mw_debug_print_assert
  78:C:/Users/John/Desktop/workspace/miniwinwm/MiniWin/ui\ui_tabs.c **** 
  79:C:/Users/John/Desktop/workspace/miniwinwm/MiniWin/ui\ui_tabs.c **** 	if ((mw_get_control_flags(control_handle) & MW_CONTROL_FLAG_LARGE_SIZE) == MW_CONTROL_FLAG_LARGE_S
  46                             		.loc 1 79 7
  47 0035 ED A1 04                		mov.L	16[r10], r1
  48 0038 05 00 00 00             		bsr	_mw_get_control_flags
  49 003c EF 15                   		mov.L	r1, r5
  50                             		.loc 1 79 44
  51 003e 5F 55                   		movu.W	r5, r5
  52 0040 64 85                   		and	#8, r5
  53                             		.loc 1 79 5
  54 0042 61 85                   		cmp	#8, r5
  55 0044 21 12                   		bne	.L2
  80:C:/Users/John/Desktop/workspace/miniwinwm/MiniWin/ui\ui_tabs.c **** 	{
  81:C:/Users/John/Desktop/workspace/miniwinwm/MiniWin/ui\ui_tabs.c **** 		mw_gl_set_font(MW_GL_TITLE_FONT);
  56                             		.loc 1 81 3
  57 0046 66 51                   		mov.L	#5, r1
  58 0048 05 00 00 00             		bsr	_mw_gl_set_font
  82:C:/Users/John/Desktop/workspace/miniwinwm/MiniWin/ui\ui_tabs.c **** 		corner_radius = MW_UI_TABS_CORNER_LARGE_RADIUS;
  59                             		.loc 1 82 17
  60 004c F9 A5 01 07             		mov.W	#7, 2[r10]
  83:C:/Users/John/Desktop/workspace/miniwinwm/MiniWin/ui\ui_tabs.c **** 		tabs_height = MW_UI_TABS_LARGE_HEIGHT;
  61                             		.loc 1 83 15
  62 0050 F9 A5 02 17             		mov.W	#23, 4[r10]
  63 0054 2E 10                   		bra	.L3
  64                             	.L2:
  84:C:/Users/John/Desktop/workspace/miniwinwm/MiniWin/ui\ui_tabs.c **** 	}
  85:C:/Users/John/Desktop/workspace/miniwinwm/MiniWin/ui\ui_tabs.c **** 	else
  86:C:/Users/John/Desktop/workspace/miniwinwm/MiniWin/ui\ui_tabs.c **** 	{
  87:C:/Users/John/Desktop/workspace/miniwinwm/MiniWin/ui\ui_tabs.c **** 		mw_gl_set_font(MW_GL_FONT_9);
  65                             		.loc 1 87 3
  66 0056 66 01                   		mov.L	#0, r1
  67 0058 05 00 00 00             		bsr	_mw_gl_set_font
  88:C:/Users/John/Desktop/workspace/miniwinwm/MiniWin/ui\ui_tabs.c **** 		corner_radius = MW_UI_TABS_CORNER_RADIUS;
  68                             		.loc 1 88 17
  69 005c F9 A5 01 05             		mov.W	#5, 2[r10]
  89:C:/Users/John/Desktop/workspace/miniwinwm/MiniWin/ui\ui_tabs.c **** 		tabs_height = MW_UI_TABS_HEIGHT;
  70                             		.loc 1 89 15
  71 0060 F9 A5 02 10             		mov.W	#16, 4[r10]
  72                             	.L3:
  90:C:/Users/John/Desktop/workspace/miniwinwm/MiniWin/ui\ui_tabs.c **** 	}
  91:C:/Users/John/Desktop/workspace/miniwinwm/MiniWin/ui\ui_tabs.c **** 
  92:C:/Users/John/Desktop/workspace/miniwinwm/MiniWin/ui\ui_tabs.c **** 	if (this_tabs->number_of_tabs > 0)
  73                             		.loc 1 92 15
  74 0064 ED A5 02                		mov.L	8[r10], r5
  75 0067 99 55                   		mov.W	8[r5], r5
  76                             		.loc 1 92 5
  77 0069 DF 55                   		mov.W	r5, r5
  78 006b 61 05                   		cmp	#0, r5
  79 006d 2A 05 38 89 00          		ble	.L4
  93:C:/Users/John/Desktop/workspace/miniwinwm/MiniWin/ui\ui_tabs.c **** 	{
  94:C:/Users/John/Desktop/workspace/miniwinwm/MiniWin/ui\ui_tabs.c **** 		tab_width = mw_get_control_rect(control_handle).width / this_tabs->number_of_tabs;
  80                             		.loc 1 94 15
  81 0072 ED A1 04                		mov.L	16[r10], r1
  82 0075 05 00 00 00             		bsr	_mw_get_control_rect
  83 0079 EF 15                   		mov.L	r1, r5
  84 007b EF 26                   		mov.L	r2, r6
  85                             		.loc 1 94 50
  86 007d DF 65                   		mov.W	r6, r5
  87 007f DF 54                   		mov.W	r5, r4
  88                             		.loc 1 94 68
  89 0081 ED A5 02                		mov.L	8[r10], r5
  90 0084 99 55                   		mov.W	8[r5], r5
  91 0086 DF 55                   		mov.W	r5, r5
  92                             		.loc 1 94 57
  93 0088 EF 47                   		mov.L	r4, r7
  94 008a FC 23 57                		div	r5, r7
  95 008d EF 75                   		mov.L	r7, r5
  96                             		.loc 1 94 13
  97 008f D7 A5 06                		mov.W	r5, 12[r10]
  95:C:/Users/John/Desktop/workspace/miniwinwm/MiniWin/ui\ui_tabs.c **** 	}
  96:C:/Users/John/Desktop/workspace/miniwinwm/MiniWin/ui\ui_tabs.c **** 	else
  97:C:/Users/John/Desktop/workspace/miniwinwm/MiniWin/ui\ui_tabs.c **** 	{
  98:C:/Users/John/Desktop/workspace/miniwinwm/MiniWin/ui\ui_tabs.c **** 		MW_ASSERT((bool)false, "Bad number of tabs");
  99:C:/Users/John/Desktop/workspace/miniwinwm/MiniWin/ui\ui_tabs.c **** 		return;
 100:C:/Users/John/Desktop/workspace/miniwinwm/MiniWin/ui\ui_tabs.c **** 	}
 101:C:/Users/John/Desktop/workspace/miniwinwm/MiniWin/ui\ui_tabs.c **** 
 102:C:/Users/John/Desktop/workspace/miniwinwm/MiniWin/ui\ui_tabs.c ****     /* fill the background rectangle which shows above tabs */
 103:C:/Users/John/Desktop/workspace/miniwinwm/MiniWin/ui\ui_tabs.c **** 	mw_gl_set_fill(MW_GL_FILL);
  98                             		.loc 1 103 2
  99 0092 66 11                   		mov.L	#1, r1
 100 0094 05 00 00 00             		bsr	_mw_gl_set_fill
 104:C:/Users/John/Desktop/workspace/miniwinwm/MiniWin/ui\ui_tabs.c **** 	mw_gl_set_border(MW_GL_BORDER_OFF);
 101                             		.loc 1 104 2
 102 0098 66 01                   		mov.L	#0, r1
 103 009a 05 00 00 00             		bsr	_mw_gl_set_border
 105:C:/Users/John/Desktop/workspace/miniwinwm/MiniWin/ui\ui_tabs.c **** 	mw_gl_clear_pattern();
 104                             		.loc 1 105 2
 105 009e 05 00 00 00             		bsr	_mw_gl_clear_pattern
 106:C:/Users/John/Desktop/workspace/miniwinwm/MiniWin/ui\ui_tabs.c **** 	mw_gl_set_solid_fill_colour(this_tabs->background_colour);
 106                             		.loc 1 106 2
 107 00a2 ED A5 02                		mov.L	8[r10], r5
 108 00a5 A9 55                   		mov.L	16[r5], r5
 109 00a7 EF 51                   		mov.L	r5, r1
 110 00a9 05 00 00 00             		bsr	_mw_gl_set_solid_fill_colour
 107:C:/Users/John/Desktop/workspace/miniwinwm/MiniWin/ui\ui_tabs.c **** 	mw_gl_rectangle(draw_info,
 108:C:/Users/John/Desktop/workspace/miniwinwm/MiniWin/ui\ui_tabs.c **** 			0,
 109:C:/Users/John/Desktop/workspace/miniwinwm/MiniWin/ui\ui_tabs.c **** 			0,
 110:C:/Users/John/Desktop/workspace/miniwinwm/MiniWin/ui\ui_tabs.c **** 			mw_get_control_rect(control_handle).width,
 111                             		.loc 1 110 4
 112 00ad ED A1 04                		mov.L	16[r10], r1
 113 00b0 05 00 00 00             		bsr	_mw_get_control_rect
 114 00b4 EF 15                   		mov.L	r1, r5
 115 00b6 EF 26                   		mov.L	r2, r6
 107:C:/Users/John/Desktop/workspace/miniwinwm/MiniWin/ui\ui_tabs.c **** 	mw_gl_rectangle(draw_info,
 116                             		.loc 1 107 2
 117 00b8 DF 64                   		mov.W	r6, r4
 111:C:/Users/John/Desktop/workspace/miniwinwm/MiniWin/ui\ui_tabs.c **** 			MW_UI_TABS_Y_OFFSET + corner_radius);
 118                             		.loc 1 111 24
 119 00ba DD A5 01                		mov.W	2[r10], r5
 120 00bd 62 25                   		add	#2, r5
 107:C:/Users/John/Desktop/workspace/miniwinwm/MiniWin/ui\ui_tabs.c **** 	mw_gl_rectangle(draw_info,
 121                             		.loc 1 107 2
 122 00bf D3 05                   		mov.W	r5, [r0]
 123 00c1 66 03                   		mov	#0, r3
 124 00c3 66 02                   		mov	#0, r2
 125 00c5 ED A1 05                		mov.L	20[r10], r1
 126 00c8 05 00 00 00             		bsr	_mw_gl_rectangle
 112:C:/Users/John/Desktop/workspace/miniwinwm/MiniWin/ui\ui_tabs.c **** 
 113:C:/Users/John/Desktop/workspace/miniwinwm/MiniWin/ui\ui_tabs.c **** 	mw_gl_set_line(MW_GL_SOLID_LINE);
 127                             		.loc 1 113 2
 128 00cc FB 1E FF FF 00          		mov.L	#0xffff, r1
 129 00d1 05 00 00 00             		bsr	_mw_gl_set_line
 114:C:/Users/John/Desktop/workspace/miniwinwm/MiniWin/ui\ui_tabs.c **** 	mw_gl_set_solid_fill_colour(this_tabs->foreground_colour);
 130                             		.loc 1 114 2
 131 00d5 ED A5 02                		mov.L	8[r10], r5
 132 00d8 A8 DD                   		mov.L	12[r5], r5
 133 00da EF 51                   		mov.L	r5, r1
 134 00dc 05 00 00 00             		bsr	_mw_gl_set_solid_fill_colour
 115:C:/Users/John/Desktop/workspace/miniwinwm/MiniWin/ui\ui_tabs.c **** 	mw_gl_set_text_rotation(MW_GL_TEXT_ROTATION_0);
 135                             		.loc 1 115 2
 136 00e0 66 01                   		mov.L	#0, r1
 137 00e2 05 00 00 00             		bsr	_mw_gl_set_text_rotation
 116:C:/Users/John/Desktop/workspace/miniwinwm/MiniWin/ui\ui_tabs.c **** 	mw_gl_set_bg_transparency(MW_GL_BG_TRANSPARENT);
 138                             		.loc 1 116 2
 139 00e6 66 01                   		mov.L	#0, r1
 140 00e8 05 00 00 00             		bsr	_mw_gl_set_bg_transparency
 117:C:/Users/John/Desktop/workspace/miniwinwm/MiniWin/ui\ui_tabs.c **** 	mw_gl_set_fg_colour(MW_HAL_LCD_BLACK);
 141                             		.loc 1 117 2
 142 00ec 66 01                   		mov.L	#0, r1
 143 00ee 05 00 00 00             		bsr	_mw_gl_set_fg_colour
 118:C:/Users/John/Desktop/workspace/miniwinwm/MiniWin/ui\ui_tabs.c **** 
 119:C:/Users/John/Desktop/workspace/miniwinwm/MiniWin/ui\ui_tabs.c **** 	/* draw each tab */
 120:C:/Users/John/Desktop/workspace/miniwinwm/MiniWin/ui\ui_tabs.c **** 	for (i = 0; i < this_tabs->number_of_tabs; i++)
 144                             		.loc 1 120 9
 145 00f2 F8 A5 00                		mov.W	#0, [r10]
 146                             		.loc 1 120 2
 147 00f5 38 49 02                		bra	.L7
 148                             	.L4:
  98:C:/Users/John/Desktop/workspace/miniwinwm/MiniWin/ui\ui_tabs.c **** 		return;
 149                             		.loc 1 98 3
 150 00f8 FB 42 16 00 00 00       		mov.L	#.LC1, r4
 151 00fe 75 43 62                		mov.L	#0x62, r3
 152 0101 FB 22 00 00 00 00       		mov.L	#___func__.2879, r2
 153 0107 66 01                   		mov	#0, r1
 154 0109 05 00 00 00             		bsr	_mw_debug_print_assert
  99:C:/Users/John/Desktop/workspace/miniwinwm/MiniWin/ui\ui_tabs.c **** 	}
 155                             		.loc 1 99 3
 156 010d 38 6D 02                		bra	.L1
 157                             	.L12:
 121:C:/Users/John/Desktop/workspace/miniwinwm/MiniWin/ui\ui_tabs.c **** 	{
 122:C:/Users/John/Desktop/workspace/miniwinwm/MiniWin/ui\ui_tabs.c **** 		/* calculate the start x coordinate of next tab */
 123:C:/Users/John/Desktop/workspace/miniwinwm/MiniWin/ui\ui_tabs.c **** 		tab_start_x = tab_width * i;
 158                             		.loc 1 123 27
 159 0110 DD A4 06                		mov.W	12[r10], r4
 160 0113 DC A5                   		mov.W	[r10], r5
 161 0115 4F 45                   		mul	r4, r5
 162                             		.loc 1 123 15
 163 0117 D7 A5 07                		mov.W	r5, 14[r10]
 124:C:/Users/John/Desktop/workspace/miniwinwm/MiniWin/ui\ui_tabs.c **** 
 125:C:/Users/John/Desktop/workspace/miniwinwm/MiniWin/ui\ui_tabs.c **** 		/* fill in main block */
 126:C:/Users/John/Desktop/workspace/miniwinwm/MiniWin/ui\ui_tabs.c **** 		mw_gl_rectangle(draw_info,
 127:C:/Users/John/Desktop/workspace/miniwinwm/MiniWin/ui\ui_tabs.c **** 				tab_start_x,
 128:C:/Users/John/Desktop/workspace/miniwinwm/MiniWin/ui\ui_tabs.c **** 				MW_UI_TABS_Y_OFFSET + corner_radius,
 164                             		.loc 1 128 25
 165 011a DD A5 01                		mov.W	2[r10], r5
 166 011d 62 25                   		add	#2, r5
 126:C:/Users/John/Desktop/workspace/miniwinwm/MiniWin/ui\ui_tabs.c **** 				tab_start_x,
 167                             		.loc 1 126 3
 168 011f DF 5B                   		mov.W	r5, r11
 129:C:/Users/John/Desktop/workspace/miniwinwm/MiniWin/ui\ui_tabs.c **** 				tab_width,
 130:C:/Users/John/Desktop/workspace/miniwinwm/MiniWin/ui\ui_tabs.c **** 				mw_get_control_rect(control_handle).height - (MW_UI_TABS_Y_OFFSET + corner_radius));
 169                             		.loc 1 130 5
 170 0121 ED A1 04                		mov.L	16[r10], r1
 171 0124 05 00 00 00             		bsr	_mw_get_control_rect
 172 0128 EF 15                   		mov.L	r1, r5
 173 012a EF 26                   		mov.L	r2, r6
 174                             		.loc 1 130 40
 175 012c EF 65                   		mov.L	r6, r5
 176 012e 6B 05                   		shar	#16, r5
 177                             		.loc 1 130 48
 178 0130 DF 54                   		mov.W	r5, r4
 179 0132 DD A5 01                		mov.W	2[r10], r5
 180 0135 FF 05 54                		sub	r5, r4, r5
 181 0138 60 25                   		sub	#2, r5
 126:C:/Users/John/Desktop/workspace/miniwinwm/MiniWin/ui\ui_tabs.c **** 				tab_start_x,
 182                             		.loc 1 126 3
 183 013a D3 05                   		mov.W	r5, [r0]
 184 013c DD A4 06                		mov.W	12[r10], r4
 185 013f DF B3                   		mov.W	r11, r3
 186 0141 DD A2 07                		mov.W	14[r10], r2
 187 0144 ED A1 05                		mov.L	20[r10], r1
 188 0147 05 00 00 00             		bsr	_mw_gl_rectangle
 131:C:/Users/John/Desktop/workspace/miniwinwm/MiniWin/ui\ui_tabs.c **** 
 132:C:/Users/John/Desktop/workspace/miniwinwm/MiniWin/ui\ui_tabs.c **** 		/* fill in block above main block between curved corners */
 133:C:/Users/John/Desktop/workspace/miniwinwm/MiniWin/ui\ui_tabs.c **** 		mw_gl_rectangle(draw_info,
 134:C:/Users/John/Desktop/workspace/miniwinwm/MiniWin/ui\ui_tabs.c **** 				tab_start_x + corner_radius,
 189                             		.loc 1 134 17
 190 014b DD A4 07                		mov.W	14[r10], r4
 191 014e DD A5 01                		mov.W	2[r10], r5
 192 0151 4B 45                   		add	r4, r5
 133:C:/Users/John/Desktop/workspace/miniwinwm/MiniWin/ui\ui_tabs.c **** 				tab_start_x + corner_radius,
 193                             		.loc 1 133 3
 194 0153 DF 52                   		mov.W	r5, r2
 135:C:/Users/John/Desktop/workspace/miniwinwm/MiniWin/ui\ui_tabs.c **** 				MW_UI_TABS_Y_OFFSET,
 136:C:/Users/John/Desktop/workspace/miniwinwm/MiniWin/ui\ui_tabs.c **** 				tab_width - 2 * corner_radius,
 195                             		.loc 1 136 15
 196 0155 DD A4 06                		mov.W	12[r10], r4
 197                             		.loc 1 136 19
 198 0158 DD A5 01                		mov.W	2[r10], r5
 199 015b 4B 55                   		add	r5, r5
 200                             		.loc 1 136 15
 201 015d FF 05 54                		sub	r5, r4, r5
 133:C:/Users/John/Desktop/workspace/miniwinwm/MiniWin/ui\ui_tabs.c **** 				tab_start_x + corner_radius,
 202                             		.loc 1 133 3
 203 0160 DD A4 01                		mov.W	2[r10], r4
 204 0163 D3 04                   		mov.W	r4, [r0]
 205 0165 DF 54                   		mov.W	r5, r4
 206 0167 66 23                   		mov	#2, r3
 207 0169 ED A1 05                		mov.L	20[r10], r1
 208 016c 05 00 00 00             		bsr	_mw_gl_rectangle
 137:C:/Users/John/Desktop/workspace/miniwinwm/MiniWin/ui\ui_tabs.c **** 				corner_radius);
 138:C:/Users/John/Desktop/workspace/miniwinwm/MiniWin/ui\ui_tabs.c **** 
 139:C:/Users/John/Desktop/workspace/miniwinwm/MiniWin/ui\ui_tabs.c **** 		/* fill in left curved corner */
 140:C:/Users/John/Desktop/workspace/miniwinwm/MiniWin/ui\ui_tabs.c **** 		mw_gl_segment(draw_info, tab_start_x + corner_radius, corner_radius + MW_UI_TABS_Y_OFFSET, corner
 209                             		.loc 1 140 40
 210 0170 DD A4 07                		mov.W	14[r10], r4
 211 0173 DD A5 01                		mov.W	2[r10], r5
 212 0176 4B 45                   		add	r4, r5
 213                             		.loc 1 140 3
 214 0178 DF 52                   		mov.W	r5, r2
 215                             		.loc 1 140 71
 216 017a DD A5 01                		mov.W	2[r10], r5
 217 017d 62 25                   		add	#2, r5
 218                             		.loc 1 140 3
 219 017f DF 53                   		mov.W	r5, r3
 220                             		.loc 1 140 108
 221 0181 DD A5 01                		mov.W	2[r10], r5
 222 0184 62 15                   		add	#1, r5
 223                             		.loc 1 140 3
 224 0186 F9 09 01 68 01          		mov.W	#0x168, 2[r0]
 225 018b F8 09 0E 01             		mov.W	#0x10e, [r0]
 226 018f DF 54                   		mov.W	r5, r4
 227 0191 ED A1 05                		mov.L	20[r10], r1
 228 0194 05 00 00 00             		bsr	_mw_gl_segment
 141:C:/Users/John/Desktop/workspace/miniwinwm/MiniWin/ui\ui_tabs.c **** 
 142:C:/Users/John/Desktop/workspace/miniwinwm/MiniWin/ui\ui_tabs.c **** 		/* draw left edge */
 143:C:/Users/John/Desktop/workspace/miniwinwm/MiniWin/ui\ui_tabs.c **** 		mw_gl_vline(draw_info, tab_start_x, corner_radius + MW_UI_TABS_Y_OFFSET, tabs_height - 1);
 229                             		.loc 1 143 53
 230 0198 DD A5 01                		mov.W	2[r10], r5
 231 019b 62 25                   		add	#2, r5
 232                             		.loc 1 143 3
 233 019d DF 53                   		mov.W	r5, r3
 234                             		.loc 1 143 88
 235 019f DD A5 02                		mov.W	4[r10], r5
 236 01a2 60 15                   		sub	#1, r5
 237                             		.loc 1 143 3
 238 01a4 DF 54                   		mov.W	r5, r4
 239 01a6 DD A2 07                		mov.W	14[r10], r2
 240 01a9 ED A1 05                		mov.L	20[r10], r1
 241 01ac 05 00 00 00             		bsr	_mw_gl_vline
 144:C:/Users/John/Desktop/workspace/miniwinwm/MiniWin/ui\ui_tabs.c **** 
 145:C:/Users/John/Desktop/workspace/miniwinwm/MiniWin/ui\ui_tabs.c **** 		/* draw border of left curved corner */
 146:C:/Users/John/Desktop/workspace/miniwinwm/MiniWin/ui\ui_tabs.c **** 		mw_gl_arc(draw_info, tab_start_x + corner_radius, corner_radius + MW_UI_TABS_Y_OFFSET, corner_rad
 242                             		.loc 1 146 36
 243 01b0 DD A4 07                		mov.W	14[r10], r4
 244 01b3 DD A5 01                		mov.W	2[r10], r5
 245 01b6 4B 45                   		add	r4, r5
 246                             		.loc 1 146 3
 247 01b8 DF 52                   		mov.W	r5, r2
 248                             		.loc 1 146 67
 249 01ba DD A5 01                		mov.W	2[r10], r5
 250 01bd 62 25                   		add	#2, r5
 251                             		.loc 1 146 3
 252 01bf F9 09 01 68 01          		mov.W	#0x168, 2[r0]
 253 01c4 F8 09 0E 01             		mov.W	#0x10e, [r0]
 254 01c8 DD A4 01                		mov.W	2[r10], r4
 255 01cb DF 53                   		mov.W	r5, r3
 256 01cd ED A1 05                		mov.L	20[r10], r1
 257 01d0 05 00 00 00             		bsr	_mw_gl_arc
 147:C:/Users/John/Desktop/workspace/miniwinwm/MiniWin/ui\ui_tabs.c **** 
 148:C:/Users/John/Desktop/workspace/miniwinwm/MiniWin/ui\ui_tabs.c **** 		/* right hand tab needs special case as it may be a 1 to number of tabs pixels wider than others 
 149:C:/Users/John/Desktop/workspace/miniwinwm/MiniWin/ui\ui_tabs.c **** 		if (i == this_tabs->number_of_tabs - 1)
 258                             		.loc 1 149 9
 259 01d4 DC A4                   		mov.W	[r10], r4
 260                             		.loc 1 149 21
 261 01d6 ED A5 02                		mov.L	8[r10], r5
 262 01d9 99 55                   		mov.W	8[r5], r5
 263 01db DF 55                   		mov.W	r5, r5
 264                             		.loc 1 149 38
 265 01dd 60 15                   		sub	#1, r5
 266                             		.loc 1 149 6
 267 01df 47 54                   		cmp	r5, r4
 268 01e1 21 68                   		bne	.L8
 150:C:/Users/John/Desktop/workspace/miniwinwm/MiniWin/ui\ui_tabs.c **** 		{
 151:C:/Users/John/Desktop/workspace/miniwinwm/MiniWin/ui\ui_tabs.c **** 			/* fill in right curved corner of right tab */
 152:C:/Users/John/Desktop/workspace/miniwinwm/MiniWin/ui\ui_tabs.c **** 			mw_gl_segment(draw_info,
 153:C:/Users/John/Desktop/workspace/miniwinwm/MiniWin/ui\ui_tabs.c **** 					mw_get_control_rect(control_handle).width - 1 - corner_radius,
 269                             		.loc 1 153 6
 270 01e3 ED A1 04                		mov.L	16[r10], r1
 271 01e6 05 00 00 00             		bsr	_mw_get_control_rect
 272 01ea EF 15                   		mov.L	r1, r5
 273 01ec EF 26                   		mov.L	r2, r6
 274                             		.loc 1 153 41
 275 01ee DF 65                   		mov.W	r6, r5
 276 01f0 DF 54                   		mov.W	r5, r4
 277                             		.loc 1 153 52
 278 01f2 DD A5 01                		mov.W	2[r10], r5
 279 01f5 FF 05 54                		sub	r5, r4, r5
 280 01f8 60 15                   		sub	#1, r5
 152:C:/Users/John/Desktop/workspace/miniwinwm/MiniWin/ui\ui_tabs.c **** 					mw_get_control_rect(control_handle).width - 1 - corner_radius,
 281                             		.loc 1 152 4
 282 01fa DF 52                   		mov.W	r5, r2
 154:C:/Users/John/Desktop/workspace/miniwinwm/MiniWin/ui\ui_tabs.c **** 					corner_radius + MW_UI_TABS_Y_OFFSET,
 283                             		.loc 1 154 20
 284 01fc DD A5 01                		mov.W	2[r10], r5
 285 01ff 62 25                   		add	#2, r5
 152:C:/Users/John/Desktop/workspace/miniwinwm/MiniWin/ui\ui_tabs.c **** 					mw_get_control_rect(control_handle).width - 1 - corner_radius,
 286                             		.loc 1 152 4
 287 0201 DF 53                   		mov.W	r5, r3
 155:C:/Users/John/Desktop/workspace/miniwinwm/MiniWin/ui\ui_tabs.c **** 					corner_radius + 1,
 288                             		.loc 1 155 20
 289 0203 DD A5 01                		mov.W	2[r10], r5
 290 0206 62 15                   		add	#1, r5
 152:C:/Users/John/Desktop/workspace/miniwinwm/MiniWin/ui\ui_tabs.c **** 					mw_get_control_rect(control_handle).width - 1 - corner_radius,
 291                             		.loc 1 152 4
 292 0208 3D 01 5A                		mov.W	#0x5a, 2[r0]
 293 020b F8 05 00                		mov.W	#0, [r0]
 294 020e DF 54                   		mov.W	r5, r4
 295 0210 ED A1 05                		mov.L	20[r10], r1
 296 0213 05 00 00 00             		bsr	_mw_gl_segment
 156:C:/Users/John/Desktop/workspace/miniwinwm/MiniWin/ui\ui_tabs.c **** 					0,
 157:C:/Users/John/Desktop/workspace/miniwinwm/MiniWin/ui\ui_tabs.c **** 					90);
 158:C:/Users/John/Desktop/workspace/miniwinwm/MiniWin/ui\ui_tabs.c **** 
 159:C:/Users/John/Desktop/workspace/miniwinwm/MiniWin/ui\ui_tabs.c **** 			/* draw border of right curved corner of right tab */
 160:C:/Users/John/Desktop/workspace/miniwinwm/MiniWin/ui\ui_tabs.c **** 			mw_gl_arc(draw_info,
 161:C:/Users/John/Desktop/workspace/miniwinwm/MiniWin/ui\ui_tabs.c **** 					mw_get_control_rect(control_handle).width - 1 - corner_radius,
 297                             		.loc 1 161 6
 298 0217 ED A1 04                		mov.L	16[r10], r1
 299 021a 05 00 00 00             		bsr	_mw_get_control_rect
 300 021e EF 15                   		mov.L	r1, r5
 301 0220 EF 26                   		mov.L	r2, r6
 302                             		.loc 1 161 41
 303 0222 DF 65                   		mov.W	r6, r5
 304 0224 DF 54                   		mov.W	r5, r4
 305                             		.loc 1 161 52
 306 0226 DD A5 01                		mov.W	2[r10], r5
 307 0229 FF 05 54                		sub	r5, r4, r5
 308 022c 60 15                   		sub	#1, r5
 160:C:/Users/John/Desktop/workspace/miniwinwm/MiniWin/ui\ui_tabs.c **** 					mw_get_control_rect(control_handle).width - 1 - corner_radius,
 309                             		.loc 1 160 4
 310 022e DF 52                   		mov.W	r5, r2
 162:C:/Users/John/Desktop/workspace/miniwinwm/MiniWin/ui\ui_tabs.c **** 					corner_radius + MW_UI_TABS_Y_OFFSET,
 311                             		.loc 1 162 20
 312 0230 DD A5 01                		mov.W	2[r10], r5
 313 0233 62 25                   		add	#2, r5
 160:C:/Users/John/Desktop/workspace/miniwinwm/MiniWin/ui\ui_tabs.c **** 					mw_get_control_rect(control_handle).width - 1 - corner_radius,
 314                             		.loc 1 160 4
 315 0235 3D 01 5A                		mov.W	#0x5a, 2[r0]
 316 0238 F8 05 00                		mov.W	#0, [r0]
 317 023b DD A4 01                		mov.W	2[r10], r4
 318 023e DF 53                   		mov.W	r5, r3
 319 0240 ED A1 05                		mov.L	20[r10], r1
 320 0243 05 00 00 00             		bsr	_mw_gl_arc
 321 0247 2E 58                   		bra	.L9
 322                             	.L8:
 163:C:/Users/John/Desktop/workspace/miniwinwm/MiniWin/ui\ui_tabs.c **** 					corner_radius,
 164:C:/Users/John/Desktop/workspace/miniwinwm/MiniWin/ui\ui_tabs.c **** 					0,
 165:C:/Users/John/Desktop/workspace/miniwinwm/MiniWin/ui\ui_tabs.c **** 					90);
 166:C:/Users/John/Desktop/workspace/miniwinwm/MiniWin/ui\ui_tabs.c **** 		}
 167:C:/Users/John/Desktop/workspace/miniwinwm/MiniWin/ui\ui_tabs.c **** 		else
 168:C:/Users/John/Desktop/workspace/miniwinwm/MiniWin/ui\ui_tabs.c **** 		{
 169:C:/Users/John/Desktop/workspace/miniwinwm/MiniWin/ui\ui_tabs.c **** 			/* fill in right curved corner of not right tab */
 170:C:/Users/John/Desktop/workspace/miniwinwm/MiniWin/ui\ui_tabs.c **** 			mw_gl_segment(draw_info,
 171:C:/Users/John/Desktop/workspace/miniwinwm/MiniWin/ui\ui_tabs.c **** 					tab_start_x + tab_width - corner_radius,
 323                             		.loc 1 171 18
 324 0249 DD A4 07                		mov.W	14[r10], r4
 325 024c DD A5 06                		mov.W	12[r10], r5
 326 024f 4B 45                   		add	r4, r5
 327 0251 DF 54                   		mov.W	r5, r4
 328                             		.loc 1 171 30
 329 0253 DD A5 01                		mov.W	2[r10], r5
 330 0256 FF 05 54                		sub	r5, r4, r5
 170:C:/Users/John/Desktop/workspace/miniwinwm/MiniWin/ui\ui_tabs.c **** 					tab_start_x + tab_width - corner_radius,
 331                             		.loc 1 170 4
 332 0259 DF 52                   		mov.W	r5, r2
 172:C:/Users/John/Desktop/workspace/miniwinwm/MiniWin/ui\ui_tabs.c **** 					corner_radius + MW_UI_TABS_Y_OFFSET,
 333                             		.loc 1 172 20
 334 025b DD A5 01                		mov.W	2[r10], r5
 335 025e 62 25                   		add	#2, r5
 170:C:/Users/John/Desktop/workspace/miniwinwm/MiniWin/ui\ui_tabs.c **** 					tab_start_x + tab_width - corner_radius,
 336                             		.loc 1 170 4
 337 0260 DF 53                   		mov.W	r5, r3
 173:C:/Users/John/Desktop/workspace/miniwinwm/MiniWin/ui\ui_tabs.c **** 					corner_radius + 1,
 338                             		.loc 1 173 20
 339 0262 DD A5 01                		mov.W	2[r10], r5
 340 0265 62 15                   		add	#1, r5
 170:C:/Users/John/Desktop/workspace/miniwinwm/MiniWin/ui\ui_tabs.c **** 					tab_start_x + tab_width - corner_radius,
 341                             		.loc 1 170 4
 342 0267 3D 01 5A                		mov.W	#0x5a, 2[r0]
 343 026a F8 05 00                		mov.W	#0, [r0]
 344 026d DF 54                   		mov.W	r5, r4
 345 026f ED A1 05                		mov.L	20[r10], r1
 346 0272 05 00 00 00             		bsr	_mw_gl_segment
 174:C:/Users/John/Desktop/workspace/miniwinwm/MiniWin/ui\ui_tabs.c **** 					0,
 175:C:/Users/John/Desktop/workspace/miniwinwm/MiniWin/ui\ui_tabs.c **** 					90);
 176:C:/Users/John/Desktop/workspace/miniwinwm/MiniWin/ui\ui_tabs.c **** 
 177:C:/Users/John/Desktop/workspace/miniwinwm/MiniWin/ui\ui_tabs.c **** 			/* draw border of right curved corner of not right tab */
 178:C:/Users/John/Desktop/workspace/miniwinwm/MiniWin/ui\ui_tabs.c **** 			mw_gl_arc(draw_info,
 179:C:/Users/John/Desktop/workspace/miniwinwm/MiniWin/ui\ui_tabs.c **** 					tab_start_x + tab_width - corner_radius,
 347                             		.loc 1 179 18
 348 0276 DD A4 07                		mov.W	14[r10], r4
 349 0279 DD A5 06                		mov.W	12[r10], r5
 350 027c 4B 45                   		add	r4, r5
 351 027e DF 54                   		mov.W	r5, r4
 352                             		.loc 1 179 30
 353 0280 DD A5 01                		mov.W	2[r10], r5
 354 0283 FF 05 54                		sub	r5, r4, r5
 178:C:/Users/John/Desktop/workspace/miniwinwm/MiniWin/ui\ui_tabs.c **** 					tab_start_x + tab_width - corner_radius,
 355                             		.loc 1 178 4
 356 0286 DF 52                   		mov.W	r5, r2
 180:C:/Users/John/Desktop/workspace/miniwinwm/MiniWin/ui\ui_tabs.c **** 					corner_radius + MW_UI_TABS_Y_OFFSET,
 357                             		.loc 1 180 20
 358 0288 DD A5 01                		mov.W	2[r10], r5
 359 028b 62 25                   		add	#2, r5
 178:C:/Users/John/Desktop/workspace/miniwinwm/MiniWin/ui\ui_tabs.c **** 					tab_start_x + tab_width - corner_radius,
 360                             		.loc 1 178 4
 361 028d 3D 01 5A                		mov.W	#0x5a, 2[r0]
 362 0290 F8 05 00                		mov.W	#0, [r0]
 363 0293 DD A4 01                		mov.W	2[r10], r4
 364 0296 DF 53                   		mov.W	r5, r3
 365 0298 ED A1 05                		mov.L	20[r10], r1
 366 029b 05 00 00 00             		bsr	_mw_gl_arc
 367                             	.L9:
 181:C:/Users/John/Desktop/workspace/miniwinwm/MiniWin/ui\ui_tabs.c **** 					corner_radius,
 182:C:/Users/John/Desktop/workspace/miniwinwm/MiniWin/ui\ui_tabs.c **** 					0,
 183:C:/Users/John/Desktop/workspace/miniwinwm/MiniWin/ui\ui_tabs.c **** 					90);
 184:C:/Users/John/Desktop/workspace/miniwinwm/MiniWin/ui\ui_tabs.c **** 		}
 185:C:/Users/John/Desktop/workspace/miniwinwm/MiniWin/ui\ui_tabs.c **** 
 186:C:/Users/John/Desktop/workspace/miniwinwm/MiniWin/ui\ui_tabs.c **** 		/* draw bottom line of each tab */
 187:C:/Users/John/Desktop/workspace/miniwinwm/MiniWin/ui\ui_tabs.c **** 		if (i != (int16_t)this_tabs->selection)
 368                             		.loc 1 187 9
 369 029f DC A4                   		mov.W	[r10], r4
 370                             		.loc 1 187 30
 371 02a1 ED A5 02                		mov.L	8[r10], r5
 372 02a4 8D 55                   		mov.B	20[r5], r5
 373                             		.loc 1 187 12
 374 02a6 5B 55                   		movu.B	r5, r5
 375                             		.loc 1 187 6
 376 02a8 47 54                   		cmp	r5, r4
 377 02aa 20 26                   		beq	.L10
 188:C:/Users/John/Desktop/workspace/miniwinwm/MiniWin/ui\ui_tabs.c **** 		{
 189:C:/Users/John/Desktop/workspace/miniwinwm/MiniWin/ui\ui_tabs.c **** 			mw_gl_hline(draw_info, i * tab_width, (i + 1) * tab_width, tabs_height - 1);
 378                             		.loc 1 189 29
 379 02ac DC A4                   		mov.W	[r10], r4
 380 02ae DD A5 06                		mov.W	12[r10], r5
 381 02b1 4F 45                   		mul	r4, r5
 382                             		.loc 1 189 4
 383 02b3 DF 52                   		mov.W	r5, r2
 384                             		.loc 1 189 45
 385 02b5 DC A5                   		mov.W	[r10], r5
 386 02b7 62 15                   		add	#1, r5
 387                             		.loc 1 189 4
 388 02b9 DF 54                   		mov.W	r5, r4
 389 02bb DD A5 06                		mov.W	12[r10], r5
 390 02be 4F 45                   		mul	r4, r5
 391 02c0 DF 53                   		mov.W	r5, r3
 392                             		.loc 1 189 75
 393 02c2 DD A5 02                		mov.W	4[r10], r5
 394 02c5 60 15                   		sub	#1, r5
 395                             		.loc 1 189 4
 396 02c7 DF 54                   		mov.W	r5, r4
 397 02c9 ED A1 05                		mov.L	20[r10], r1
 398 02cc 05 00 00 00             		bsr	_mw_gl_hline
 399                             	.L10:
 190:C:/Users/John/Desktop/workspace/miniwinwm/MiniWin/ui\ui_tabs.c **** 		}
 191:C:/Users/John/Desktop/workspace/miniwinwm/MiniWin/ui\ui_tabs.c **** 
 192:C:/Users/John/Desktop/workspace/miniwinwm/MiniWin/ui\ui_tabs.c **** 		/* draw top line of each tab */
 193:C:/Users/John/Desktop/workspace/miniwinwm/MiniWin/ui\ui_tabs.c **** 		mw_gl_hline(draw_info, i * tab_width + corner_radius, (i + 1) * tab_width - corner_radius, MW_UI_
 400                             		.loc 1 193 28
 401 02d0 DC A4                   		mov.W	[r10], r4
 402 02d2 DD A5 06                		mov.W	12[r10], r5
 403 02d5 4F 45                   		mul	r4, r5
 404 02d7 DF 54                   		mov.W	r5, r4
 405                             		.loc 1 193 40
 406 02d9 DD A5 01                		mov.W	2[r10], r5
 407 02dc 4B 45                   		add	r4, r5
 408                             		.loc 1 193 3
 409 02de DF 52                   		mov.W	r5, r2
 410                             		.loc 1 193 60
 411 02e0 DC A5                   		mov.W	[r10], r5
 412 02e2 62 15                   		add	#1, r5
 413                             		.loc 1 193 77
 414 02e4 DF 54                   		mov.W	r5, r4
 415 02e6 DD A5 06                		mov.W	12[r10], r5
 416 02e9 4F 45                   		mul	r4, r5
 417 02eb DF 54                   		mov.W	r5, r4
 418 02ed DD A5 01                		mov.W	2[r10], r5
 419 02f0 FF 05 54                		sub	r5, r4, r5
 420                             		.loc 1 193 3
 421 02f3 66 24                   		mov	#2, r4
 422 02f5 DF 53                   		mov.W	r5, r3
 423 02f7 ED A1 05                		mov.L	20[r10], r1
 424 02fa 05 00 00 00             		bsr	_mw_gl_hline
 194:C:/Users/John/Desktop/workspace/miniwinwm/MiniWin/ui\ui_tabs.c **** 
 195:C:/Users/John/Desktop/workspace/miniwinwm/MiniWin/ui\ui_tabs.c **** 		/* draw label in each tab */
 196:C:/Users/John/Desktop/workspace/miniwinwm/MiniWin/ui\ui_tabs.c **** 		if ((mw_get_control_flags(control_handle) & MW_CONTROL_FLAG_IS_ENABLED) == 0U)
 425                             		.loc 1 196 8
 426 02fe ED A1 04                		mov.L	16[r10], r1
 427 0301 05 00 00 00             		bsr	_mw_get_control_flags
 428 0305 EF 15                   		mov.L	r1, r5
 429                             		.loc 1 196 45
 430 0307 5F 55                   		movu.W	r5, r5
 431 0309 64 25                   		and	#2, r5
 432                             		.loc 1 196 6
 433 030b 61 05                   		cmp	#0, r5
 434 030d 21 0C                   		bne	.L11
 197:C:/Users/John/Desktop/workspace/miniwinwm/MiniWin/ui\ui_tabs.c **** 		{
 198:C:/Users/John/Desktop/workspace/miniwinwm/MiniWin/ui\ui_tabs.c **** 			mw_gl_set_fg_colour(MW_CONTROL_DISABLED_COLOUR);
 435                             		.loc 1 198 4
 436 030f FB 12 BF BF BF 00       		mov.L	#0xbfbfbf, r1
 437 0315 05 00 00 00             		bsr	_mw_gl_set_fg_colour
 438                             	.L11:
 199:C:/Users/John/Desktop/workspace/miniwinwm/MiniWin/ui\ui_tabs.c **** 		}
 200:C:/Users/John/Desktop/workspace/miniwinwm/MiniWin/ui\ui_tabs.c **** 		mw_gl_string(draw_info, tab_start_x + MW_UI_TABS_LABEL_X_OFFSET, MW_UI_TABS_LABEL_Y_OFFSET, this_
 439                             		.loc 1 200 39 discriminator 2
 440 0319 DD A5 07                		mov.W	14[r10], r5
 441 031c 62 45                   		add	#4, r5
 442                             		.loc 1 200 3 discriminator 2
 443 031e DF 52                   		mov.W	r5, r2
 444                             		.loc 1 200 104 discriminator 2
 445 0320 ED A5 02                		mov.L	8[r10], r5
 446 0323 A8 5C                   		mov.L	4[r5], r4
 447                             		.loc 1 200 117 discriminator 2
 448 0325 DC A5                   		mov.W	[r10], r5
 449 0327 6C 25                   		shll	#2, r5
 450 0329 4B 45                   		add	r4, r5
 451                             		.loc 1 200 3 discriminator 2
 452 032b EC 55                   		mov.L	[r5], r5
 453 032d EF 54                   		mov.L	r5, r4
 454 032f 66 53                   		mov	#5, r3
 455 0331 ED A1 05                		mov.L	20[r10], r1
 456 0334 05 00 00 00             		bsr	_mw_gl_string
 120:C:/Users/John/Desktop/workspace/miniwinwm/MiniWin/ui\ui_tabs.c **** 	{
 457                             		.loc 1 120 46 discriminator 2
 458 0338 DC A5                   		mov.W	[r10], r5
 459 033a 62 15                   		add	#1, r5
 460 033c D3 A5                   		mov.W	r5, [r10]
 461                             	.L7:
 120:C:/Users/John/Desktop/workspace/miniwinwm/MiniWin/ui\ui_tabs.c **** 	{
 462                             		.loc 1 120 27 discriminator 1
 463 033e ED A5 02                		mov.L	8[r10], r5
 464 0341 99 55                   		mov.W	8[r5], r5
 120:C:/Users/John/Desktop/workspace/miniwinwm/MiniWin/ui\ui_tabs.c **** 	{
 465                             		.loc 1 120 2 discriminator 1
 466 0343 DC A4                   		mov.W	[r10], r4
 467 0345 DF 55                   		mov.W	r5, r5
 468 0347 47 54                   		cmp	r5, r4
 469 0349 28 05 38 C5 FD          		blt	.L12
 201:C:/Users/John/Desktop/workspace/miniwinwm/MiniWin/ui\ui_tabs.c **** 	}
 202:C:/Users/John/Desktop/workspace/miniwinwm/MiniWin/ui\ui_tabs.c **** 
 203:C:/Users/John/Desktop/workspace/miniwinwm/MiniWin/ui\ui_tabs.c **** 	/* draw the right hand edge of the last tab */
 204:C:/Users/John/Desktop/workspace/miniwinwm/MiniWin/ui\ui_tabs.c **** 	mw_gl_set_fg_colour(MW_HAL_LCD_BLACK);
 470                             		.loc 1 204 2
 471 034e 66 01                   		mov.L	#0, r1
 472 0350 05 00 00 00             		bsr	_mw_gl_set_fg_colour
 205:C:/Users/John/Desktop/workspace/miniwinwm/MiniWin/ui\ui_tabs.c **** 	mw_gl_vline(draw_info, mw_get_control_rect(control_handle).width - 1, corner_radius + 2, tabs_heig
 473                             		.loc 1 205 25
 474 0354 ED A1 04                		mov.L	16[r10], r1
 475 0357 05 00 00 00             		bsr	_mw_get_control_rect
 476 035b EF 15                   		mov.L	r1, r5
 477 035d EF 26                   		mov.L	r2, r6
 478                             		.loc 1 205 60
 479 035f DF 65                   		mov.W	r6, r5
 480                             		.loc 1 205 67
 481 0361 60 15                   		sub	#1, r5
 482                             		.loc 1 205 2
 483 0363 DF 52                   		mov.W	r5, r2
 484                             		.loc 1 205 86
 485 0365 DD A5 01                		mov.W	2[r10], r5
 486 0368 62 25                   		add	#2, r5
 487                             		.loc 1 205 2
 488 036a DF 53                   		mov.W	r5, r3
 489                             		.loc 1 205 103
 490 036c DD A5 02                		mov.W	4[r10], r5
 491 036f 60 15                   		sub	#1, r5
 492                             		.loc 1 205 2
 493 0371 DF 54                   		mov.W	r5, r4
 494 0373 ED A1 05                		mov.L	20[r10], r1
 495 0376 05 00 00 00             		bsr	_mw_gl_vline
 496                             	.L1:
 206:C:/Users/John/Desktop/workspace/miniwinwm/MiniWin/ui\ui_tabs.c **** }
 497                             		.loc 1 206 1
 498 037a 3F 6B 0D                		rtsd	#52, r6-r11
 499                             	.LFE0:
 501                             		.section	.text.tabs_message_function,"ax",@progbits
 503                             	_tabs_message_function:
 504                             	.LFB1:
 207:C:/Users/John/Desktop/workspace/miniwinwm/MiniWin/ui\ui_tabs.c **** 
 208:C:/Users/John/Desktop/workspace/miniwinwm/MiniWin/ui\ui_tabs.c **** /**
 209:C:/Users/John/Desktop/workspace/miniwinwm/MiniWin/ui\ui_tabs.c ****  * Control message handler called by the window manager.
 210:C:/Users/John/Desktop/workspace/miniwinwm/MiniWin/ui\ui_tabs.c ****  *
 211:C:/Users/John/Desktop/workspace/miniwinwm/MiniWin/ui\ui_tabs.c ****  * @param message The message to be processed
 212:C:/Users/John/Desktop/workspace/miniwinwm/MiniWin/ui\ui_tabs.c ****  */
 213:C:/Users/John/Desktop/workspace/miniwinwm/MiniWin/ui\ui_tabs.c **** static void tabs_message_function(const mw_message_t *message)
 214:C:/Users/John/Desktop/workspace/miniwinwm/MiniWin/ui\ui_tabs.c **** {
 505                             		.loc 1 214 1
 506 0000 6E 6C                   		pushm	r6-r12
 507                             	.LCFI3:
 508 0002 71 0A F4                		add	#-12, r0, r10
 509                             	.LCFI4:
 510 0005 71 A0 F8                		add	#-8, r10, r0
 511                             	.LCFI5:
 512 0008 E7 A1 02                		mov.L	r1, 8[r10]
 215:C:/Users/John/Desktop/workspace/miniwinwm/MiniWin/ui\ui_tabs.c **** 	int16_t tab_width;
 216:C:/Users/John/Desktop/workspace/miniwinwm/MiniWin/ui\ui_tabs.c **** 	mw_ui_tabs_data_t *this_tabs;
 217:C:/Users/John/Desktop/workspace/miniwinwm/MiniWin/ui\ui_tabs.c **** 
 218:C:/Users/John/Desktop/workspace/miniwinwm/MiniWin/ui\ui_tabs.c **** 	MW_ASSERT(message != (void*)0, "Null pointer argument");
 513                             		.loc 1 218 2
 514 000b ED A5 02                		mov.L	8[r10], r5
 515 000e 61 05                   		cmp	#0, r5
 516 0010 FC DB 51                		scne.L	r5
 517 0013 FB 42 00 00 00 00       		mov.L	#.LC0, r4
 518 0019 75 43 DA                		mov.L	#0xda, r3
 519 001c FB 22 00 00 00 00       		mov.L	#___func__.2888, r2
 520 0022 CF 51                   		mov.B	r5, r1
 521 0024 05 00 00 00             		bsr	_mw_debug_print_assert
 219:C:/Users/John/Desktop/workspace/miniwinwm/MiniWin/ui\ui_tabs.c **** 
 220:C:/Users/John/Desktop/workspace/miniwinwm/MiniWin/ui\ui_tabs.c **** 	this_tabs = (mw_ui_tabs_data_t *)mw_get_control_instance_data(message->recipient_handle);
 522                             		.loc 1 220 35
 523 0028 ED A5 02                		mov.L	8[r10], r5
 524 002b A8 5D                   		mov.L	4[r5], r5
 525 002d EF 51                   		mov.L	r5, r1
 526 002f 05 00 00 00             		bsr	_mw_get_control_instance_data
 527 0033 E3 A1                   		mov.L	r1, [r10]
 221:C:/Users/John/Desktop/workspace/miniwinwm/MiniWin/ui\ui_tabs.c **** 
 222:C:/Users/John/Desktop/workspace/miniwinwm/MiniWin/ui\ui_tabs.c **** 	switch (message->message_id)
 528                             		.loc 1 222 17
 529 0035 ED A5 02                		mov.L	8[r10], r5
 530 0038 A8 D5                   		mov.L	8[r5], r5
 531                             		.loc 1 222 2
 532 003a 75 55 13                		cmp	#19, r5
 533 003d 3A E5 00                		beq	.L14
 534 0040 75 55 14                		cmp	#20, r5
 535 0043 3B 26 01                		bne	.L22
 223:C:/Users/John/Desktop/workspace/miniwinwm/MiniWin/ui\ui_tabs.c **** 	{
 224:C:/Users/John/Desktop/workspace/miniwinwm/MiniWin/ui\ui_tabs.c **** 	case MW_TOUCH_DOWN_MESSAGE:
 225:C:/Users/John/Desktop/workspace/miniwinwm/MiniWin/ui\ui_tabs.c **** 		if (this_tabs->number_of_tabs > 0)
 536                             		.loc 1 225 16
 537 0046 EC A5                   		mov.L	[r10], r5
 538 0048 99 55                   		mov.W	8[r5], r5
 539                             		.loc 1 225 6
 540 004a DF 55                   		mov.W	r5, r5
 541 004c 61 05                   		cmp	#0, r5
 542 004e 2A 05 38 BB 00          		ble	.L16
 226:C:/Users/John/Desktop/workspace/miniwinwm/MiniWin/ui\ui_tabs.c **** 		{
 227:C:/Users/John/Desktop/workspace/miniwinwm/MiniWin/ui\ui_tabs.c **** 			tab_width = mw_get_control_rect(message->recipient_handle).width / this_tabs->number_of_tabs;
 543                             		.loc 1 227 16
 544 0053 ED A5 02                		mov.L	8[r10], r5
 545 0056 A8 5D                   		mov.L	4[r5], r5
 546 0058 EF 51                   		mov.L	r5, r1
 547 005a 05 00 00 00             		bsr	_mw_get_control_rect
 548 005e EF 15                   		mov.L	r1, r5
 549 0060 EF 26                   		mov.L	r2, r6
 550                             		.loc 1 227 62
 551 0062 DF 65                   		mov.W	r6, r5
 552 0064 DF 54                   		mov.W	r5, r4
 553                             		.loc 1 227 80
 554 0066 EC A5                   		mov.L	[r10], r5
 555 0068 99 55                   		mov.W	8[r5], r5
 556 006a DF 55                   		mov.W	r5, r5
 557                             		.loc 1 227 69
 558 006c EF 47                   		mov.L	r4, r7
 559 006e FC 23 57                		div	r5, r7
 560 0071 EF 75                   		mov.L	r7, r5
 561                             		.loc 1 227 14
 562 0073 D7 A5 02                		mov.W	r5, 4[r10]
 228:C:/Users/John/Desktop/workspace/miniwinwm/MiniWin/ui\ui_tabs.c **** 			this_tabs->selection = (uint8_t)((message->message_data >> 16) / (uint32_t)tab_width);
 563                             		.loc 1 228 45
 564 0076 ED A5 02                		mov.L	8[r10], r5
 565 0079 A9 55                   		mov.L	16[r5], r5
 566                             		.loc 1 228 60
 567 007b FD 90 54                		shlr	#16, r5, r4
 568                             		.loc 1 228 69
 569 007e DD A5 02                		mov.W	4[r10], r5
 570                             		.loc 1 228 67
 571 0081 EF 47                   		mov.L	r4, r7
 572 0083 FC 27 57                		divu	r5, r7
 573 0086 EF 75                   		mov.L	r7, r5
 574                             		.loc 1 228 27
 575 0088 CF 54                   		mov.B	r5, r4
 576                             		.loc 1 228 25
 577 008a EC A5                   		mov.L	[r10], r5
 578 008c 85 54                   		mov.B	r4, 20[r5]
 229:C:/Users/John/Desktop/workspace/miniwinwm/MiniWin/ui\ui_tabs.c **** 
 230:C:/Users/John/Desktop/workspace/miniwinwm/MiniWin/ui\ui_tabs.c **** 			/* only get bottom line of tabs control repainted, rest hasn't changed */
 231:C:/Users/John/Desktop/workspace/miniwinwm/MiniWin/ui\ui_tabs.c **** 			if ((mw_get_control_flags(message->recipient_handle) & MW_CONTROL_FLAG_LARGE_SIZE) == MW_CONTROL
 579                             		.loc 1 231 9
 580 008e ED A5 02                		mov.L	8[r10], r5
 581 0091 A8 5D                   		mov.L	4[r5], r5
 582 0093 EF 51                   		mov.L	r5, r1
 583 0095 05 00 00 00             		bsr	_mw_get_control_flags
 584 0099 EF 15                   		mov.L	r1, r5
 585                             		.loc 1 231 57
 586 009b 5F 55                   		movu.W	r5, r5
 587 009d 64 85                   		and	#8, r5
 588                             		.loc 1 231 7
 589 009f 61 85                   		cmp	#8, r5
 590 00a1 21 0C                   		bne	.L17
 232:C:/Users/John/Desktop/workspace/miniwinwm/MiniWin/ui\ui_tabs.c **** 			{
 233:C:/Users/John/Desktop/workspace/miniwinwm/MiniWin/ui\ui_tabs.c **** 				invalid_rect.y = MW_UI_TABS_LARGE_HEIGHT - 1;
 591                             		.loc 1 233 20
 592 00a3 FB 52 00 00 00 00       		mov.L	#_invalid_rect, r5
 593 00a9 3D 51 16                		mov.W	#22, 2[r5]
 594 00ac 0A                      		bra	.L18
 595                             	.L17:
 234:C:/Users/John/Desktop/workspace/miniwinwm/MiniWin/ui\ui_tabs.c **** 			}
 235:C:/Users/John/Desktop/workspace/miniwinwm/MiniWin/ui\ui_tabs.c **** 			else
 236:C:/Users/John/Desktop/workspace/miniwinwm/MiniWin/ui\ui_tabs.c **** 			{
 237:C:/Users/John/Desktop/workspace/miniwinwm/MiniWin/ui\ui_tabs.c **** 				invalid_rect.y = MW_UI_TABS_HEIGHT - 1;
 596                             		.loc 1 237 20
 597 00ad FB 52 00 00 00 00       		mov.L	#_invalid_rect, r5
 598 00b3 3D 51 0F                		mov.W	#15, 2[r5]
 599                             	.L18:
 238:C:/Users/John/Desktop/workspace/miniwinwm/MiniWin/ui\ui_tabs.c **** 			}
 239:C:/Users/John/Desktop/workspace/miniwinwm/MiniWin/ui\ui_tabs.c **** 			invalid_rect.width = mw_get_control_rect(message->recipient_handle).width;
 600                             		.loc 1 239 25
 601 00b6 ED A5 02                		mov.L	8[r10], r5
 602 00b9 A8 5D                   		mov.L	4[r5], r5
 603 00bb EF 51                   		mov.L	r5, r1
 604 00bd 05 00 00 00             		bsr	_mw_get_control_rect
 605 00c1 EF 15                   		mov.L	r1, r5
 606 00c3 EF 26                   		mov.L	r2, r6
 607                             		.loc 1 239 71
 608 00c5 DF 64                   		mov.W	r6, r4
 609                             		.loc 1 239 23
 610 00c7 FB 52 00 00 00 00       		mov.L	#_invalid_rect, r5
 611 00cd 90 D4                   		mov.W	r4, 4[r5]
 240:C:/Users/John/Desktop/workspace/miniwinwm/MiniWin/ui\ui_tabs.c **** 			mw_paint_control_rect(message->recipient_handle, &invalid_rect);
 612                             		.loc 1 240 4
 613 00cf ED A5 02                		mov.L	8[r10], r5
 614 00d2 A8 5D                   		mov.L	4[r5], r5
 615 00d4 FB 22 00 00 00 00       		mov.L	#_invalid_rect, r2
 616 00da EF 51                   		mov.L	r5, r1
 617 00dc 05 00 00 00             		bsr	_mw_paint_control_rect
 241:C:/Users/John/Desktop/workspace/miniwinwm/MiniWin/ui\ui_tabs.c **** 
 242:C:/Users/John/Desktop/workspace/miniwinwm/MiniWin/ui\ui_tabs.c **** 			mw_post_message(MW_TAB_SELECTED_MESSAGE,
 618                             		.loc 1 242 4
 619 00e0 ED A5 02                		mov.L	8[r10], r5
 620 00e3 A8 5E                   		mov.L	4[r5], r6
 621 00e5 ED A5 02                		mov.L	8[r10], r5
 622 00e8 A8 5D                   		mov.L	4[r5], r5
 623 00ea EF 51                   		mov.L	r5, r1
 624 00ec 05 00 00 00             		bsr	_mw_get_control_parent_window_handle
 625 00f0 EF 13                   		mov.L	r1, r3
 243:C:/Users/John/Desktop/workspace/miniwinwm/MiniWin/ui\ui_tabs.c **** 					message->recipient_handle,
 244:C:/Users/John/Desktop/workspace/miniwinwm/MiniWin/ui\ui_tabs.c **** 					mw_get_control_parent_window_handle(message->recipient_handle),
 245:C:/Users/John/Desktop/workspace/miniwinwm/MiniWin/ui\ui_tabs.c **** 					(uint32_t)this_tabs->selection,
 626                             		.loc 1 245 25
 627 00f2 EC A5                   		mov.L	[r10], r5
 628 00f4 8D 55                   		mov.B	20[r5], r5
 242:C:/Users/John/Desktop/workspace/miniwinwm/MiniWin/ui\ui_tabs.c **** 					message->recipient_handle,
 629                             		.loc 1 242 4
 630 00f6 5B 55                   		movu.B	r5, r5
 631 00f8 3E 01 00                		mov.L	#0, 4[r0]
 632 00fb F8 06 00                		mov.L	#0, [r0]
 633 00fe EF 54                   		mov.L	r5, r4
 634 0100 EF 62                   		mov.L	r6, r2
 635 0102 75 41 26                		mov.L	#38, r1
 636 0105 05 00 00 00             		bsr	_mw_post_message
 246:C:/Users/John/Desktop/workspace/miniwinwm/MiniWin/ui\ui_tabs.c **** 					NULL,
 247:C:/Users/John/Desktop/workspace/miniwinwm/MiniWin/ui\ui_tabs.c **** 					MW_WINDOW_MESSAGE);
 248:C:/Users/John/Desktop/workspace/miniwinwm/MiniWin/ui\ui_tabs.c **** 		}
 249:C:/Users/John/Desktop/workspace/miniwinwm/MiniWin/ui\ui_tabs.c **** 		else
 250:C:/Users/John/Desktop/workspace/miniwinwm/MiniWin/ui\ui_tabs.c **** 		{
 251:C:/Users/John/Desktop/workspace/miniwinwm/MiniWin/ui\ui_tabs.c **** 			MW_ASSERT((bool)false, "Bad number of tabs");
 252:C:/Users/John/Desktop/workspace/miniwinwm/MiniWin/ui\ui_tabs.c **** 		}
 253:C:/Users/John/Desktop/workspace/miniwinwm/MiniWin/ui\ui_tabs.c **** 		break;
 637                             		.loc 1 253 3
 638 0109 2E 64                   		bra	.L20
 639                             	.L16:
 251:C:/Users/John/Desktop/workspace/miniwinwm/MiniWin/ui\ui_tabs.c **** 		}
 640                             		.loc 1 251 4
 641 010b FB 42 16 00 00 00       		mov.L	#.LC1, r4
 642 0111 75 43 FB                		mov.L	#0xfb, r3
 643 0114 FB 22 00 00 00 00       		mov.L	#___func__.2888, r2
 644 011a 66 01                   		mov	#0, r1
 645 011c 05 00 00 00             		bsr	_mw_debug_print_assert
 646                             		.loc 1 253 3
 647 0120 2E 4D                   		bra	.L20
 648                             	.L14:
 254:C:/Users/John/Desktop/workspace/miniwinwm/MiniWin/ui\ui_tabs.c **** 
 255:C:/Users/John/Desktop/workspace/miniwinwm/MiniWin/ui\ui_tabs.c **** 	case MW_CONTROL_PARENT_WINDOW_RESIZED_MESSAGE:
 256:C:/Users/John/Desktop/workspace/miniwinwm/MiniWin/ui\ui_tabs.c **** 		if (this_tabs->automatic == true)
 649                             		.loc 1 256 16
 650 0122 EC A5                   		mov.L	[r10], r5
 651 0124 CC 55                   		mov.B	[r5], r5
 652                             		.loc 1 256 6
 653 0126 5B 55                   		movu.B	r5, r5
 654 0128 61 05                   		cmp	#0, r5
 655 012a 20 42                   		beq	.L23
 257:C:/Users/John/Desktop/workspace/miniwinwm/MiniWin/ui\ui_tabs.c **** 		{
 258:C:/Users/John/Desktop/workspace/miniwinwm/MiniWin/ui\ui_tabs.c **** 			(void)mw_resize_control(message->recipient_handle,
 656                             		.loc 1 258 10
 657 012c ED A5 02                		mov.L	8[r10], r5
 658 012f ED 5B 01                		mov.L	4[r5], r11
 259:C:/Users/John/Desktop/workspace/miniwinwm/MiniWin/ui\ui_tabs.c **** 					mw_get_window_client_rect(mw_get_control_parent_window_handle(message->recipient_handle)).widt
 659                             		.loc 1 259 6
 660 0132 ED A5 02                		mov.L	8[r10], r5
 661 0135 A8 5D                   		mov.L	4[r5], r5
 662 0137 EF 51                   		mov.L	r5, r1
 663 0139 05 00 00 00             		bsr	_mw_get_control_parent_window_handle
 664 013d EF 15                   		mov.L	r1, r5
 665 013f EF 51                   		mov.L	r5, r1
 666 0141 05 00 00 00             		bsr	_mw_get_window_client_rect
 667 0145 EF 15                   		mov.L	r1, r5
 668 0147 EF 26                   		mov.L	r2, r6
 258:C:/Users/John/Desktop/workspace/miniwinwm/MiniWin/ui\ui_tabs.c **** 					mw_get_window_client_rect(mw_get_control_parent_window_handle(message->recipient_handle)).widt
 669                             		.loc 1 258 10
 670 0149 DF 6C                   		mov.W	r6, r12
 260:C:/Users/John/Desktop/workspace/miniwinwm/MiniWin/ui\ui_tabs.c **** 					mw_get_control_rect(message->recipient_handle).height);
 671                             		.loc 1 260 6
 672 014b ED A5 02                		mov.L	8[r10], r5
 673 014e A8 5D                   		mov.L	4[r5], r5
 674 0150 EF 51                   		mov.L	r5, r1
 675 0152 05 00 00 00             		bsr	_mw_get_control_rect
 676 0156 EF 15                   		mov.L	r1, r5
 677 0158 EF 26                   		mov.L	r2, r6
 258:C:/Users/John/Desktop/workspace/miniwinwm/MiniWin/ui\ui_tabs.c **** 					mw_get_window_client_rect(mw_get_control_parent_window_handle(message->recipient_handle)).widt
 678                             		.loc 1 258 10
 679 015a EF 65                   		mov.L	r6, r5
 680 015c 6B 05                   		shar	#16, r5
 681 015e DF 53                   		mov.W	r5, r3
 682 0160 DF C2                   		mov.W	r12, r2
 683 0162 EF B1                   		mov.L	r11, r1
 684 0164 05 00 00 00             		bsr	_mw_resize_control
 261:C:/Users/John/Desktop/workspace/miniwinwm/MiniWin/ui\ui_tabs.c **** 		}
 262:C:/Users/John/Desktop/workspace/miniwinwm/MiniWin/ui\ui_tabs.c **** 		break;
 685                             		.loc 1 262 3
 686 0168 0C                      		bra	.L23
 687                             	.L22:
 263:C:/Users/John/Desktop/workspace/miniwinwm/MiniWin/ui\ui_tabs.c **** 
 264:C:/Users/John/Desktop/workspace/miniwinwm/MiniWin/ui\ui_tabs.c **** 	default:
 265:C:/Users/John/Desktop/workspace/miniwinwm/MiniWin/ui\ui_tabs.c **** 		/* keep MISRA happy */
 266:C:/Users/John/Desktop/workspace/miniwinwm/MiniWin/ui\ui_tabs.c **** 		break;
 688                             		.loc 1 266 3
 689 0169 03                      		nop
 690 016a 2E 03                   		bra	.L20
 691                             	.L23:
 262:C:/Users/John/Desktop/workspace/miniwinwm/MiniWin/ui\ui_tabs.c **** 
 692                             		.loc 1 262 3
 693 016c 03                      		nop
 694                             	.L20:
 267:C:/Users/John/Desktop/workspace/miniwinwm/MiniWin/ui\ui_tabs.c **** 	}
 268:C:/Users/John/Desktop/workspace/miniwinwm/MiniWin/ui\ui_tabs.c **** }
 695                             		.loc 1 268 1
 696 016d 03                      		nop
 697 016e 3F 6C 0C                		rtsd	#48, r6-r12
 698                             	.LFE1:
 700                             		.section C,"a",@progbits
 701 0029 00 00 00                		.p2align 2
 702                             	.LC2:
 703 002c 49 6E 76 61 6C 69 64 20 		.string	"Invalid argument"
 703      61 72 67 75 6D 65 6E 74 
 703      00 
 704                             	.LC3:
 705 003d 4E 75 6C 6C 20 70 6F 69 		.string	"Null pointer value in array"
 705      6E 74 65 72 20 76 61 6C 
 705      75 65 20 69 6E 20 61 72 
 705      72 61 79 00 
 706 0059 00 00 00                		.section	.text.mw_ui_tabs_add_new,"ax",@progbits
 707                             		.global	_mw_ui_tabs_add_new
 709                             	_mw_ui_tabs_add_new:
 710                             	.LFB2:
 269:C:/Users/John/Desktop/workspace/miniwinwm/MiniWin/ui\ui_tabs.c **** 
 270:C:/Users/John/Desktop/workspace/miniwinwm/MiniWin/ui\ui_tabs.c **** /***********************
 271:C:/Users/John/Desktop/workspace/miniwinwm/MiniWin/ui\ui_tabs.c **** *** GLOBAL FUNCTIONS ***
 272:C:/Users/John/Desktop/workspace/miniwinwm/MiniWin/ui\ui_tabs.c **** ***********************/
 273:C:/Users/John/Desktop/workspace/miniwinwm/MiniWin/ui\ui_tabs.c **** 
 274:C:/Users/John/Desktop/workspace/miniwinwm/MiniWin/ui\ui_tabs.c **** mw_handle_t mw_ui_tabs_add_new(int16_t x,
 275:C:/Users/John/Desktop/workspace/miniwinwm/MiniWin/ui\ui_tabs.c **** 		int16_t y,
 276:C:/Users/John/Desktop/workspace/miniwinwm/MiniWin/ui\ui_tabs.c **** 		int16_t width,
 277:C:/Users/John/Desktop/workspace/miniwinwm/MiniWin/ui\ui_tabs.c **** 		mw_handle_t parent_handle,
 278:C:/Users/John/Desktop/workspace/miniwinwm/MiniWin/ui\ui_tabs.c **** 		uint16_t flags,
 279:C:/Users/John/Desktop/workspace/miniwinwm/MiniWin/ui\ui_tabs.c **** 		mw_ui_tabs_data_t *tabs_instance_data)
 280:C:/Users/John/Desktop/workspace/miniwinwm/MiniWin/ui\ui_tabs.c **** {
 711                             		.loc 1 280 1
 712 0000 7E AA                   		push.l	r10
 713                             	.LCFI6:
 714 0002 7E A6                   		push.l	r6
 715                             	.LCFI7:
 716 0004 71 0A E0                		add	#-32, r0, r10
 717                             	.LCFI8:
 718 0007 71 A0 F8                		add	#-8, r10, r0
 719                             	.LCFI9:
 720 000a 75 46 2C                		mov.L	#44, r6
 721 000d 4B A6                   		add	r10, r6
 722 000f D7 A1 06                		mov.W	r1, 12[r10]
 723 0012 D7 A2 07                		mov.W	r2, 14[r10]
 724 0015 D7 A3 08                		mov.W	r3, 16[r10]
 725 0018 E7 A4 05                		mov.L	r4, 20[r10]
 281:C:/Users/John/Desktop/workspace/miniwinwm/MiniWin/ui\ui_tabs.c **** 	mw_util_rect_t r;
 282:C:/Users/John/Desktop/workspace/miniwinwm/MiniWin/ui\ui_tabs.c **** 	int16_t i;
 283:C:/Users/John/Desktop/workspace/miniwinwm/MiniWin/ui\ui_tabs.c **** 
 284:C:/Users/John/Desktop/workspace/miniwinwm/MiniWin/ui\ui_tabs.c **** 	/* check for null parameters */
 285:C:/Users/John/Desktop/workspace/miniwinwm/MiniWin/ui\ui_tabs.c **** 	if (tabs_instance_data == NULL)
 726                             		.loc 1 285 5
 727 001b A8 6D                   		mov.L	4[r6], r5
 728 001d 61 05                   		cmp	#0, r5
 729 001f 21 1D                   		bne	.L25
 286:C:/Users/John/Desktop/workspace/miniwinwm/MiniWin/ui\ui_tabs.c **** 	{
 287:C:/Users/John/Desktop/workspace/miniwinwm/MiniWin/ui\ui_tabs.c **** 		MW_ASSERT((bool)false, "Null pointer argument");
 730                             		.loc 1 287 3
 731 0021 FB 42 00 00 00 00       		mov.L	#.LC0, r4
 732 0027 FB 3A 1F 01             		mov.L	#0x11f, r3
 733 002b FB 22 00 00 00 00       		mov.L	#___func__.2903, r2
 734 0031 66 01                   		mov	#0, r1
 735 0033 05 00 00 00             		bsr	_mw_debug_print_assert
 288:C:/Users/John/Desktop/workspace/miniwinwm/MiniWin/ui\ui_tabs.c **** 		return (MW_INVALID_HANDLE);
 736                             		.loc 1 288 10
 737 0037 66 05                   		mov.L	#0, r5
 738 0039 38 17 01                		bra	.L36
 739                             	.L25:
 289:C:/Users/John/Desktop/workspace/miniwinwm/MiniWin/ui\ui_tabs.c **** 	}
 290:C:/Users/John/Desktop/workspace/miniwinwm/MiniWin/ui\ui_tabs.c **** 
 291:C:/Users/John/Desktop/workspace/miniwinwm/MiniWin/ui\ui_tabs.c **** 	/* check for number of tabs */
 292:C:/Users/John/Desktop/workspace/miniwinwm/MiniWin/ui\ui_tabs.c **** 	if (tabs_instance_data->number_of_tabs < 1)
 740                             		.loc 1 292 24
 741 003c A8 6D                   		mov.L	4[r6], r5
 742 003e 99 55                   		mov.W	8[r5], r5
 743                             		.loc 1 292 5
 744 0040 DF 55                   		mov.W	r5, r5
 745 0042 61 05                   		cmp	#0, r5
 746 0044 2A 1D                   		bgt	.L27
 293:C:/Users/John/Desktop/workspace/miniwinwm/MiniWin/ui\ui_tabs.c **** 	{
 294:C:/Users/John/Desktop/workspace/miniwinwm/MiniWin/ui\ui_tabs.c **** 		MW_ASSERT((bool)false, "Invalid argument");
 747                             		.loc 1 294 3
 748 0046 FB 42 2C 00 00 00       		mov.L	#.LC2, r4
 749 004c FB 3A 26 01             		mov.L	#0x126, r3
 750 0050 FB 22 00 00 00 00       		mov.L	#___func__.2903, r2
 751 0056 66 01                   		mov	#0, r1
 752 0058 05 00 00 00             		bsr	_mw_debug_print_assert
 295:C:/Users/John/Desktop/workspace/miniwinwm/MiniWin/ui\ui_tabs.c **** 		return (MW_INVALID_HANDLE);
 753                             		.loc 1 295 10
 754 005c 66 05                   		mov.L	#0, r5
 755 005e 38 F2 00                		bra	.L36
 756                             	.L27:
 296:C:/Users/John/Desktop/workspace/miniwinwm/MiniWin/ui\ui_tabs.c **** 	}
 297:C:/Users/John/Desktop/workspace/miniwinwm/MiniWin/ui\ui_tabs.c **** 
 298:C:/Users/John/Desktop/workspace/miniwinwm/MiniWin/ui\ui_tabs.c **** 	/* check for null pointers in tab labels */
 299:C:/Users/John/Desktop/workspace/miniwinwm/MiniWin/ui\ui_tabs.c **** 	for (i = 0; i < tabs_instance_data->number_of_tabs; i++)
 757                             		.loc 1 299 9
 758 0061 F8 A5 00                		mov.W	#0, [r10]
 759                             		.loc 1 299 2
 760 0064 2E 33                   		bra	.L28
 761                             	.L30:
 300:C:/Users/John/Desktop/workspace/miniwinwm/MiniWin/ui\ui_tabs.c **** 	{
 301:C:/Users/John/Desktop/workspace/miniwinwm/MiniWin/ui\ui_tabs.c **** 		if (tabs_instance_data->tabs_labels[i] == NULL)
 762                             		.loc 1 301 25
 763 0066 A8 6D                   		mov.L	4[r6], r5
 764 0068 A8 5C                   		mov.L	4[r5], r4
 765                             		.loc 1 301 38
 766 006a DC A5                   		mov.W	[r10], r5
 767 006c 6C 25                   		shll	#2, r5
 768 006e 4B 45                   		add	r4, r5
 769 0070 EC 55                   		mov.L	[r5], r5
 770                             		.loc 1 301 6
 771 0072 61 05                   		cmp	#0, r5
 772 0074 21 1D                   		bne	.L29
 302:C:/Users/John/Desktop/workspace/miniwinwm/MiniWin/ui\ui_tabs.c **** 		{
 303:C:/Users/John/Desktop/workspace/miniwinwm/MiniWin/ui\ui_tabs.c **** 			MW_ASSERT((bool)false, "Null pointer value in array");
 773                             		.loc 1 303 4
 774 0076 FB 42 3D 00 00 00       		mov.L	#.LC3, r4
 775 007c FB 3A 2F 01             		mov.L	#0x12f, r3
 776 0080 FB 22 00 00 00 00       		mov.L	#___func__.2903, r2
 777 0086 66 01                   		mov	#0, r1
 778 0088 05 00 00 00             		bsr	_mw_debug_print_assert
 304:C:/Users/John/Desktop/workspace/miniwinwm/MiniWin/ui\ui_tabs.c **** 			return (MW_INVALID_HANDLE);
 779                             		.loc 1 304 11
 780 008c 66 05                   		mov.L	#0, r5
 781 008e 38 C2 00                		bra	.L36
 782                             	.L29:
 299:C:/Users/John/Desktop/workspace/miniwinwm/MiniWin/ui\ui_tabs.c **** 	{
 783                             		.loc 1 299 55 discriminator 2
 784 0091 DC A5                   		mov.W	[r10], r5
 785 0093 62 15                   		add	#1, r5
 786 0095 D3 A5                   		mov.W	r5, [r10]
 787                             	.L28:
 299:C:/Users/John/Desktop/workspace/miniwinwm/MiniWin/ui\ui_tabs.c **** 	{
 788                             		.loc 1 299 36 discriminator 1
 789 0097 A8 6D                   		mov.L	4[r6], r5
 790 0099 99 55                   		mov.W	8[r5], r5
 299:C:/Users/John/Desktop/workspace/miniwinwm/MiniWin/ui\ui_tabs.c **** 	{
 791                             		.loc 1 299 2 discriminator 1
 792 009b DC A4                   		mov.W	[r10], r4
 793 009d DF 55                   		mov.W	r5, r5
 794 009f 47 54                   		cmp	r5, r4
 795 00a1 29 C5                   		blt	.L30
 305:C:/Users/John/Desktop/workspace/miniwinwm/MiniWin/ui\ui_tabs.c **** 		}
 306:C:/Users/John/Desktop/workspace/miniwinwm/MiniWin/ui\ui_tabs.c **** 	}
 307:C:/Users/John/Desktop/workspace/miniwinwm/MiniWin/ui\ui_tabs.c **** 
 308:C:/Users/John/Desktop/workspace/miniwinwm/MiniWin/ui\ui_tabs.c **** 	if ((flags & MW_CONTROL_FLAG_LARGE_SIZE) == MW_CONTROL_FLAG_LARGE_SIZE)
 796                             		.loc 1 308 13
 797 00a3 5C 65                   		movu.W	[r6], r5
 798 00a5 64 85                   		and	#8, r5
 799                             		.loc 1 308 5
 800 00a7 61 05                   		cmp	#0, r5
 801 00a9 20 42                   		beq	.L31
 309:C:/Users/John/Desktop/workspace/miniwinwm/MiniWin/ui\ui_tabs.c **** 	{
 310:C:/Users/John/Desktop/workspace/miniwinwm/MiniWin/ui\ui_tabs.c **** 		if (tabs_instance_data->automatic == true)
 802                             		.loc 1 310 25
 803 00ab A8 6D                   		mov.L	4[r6], r5
 804 00ad CC 55                   		mov.B	[r5], r5
 805                             		.loc 1 310 6
 806 00af 5B 55                   		movu.B	r5, r5
 807 00b1 61 05                   		cmp	#0, r5
 808 00b3 20 21                   		beq	.L32
 311:C:/Users/John/Desktop/workspace/miniwinwm/MiniWin/ui\ui_tabs.c **** 		{
 312:C:/Users/John/Desktop/workspace/miniwinwm/MiniWin/ui\ui_tabs.c **** 			mw_util_set_rect(&r, 0, 0, mw_get_window_client_rect(parent_handle).width, MW_UI_TABS_LARGE_HEIG
 809                             		.loc 1 312 31
 810 00b5 ED A1 05                		mov.L	20[r10], r1
 811 00b8 05 00 00 00             		bsr	_mw_get_window_client_rect
 812 00bc EF 14                   		mov.L	r1, r4
 813 00be EF 25                   		mov.L	r2, r5
 814                             		.loc 1 312 4
 815 00c0 DF 54                   		mov.W	r5, r4
 816 00c2 71 A5 02                		add	#2, r10, r5
 817 00c5 F8 05 17                		mov.W	#23, [r0]
 818 00c8 66 03                   		mov	#0, r3
 819 00ca 66 02                   		mov	#0, r2
 820 00cc EF 51                   		mov.L	r5, r1
 821 00ce 05 00 00 00             		bsr	_mw_util_set_rect
 822 00d2 2E 57                   		bra	.L34
 823                             	.L32:
 313:C:/Users/John/Desktop/workspace/miniwinwm/MiniWin/ui\ui_tabs.c **** 		}
 314:C:/Users/John/Desktop/workspace/miniwinwm/MiniWin/ui\ui_tabs.c **** 		else
 315:C:/Users/John/Desktop/workspace/miniwinwm/MiniWin/ui\ui_tabs.c **** 		{
 316:C:/Users/John/Desktop/workspace/miniwinwm/MiniWin/ui\ui_tabs.c **** 			mw_util_set_rect(&r, x, y, width, MW_UI_TABS_LARGE_HEIGHT);
 824                             		.loc 1 316 4
 825 00d4 71 A5 02                		add	#2, r10, r5
 826 00d7 F8 05 17                		mov.W	#23, [r0]
 827 00da DD A4 08                		mov.W	16[r10], r4
 828 00dd DD A3 07                		mov.W	14[r10], r3
 829 00e0 DD A2 06                		mov.W	12[r10], r2
 830 00e3 EF 51                   		mov.L	r5, r1
 831 00e5 05 00 00 00             		bsr	_mw_util_set_rect
 832 00e9 2E 40                   		bra	.L34
 833                             	.L31:
 317:C:/Users/John/Desktop/workspace/miniwinwm/MiniWin/ui\ui_tabs.c **** 		}
 318:C:/Users/John/Desktop/workspace/miniwinwm/MiniWin/ui\ui_tabs.c **** 	}
 319:C:/Users/John/Desktop/workspace/miniwinwm/MiniWin/ui\ui_tabs.c **** 	else
 320:C:/Users/John/Desktop/workspace/miniwinwm/MiniWin/ui\ui_tabs.c **** 	{
 321:C:/Users/John/Desktop/workspace/miniwinwm/MiniWin/ui\ui_tabs.c **** 		if (tabs_instance_data->automatic == true)
 834                             		.loc 1 321 25
 835 00eb A8 6D                   		mov.L	4[r6], r5
 836 00ed CC 55                   		mov.B	[r5], r5
 837                             		.loc 1 321 6
 838 00ef 5B 55                   		movu.B	r5, r5
 839 00f1 61 05                   		cmp	#0, r5
 840 00f3 20 21                   		beq	.L35
 322:C:/Users/John/Desktop/workspace/miniwinwm/MiniWin/ui\ui_tabs.c **** 		{
 323:C:/Users/John/Desktop/workspace/miniwinwm/MiniWin/ui\ui_tabs.c **** 			mw_util_set_rect(&r, 0, 0, mw_get_window_client_rect(parent_handle).width, MW_UI_TABS_HEIGHT);
 841                             		.loc 1 323 31
 842 00f5 ED A1 05                		mov.L	20[r10], r1
 843 00f8 05 00 00 00             		bsr	_mw_get_window_client_rect
 844 00fc EF 14                   		mov.L	r1, r4
 845 00fe EF 25                   		mov.L	r2, r5
 846                             		.loc 1 323 4
 847 0100 DF 54                   		mov.W	r5, r4
 848 0102 71 A5 02                		add	#2, r10, r5
 849 0105 F8 05 10                		mov.W	#16, [r0]
 850 0108 66 03                   		mov	#0, r3
 851 010a 66 02                   		mov	#0, r2
 852 010c EF 51                   		mov.L	r5, r1
 853 010e 05 00 00 00             		bsr	_mw_util_set_rect
 854 0112 2E 17                   		bra	.L34
 855                             	.L35:
 324:C:/Users/John/Desktop/workspace/miniwinwm/MiniWin/ui\ui_tabs.c **** 		}
 325:C:/Users/John/Desktop/workspace/miniwinwm/MiniWin/ui\ui_tabs.c **** 		else
 326:C:/Users/John/Desktop/workspace/miniwinwm/MiniWin/ui\ui_tabs.c **** 		{
 327:C:/Users/John/Desktop/workspace/miniwinwm/MiniWin/ui\ui_tabs.c **** 			mw_util_set_rect(&r, x, y, width, MW_UI_TABS_HEIGHT);
 856                             		.loc 1 327 4
 857 0114 71 A5 02                		add	#2, r10, r5
 858 0117 F8 05 10                		mov.W	#16, [r0]
 859 011a DD A4 08                		mov.W	16[r10], r4
 860 011d DD A3 07                		mov.W	14[r10], r3
 861 0120 DD A2 06                		mov.W	12[r10], r2
 862 0123 EF 51                   		mov.L	r5, r1
 863 0125 05 00 00 00             		bsr	_mw_util_set_rect
 864                             		.balign 8,3,1
 865                             	.L34:
 328:C:/Users/John/Desktop/workspace/miniwinwm/MiniWin/ui\ui_tabs.c **** 		}
 329:C:/Users/John/Desktop/workspace/miniwinwm/MiniWin/ui\ui_tabs.c **** 	}
 330:C:/Users/John/Desktop/workspace/miniwinwm/MiniWin/ui\ui_tabs.c **** 
 331:C:/Users/John/Desktop/workspace/miniwinwm/MiniWin/ui\ui_tabs.c **** 	tabs_instance_data->selection = 0U;
 866                             		.loc 1 331 32
 867 0129 A8 6D                   		mov.L	4[r6], r5
 868 012b 3C D4 00                		mov.B	#0, 20[r5]
 332:C:/Users/John/Desktop/workspace/miniwinwm/MiniWin/ui\ui_tabs.c **** 
 333:C:/Users/John/Desktop/workspace/miniwinwm/MiniWin/ui\ui_tabs.c **** 	return (mw_add_control(&r,
 869                             		.loc 1 333 10
 870 012e 71 A5 02                		add	#2, r10, r5
 871 0131 A8 6C                   		mov.L	4[r6], r4
 872 0133 A0 0C                   		mov.L	r4, 4[r0]
 873 0135 DC 64                   		mov.W	[r6], r4
 874 0137 D3 04                   		mov.W	r4, [r0]
 875 0139 FB 42 00 00 00 00       		mov.L	#_tabs_message_function, r4
 876 013f FB 32 00 00 00 00       		mov.L	#_tabs_paint_function, r3
 877 0145 ED A2 05                		mov.L	20[r10], r2
 878 0148 EF 51                   		mov.L	r5, r1
 879 014a 05 00 00 00             		bsr	_mw_add_control
 880 014e EF 15                   		mov.L	r1, r5
 881                             		.balign 8,3,1
 882                             	.L36:
 334:C:/Users/John/Desktop/workspace/miniwinwm/MiniWin/ui\ui_tabs.c **** 			parent_handle,
 335:C:/Users/John/Desktop/workspace/miniwinwm/MiniWin/ui\ui_tabs.c **** 			tabs_paint_function,
 336:C:/Users/John/Desktop/workspace/miniwinwm/MiniWin/ui\ui_tabs.c **** 			tabs_message_function,
 337:C:/Users/John/Desktop/workspace/miniwinwm/MiniWin/ui\ui_tabs.c **** 			flags,
 338:C:/Users/John/Desktop/workspace/miniwinwm/MiniWin/ui\ui_tabs.c **** 			tabs_instance_data));
 339:C:/Users/John/Desktop/workspace/miniwinwm/MiniWin/ui\ui_tabs.c **** }
 883                             		.loc 1 339 1 discriminator 1
 884 0150 EF 51                   		mov.L	r5, r1
 885 0152 71 00 28                		add	#40, r0
 886 0155 7E B6                   		pop	r6
 887 0157 7E BA                   		pop	r10
 888 0159 02                      		rts
 889                             	.LFE2:
 891 015a 74 10 01 00 00 00       		.section	.text.mw_ui_tabs_get_selection,"ax",@progbits
 892                             		.global	_mw_ui_tabs_get_selection
 894                             	_mw_ui_tabs_get_selection:
 895                             	.LFB3:
 340:C:/Users/John/Desktop/workspace/miniwinwm/MiniWin/ui\ui_tabs.c **** 
 341:C:/Users/John/Desktop/workspace/miniwinwm/MiniWin/ui\ui_tabs.c **** uint8_t mw_ui_tabs_get_selection(mw_handle_t tabs_handle)
 342:C:/Users/John/Desktop/workspace/miniwinwm/MiniWin/ui\ui_tabs.c **** {
 896                             		.loc 1 342 1
 897 0000 7E AA                   		push.l	r10
 898                             	.LCFI10:
 899 0002 71 0A F8                		add	#-8, r0, r10
 900                             	.LCFI11:
 901 0005 EF A0                   		mov.L	r10, r0
 902 0007 E7 A1 01                		mov.L	r1, 4[r10]
 343:C:/Users/John/Desktop/workspace/miniwinwm/MiniWin/ui\ui_tabs.c **** 	mw_ui_tabs_data_t *tabs_data = (mw_ui_tabs_data_t *)mw_get_control_instance_data(tabs_handle);
 903                             		.loc 1 343 54
 904 000a ED A1 01                		mov.L	4[r10], r1
 905 000d 05 00 00 00             		bsr	_mw_get_control_instance_data
 906 0011 E3 A1                   		mov.L	r1, [r10]
 344:C:/Users/John/Desktop/workspace/miniwinwm/MiniWin/ui\ui_tabs.c **** 
 345:C:/Users/John/Desktop/workspace/miniwinwm/MiniWin/ui\ui_tabs.c **** 	if (tabs_data != NULL)
 907                             		.loc 1 345 5
 908 0013 EC A5                   		mov.L	[r10], r5
 909 0015 61 05                   		cmp	#0, r5
 910 0017 16                      		beq	.L38
 346:C:/Users/John/Desktop/workspace/miniwinwm/MiniWin/ui\ui_tabs.c **** 	{
 347:C:/Users/John/Desktop/workspace/miniwinwm/MiniWin/ui\ui_tabs.c **** 		return (tabs_data->selection);
 911                             		.loc 1 347 20
 912 0018 EC A5                   		mov.L	[r10], r5
 913 001a 8D 55                   		mov.B	20[r5], r5
 914 001c 0B                      		bra	.L39
 915                             	.L38:
 348:C:/Users/John/Desktop/workspace/miniwinwm/MiniWin/ui\ui_tabs.c **** 	}
 349:C:/Users/John/Desktop/workspace/miniwinwm/MiniWin/ui\ui_tabs.c **** 
 350:C:/Users/John/Desktop/workspace/miniwinwm/MiniWin/ui\ui_tabs.c **** 	return (0U);
 916                             		.loc 1 350 9
 917 001d 66 05                   		mov	#0, r5
 918                             	.L39:
 919 001f 5B 55                   		movu.B	r5, r5
 351:C:/Users/John/Desktop/workspace/miniwinwm/MiniWin/ui\ui_tabs.c **** }
 920                             		.loc 1 351 1
 921 0021 EF 51                   		mov.L	r5, r1
 922 0023 3F AA 03                		rtsd	#12, r10-r10
 923                             	.LFE3:
 925                             		.section	.rodata.__func__.2879,"a"
 928                             	___func__.2879:
 929 0000 74 61 62 73 5F 70 61 69 		.string	"tabs_paint_function"
 929      6E 74 5F 66 75 6E 63 74 
 929      69 6F 6E 00 
 930                             		.section	.rodata.__func__.2888,"a"
 933                             	___func__.2888:
 934 0000 74 61 62 73 5F 6D 65 73 		.string	"tabs_message_function"
 934      73 61 67 65 5F 66 75 6E 
 934      63 74 69 6F 6E 00 
 935                             		.section	.rodata.__func__.2903,"a"
 938                             	___func__.2903:
 939 0000 6D 77 5F 75 69 5F 74 61 		.string	"mw_ui_tabs_add_new"
 939      62 73 5F 61 64 64 5F 6E 
 939      65 77 00 
 1077                             	.Letext0:
 1078                             		.file 2 "c:\\program files (x86)\\gcc for renesas rx 8.3.0.201904-gnurx-elf\\rx-elf\\rx-elf\\rx-el
 1079                             		.file 3 "c:\\program files (x86)\\gcc for renesas rx 8.3.0.201904-gnurx-elf\\rx-elf\\rx-elf\\rx-el
 1080                             		.file 4 "c:\\program files (x86)\\gcc for renesas rx 8.3.0.201904-gnurx-elf\\rx-elf\\rx-elf\\rx-el
 1081                             		.file 5 "c:\\program files (x86)\\gcc for renesas rx 8.3.0.201904-gnurx-elf\\rx-elf\\rx-elf\\rx-el
 1082                             		.file 6 "c:\\program files (x86)\\gcc for renesas rx 8.3.0.201904-gnurx-elf\\rx-elf\\rx-elf\\lib\\
 1083                             		.file 7 "c:\\program files (x86)\\gcc for renesas rx 8.3.0.201904-gnurx-elf\\rx-elf\\rx-elf\\rx-el
 1084                             		.file 8 "C:\\Users\\John\\Desktop\\workspace\\miniwinwm\\MiniWin/miniwin_utilities.h"
 1085                             		.file 9 "C:\\Users\\John\\Desktop\\workspace\\miniwinwm\\MiniWin/hal/hal_lcd.h"
 1086                             		.file 10 "C:\\Users\\John\\Desktop\\workspace\\miniwinwm\\MiniWin/gl/gl.h"
 1087                             		.file 11 "C:\\Users\\John\\Desktop\\workspace\\miniwinwm\\MiniWin/bitmaps/mw_bitmaps.h"
 1088                             		.file 12 "C:\\Users\\John\\Desktop\\workspace\\miniwinwm\\MiniWin/hal/hal_timer.h"
 1089                             		.file 13 "C:\\Users\\John\\Desktop\\workspace\\miniwinwm\\MiniWin/miniwin.h"
 1090                             		.file 14 "C:\\Users\\John\\Desktop\\workspace\\miniwinwm\\MiniWin/ui/ui_tabs.h"
