   1                             		.file	"window_camera.c"
   2                             		.section P,"ax"
   3                             	.Ltext0:
   4                             		.section	.bss.window_window_camera_data,"aw",@nobits
   7                             	_window_window_camera_data:
   8 0000 00 00 00 00 00 00 00 00 		.zero	481
   8      00 00 00 00 00 00 00 00 
   8      00 00 00 00 00 00 00 00 
   8      00 00 00 00 00 00 00 00 
   8      00 00 00 00 00 00 00 00 
   9                             		.section C,"a",@progbits
  10                             		.p2align 2
  11                             	.LC0:
  12 0000 4E 75 6C 6C 20 70 6F 69 		.string	"Null pointer parameter"
  12      6E 74 65 72 20 70 61 72 
  12      61 6D 65 74 65 72 00 
  13 0017 00                      		.section	.text.window_window_camera_paint_function,"ax",@progbits
  14                             		.global	_window_window_camera_paint_function
  16                             	_window_window_camera_paint_function:
  17                             	.LFB0:
  18                             		.file 1 "C:/Users/John/Desktop/workspace/miniwinwm/MiniWinCamera_Common/window_camera.c"
   1:C:/Users/John/Desktop/workspace/miniwinwm/MiniWinCamera_Common\window_camera.c **** /*
   2:C:/Users/John/Desktop/workspace/miniwinwm/MiniWinCamera_Common\window_camera.c **** 
   3:C:/Users/John/Desktop/workspace/miniwinwm/MiniWinCamera_Common\window_camera.c **** MIT License
   4:C:/Users/John/Desktop/workspace/miniwinwm/MiniWinCamera_Common\window_camera.c **** 
   5:C:/Users/John/Desktop/workspace/miniwinwm/MiniWinCamera_Common\window_camera.c **** Copyright (c) John Blaiklock 2019 miniwin Embedded Window Manager
   6:C:/Users/John/Desktop/workspace/miniwinwm/MiniWinCamera_Common\window_camera.c **** 
   7:C:/Users/John/Desktop/workspace/miniwinwm/MiniWinCamera_Common\window_camera.c **** Permission is hereby granted, free of charge, to any person obtaining a copy
   8:C:/Users/John/Desktop/workspace/miniwinwm/MiniWinCamera_Common\window_camera.c **** of this software and associated documentation files (the "Software"), to deal
   9:C:/Users/John/Desktop/workspace/miniwinwm/MiniWinCamera_Common\window_camera.c **** in the Software without restriction, including without limitation the rights
  10:C:/Users/John/Desktop/workspace/miniwinwm/MiniWinCamera_Common\window_camera.c **** to use, copy, modify, merge, publish, distribute, sublicense, and/or sell
  11:C:/Users/John/Desktop/workspace/miniwinwm/MiniWinCamera_Common\window_camera.c **** copies of the Software, and to permit persons to whom the Software is
  12:C:/Users/John/Desktop/workspace/miniwinwm/MiniWinCamera_Common\window_camera.c **** furnished to do so, subject to the following conditions:
  13:C:/Users/John/Desktop/workspace/miniwinwm/MiniWinCamera_Common\window_camera.c **** 
  14:C:/Users/John/Desktop/workspace/miniwinwm/MiniWinCamera_Common\window_camera.c **** The above copyright notice and this permission notice shall be included in all
  15:C:/Users/John/Desktop/workspace/miniwinwm/MiniWinCamera_Common\window_camera.c **** copies or substantial portions of the Software.
  16:C:/Users/John/Desktop/workspace/miniwinwm/MiniWinCamera_Common\window_camera.c **** 
  17:C:/Users/John/Desktop/workspace/miniwinwm/MiniWinCamera_Common\window_camera.c **** THE SOFTWARE IS PROVIDED "AS IS", WITHOUT WARRANTY OF ANY KIND, EXPRESS OR
  18:C:/Users/John/Desktop/workspace/miniwinwm/MiniWinCamera_Common\window_camera.c **** IMPLIED, INCLUDING BUT NOT LIMITED TO THE WARRANTIES OF MERCHANTABILITY,
  19:C:/Users/John/Desktop/workspace/miniwinwm/MiniWinCamera_Common\window_camera.c **** FITNESS FOR A PARTICULAR PURPOSE AND NONINFRINGEMENT. IN NO EVENT SHALL THE
  20:C:/Users/John/Desktop/workspace/miniwinwm/MiniWinCamera_Common\window_camera.c **** AUTHORS OR COPYRIGHT HOLDERS BE LIABLE FOR ANY CLAIM, DAMAGES OR OTHER
  21:C:/Users/John/Desktop/workspace/miniwinwm/MiniWinCamera_Common\window_camera.c **** LIABILITY, WHETHER IN AN ACTION OF CONTRACT, TORT OR OTHERWISE, ARISING FROM,
  22:C:/Users/John/Desktop/workspace/miniwinwm/MiniWinCamera_Common\window_camera.c **** OUT OF OR IN CONNECTION WITH THE SOFTWARE OR THE USE OR OTHER DEALINGS IN THE
  23:C:/Users/John/Desktop/workspace/miniwinwm/MiniWinCamera_Common\window_camera.c **** SOFTWARE.
  24:C:/Users/John/Desktop/workspace/miniwinwm/MiniWinCamera_Common\window_camera.c **** 
  25:C:/Users/John/Desktop/workspace/miniwinwm/MiniWinCamera_Common\window_camera.c **** */
  26:C:/Users/John/Desktop/workspace/miniwinwm/MiniWinCamera_Common\window_camera.c **** 
  27:C:/Users/John/Desktop/workspace/miniwinwm/MiniWinCamera_Common\window_camera.c **** /***************
  28:C:/Users/John/Desktop/workspace/miniwinwm/MiniWinCamera_Common\window_camera.c **** *** INCLUDES ***
  29:C:/Users/John/Desktop/workspace/miniwinwm/MiniWinCamera_Common\window_camera.c **** ***************/
  30:C:/Users/John/Desktop/workspace/miniwinwm/MiniWinCamera_Common\window_camera.c **** 
  31:C:/Users/John/Desktop/workspace/miniwinwm/MiniWinCamera_Common\window_camera.c **** #include <stdlib.h>
  32:C:/Users/John/Desktop/workspace/miniwinwm/MiniWinCamera_Common\window_camera.c **** #include "miniwin.h"
  33:C:/Users/John/Desktop/workspace/miniwinwm/MiniWinCamera_Common\window_camera.c **** #include "miniwin_user.h"
  34:C:/Users/John/Desktop/workspace/miniwinwm/MiniWinCamera_Common\window_camera.c **** #include "window_camera.h"
  35:C:/Users/John/Desktop/workspace/miniwinwm/MiniWinCamera_Common\window_camera.c **** #include "camlib.h"
  36:C:/Users/John/Desktop/workspace/miniwinwm/MiniWinCamera_Common\window_camera.c **** 
  37:C:/Users/John/Desktop/workspace/miniwinwm/MiniWinCamera_Common\window_camera.c **** /****************
  38:C:/Users/John/Desktop/workspace/miniwinwm/MiniWinCamera_Common\window_camera.c **** *** CONSTANTS ***
  39:C:/Users/John/Desktop/workspace/miniwinwm/MiniWinCamera_Common\window_camera.c **** ****************/
  40:C:/Users/John/Desktop/workspace/miniwinwm/MiniWinCamera_Common\window_camera.c **** 
  41:C:/Users/John/Desktop/workspace/miniwinwm/MiniWinCamera_Common\window_camera.c **** /************
  42:C:/Users/John/Desktop/workspace/miniwinwm/MiniWinCamera_Common\window_camera.c **** *** TYPES ***
  43:C:/Users/John/Desktop/workspace/miniwinwm/MiniWinCamera_Common\window_camera.c **** ************/
  44:C:/Users/John/Desktop/workspace/miniwinwm/MiniWinCamera_Common\window_camera.c **** 
  45:C:/Users/John/Desktop/workspace/miniwinwm/MiniWinCamera_Common\window_camera.c **** typedef struct
  46:C:/Users/John/Desktop/workspace/miniwinwm/MiniWinCamera_Common\window_camera.c **** {
  47:C:/Users/John/Desktop/workspace/miniwinwm/MiniWinCamera_Common\window_camera.c **** 	bool captured;						/**< if a frame has been captured yet */
  48:C:/Users/John/Desktop/workspace/miniwinwm/MiniWinCamera_Common\window_camera.c **** 	uint8_t line_buffer[160 * 3];		/**< buffer holding image from camera */
  49:C:/Users/John/Desktop/workspace/miniwinwm/MiniWinCamera_Common\window_camera.c **** } window_window_camera_data_t;
  50:C:/Users/John/Desktop/workspace/miniwinwm/MiniWinCamera_Common\window_camera.c **** 
  51:C:/Users/John/Desktop/workspace/miniwinwm/MiniWinCamera_Common\window_camera.c **** /**********************
  52:C:/Users/John/Desktop/workspace/miniwinwm/MiniWinCamera_Common\window_camera.c **** *** LOCAL VARIABLES ***
  53:C:/Users/John/Desktop/workspace/miniwinwm/MiniWinCamera_Common\window_camera.c **** **********************/
  54:C:/Users/John/Desktop/workspace/miniwinwm/MiniWinCamera_Common\window_camera.c **** 
  55:C:/Users/John/Desktop/workspace/miniwinwm/MiniWinCamera_Common\window_camera.c **** static window_window_camera_data_t window_window_camera_data;
  56:C:/Users/John/Desktop/workspace/miniwinwm/MiniWinCamera_Common\window_camera.c **** 
  57:C:/Users/John/Desktop/workspace/miniwinwm/MiniWinCamera_Common\window_camera.c **** /********************************
  58:C:/Users/John/Desktop/workspace/miniwinwm/MiniWinCamera_Common\window_camera.c **** *** LOCAL FUNCTION PROTOTYPES ***
  59:C:/Users/John/Desktop/workspace/miniwinwm/MiniWinCamera_Common\window_camera.c **** ********************************/
  60:C:/Users/John/Desktop/workspace/miniwinwm/MiniWinCamera_Common\window_camera.c **** 
  61:C:/Users/John/Desktop/workspace/miniwinwm/MiniWinCamera_Common\window_camera.c **** /**********************
  62:C:/Users/John/Desktop/workspace/miniwinwm/MiniWinCamera_Common\window_camera.c **** *** LOCAL FUNCTIONS ***
  63:C:/Users/John/Desktop/workspace/miniwinwm/MiniWinCamera_Common\window_camera.c **** **********************/
  64:C:/Users/John/Desktop/workspace/miniwinwm/MiniWinCamera_Common\window_camera.c **** 
  65:C:/Users/John/Desktop/workspace/miniwinwm/MiniWinCamera_Common\window_camera.c **** /***********************
  66:C:/Users/John/Desktop/workspace/miniwinwm/MiniWinCamera_Common\window_camera.c **** *** GLOBAL FUNCTIONS ***
  67:C:/Users/John/Desktop/workspace/miniwinwm/MiniWinCamera_Common\window_camera.c **** ***********************/
  68:C:/Users/John/Desktop/workspace/miniwinwm/MiniWinCamera_Common\window_camera.c **** 
  69:C:/Users/John/Desktop/workspace/miniwinwm/MiniWinCamera_Common\window_camera.c **** void window_window_camera_paint_function(mw_handle_t window_handle, const mw_gl_draw_info_t *draw_i
  70:C:/Users/John/Desktop/workspace/miniwinwm/MiniWinCamera_Common\window_camera.c **** {
  19                             		.loc 1 70 1
  20 0000 6E 6B                   		pushm	r6-r11
  21                             	.LCFI0:
  22 0002 71 0A E4                		add	#-28, r0, r10
  23                             	.LCFI1:
  24 0005 71 A0 F8                		add	#-8, r10, r0
  25                             	.LCFI2:
  26 0008 E7 A1 05                		mov.L	r1, 20[r10]
  27 000b E7 A2 06                		mov.L	r2, 24[r10]
  71:C:/Users/John/Desktop/workspace/miniwinwm/MiniWinCamera_Common\window_camera.c **** 	uint16_t *frame_data;
  72:C:/Users/John/Desktop/workspace/miniwinwm/MiniWinCamera_Common\window_camera.c **** 	uint16_t pixel;
  73:C:/Users/John/Desktop/workspace/miniwinwm/MiniWinCamera_Common\window_camera.c **** 
  74:C:/Users/John/Desktop/workspace/miniwinwm/MiniWinCamera_Common\window_camera.c **** 	MW_ASSERT(draw_info != (void*)0, "Null pointer parameter");
  28                             		.loc 1 74 2
  29 000e ED A5 06                		mov.L	24[r10], r5
  30 0011 61 05                   		cmp	#0, r5
  31 0013 FC DB 51                		scne.L	r5
  32 0016 FB 42 00 00 00 00       		mov.L	#.LC0, r4
  33 001c 75 43 4A                		mov.L	#0x4a, r3
  34 001f FB 22 00 00 00 00       		mov.L	#___func__.2886, r2
  35 0025 CF 51                   		mov.B	r5, r1
  36 0027 05 00 00 00             		bsr	_mw_debug_print_assert
  75:C:/Users/John/Desktop/workspace/miniwinwm/MiniWinCamera_Common\window_camera.c **** 
  76:C:/Users/John/Desktop/workspace/miniwinwm/MiniWinCamera_Common\window_camera.c **** 	frame_data = camlib_get_frame();
  37                             		.loc 1 76 15
  38 002b 05 00 00 00             		bsr	_camlib_get_frame
  39 002f E7 A1 03                		mov.L	r1, 12[r10]
  77:C:/Users/John/Desktop/workspace/miniwinwm/MiniWinCamera_Common\window_camera.c **** 	if (window_window_camera_data.captured && frame_data != NULL)
  40                             		.loc 1 77 31
  41 0032 FB 52 00 00 00 00       		mov.L	#_window_window_camera_data, r5
  42 0038 CC 55                   		mov.B	[r5], r5
  43                             		.loc 1 77 5
  44 003a 5B 55                   		movu.B	r5, r5
  45 003c 61 05                   		cmp	#0, r5
  46 003e 3A C9 00                		beq	.L2
  47                             		.loc 1 77 41 discriminator 1
  48 0041 ED A5 03                		mov.L	12[r10], r5
  49 0044 61 05                   		cmp	#0, r5
  50 0046 3A C1 00                		beq	.L2
  51                             	.LBB2:
  78:C:/Users/John/Desktop/workspace/miniwinwm/MiniWinCamera_Common\window_camera.c **** 	{
  79:C:/Users/John/Desktop/workspace/miniwinwm/MiniWinCamera_Common\window_camera.c **** 		for (uint32_t y = 0U; y < 120U; y++)
  52                             		.loc 1 79 17
  53 0049 F8 A6 00                		mov.L	#0, [r10]
  54                             		.loc 1 79 3
  55 004c 38 AF 00                		bra	.L3
  56                             	.L6:
  57                             	.LBB3:
  80:C:/Users/John/Desktop/workspace/miniwinwm/MiniWinCamera_Common\window_camera.c **** 		{
  81:C:/Users/John/Desktop/workspace/miniwinwm/MiniWinCamera_Common\window_camera.c **** 			uint32_t i = 0UL;
  58                             		.loc 1 81 13
  59 004f F9 A6 01 00             		mov.L	#0, 4[r10]
  60                             	.LBB4:
  82:C:/Users/John/Desktop/workspace/miniwinwm/MiniWinCamera_Common\window_camera.c **** 			for (uint32_t x = 0U; x < 160U; x++)
  61                             		.loc 1 82 18
  62 0053 F9 A6 02 00             		mov.L	#0, 8[r10]
  63                             		.loc 1 82 4
  64 0057 2E 7C                   		bra	.L4
  65                             	.L5:
  83:C:/Users/John/Desktop/workspace/miniwinwm/MiniWinCamera_Common\window_camera.c **** 			{
  84:C:/Users/John/Desktop/workspace/miniwinwm/MiniWinCamera_Common\window_camera.c **** 				pixel = frame_data[(y * 160U + x)];
  66                             		.loc 1 84 27 discriminator 3
  67 0059 EC A5                   		mov.L	[r10], r5
  68 005b 76 15 A0 00             		mul	#0xa0, r5
  69                             		.loc 1 84 34 discriminator 3
  70 005f 06 89 A5 02             		add	8[r10].L, r5
  71                             		.loc 1 84 23 discriminator 3
  72 0063 4B 55                   		add	r5, r5
  73 0065 ED A4 03                		mov.L	12[r10], r4
  74 0068 4B 45                   		add	r4, r5
  75                             		.loc 1 84 11 discriminator 3
  76 006a DC 55                   		mov.W	[r5], r5
  77 006c D7 A5 08                		mov.W	r5, 16[r10]
  85:C:/Users/John/Desktop/workspace/miniwinwm/MiniWinCamera_Common\window_camera.c **** 
  86:C:/Users/John/Desktop/workspace/miniwinwm/MiniWinCamera_Common\window_camera.c **** 				/* blue */
  87:C:/Users/John/Desktop/workspace/miniwinwm/MiniWinCamera_Common\window_camera.c **** 				window_window_camera_data.line_buffer[i] = (uint8_t)(pixel << 3);
  78                             		.loc 1 87 48 discriminator 3
  79 006f DD A5 08                		mov.W	16[r10], r5
  80 0072 6C 35                   		shll	#3, r5
  81 0074 CF 54                   		mov.B	r5, r4
  82                             		.loc 1 87 46 discriminator 3
  83 0076 FB 52 00 00 00 00       		mov.L	#_window_window_camera_data, r5
  84 007c 06 89 A5 01             		add	4[r10].L, r5
  85 0080 62 15                   		add	#1, r5
  86 0082 C3 54                   		mov.B	r4, [r5]
  88:C:/Users/John/Desktop/workspace/miniwinwm/MiniWinCamera_Common\window_camera.c **** 				i++;
  87                             		.loc 1 88 6 discriminator 3
  88 0084 ED A5 01                		mov.L	4[r10], r5
  89 0087 62 15                   		add	#1, r5
  90 0089 E7 A5 01                		mov.L	r5, 4[r10]
  89:C:/Users/John/Desktop/workspace/miniwinwm/MiniWinCamera_Common\window_camera.c **** 
  90:C:/Users/John/Desktop/workspace/miniwinwm/MiniWinCamera_Common\window_camera.c **** 				/* green */
  91:C:/Users/John/Desktop/workspace/miniwinwm/MiniWinCamera_Common\window_camera.c **** 				window_window_camera_data.line_buffer[i] = (uint8_t)((pixel & 0x7e0U) >> 3);
  91                             		.loc 1 91 75 discriminator 3
  92 008c 5D A5 08                		movu.W	16[r10], r5
  93 008f 68 35                   		shlr	#3, r5
  94                             		.loc 1 91 48 discriminator 3
  95 0091 75 25 FC                		and	#-4, r5
  96 0094 CF 54                   		mov.B	r5, r4
  97                             		.loc 1 91 46 discriminator 3
  98 0096 FB 52 00 00 00 00       		mov.L	#_window_window_camera_data, r5
  99 009c 06 89 A5 01             		add	4[r10].L, r5
 100 00a0 62 15                   		add	#1, r5
 101 00a2 C3 54                   		mov.B	r4, [r5]
  92:C:/Users/John/Desktop/workspace/miniwinwm/MiniWinCamera_Common\window_camera.c **** 				i++;
 102                             		.loc 1 92 6 discriminator 3
 103 00a4 ED A5 01                		mov.L	4[r10], r5
 104 00a7 62 15                   		add	#1, r5
 105 00a9 E7 A5 01                		mov.L	r5, 4[r10]
  93:C:/Users/John/Desktop/workspace/miniwinwm/MiniWinCamera_Common\window_camera.c **** 
  94:C:/Users/John/Desktop/workspace/miniwinwm/MiniWinCamera_Common\window_camera.c **** 				/* red */
  95:C:/Users/John/Desktop/workspace/miniwinwm/MiniWinCamera_Common\window_camera.c **** 				window_window_camera_data.line_buffer[i] = (uint8_t)((pixel >> 11) << 3);
 106                             		.loc 1 95 48 discriminator 3
 107 00ac 5D A5 08                		movu.W	16[r10], r5
 108 00af 68 B5                   		shlr	#11, r5
 109 00b1 6C 35                   		shll	#3, r5
 110 00b3 CF 54                   		mov.B	r5, r4
 111                             		.loc 1 95 46 discriminator 3
 112 00b5 FB 52 00 00 00 00       		mov.L	#_window_window_camera_data, r5
 113 00bb 06 89 A5 01             		add	4[r10].L, r5
 114 00bf 62 15                   		add	#1, r5
 115 00c1 C3 54                   		mov.B	r4, [r5]
  96:C:/Users/John/Desktop/workspace/miniwinwm/MiniWinCamera_Common\window_camera.c **** 				i++;
 116                             		.loc 1 96 6 discriminator 3
 117 00c3 ED A5 01                		mov.L	4[r10], r5
 118 00c6 62 15                   		add	#1, r5
 119 00c8 E7 A5 01                		mov.L	r5, 4[r10]
  82:C:/Users/John/Desktop/workspace/miniwinwm/MiniWinCamera_Common\window_camera.c **** 			{
 120                             		.loc 1 82 37 discriminator 3
 121 00cb ED A5 02                		mov.L	8[r10], r5
 122 00ce 62 15                   		add	#1, r5
 123 00d0 E7 A5 02                		mov.L	r5, 8[r10]
 124                             	.L4:
  82:C:/Users/John/Desktop/workspace/miniwinwm/MiniWinCamera_Common\window_camera.c **** 			{
 125                             		.loc 1 82 4 discriminator 1
 126 00d3 ED A5 02                		mov.L	8[r10], r5
 127 00d6 75 55 9F                		cmp	#0x9f, r5
 128 00d9 25 80                   		bleu	.L5
 129                             	.LBE4:
  97:C:/Users/John/Desktop/workspace/miniwinwm/MiniWinCamera_Common\window_camera.c **** 			}
  98:C:/Users/John/Desktop/workspace/miniwinwm/MiniWinCamera_Common\window_camera.c **** 
  99:C:/Users/John/Desktop/workspace/miniwinwm/MiniWinCamera_Common\window_camera.c **** 			mw_gl_colour_bitmap(draw_info,
 130                             		.loc 1 99 4 discriminator 2
 131 00db EC A5                   		mov.L	[r10], r5
 132 00dd F9 02 01 01 00 00 00    		mov.L	#_window_window_camera_data+1, 4[r0]
 133 00e4 F8 05 01                		mov.W	#1, [r0]
 134 00e7 75 44 A0                		mov	#0xa0, r4
 135 00ea DF 53                   		mov.W	r5, r3
 136 00ec 66 02                   		mov	#0, r2
 137 00ee ED A1 06                		mov.L	24[r10], r1
 138 00f1 05 00 00 00             		bsr	_mw_gl_colour_bitmap
 139                             	.LBE3:
  79:C:/Users/John/Desktop/workspace/miniwinwm/MiniWinCamera_Common\window_camera.c **** 		{
 140                             		.loc 1 79 36 discriminator 2
 141 00f5 EC A5                   		mov.L	[r10], r5
 142 00f7 62 15                   		add	#1, r5
 143 00f9 E3 A5                   		mov.L	r5, [r10]
 144                             	.L3:
  79:C:/Users/John/Desktop/workspace/miniwinwm/MiniWinCamera_Common\window_camera.c **** 		{
 145                             		.loc 1 79 3 discriminator 1
 146 00fb EC A5                   		mov.L	[r10], r5
 147 00fd 75 55 77                		cmp	#0x77, r5
 148 0100 24 05 38 4D FF          		bleu	.L6
 149                             	.LBE2:
  79:C:/Users/John/Desktop/workspace/miniwinwm/MiniWinCamera_Common\window_camera.c **** 		{
 150                             		.loc 1 79 3 is_stmt 0
 151 0105 2E 47                   		bra	.L7
 152                             	.L2:
 100:C:/Users/John/Desktop/workspace/miniwinwm/MiniWinCamera_Common\window_camera.c **** 					0,
 101:C:/Users/John/Desktop/workspace/miniwinwm/MiniWinCamera_Common\window_camera.c **** 					y,
 102:C:/Users/John/Desktop/workspace/miniwinwm/MiniWinCamera_Common\window_camera.c **** 					160U,
 103:C:/Users/John/Desktop/workspace/miniwinwm/MiniWinCamera_Common\window_camera.c **** 					1U,
 104:C:/Users/John/Desktop/workspace/miniwinwm/MiniWinCamera_Common\window_camera.c **** 					window_window_camera_data.line_buffer);
 105:C:/Users/John/Desktop/workspace/miniwinwm/MiniWinCamera_Common\window_camera.c **** 		}
 106:C:/Users/John/Desktop/workspace/miniwinwm/MiniWinCamera_Common\window_camera.c **** 	}
 107:C:/Users/John/Desktop/workspace/miniwinwm/MiniWinCamera_Common\window_camera.c **** 	else
 108:C:/Users/John/Desktop/workspace/miniwinwm/MiniWinCamera_Common\window_camera.c **** 	{
 109:C:/Users/John/Desktop/workspace/miniwinwm/MiniWinCamera_Common\window_camera.c **** 		mw_gl_set_fill(MW_GL_FILL);
 153                             		.loc 1 109 3 is_stmt 1
 154 0107 66 11                   		mov.L	#1, r1
 155 0109 05 00 00 00             		bsr	_mw_gl_set_fill
 110:C:/Users/John/Desktop/workspace/miniwinwm/MiniWinCamera_Common\window_camera.c **** 		mw_gl_set_solid_fill_colour(MW_HAL_LCD_WHITE);
 156                             		.loc 1 110 3
 157 010d FB 12 FF FF FF 00       		mov.L	#0xffffff, r1
 158 0113 05 00 00 00             		bsr	_mw_gl_set_solid_fill_colour
 111:C:/Users/John/Desktop/workspace/miniwinwm/MiniWinCamera_Common\window_camera.c **** 		mw_gl_set_border(MW_GL_BORDER_OFF);
 159                             		.loc 1 111 3
 160 0117 66 01                   		mov.L	#0, r1
 161 0119 05 00 00 00             		bsr	_mw_gl_set_border
 112:C:/Users/John/Desktop/workspace/miniwinwm/MiniWinCamera_Common\window_camera.c **** 		mw_gl_clear_pattern();
 162                             		.loc 1 112 3
 163 011d 05 00 00 00             		bsr	_mw_gl_clear_pattern
 113:C:/Users/John/Desktop/workspace/miniwinwm/MiniWinCamera_Common\window_camera.c **** 		mw_gl_rectangle(draw_info,
 114:C:/Users/John/Desktop/workspace/miniwinwm/MiniWinCamera_Common\window_camera.c **** 				0,
 115:C:/Users/John/Desktop/workspace/miniwinwm/MiniWinCamera_Common\window_camera.c **** 				0,
 116:C:/Users/John/Desktop/workspace/miniwinwm/MiniWinCamera_Common\window_camera.c **** 				mw_get_window_client_rect(window_handle).width,
 164                             		.loc 1 116 5
 165 0121 ED A1 05                		mov.L	20[r10], r1
 166 0124 05 00 00 00             		bsr	_mw_get_window_client_rect
 167 0128 EF 15                   		mov.L	r1, r5
 168 012a EF 26                   		mov.L	r2, r6
 113:C:/Users/John/Desktop/workspace/miniwinwm/MiniWinCamera_Common\window_camera.c **** 		mw_gl_rectangle(draw_info,
 169                             		.loc 1 113 3
 170 012c DF 6B                   		mov.W	r6, r11
 117:C:/Users/John/Desktop/workspace/miniwinwm/MiniWinCamera_Common\window_camera.c **** 				mw_get_window_client_rect(window_handle).height);
 171                             		.loc 1 117 5
 172 012e ED A1 05                		mov.L	20[r10], r1
 173 0131 05 00 00 00             		bsr	_mw_get_window_client_rect
 174 0135 EF 15                   		mov.L	r1, r5
 175 0137 EF 26                   		mov.L	r2, r6
 113:C:/Users/John/Desktop/workspace/miniwinwm/MiniWinCamera_Common\window_camera.c **** 		mw_gl_rectangle(draw_info,
 176                             		.loc 1 113 3
 177 0139 EF 65                   		mov.L	r6, r5
 178 013b 6B 05                   		shar	#16, r5
 179 013d D3 05                   		mov.W	r5, [r0]
 180 013f DF B4                   		mov.W	r11, r4
 181 0141 66 03                   		mov	#0, r3
 182 0143 66 02                   		mov	#0, r2
 183 0145 ED A1 06                		mov.L	24[r10], r1
 184 0148 05 00 00 00             		bsr	_mw_gl_rectangle
 185                             	.L7:
 118:C:/Users/John/Desktop/workspace/miniwinwm/MiniWinCamera_Common\window_camera.c **** 	}
 119:C:/Users/John/Desktop/workspace/miniwinwm/MiniWinCamera_Common\window_camera.c **** }
 186                             		.loc 1 119 1
 187 014c 03                      		nop
 188 014d 3F 6B 0F                		rtsd	#60, r6-r11
 189                             	.LFE0:
 191                             		.section	.text.window_window_camera_message_function,"ax",@progbits
 192                             		.global	_window_window_camera_message_function
 194                             	_window_window_camera_message_function:
 195                             	.LFB1:
 120:C:/Users/John/Desktop/workspace/miniwinwm/MiniWinCamera_Common\window_camera.c **** 
 121:C:/Users/John/Desktop/workspace/miniwinwm/MiniWinCamera_Common\window_camera.c **** void window_window_camera_message_function(const mw_message_t *message)
 122:C:/Users/John/Desktop/workspace/miniwinwm/MiniWinCamera_Common\window_camera.c **** {
 196                             		.loc 1 122 1
 197 0000 7E AA                   		push.l	r10
 198                             	.LCFI3:
 199 0002 71 0A FC                		add	#-4, r0, r10
 200                             	.LCFI4:
 201 0005 EF A0                   		mov.L	r10, r0
 202 0007 E3 A1                   		mov.L	r1, [r10]
 123:C:/Users/John/Desktop/workspace/miniwinwm/MiniWinCamera_Common\window_camera.c ****     MW_ASSERT(message != (void*)0, "Null pointer parameter");
 203                             		.loc 1 123 5
 204 0009 EC A5                   		mov.L	[r10], r5
 205 000b 61 05                   		cmp	#0, r5
 206 000d FC DB 51                		scne.L	r5
 207 0010 FB 42 00 00 00 00       		mov.L	#.LC0, r4
 208 0016 75 43 7B                		mov.L	#0x7b, r3
 209 0019 FB 22 00 00 00 00       		mov.L	#___func__.2899, r2
 210 001f CF 51                   		mov.B	r5, r1
 211 0021 05 00 00 00             		bsr	_mw_debug_print_assert
 124:C:/Users/John/Desktop/workspace/miniwinwm/MiniWinCamera_Common\window_camera.c **** 
 125:C:/Users/John/Desktop/workspace/miniwinwm/MiniWinCamera_Common\window_camera.c **** 	switch (message->message_id)
 212                             		.loc 1 125 17
 213 0025 EC A5                   		mov.L	[r10], r5
 214 0027 A8 D5                   		mov.L	8[r5], r5
 215                             		.loc 1 125 2
 216 0029 61 05                   		cmp	#0, r5
 217 002b 10                      		beq	.L9
 218 002c 75 55 19                		cmp	#25, r5
 219 002f 20 28                   		beq	.L10
 126:C:/Users/John/Desktop/workspace/miniwinwm/MiniWinCamera_Common\window_camera.c **** 	{
 127:C:/Users/John/Desktop/workspace/miniwinwm/MiniWinCamera_Common\window_camera.c **** 	case MW_WINDOW_CREATED_MESSAGE:
 128:C:/Users/John/Desktop/workspace/miniwinwm/MiniWinCamera_Common\window_camera.c **** 		window_window_camera_data.captured = false;
 129:C:/Users/John/Desktop/workspace/miniwinwm/MiniWinCamera_Common\window_camera.c **** 	    mw_set_timer(mw_tick_counter + 5, message->recipient_handle, MW_WINDOW_MESSAGE);
 130:C:/Users/John/Desktop/workspace/miniwinwm/MiniWinCamera_Common\window_camera.c **** 		break;
 131:C:/Users/John/Desktop/workspace/miniwinwm/MiniWinCamera_Common\window_camera.c **** 
 132:C:/Users/John/Desktop/workspace/miniwinwm/MiniWinCamera_Common\window_camera.c ****     case MW_TIMER_MESSAGE:
 133:C:/Users/John/Desktop/workspace/miniwinwm/MiniWinCamera_Common\window_camera.c **** 	    camlib_capture();
 134:C:/Users/John/Desktop/workspace/miniwinwm/MiniWinCamera_Common\window_camera.c **** 	    window_window_camera_data.captured = true;
 135:C:/Users/John/Desktop/workspace/miniwinwm/MiniWinCamera_Common\window_camera.c **** 	    mw_paint_window_client(message->recipient_handle);
 136:C:/Users/John/Desktop/workspace/miniwinwm/MiniWinCamera_Common\window_camera.c **** 	    mw_set_timer(mw_tick_counter + 2, message->recipient_handle, MW_WINDOW_MESSAGE);
 137:C:/Users/John/Desktop/workspace/miniwinwm/MiniWinCamera_Common\window_camera.c ****         break;
 138:C:/Users/John/Desktop/workspace/miniwinwm/MiniWinCamera_Common\window_camera.c **** 
 139:C:/Users/John/Desktop/workspace/miniwinwm/MiniWinCamera_Common\window_camera.c **** 	default:
 140:C:/Users/John/Desktop/workspace/miniwinwm/MiniWinCamera_Common\window_camera.c **** 		/* keep MISRA happy */
 141:C:/Users/John/Desktop/workspace/miniwinwm/MiniWinCamera_Common\window_camera.c **** 		break;
 220                             		.loc 1 141 3
 221 0031 2E 57                   		bra	.L12
 222                             	.L9:
 128:C:/Users/John/Desktop/workspace/miniwinwm/MiniWinCamera_Common\window_camera.c **** 	    mw_set_timer(mw_tick_counter + 5, message->recipient_handle, MW_WINDOW_MESSAGE);
 223                             		.loc 1 128 38
 224 0033 FB 52 00 00 00 00       		mov.L	#_window_window_camera_data, r5
 225 0039 F8 54 00                		mov.B	#0, [r5]
 129:C:/Users/John/Desktop/workspace/miniwinwm/MiniWinCamera_Common\window_camera.c **** 		break;
 226                             		.loc 1 129 6
 227 003c FB 52 00 00 00 00       		mov.L	#_mw_tick_counter, r5
 228 0042 EC 55                   		mov.L	[r5], r5
 229 0044 71 54 05                		add	#5, r5, r4
 230 0047 EC A5                   		mov.L	[r10], r5
 231 0049 A8 5D                   		mov.L	4[r5], r5
 232 004b 66 03                   		mov.L	#0, r3
 233 004d EF 52                   		mov.L	r5, r2
 234 004f EF 41                   		mov.L	r4, r1
 235 0051 05 00 00 00             		bsr	_mw_set_timer
 130:C:/Users/John/Desktop/workspace/miniwinwm/MiniWinCamera_Common\window_camera.c **** 
 236                             		.loc 1 130 3
 237 0055 2E 33                   		bra	.L12
 238                             	.L10:
 133:C:/Users/John/Desktop/workspace/miniwinwm/MiniWinCamera_Common\window_camera.c **** 	    window_window_camera_data.captured = true;
 239                             		.loc 1 133 6
 240 0057 05 00 00 00             		bsr	_camlib_capture
 134:C:/Users/John/Desktop/workspace/miniwinwm/MiniWinCamera_Common\window_camera.c **** 	    mw_paint_window_client(message->recipient_handle);
 241                             		.loc 1 134 41
 242 005b FB 52 00 00 00 00       		mov.L	#_window_window_camera_data, r5
 243 0061 F8 54 01                		mov.B	#1, [r5]
 135:C:/Users/John/Desktop/workspace/miniwinwm/MiniWinCamera_Common\window_camera.c **** 	    mw_set_timer(mw_tick_counter + 2, message->recipient_handle, MW_WINDOW_MESSAGE);
 244                             		.loc 1 135 6
 245 0064 EC A5                   		mov.L	[r10], r5
 246 0066 A8 5D                   		mov.L	4[r5], r5
 247 0068 EF 51                   		mov.L	r5, r1
 248 006a 05 00 00 00             		bsr	_mw_paint_window_client
 136:C:/Users/John/Desktop/workspace/miniwinwm/MiniWinCamera_Common\window_camera.c ****         break;
 249                             		.loc 1 136 6
 250 006e FB 52 00 00 00 00       		mov.L	#_mw_tick_counter, r5
 251 0074 EC 55                   		mov.L	[r5], r5
 252 0076 71 54 02                		add	#2, r5, r4
 253 0079 EC A5                   		mov.L	[r10], r5
 254 007b A8 5D                   		mov.L	4[r5], r5
 255 007d 66 03                   		mov.L	#0, r3
 256 007f EF 52                   		mov.L	r5, r2
 257 0081 EF 41                   		mov.L	r4, r1
 258 0083 05 00 00 00             		bsr	_mw_set_timer
 137:C:/Users/John/Desktop/workspace/miniwinwm/MiniWinCamera_Common\window_camera.c **** 
 259                             		.loc 1 137 9
 260 0087 03                      		nop
 261                             	.L12:
 142:C:/Users/John/Desktop/workspace/miniwinwm/MiniWinCamera_Common\window_camera.c **** 	}
 143:C:/Users/John/Desktop/workspace/miniwinwm/MiniWinCamera_Common\window_camera.c **** }
 262                             		.loc 1 143 1
 263 0088 03                      		nop
 264 0089 3F AA 02                		rtsd	#8, r10-r10
 265                             	.LFE1:
 267                             		.section	.rodata.__func__.2886,"a"
 270                             	___func__.2886:
 271 0000 77 69 6E 64 6F 77 5F 77 		.string	"window_window_camera_paint_function"
 271      69 6E 64 6F 77 5F 63 61 
 271      6D 65 72 61 5F 70 61 69 
 271      6E 74 5F 66 75 6E 63 74 
 271      69 6F 6E 00 
 272                             		.section	.rodata.__func__.2899,"a"
 275                             	___func__.2899:
 276 0000 77 69 6E 64 6F 77 5F 77 		.string	"window_window_camera_message_function"
 276      69 6E 64 6F 77 5F 63 61 
 276      6D 65 72 61 5F 6D 65 73 
 276      73 61 67 65 5F 66 75 6E 
 276      63 74 69 6F 6E 00 
 348                             	.Letext0:
 349                             		.file 2 "c:\\program files (x86)\\gcc for renesas rx 8.3.0.201904-gnurx-elf\\rx-elf\\rx-elf\\rx-el
 350                             		.file 3 "c:\\program files (x86)\\gcc for renesas rx 8.3.0.201904-gnurx-elf\\rx-elf\\rx-elf\\rx-el
 351                             		.file 4 "c:\\program files (x86)\\gcc for renesas rx 8.3.0.201904-gnurx-elf\\rx-elf\\rx-elf\\rx-el
 352                             		.file 5 "c:\\program files (x86)\\gcc for renesas rx 8.3.0.201904-gnurx-elf\\rx-elf\\rx-elf\\lib\\
 353                             		.file 6 "c:\\program files (x86)\\gcc for renesas rx 8.3.0.201904-gnurx-elf\\rx-elf\\rx-elf\\rx-el
 354                             		.file 7 "c:\\program files (x86)\\gcc for renesas rx 8.3.0.201904-gnurx-elf\\rx-elf\\rx-elf\\rx-el
 355                             		.file 8 "C:\\Users\\John\\Desktop\\workspace\\miniwinwm\\MiniWin/miniwin_utilities.h"
 356                             		.file 9 "C:\\Users\\John\\Desktop\\workspace\\miniwinwm\\MiniWin/gl/gl.h"
 357                             		.file 10 "C:\\Users\\John\\Desktop\\workspace\\miniwinwm\\MiniWin/bitmaps/mw_bitmaps.h"
 358                             		.file 11 "C:\\Users\\John\\Desktop\\workspace\\miniwinwm\\MiniWin/hal/hal_timer.h"
 359                             		.file 12 "C:\\Users\\John\\Desktop\\workspace\\miniwinwm\\MiniWin/miniwin.h"
 360                             		.file 13 "C:/Users/John/Desktop/workspace/miniwinwm/MiniWinCamera_Common/miniwin_user.h"
